Start auto log messages stack - Iteration 2.
Action.c(645): web_url("fontawesome-webfont-af7ae505a9eed503f8b8e6982036873e.woff2") started  	[MsgId: MMSG-26355]
Action.c(645): Resource "https://pvr-perf.rxlogix.com/reports/assets/fontawesome-webfont-af7ae505a9eed503f8b8e6982036873e.woff2?v=4.7.0" is in the cache already and will not be downloaded again  	[MsgId: MMSG-26655]
Action.c(658): web_url("latestPeriodicReport") started  	[MsgId: MMSG-26355]
Action.c(658): Registering web_url("latestPeriodicReport") was successful  	[MsgId: MMSG-26390]
Action.c(670): web_url("dataTables_en.json_2") started  	[MsgId: MMSG-26355]
Action.c(670): Registering web_url("dataTables_en.json_2") was successful  	[MsgId: MMSG-26390]
Action.c(715): web_concurrent_end started  	[MsgId: MMSG-26355]
Action.c(658): Error -26610: HTTP Status-Code=502 (Bad Gateway) for "https://pvr-perf.rxlogix.com/reports/periodicReportConfigurationRest/latestPeriodicReport?length=4&start=0"   [issued at Action.c(715)]  	[MsgId: MERR-26610]
Action.c(574): Error -26610: HTTP Status-Code=502 (Bad Gateway) for "https://pvr-perf.rxlogix.com/reports/stomp/info"   [issued at Action.c(715)]  	[MsgId: MERR-26610]
End auto log messages stack.


Start auto log messages stack - Iteration 1.
Action.c(38): web_add_header("Sec-Fetch-User") started  	[MsgId: MMSG-26355]
Action.c(38): web_add_header("Sec-Fetch-User") was successful  	[MsgId: MMSG-26392]
Action.c(41): web_add_header("Upgrade-Insecure-Requests") started  	[MsgId: MMSG-26355]
Action.c(41): web_add_header("Upgrade-Insecure-Requests") was successful  	[MsgId: MMSG-26392]
Action.c(45): web_reg_save_param_ex started  	[MsgId: MMSG-26355]
Action.c(45): Registering web_reg_save_param_ex was successful  	[MsgId: MMSG-26390]
Action.c(54): web_reg_find started  	[MsgId: MMSG-26355]
Action.c(54): Registering web_reg_find was successful  	[MsgId: MMSG-26390]
Action.c(58): web_url("auth") started  	[MsgId: MMSG-26355]
Action.c(58): Error -27760: Request "https://pvr-perf.rxlogix.com/reports/login/auth" failed  	[MsgId: MERR-27760]
Action.c(58): Error -26377: No match found for the requested parameter "CsrfTokenId". Either the specified boundaries were not found in the response or the matched text is longer than current max html parameter size of 9999999 bytes. The total length of the response is 0 bytes. You can use "web_set_max_html_param_len" to increase the max parameter size.  	[MsgId: MERR-26377]
Action.c(58): Error -26366: "Text=Login" not found for web_reg_find  	[MsgId: MERR-26366]
Action.c(58): Error -26374: The above "not found" error(s) may be explained by header and body byte counts being 0 and 0, respectively.  	[MsgId: MERR-26374]
End auto log messages stack.


Start auto log messages stack - Iteration 3.
Action.c(1672): web_url("skin.min.css") started  	[MsgId: MMSG-26355]
Action.c(1672): Registering web_url("skin.min.css") was successful  	[MsgId: MMSG-26390]
Action.c(1721): web_url("editor-687e49e2901f89d1e65cc77026ec0a3e.css") started  	[MsgId: MMSG-26355]
Action.c(1721): Resource "https://pvr-perf.rxlogix.com/reports/assets/editor-687e49e2901f89d1e65cc77026ec0a3e.css" is in the cache already and will not be downloaded again  	[MsgId: MMSG-26655]
Action.c(1741): web_url("content.min.css") started  	[MsgId: MMSG-26355]
Action.c(1741): Registering web_url("content.min.css") was successful  	[MsgId: MMSG-26390]
Action.c(1749): web_concurrent_end started  	[MsgId: MMSG-26355]
Action.c(1516): Error -26610: HTTP Status-Code=502 (Bad Gateway) for "https://pvr-perf.rxlogix.com/reports/query/getDateOperators"   [issued at Action.c(1749)]  	[MsgId: MERR-26610]
End auto log messages stack.


Start auto log messages stack - Iteration 4.
Action.c(1672): web_url("skin.min.css") started  	[MsgId: MMSG-26355]
Action.c(1672): Registering web_url("skin.min.css") was successful  	[MsgId: MMSG-26390]
Action.c(1721): web_url("editor-687e49e2901f89d1e65cc77026ec0a3e.css") started  	[MsgId: MMSG-26355]
Action.c(1721): Resource "https://pvr-perf.rxlogix.com/reports/assets/editor-687e49e2901f89d1e65cc77026ec0a3e.css" is in the cache already and will not be downloaded again  	[MsgId: MMSG-26655]
Action.c(1741): web_url("content.min.css") started  	[MsgId: MMSG-26355]
Action.c(1741): Registering web_url("content.min.css") was successful  	[MsgId: MMSG-26390]
Action.c(1749): web_concurrent_end started  	[MsgId: MMSG-26355]
Action.c(1552): Error -26610: HTTP Status-Code=502 (Bad Gateway) for "https://pvr-perf.rxlogix.com/reports/notificationRest/forUser/85808?_=1591074513338"   [issued at Action.c(1749)]  	[MsgId: MERR-26610]
End auto log messages stack.


Start auto log messages stack - Iteration 4.
Action.c(1596): Warning -26610: HTTP Status-Code=502 (Bad Gateway) for "https://pvr-perf.rxlogix.com/reports/assets/tinymce/themes/modern/theme.min.js"   [issued at Action.c(1749)]  	[MsgId: MWAR-26610]
Action.c(1516): Error -26610: HTTP Status-Code=502 (Bad Gateway) for "https://pvr-perf.rxlogix.com/reports/query/getDateOperators"   [issued at Action.c(1749)]  	[MsgId: MERR-26610]
Action.c(1525): Error -26610: HTTP Status-Code=502 (Bad Gateway) for "https://pvr-perf.rxlogix.com/reports/query/getNumOperators"   [issued at Action.c(1749)]  	[MsgId: MERR-26610]
Action.c(1534): Error -26610: HTTP Status-Code=502 (Bad Gateway) for "https://pvr-perf.rxlogix.com/reports/query/getStringOperators"   [issued at Action.c(1749)]  	[MsgId: MERR-26610]
Action.c(1495): Error -26610: HTTP Status-Code=502 (Bad Gateway) for "https://pvr-perf.rxlogix.com/reports/reportTemplateRest/getTemplateNameDescription?id=24902"   [issued at Action.c(1749)]  	[MsgId: MERR-26610]
Action.c(1566): Error -26610: HTTP Status-Code=502 (Bad Gateway) for "https://pvr-perf.rxlogix.com/reports/assets/plugin/dictionary/polymer.html"   [issued at Action.c(1749)]  	[MsgId: MERR-26610]
Action.c(1543): Error -26610: HTTP Status-Code=502 (Bad Gateway) for "https://pvr-perf.rxlogix.com/reports/query/getValuelessOperators"   [issued at Action.c(1749)]  	[MsgId: MERR-26610]
Action.c(1504): Error -26610: HTTP Status-Code=502 (Bad Gateway) for "https://pvr-perf.rxlogix.com/reports/configurationRest/fetchDateRangeTypesForDatasource?dataSourceId=6594"   [issued at Action.c(1749)]  	[MsgId: MERR-26610]
End auto log messages stack.


Start auto log messages stack - Iteration 5.
Action.c(38): web_add_header("Sec-Fetch-User") started  	[MsgId: MMSG-26355]
Action.c(38): web_add_header("Sec-Fetch-User") was successful  	[MsgId: MMSG-26392]
Action.c(41): web_add_header("Upgrade-Insecure-Requests") started  	[MsgId: MMSG-26355]
Action.c(41): web_add_header("Upgrade-Insecure-Requests") was successful  	[MsgId: MMSG-26392]
Action.c(45): web_reg_save_param_ex started  	[MsgId: MMSG-26355]
Action.c(45): Registering web_reg_save_param_ex was successful  	[MsgId: MMSG-26390]
Action.c(54): web_reg_find started  	[MsgId: MMSG-26355]
Action.c(54): Registering web_reg_find was successful  	[MsgId: MMSG-26390]
Action.c(58): web_url("auth") started  	[MsgId: MMSG-26355]
Action.c(58): Error -27792: Failed to connect to server "pvr-perf.rxlogix.com:443": [10060] Connection timed out  	[MsgId: MERR-27792]
Action.c(58): Error -26377: No match found for the requested parameter "CsrfTokenId". Either the specified boundaries were not found in the response or the matched text is longer than current max html parameter size of 9999999 bytes. The total length of the response is 0 bytes. You can use "web_set_max_html_param_len" to increase the max parameter size.  	[MsgId: MERR-26377]
Action.c(58): Error -26366: "Text=Login" not found for web_reg_find  	[MsgId: MERR-26366]
Action.c(58): Error -26374: The above "not found" error(s) may be explained by header and body byte counts being 0 and 0, respectively.  	[MsgId: MERR-26374]
End auto log messages stack.


Start auto log messages stack - Iteration 2.
Action.c(732): web_add_header("Sec-Fetch-Dest") was successful  	[MsgId: MMSG-26392]
Action.c(735): web_add_header("Sec-Fetch-User") started  	[MsgId: MMSG-26355]
Action.c(735): web_add_header("Sec-Fetch-User") was successful  	[MsgId: MMSG-26392]
Action.c(738): web_add_header("Upgrade-Insecure-Requests") started  	[MsgId: MMSG-26355]
Action.c(738): web_add_header("Upgrade-Insecure-Requests") was successful  	[MsgId: MMSG-26392]
Action.c(741): web_reg_find started  	[MsgId: MMSG-26355]
Action.c(741): Registering web_reg_find was successful  	[MsgId: MMSG-26390]
Action.c(745): web_url("index_2") started  	[MsgId: MMSG-26355]
Action.c(745): Error -27760: Request "https://pvr-perf.rxlogix.com/reports/periodicReport/index" failed  	[MsgId: MERR-27760]
Action.c(745): Error -26366: "Text=Aggregate Report Configuration Library" not found for web_reg_find  	[MsgId: MERR-26366]
Action.c(745): Error -26374: The above "not found" error(s) may be explained by header and body byte counts being 0 and 0, respectively.  	[MsgId: MERR-26374]
End auto log messages stack.


Start auto log messages stack - Iteration 6.
Action.c(195): web_add_header("Upgrade-Insecure-Requests") started  	[MsgId: MMSG-26355]
Action.c(195): web_add_header("Upgrade-Insecure-Requests") was successful  	[MsgId: MMSG-26392]
Action.c(199): web_reg_save_param_ex started  	[MsgId: MMSG-26355]
Action.c(199): Registering web_reg_save_param_ex was successful  	[MsgId: MMSG-26390]
Action.c(210): web_reg_save_param_ex started  	[MsgId: MMSG-26355]
Action.c(210): Registering web_reg_save_param_ex was successful  	[MsgId: MMSG-26390]
Action.c(218): web_reg_find started  	[MsgId: MMSG-26355]
Action.c(218): Registering web_reg_find was successful  	[MsgId: MMSG-26390]
Action.c(222): web_submit_data("authenticate") started  	[MsgId: MMSG-26355]
Action.c(222): Error -27760: Request "https://pvr-perf.rxlogix.com/reports/login/authenticate" failed  	[MsgId: MERR-27760]
Action.c(222): Error -35061: No match found for the requested parameter "CsrfTokenId_2". Either the specified boundaries were not found in the response or the matched text is longer than current max html parameter size of 9999999 bytes. The total length of the response is 0 bytes. You can use "web_set_max_html_param_len" to increase the max parameter size.  	[MsgId: MERR-35061]
Action.c(222): Error -26377: No match found for the requested parameter "User_Id". Either the specified boundaries were not found in the response or the matched text is longer than current max html parameter size of 9999999 bytes. The total length of the response is 0 bytes. You can use "web_set_max_html_param_len" to increase the max parameter size.  	[MsgId: MERR-26377]
Action.c(222): Error -26366: "Text=Dashboard" not found for web_reg_find  	[MsgId: MERR-26366]
Action.c(222): Error -26374: The above "not found" error(s) may be explained by header and body byte counts being 0 and 0, respectively.  	[MsgId: MERR-26374]
End auto log messages stack.


Start auto log messages stack - Iteration 5.
Action.c(38): web_add_header("Sec-Fetch-User") started  	[MsgId: MMSG-26355]
Action.c(38): web_add_header("Sec-Fetch-User") was successful  	[MsgId: MMSG-26392]
Action.c(41): web_add_header("Upgrade-Insecure-Requests") started  	[MsgId: MMSG-26355]
Action.c(41): web_add_header("Upgrade-Insecure-Requests") was successful  	[MsgId: MMSG-26392]
Action.c(45): web_reg_save_param_ex started  	[MsgId: MMSG-26355]
Action.c(45): Registering web_reg_save_param_ex was successful  	[MsgId: MMSG-26390]
Action.c(54): web_reg_find started  	[MsgId: MMSG-26355]
Action.c(54): Registering web_reg_find was successful  	[MsgId: MMSG-26390]
Action.c(58): web_url("auth") started  	[MsgId: MMSG-26355]
Action.c(58): Error -27792: Failed to connect to server "pvr-perf.rxlogix.com:443": [10060] Connection timed out  	[MsgId: MERR-27792]
Action.c(58): Error -26377: No match found for the requested parameter "CsrfTokenId". Either the specified boundaries were not found in the response or the matched text is longer than current max html parameter size of 9999999 bytes. The total length of the response is 0 bytes. You can use "web_set_max_html_param_len" to increase the max parameter size.  	[MsgId: MERR-26377]
Action.c(58): Error -26366: "Text=Login" not found for web_reg_find  	[MsgId: MERR-26366]
Action.c(58): Error -26374: The above "not found" error(s) may be explained by header and body byte counts being 0 and 0, respectively.  	[MsgId: MERR-26374]
End auto log messages stack.


Start auto log messages stack - Iteration 8.
Action.c(1128): web_reg_save_param_ex started  	[MsgId: MMSG-26355]
Action.c(1128): Registering web_reg_save_param_ex was successful  	[MsgId: MMSG-26390]
Action.c(1137): web_reg_save_param_ex started  	[MsgId: MMSG-26355]
Action.c(1137): Registering web_reg_save_param_ex was successful  	[MsgId: MMSG-26390]
Action.c(1146): web_reg_save_param_ex started  	[MsgId: MMSG-26355]
Action.c(1146): Registering web_reg_save_param_ex was successful  	[MsgId: MMSG-26390]
Action.c(1155): web_reg_save_param_ex started  	[MsgId: MMSG-26355]
Action.c(1155): Registering web_reg_save_param_ex was successful  	[MsgId: MMSG-26390]
Action.c(1163): web_url("{ReportEditId}") started  	[MsgId: MMSG-26355]
Action.c(1163): Error -27760: Request "https://pvr-perf.rxlogix.com/reports/periodicReport/edit/42382" failed  	[MsgId: MERR-27760]
Action.c(1163): Error -26377: No match found for the requested parameter "TempQueryId". Either the specified boundaries were not found in the response or the matched text is longer than current max html parameter size of 9999999 bytes. The total length of the response is 65254 bytes. You can use "web_set_max_html_param_len" to increase the max parameter size.  	[MsgId: MERR-26377]
End auto log messages stack.


Start auto log messages stack - Iteration 3.
Action.c(1769): web_add_header("Cache-Control") was successful  	[MsgId: MMSG-26392]
Action.c(1772): web_add_header("Sec-Fetch-User") started  	[MsgId: MMSG-26355]
Action.c(1772): web_add_header("Sec-Fetch-User") was successful  	[MsgId: MMSG-26392]
Action.c(1775): web_add_header("Upgrade-Insecure-Requests") started  	[MsgId: MMSG-26355]
Action.c(1775): web_add_header("Upgrade-Insecure-Requests") was successful  	[MsgId: MMSG-26392]
Action.c(1778): web_reg_find started  	[MsgId: MMSG-26355]
Action.c(1778): Registering web_reg_find was successful  	[MsgId: MMSG-26390]
Action.c(1782): web_submit_data("update") started  	[MsgId: MMSG-26355]
Action.c(1782): Error -27760: Request "https://pvr-perf.rxlogix.com/reports/periodicReport/update" failed  	[MsgId: MERR-27760]
Action.c(1782): Error -26366: "Text=Report Configuration S04_Report07 updated" not found for web_reg_find  	[MsgId: MERR-26366]
Action.c(1782): Error -26374: The above "not found" error(s) may be explained by header and body byte counts being 0 and 0, respectively.  	[MsgId: MERR-26374]
End auto log messages stack.


Start auto log messages stack - Iteration 7.
Action.c(195): web_add_header("Upgrade-Insecure-Requests") started  	[MsgId: MMSG-26355]
Action.c(195): web_add_header("Upgrade-Insecure-Requests") was successful  	[MsgId: MMSG-26392]
Action.c(199): web_reg_save_param_ex started  	[MsgId: MMSG-26355]
Action.c(199): Registering web_reg_save_param_ex was successful  	[MsgId: MMSG-26390]
Action.c(210): web_reg_save_param_ex started  	[MsgId: MMSG-26355]
Action.c(210): Registering web_reg_save_param_ex was successful  	[MsgId: MMSG-26390]
Action.c(218): web_reg_find started  	[MsgId: MMSG-26355]
Action.c(218): Registering web_reg_find was successful  	[MsgId: MMSG-26390]
Action.c(222): web_submit_data("authenticate") started  	[MsgId: MMSG-26355]
Action.c(222): Error -27760: Request "https://pvr-perf.rxlogix.com/reports/login/authenticate" failed  	[MsgId: MERR-27760]
Action.c(222): Error -35061: No match found for the requested parameter "CsrfTokenId_2". Either the specified boundaries were not found in the response or the matched text is longer than current max html parameter size of 9999999 bytes. The total length of the response is 0 bytes. You can use "web_set_max_html_param_len" to increase the max parameter size.  	[MsgId: MERR-35061]
Action.c(222): Error -26377: No match found for the requested parameter "User_Id". Either the specified boundaries were not found in the response or the matched text is longer than current max html parameter size of 9999999 bytes. The total length of the response is 0 bytes. You can use "web_set_max_html_param_len" to increase the max parameter size.  	[MsgId: MERR-26377]
Action.c(222): Error -26366: "Text=Dashboard" not found for web_reg_find  	[MsgId: MERR-26366]
Action.c(222): Error -26374: The above "not found" error(s) may be explained by header and body byte counts being 0 and 0, respectively.  	[MsgId: MERR-26374]
End auto log messages stack.


Start auto log messages stack - Iteration 4.
Action.c(1072): web_add_auto_header("Accept") started  	[MsgId: MMSG-26355]
Action.c(1072): web_add_auto_header("Accept") was successful  	[MsgId: MMSG-26392]
Action.c(1075): web_add_header("X-Requested-With") started  	[MsgId: MMSG-26355]
Action.c(1075): web_add_header("X-Requested-With") was successful  	[MsgId: MMSG-26392]
Action.c(1079): web_reg_save_param_ex started  	[MsgId: MMSG-26355]
Action.c(1079): Registering web_reg_save_param_ex was successful  	[MsgId: MMSG-26390]
Action.c(1088): web_reg_find started  	[MsgId: MMSG-26355]
Action.c(1088): Registering web_reg_find was successful  	[MsgId: MMSG-26390]
Action.c(1092): web_url("index_4") started  	[MsgId: MMSG-26355]
Action.c(1092): Error -27760: Request "https://pvr-perf.rxlogix.com/reports/periodicReportConfigurationRest/index?draw=2&columns%5B0%5D%5Bdata%5D=isFavorite&columns%5B0%5D%5Bname%5D=&columns%5B0%5D%5Bsearchable%5D=true&columns%5B0%5D%5Borderable%5D=true&columns%5B0%5D%5Bsearch%5D%5Bvalue%5D=&columns%5B0%5D%5Bsearch%5D%5Bregex%5D=false&columns%5B1%5D%5Bdata%5D=reportName&columns%5B1%5D%5Bname%5D=&columns%5B1%5D%5Bsearchable%5D=true&columns%5B1%5D%5Borderable%5D=true&columns%5B1%5D%5Bsearch%5D%5Bvalue%5D=&columns%5B1%5D%5Bsearch%5D%5Bregex%5D=false&columns%5B2%5D%5Bdata%5D=description&columns%5B2%5D%5Bname%5D=&columns%5B2%5D%5Bsearchable%5D=true&columns%5B2%5D%5Borderable%5D=true&columns%5B2%5D%5Bsearch%5D%5Bvalue%5D=&columns%5B2%5D%5Bsearch%5D%5Bregex%5D=false&columns%5B3%5D%5Bdata%5D=numOfExecutions&columns%5B3%5D%5Bname%5D=&columns%5B3%5D%5Bsearchable%5D=true&columns%5B3%5D%5Borderable%5D=true&columns%5B3%5D%5Bsearch%5D%5Bvalue%5D=&columns%5B3%5D%5Bsearch%5D%5Bregex%5D=false&columns%5B4%5D%5Bdata%5D=primaryReportingDestination&columns%5B4%5D%5Bname%5D=&columns%5B4%5D%5Bsearchable%5D=true&columns%5B4%5D%5Borderable%5D=true&columns%5B4%5D%5Bsearch%5D%5Bvalue%5D=&columns%5B4%5D%5Bsearch%5D%5Bregex%5D=false&columns%5B5%5D%5Bdata%5D=tags&columns%5B5%5D%5Bname%5D=&columns%5B5%5D%5Bsearchable%5D=true&columns%5B5%5D%5Borderable%5D=false&columns%5B5%5D%5Bsearch%5D%5Bvalue%5D=&columns%5B5%5D%5Bsearch%5D%5Bregex%5D=false&columns%5B6%5D%5Bdata%5D=qualityChecked&columns%5B6%5D%5Bname%5D=&columns%5B6%5D%5Bsearchable%5D=true&columns%5B6%5D%5Borderable%5D=true&columns%5B6%5D%5Bsearch%5D%5Bvalue%5D=&columns%5B6%5D%5Bsearch%5D%5Bregex%5D=false&columns%5B7%5D%5Bdata%5D=dateCreated&columns%5B7%5D%5Bname%5D=&columns%5B7%5D%5Bsearchable%5D=true&columns%5B7%5D%5Borderable%5D=true&columns%5B7%5D%5Bsearch%5D%5Bvalue%5D=&columns%5B7%5D%5Bsearch%5D%5Bregex%5D=false&columns%5B8%5D%5Bdata%5D=lastUpdated&columns%5B8%5D%5Bname%5D=&columns%5B8%5D%5Bsearchable%5D=true&columns%5B8%5D%5Borderable%5D=true&columns%5B8%5D%5Bsearch%5D%5Bvalue%5D=&columns%5B8%5D%5Bsearch%5D%5Bregex%5D=false&columns%5B9%5D%5Bdata%5D=createdBy&columns%5B9%5D%5Bname%5D=&columns%5B9%5D%5Bsearchable%5D=true&columns%5B9%5D%5Borderable%5D=true&columns%5B9%5D%5Bsearch%5D%5Bvalue%5D=&columns%5B9%5D%5Bsearch%5D%5Bregex%5D=false&columns%5B10%5D%5Bdata%5D=&columns%5B10%5D%5Bname%5D=&columns%5B10%5D%5Bsearchable%5D=true&columns%5B10%5D%5Borderable%5D=false&columns%5B10%5D%5Bsearch%5D%5Bvalue%5D=&columns%5B10%5D%5Bsearch%5D%5Bregex%5D=false&order%5B0%5D%5Bcolumn%5D=0&order%5B0%5D%5Bdir%5D=asc&start=0&length=50&search%5Bvalue%5D=S04_Report08&search%5Bregex%5D=false&tableFilter=%7B%7D&advancedFilter=false&searchString=S04_Report08&sharedwith=&direction=asc&sort=isFavorite&_=1591074457026" failed  	[MsgId: MERR-27760]
Action.c(1092): Error -26377: No match found for the requested parameter "ReportEditId". Either the specified boundaries were not found in the response or the matched text is longer than current max html parameter size of 9999999 bytes. The total length of the response is 0 bytes. You can use "web_set_max_html_param_len" to increase the max parameter size.  	[MsgId: MERR-26377]
Action.c(1092): Error -26366: "Text=S04_Report08" not found for web_reg_find  	[MsgId: MERR-26366]
Action.c(1092): Error -26374: The above "not found" error(s) may be explained by header and body byte counts being 0 and 0, respectively.  	[MsgId: MERR-26374]
End auto log messages stack.


Start auto log messages stack - Iteration 9.
Action.c(940): Resource "https://pvr-perf.rxlogix.com/reports/assets/app/hbs-templates/filter_panel.hbs" is in the cache already and will not be downloaded again  	[MsgId: MMSG-26655]
Action.c(952): web_url("{User_Id}_2") started  	[MsgId: MMSG-26355]
Action.c(952): Registering web_url("{User_Id}_2") was successful  	[MsgId: MMSG-26390]
Action.c(961): web_url("glyphicons-halflings-regular-448c34a56d699c29117adc64c43affeb.woff2") started  	[MsgId: MMSG-26355]
Action.c(961): Resource "https://pvr-perf.rxlogix.com/reports/assets/glyphicons-halflings-regular-448c34a56d699c29117adc64c43affeb.woff2" is in the cache already and will not be downloaded again  	[MsgId: MMSG-26655]
Action.c(991): web_concurrent_end started  	[MsgId: MMSG-26355]
Action.c(922): Error -27792: Failed to connect to server "pvr-perf.rxlogix.com:443": [10060] Connection timed out   [issued at Action.c(991)]  	[MsgId: MERR-27792]
Action.c(952): Error -27792: Failed to connect to server "pvr-perf.rxlogix.com:443": [10060] Connection timed out   [issued at Action.c(991)]  	[MsgId: MERR-27792]
End auto log messages stack.


Start auto log messages stack - Iteration 6.
Action.c(195): web_add_header("Upgrade-Insecure-Requests") started  	[MsgId: MMSG-26355]
Action.c(195): web_add_header("Upgrade-Insecure-Requests") was successful  	[MsgId: MMSG-26392]
Action.c(199): web_reg_save_param_ex started  	[MsgId: MMSG-26355]
Action.c(199): Registering web_reg_save_param_ex was successful  	[MsgId: MMSG-26390]
Action.c(210): web_reg_save_param_ex started  	[MsgId: MMSG-26355]
Action.c(210): Registering web_reg_save_param_ex was successful  	[MsgId: MMSG-26390]
Action.c(218): web_reg_find started  	[MsgId: MMSG-26355]
Action.c(218): Registering web_reg_find was successful  	[MsgId: MMSG-26390]
Action.c(222): web_submit_data("authenticate") started  	[MsgId: MMSG-26355]
Action.c(222): Error -27760: Request "https://pvr-perf.rxlogix.com/reports/login/authenticate" failed  	[MsgId: MERR-27760]
Action.c(222): Error -35061: No match found for the requested parameter "CsrfTokenId_2". Either the specified boundaries were not found in the response or the matched text is longer than current max html parameter size of 9999999 bytes. The total length of the response is 0 bytes. You can use "web_set_max_html_param_len" to increase the max parameter size.  	[MsgId: MERR-35061]
Action.c(222): Error -26377: No match found for the requested parameter "User_Id". Either the specified boundaries were not found in the response or the matched text is longer than current max html parameter size of 9999999 bytes. The total length of the response is 0 bytes. You can use "web_set_max_html_param_len" to increase the max parameter size.  	[MsgId: MERR-26377]
Action.c(222): Error -26366: "Text=Dashboard" not found for web_reg_find  	[MsgId: MERR-26366]
Action.c(222): Error -26374: The above "not found" error(s) may be explained by header and body byte counts being 0 and 0, respectively.  	[MsgId: MERR-26374]
End auto log messages stack.


Start auto log messages stack - Iteration 8.
Action.c(622): Warning -27760: Request "https://pvr-perf.rxlogix.com/reports/assets/Material-Design-Iconic-Font-a2a1ba89e7f9d29f7d5aee76e8b9f7ab.woff?v=1.0.1" failed   [issued at Action.c(715)]  	[MsgId: MWAR-27760]
Action.c(645): Warning -27760: Request "https://pvr-perf.rxlogix.com/reports/assets/fontawesome-webfont-af7ae505a9eed503f8b8e6982036873e.woff2?v=4.7.0" failed   [issued at Action.c(715)]  	[MsgId: MWAR-27760]
Action.c(428): Warning -27760: Request "https://pvr-perf.rxlogix.com/reports/assets/highcharts/highcharts-more-31bca387194b423710d019dfa069474a.js" failed   [issued at Action.c(715)]  	[MsgId: MWAR-27760]
Action.c(503): Warning -27760: Request "https://pvr-perf.rxlogix.com/reports/assets/app/pushNotification-3d08817200dceb0a405d9f7aefa3192f.js" failed   [issued at Action.c(715)]  	[MsgId: MWAR-27760]
Action.c(598): Error -27760: Request "https://pvr-perf.rxlogix.com/reports/notificationRest/forUser/85808?_=1591074395394" failed   [issued at Action.c(715)]  	[MsgId: MERR-27760]
End auto log messages stack.


Start auto log messages stack - Iteration 8.
Action.c(241): Warning -27760: Request "https://pvr-perf.rxlogix.com/reports/assets/theme_gradient_blue-8a7bc35778c66c2a34b346cddd101ad7.css" failed   [issued at Action.c(715)]  	[MsgId: MWAR-27760]
Action.c(543): Warning -27760: Request "https://pvr-perf.rxlogix.com/reports/assets/jquery/customise-jquery-idleTimeout-6286fe026bdf78a6c38a29cfd8d979c8.js" failed   [issued at Action.c(715)]  	[MsgId: MWAR-27760]
Action.c(574): Error -27760: Request "https://pvr-perf.rxlogix.com/reports/stomp/info" failed   [issued at Action.c(715)]  	[MsgId: MERR-27760]
End auto log messages stack.


Start auto log messages stack - Iteration 8.
Action.c(487): Warning -27760: Request "https://pvr-perf.rxlogix.com/reports/assets/gridstack/gridstack.min-157675a5f94f1a18234a494030c5d8f0.js" failed   [issued at Action.c(715)]  	[MsgId: MWAR-27760]
Action.c(586): Error -27760: Request "https://pvr-perf.rxlogix.com/reports/actionItemRest/index?length=5&start=0&sort=dueDate&direction=asc" failed   [issued at Action.c(715)]  	[MsgId: MERR-27760]
End auto log messages stack.


Start auto log messages stack - Iteration 8.
Action.c(557): Warning -27760: Request "https://pvr-perf.rxlogix.com/reports/assets/fullcalendar.print-5e9985f0185898b586ec4820f63bb446.css" failed   [issued at Action.c(715)]  	[MsgId: MWAR-27760]
Action.c(511): Warning -27760: Request "https://pvr-perf.rxlogix.com/reports/assets/app/deleteModal-68b8e74283c8070801d2afbaf40831a1.js" failed   [issued at Action.c(715)]  	[MsgId: MWAR-27760]
Action.c(519): Warning -27760: Request "https://pvr-perf.rxlogix.com/reports/assets/store.modern.min-ee86dbde67356086e53dffdd31c6867d.js" failed   [issued at Action.c(715)]  	[MsgId: MWAR-27760]
Action.c(252): Warning -27760: Request "https://pvr-perf.rxlogix.com/reports/assets/fuelux-b7cf5c5c681fcdbd63156284516c90e9.css" failed   [issued at Action.c(715)]  	[MsgId: MWAR-27760]
Action.c(633): Error -27760: Request "https://pvr-perf.rxlogix.com/reports/assets/i18n/dataTables_en.json" failed   [issued at Action.c(715)]  	[MsgId: MERR-27760]
Action.c(658): Error -27760: Request "https://pvr-perf.rxlogix.com/reports/periodicReportConfigurationRest/latestPeriodicReport?length=4&start=0" failed   [issued at Action.c(715)]  	[MsgId: MERR-27760]
Action.c(610): Error -27760: Request "https://pvr-perf.rxlogix.com/reports/reportResultRest/latestAdhocReport?length=4&start=0" failed   [issued at Action.c(715)]  	[MsgId: MERR-27760]
End auto log messages stack.


Start auto log messages stack - Iteration 8.
Action.c(495): Warning -27760: Request "https://pvr-perf.rxlogix.com/reports/assets/gridstack/gridstack.jQueryUI.min-5bd5204d23705e69adeb23742f04ff8c.js" failed   [issued at Action.c(715)]  	[MsgId: MWAR-27760]
Action.c(461): Error -27760: Request "https://pvr-perf.rxlogix.com/reports/assets/i18n/en.json" failed   [issued at Action.c(715)]  	[MsgId: MERR-27760]
End auto log messages stack.


Start auto log messages stack - Iteration 7.
Action.c(933): Registering web_url("datepicker.hbs") was successful  	[MsgId: MMSG-26390]
Action.c(940): web_url("filter_panel.hbs") started  	[MsgId: MMSG-26355]
Action.c(940): Registering web_url("filter_panel.hbs") was successful  	[MsgId: MMSG-26390]
Action.c(952): web_url("{User_Id}_2") started  	[MsgId: MMSG-26355]
Action.c(952): Registering web_url("{User_Id}_2") was successful  	[MsgId: MMSG-26390]
Action.c(961): web_url("glyphicons-halflings-regular-448c34a56d699c29117adc64c43affeb.woff2") started  	[MsgId: MMSG-26355]
Action.c(961): Registering web_url("glyphicons-halflings-regular-448c34a56d699c29117adc64c43affeb.woff2") was successful  	[MsgId: MMSG-26390]
Action.c(991): web_concurrent_end started  	[MsgId: MMSG-26355]
Action.c(952): Error -27760: Request "https://pvr-perf.rxlogix.com/reports/notificationRest/forUser/85864?_=1591074457024" failed   [issued at Action.c(991)]  	[MsgId: MERR-27760]
End auto log messages stack.


Start auto log messages stack - Iteration 7.
Action.c(961): Warning -27760: Request "https://pvr-perf.rxlogix.com/reports/assets/glyphicons-halflings-regular-448c34a56d699c29117adc64c43affeb.woff2" failed   [issued at Action.c(991)]  	[MsgId: MWAR-27760]
Action.c(922): Error -27760: Request "https://pvr-perf.rxlogix.com/reports/tag" failed   [issued at Action.c(991)]  	[MsgId: MERR-27760]
End auto log messages stack.


Start auto log messages stack - Iteration 9.
Action.c(645): web_url("fontawesome-webfont-af7ae505a9eed503f8b8e6982036873e.woff2") started  	[MsgId: MMSG-26355]
Action.c(645): Resource "https://pvr-perf.rxlogix.com/reports/assets/fontawesome-webfont-af7ae505a9eed503f8b8e6982036873e.woff2?v=4.7.0" is in the cache already and will not be downloaded again  	[MsgId: MMSG-26655]
Action.c(658): web_url("latestPeriodicReport") started  	[MsgId: MMSG-26355]
Action.c(658): Registering web_url("latestPeriodicReport") was successful  	[MsgId: MMSG-26390]
Action.c(670): web_url("dataTables_en.json_2") started  	[MsgId: MMSG-26355]
Action.c(670): Registering web_url("dataTables_en.json_2") was successful  	[MsgId: MMSG-26390]
Action.c(715): web_concurrent_end started  	[MsgId: MMSG-26355]
Action.c(658): Error -27760: Request "https://pvr-perf.rxlogix.com/reports/periodicReportConfigurationRest/latestPeriodicReport?length=4&start=0" failed   [issued at Action.c(715)]  	[MsgId: MERR-27760]
Action.c(586): Error -27760: Request "https://pvr-perf.rxlogix.com/reports/actionItemRest/index?length=5&start=0&sort=dueDate&direction=asc" failed   [issued at Action.c(715)]  	[MsgId: MERR-27760]
Action.c(461): Error -27760: Request "https://pvr-perf.rxlogix.com/reports/assets/i18n/en.json" failed   [issued at Action.c(715)]  	[MsgId: MERR-27760]
Action.c(598): Error -27760: Request "https://pvr-perf.rxlogix.com/reports/notificationRest/forUser/85808?_=1591074395394" failed   [issued at Action.c(715)]  	[MsgId: MERR-27760]
Action.c(574): Error -27760: Request "https://pvr-perf.rxlogix.com/reports/stomp/info" failed   [issued at Action.c(715)]  	[MsgId: MERR-27760]
Action.c(610): Error -27760: Request "https://pvr-perf.rxlogix.com/reports/reportResultRest/latestAdhocReport?length=4&start=0" failed   [issued at Action.c(715)]  	[MsgId: MERR-27760]
Action.c(633): Error -27760: Request "https://pvr-perf.rxlogix.com/reports/assets/i18n/dataTables_en.json" failed   [issued at Action.c(715)]  	[MsgId: MERR-27760]
End auto log messages stack.


Start auto log messages stack - Iteration 7.
Action.c(1128): web_reg_save_param_ex started  	[MsgId: MMSG-26355]
Action.c(1128): Registering web_reg_save_param_ex was successful  	[MsgId: MMSG-26390]
Action.c(1137): web_reg_save_param_ex started  	[MsgId: MMSG-26355]
Action.c(1137): Registering web_reg_save_param_ex was successful  	[MsgId: MMSG-26390]
Action.c(1146): web_reg_save_param_ex started  	[MsgId: MMSG-26355]
Action.c(1146): Registering web_reg_save_param_ex was successful  	[MsgId: MMSG-26390]
Action.c(1155): web_reg_save_param_ex started  	[MsgId: MMSG-26355]
Action.c(1155): Registering web_reg_save_param_ex was successful  	[MsgId: MMSG-26390]
Action.c(1163): web_url("{ReportEditId}") started  	[MsgId: MMSG-26355]
Action.c(1163): Error -27760: Request "https://pvr-perf.rxlogix.com/reports/periodicReport/edit/92961" failed  	[MsgId: MERR-27760]
End auto log messages stack.


Start auto log messages stack - Iteration 12.
Action.c(1128): web_reg_save_param_ex started  	[MsgId: MMSG-26355]
Action.c(1128): Registering web_reg_save_param_ex was successful  	[MsgId: MMSG-26390]
Action.c(1137): web_reg_save_param_ex started  	[MsgId: MMSG-26355]
Action.c(1137): Registering web_reg_save_param_ex was successful  	[MsgId: MMSG-26390]
Action.c(1146): web_reg_save_param_ex started  	[MsgId: MMSG-26355]
Action.c(1146): Registering web_reg_save_param_ex was successful  	[MsgId: MMSG-26390]
Action.c(1155): web_reg_save_param_ex started  	[MsgId: MMSG-26355]
Action.c(1155): Registering web_reg_save_param_ex was successful  	[MsgId: MMSG-26390]
Action.c(1163): web_url("{ReportEditId}") started  	[MsgId: MMSG-26355]
Action.c(1163): Error -27760: Request "https://pvr-perf.rxlogix.com/reports/periodicReport/edit/42382" failed  	[MsgId: MERR-27760]
End auto log messages stack.


Start auto log messages stack - Iteration 13.
Action.c(1128): web_reg_save_param_ex started  	[MsgId: MMSG-26355]
Action.c(1128): Registering web_reg_save_param_ex was successful  	[MsgId: MMSG-26390]
Action.c(1137): web_reg_save_param_ex started  	[MsgId: MMSG-26355]
Action.c(1137): Registering web_reg_save_param_ex was successful  	[MsgId: MMSG-26390]
Action.c(1146): web_reg_save_param_ex started  	[MsgId: MMSG-26355]
Action.c(1146): Registering web_reg_save_param_ex was successful  	[MsgId: MMSG-26390]
Action.c(1155): web_reg_save_param_ex started  	[MsgId: MMSG-26355]
Action.c(1155): Registering web_reg_save_param_ex was successful  	[MsgId: MMSG-26390]
Action.c(1163): web_url("{ReportEditId}") started  	[MsgId: MMSG-26355]
Action.c(1163): Error -27760: Request "https://pvr-perf.rxlogix.com/reports/periodicReport/edit/42421" failed  	[MsgId: MERR-27760]
End auto log messages stack.


Start auto log messages stack - Iteration 15.
Action.c(1128): web_reg_save_param_ex started  	[MsgId: MMSG-26355]
Action.c(1128): Registering web_reg_save_param_ex was successful  	[MsgId: MMSG-26390]
Action.c(1137): web_reg_save_param_ex started  	[MsgId: MMSG-26355]
Action.c(1137): Registering web_reg_save_param_ex was successful  	[MsgId: MMSG-26390]
Action.c(1146): web_reg_save_param_ex started  	[MsgId: MMSG-26355]
Action.c(1146): Registering web_reg_save_param_ex was successful  	[MsgId: MMSG-26390]
Action.c(1155): web_reg_save_param_ex started  	[MsgId: MMSG-26355]
Action.c(1155): Registering web_reg_save_param_ex was successful  	[MsgId: MMSG-26390]
Action.c(1163): web_url("{ReportEditId}") started  	[MsgId: MMSG-26355]
Action.c(1163): Error -27760: Request "https://pvr-perf.rxlogix.com/reports/periodicReport/edit/42335" failed  	[MsgId: MERR-27760]
End auto log messages stack.


Start auto log messages stack - Iteration 16.
Action.c(38): web_add_header("Sec-Fetch-User") started  	[MsgId: MMSG-26355]
Action.c(38): web_add_header("Sec-Fetch-User") was successful  	[MsgId: MMSG-26392]
Action.c(41): web_add_header("Upgrade-Insecure-Requests") started  	[MsgId: MMSG-26355]
Action.c(41): web_add_header("Upgrade-Insecure-Requests") was successful  	[MsgId: MMSG-26392]
Action.c(45): web_reg_save_param_ex started  	[MsgId: MMSG-26355]
Action.c(45): Registering web_reg_save_param_ex was successful  	[MsgId: MMSG-26390]
Action.c(54): web_reg_find started  	[MsgId: MMSG-26355]
Action.c(54): Registering web_reg_find was successful  	[MsgId: MMSG-26390]
Action.c(58): web_url("auth") started  	[MsgId: MMSG-26355]
Action.c(58): Error -27792: Failed to connect to server "pvr-perf.rxlogix.com:443": [10060] Connection timed out  	[MsgId: MERR-27792]
Action.c(58): Error -26377: No match found for the requested parameter "CsrfTokenId". Either the specified boundaries were not found in the response or the matched text is longer than current max html parameter size of 9999999 bytes. The total length of the response is 0 bytes. You can use "web_set_max_html_param_len" to increase the max parameter size.  	[MsgId: MERR-26377]
Action.c(58): Error -26366: "Text=Login" not found for web_reg_find  	[MsgId: MERR-26366]
Action.c(58): Error -26374: The above "not found" error(s) may be explained by header and body byte counts being 0 and 0, respectively.  	[MsgId: MERR-26374]
End auto log messages stack.


Start auto log messages stack - Iteration 16.
Action.c(1034): web_add_auto_header("Accept") was successful  	[MsgId: MMSG-26392]
Action.c(1037): web_add_auto_header("Sec-Fetch-Dest") started  	[MsgId: MMSG-26355]
Action.c(1037): web_add_auto_header("Sec-Fetch-Dest") was successful  	[MsgId: MMSG-26392]
Action.c(1040): web_add_auto_header("Sec-Fetch-Mode") started  	[MsgId: MMSG-26355]
Action.c(1040): web_add_auto_header("Sec-Fetch-Mode") was successful  	[MsgId: MMSG-26392]
Action.c(1043): web_add_auto_header("Sec-Fetch-Site") started  	[MsgId: MMSG-26355]
Action.c(1043): web_add_auto_header("Sec-Fetch-Site") was successful  	[MsgId: MMSG-26392]
Action.c(1057): web_custom_request("xhr") started  	[MsgId: MMSG-26355]
Action.c(1057): Error -27760: Request "https://pvr-perf.rxlogix.com/reports/stomp/180/vopymnwx/xhr" failed  	[MsgId: MERR-27760]
End auto log messages stack.


Start auto log messages stack - Iteration 13.
Action.c(41): web_add_header("Upgrade-Insecure-Requests") started  	[MsgId: MMSG-26355]
Action.c(41): web_add_header("Upgrade-Insecure-Requests") was successful  	[MsgId: MMSG-26392]
Action.c(45): web_reg_save_param_ex started  	[MsgId: MMSG-26355]
Action.c(45): Registering web_reg_save_param_ex was successful  	[MsgId: MMSG-26390]
Action.c(54): web_reg_find started  	[MsgId: MMSG-26355]
Action.c(54): Registering web_reg_find was successful  	[MsgId: MMSG-26390]
Action.c(58): web_url("auth") started  	[MsgId: MMSG-26355]
Action.c(58): Connection to pvr-perf.rxlogix.com:443 closed after being inactive for 642 seconds, exceeding the "HTTP Keep-Alive timeout" Runtime Setting (600 seconds). URL="[None]"  	[MsgId: MMSG-27647]
Action.c(58): Error -27792: Failed to connect to server "pvr-perf.rxlogix.com:443": [10060] Connection timed out  	[MsgId: MERR-27792]
Action.c(58): Error -26377: No match found for the requested parameter "CsrfTokenId". Either the specified boundaries were not found in the response or the matched text is longer than current max html parameter size of 9999999 bytes. The total length of the response is 0 bytes. You can use "web_set_max_html_param_len" to increase the max parameter size.  	[MsgId: MERR-26377]
Action.c(58): Error -26366: "Text=Login" not found for web_reg_find  	[MsgId: MERR-26366]
Action.c(58): Error -26374: The above "not found" error(s) may be explained by header and body byte counts being 0 and 0, respectively.  	[MsgId: MERR-26374]
End auto log messages stack.


Start auto log messages stack - Iteration 18.
Action.c(41): web_add_header("Upgrade-Insecure-Requests") started  	[MsgId: MMSG-26355]
Action.c(41): web_add_header("Upgrade-Insecure-Requests") was successful  	[MsgId: MMSG-26392]
Action.c(45): web_reg_save_param_ex started  	[MsgId: MMSG-26355]
Action.c(45): Registering web_reg_save_param_ex was successful  	[MsgId: MMSG-26390]
Action.c(54): web_reg_find started  	[MsgId: MMSG-26355]
Action.c(54): Registering web_reg_find was successful  	[MsgId: MMSG-26390]
Action.c(58): web_url("auth") started  	[MsgId: MMSG-26355]
Action.c(58): Connection to pvr-perf.rxlogix.com:443 closed after being inactive for 645 seconds, exceeding the "HTTP Keep-Alive timeout" Runtime Setting (600 seconds). URL="[None]"  	[MsgId: MMSG-27647]
Action.c(58): Error -27792: Failed to connect to server "pvr-perf.rxlogix.com:443": [10060] Connection timed out  	[MsgId: MERR-27792]
Action.c(58): Error -26377: No match found for the requested parameter "CsrfTokenId". Either the specified boundaries were not found in the response or the matched text is longer than current max html parameter size of 9999999 bytes. The total length of the response is 0 bytes. You can use "web_set_max_html_param_len" to increase the max parameter size.  	[MsgId: MERR-26377]
Action.c(58): Error -26366: "Text=Login" not found for web_reg_find  	[MsgId: MERR-26366]
Action.c(58): Error -26374: The above "not found" error(s) may be explained by header and body byte counts being 0 and 0, respectively.  	[MsgId: MERR-26374]
End auto log messages stack.


Start auto log messages stack - Iteration 15.
Action.c(38): web_add_header("Sec-Fetch-User") started  	[MsgId: MMSG-26355]
Action.c(38): web_add_header("Sec-Fetch-User") was successful  	[MsgId: MMSG-26392]
Action.c(41): web_add_header("Upgrade-Insecure-Requests") started  	[MsgId: MMSG-26355]
Action.c(41): web_add_header("Upgrade-Insecure-Requests") was successful  	[MsgId: MMSG-26392]
Action.c(45): web_reg_save_param_ex started  	[MsgId: MMSG-26355]
Action.c(45): Registering web_reg_save_param_ex was successful  	[MsgId: MMSG-26390]
Action.c(54): web_reg_find started  	[MsgId: MMSG-26355]
Action.c(54): Registering web_reg_find was successful  	[MsgId: MMSG-26390]
Action.c(58): web_url("auth") started  	[MsgId: MMSG-26355]
Action.c(58): Error -27792: Failed to connect to server "pvr-perf.rxlogix.com:443": [10060] Connection timed out  	[MsgId: MERR-27792]
Action.c(58): Error -26377: No match found for the requested parameter "CsrfTokenId". Either the specified boundaries were not found in the response or the matched text is longer than current max html parameter size of 9999999 bytes. The total length of the response is 0 bytes. You can use "web_set_max_html_param_len" to increase the max parameter size.  	[MsgId: MERR-26377]
Action.c(58): Error -26366: "Text=Login" not found for web_reg_find  	[MsgId: MERR-26366]
Action.c(58): Error -26374: The above "not found" error(s) may be explained by header and body byte counts being 0 and 0, respectively.  	[MsgId: MERR-26374]
End auto log messages stack.


