Start auto log messages stack - Iteration 2.
Start auto log messages stack - Iteration 5.
Action.c(2042): web_add_header("Sec-Fetch-Dest") was successful  	[MsgId: MMSG-26392]
Action.c(195): web_add_header("Upgrade-Insecure-Requests") started  	[MsgId: MMSG-26355]
Action.c(2045): web_add_header("Sec-Fetch-User") started  	[MsgId: MMSG-26355]
Action.c(195): web_add_header("Upgrade-Insecure-Requests") was successful  	[MsgId: MMSG-26392]
Action.c(2045): web_add_header("Sec-Fetch-User") was successful  	[MsgId: MMSG-26392]
Action.c(199): web_reg_save_param_ex started  	[MsgId: MMSG-26355]
Action.c(2048): web_add_header("Upgrade-Insecure-Requests") started  	[MsgId: MMSG-26355]
Action.c(2048): web_add_header("Upgrade-Insecure-Requests") was successful  	[MsgId: MMSG-26392]
Action.c(199): Registering web_reg_save_param_ex was successful  	[MsgId: MMSG-26390]
Action.c(2051): web_reg_find started  	[MsgId: MMSG-26355]
Action.c(210): web_reg_save_param_ex started  	[MsgId: MMSG-26355]
Action.c(2051): Registering web_reg_find was successful  	[MsgId: MMSG-26390]
Action.c(210): Registering web_reg_save_param_ex was successful  	[MsgId: MMSG-26390]
Action.c(218): web_reg_find started  	[MsgId: MMSG-26355]
Action.c(2055): web_url("index_5") started  	[MsgId: MMSG-26355]
Action.c(218): Registering web_reg_find was successful  	[MsgId: MMSG-26390]
Action.c(222): web_submit_data("authenticate") started  	[MsgId: MMSG-26355]
Action.c(222): Error -26610: HTTP Status-Code=502 (Bad Gateway) for "https://pvr-perf.rxlogix.com/reports/login/authenticate"  	[MsgId: MERR-26610]
Action.c(2055): Error -26610: HTTP Status-Code=502 (Bad Gateway) for "https://pvr-perf.rxlogix.com/reports/periodicReport/index"  	[MsgId: MERR-26610]
Action.c(222): Error -35061: No match found for the requested parameter "CsrfTokenId_2". Either the specified boundaries were not found in the response or the matched text is longer than current max html parameter size of 9999999 bytes. The total length of the response is 540 bytes. You can use "web_set_max_html_param_len" to increase the max parameter size.  	[MsgId: MERR-35061]
Action.c(2055): Error -26366: "Text=Aggregate Report Configuration Library" not found for web_reg_find  	[MsgId: MERR-26366]
Action.c(222): Error -26377: No match found for the requested parameter "User_Id". Either the specified boundaries were not found in the response or the matched text is longer than current max html parameter size of 9999999 bytes. The total length of the response is 540 bytes. You can use "web_set_max_html_param_len" to increase the max parameter size.  	[MsgId: MERR-26377]
End auto log messages stack.


Action.c(222): Error -26366: "Text=Dashboard" not found for web_reg_find  	[MsgId: MERR-26366]
End auto log messages stack.


