Start auto log messages stack - Iteration 1.
Action.c(1395): Registering web_url("plugin.min.js_3") was successful  	[MsgId: MMSG-26390]
Action.c(1403): web_url("plugin.min.js_4") started  	[MsgId: MMSG-26355]
Action.c(1403): Registering web_url("plugin.min.js_4") was successful  	[MsgId: MMSG-26390]
Action.c(1411): web_url("plugin.min.js_5") started  	[MsgId: MMSG-26355]
Action.c(1411): Registering web_url("plugin.min.js_5") was successful  	[MsgId: MMSG-26390]
Action.c(1419): web_url("polymer-micro.html") started  	[MsgId: MMSG-26355]
Action.c(1419): Registering web_url("polymer-micro.html") was successful  	[MsgId: MMSG-26390]
Action.c(1428): web_concurrent_end started  	[MsgId: MMSG-26355]
Action.c(1241): Error -26610: HTTP Status-Code=502 (Bad Gateway) for "https://pvr-perf.rxlogix.com/reports/query/getNumOperators"   [issued at Action.c(1428)]  	[MsgId: MERR-26610]
End auto log messages stack.


Start auto log messages stack - Iteration 2.
Action.c(44): web_add_header("Sec-Fetch-User") started  	[MsgId: MMSG-26355]
Action.c(44): web_add_header("Sec-Fetch-User") was successful  	[MsgId: MMSG-26392]
Action.c(47): web_add_header("Upgrade-Insecure-Requests") started  	[MsgId: MMSG-26355]
Action.c(47): web_add_header("Upgrade-Insecure-Requests") was successful  	[MsgId: MMSG-26392]
Action.c(51): web_reg_save_param_ex started  	[MsgId: MMSG-26355]
Action.c(51): Registering web_reg_save_param_ex was successful  	[MsgId: MMSG-26390]
Action.c(60): web_reg_find started  	[MsgId: MMSG-26355]
Action.c(60): Registering web_reg_find was successful  	[MsgId: MMSG-26390]
Action.c(64): web_url("auth") started  	[MsgId: MMSG-26355]
Action.c(64): Error -27760: Request "https://pvr-perf.rxlogix.com/reports/login/auth" failed  	[MsgId: MERR-27760]
Action.c(64): Error -26377: No match found for the requested parameter "CsrfTokenId". Either the specified boundaries were not found in the response or the matched text is longer than current max html parameter size of 99999999 bytes. The total length of the response is 0 bytes. You can use "web_set_max_html_param_len" to increase the max parameter size.  	[MsgId: MERR-26377]
Action.c(64): Error -26366: "Text=Login" not found for web_reg_find  	[MsgId: MERR-26366]
Action.c(64): Error -26374: The above "not found" error(s) may be explained by header and body byte counts being 0 and 0, respectively.  	[MsgId: MERR-26374]
End auto log messages stack.


