Start auto log messages stack - Iteration 8.	[MsgId: MMSG-10545]
Action.c(2626): web_url("customSQLValuesForTemplate") started  	[MsgId: MMSG-26355]
Action.c(2626): web_url("customSQLValuesForTemplate") was successful, 28 body bytes, 234 header bytes  	[MsgId: MMSG-26386]
Start auto log messages stack - Iteration 6.	[MsgId: MMSG-10545]
Action.c(2635): web_url("poiInputsForTemplate") started  	[MsgId: MMSG-26355]
Action.c(2635): web_url("poiInputsForTemplate") was successful, 37 body bytes, 234 header bytes  	[MsgId: MMSG-26386]
Action.c(2644): Notify: Transaction "S10_T12_SelectTemplate" ended with a "Pass" status (Duration: 1.7100 Wasted Time: 0.0000).	[MsgId: MMSG-16871]
Action.c(1456): Notify: Transaction "S10_T04_AddTag" ended with a "Pass" status (Duration: 0.4201 Wasted Time: 0.0000).	[MsgId: MMSG-16871]
Action.c(1458): lr_think_time: 15.00 seconds (recorded think time was 3.00 seconds).	[MsgId: MMSG-15947]
Action.c(1460): Notify: Transaction "S10_T05_Add_Criteria_1" started.	[MsgId: MMSG-16999]
Action.c(2646): lr_think_time: 15.00 seconds (recorded think time was 3.00 seconds).	[MsgId: MMSG-15947]
Action.c(1462): web_add_auto_header("Accept") started  	[MsgId: MMSG-26355]
Action.c(2648): Notify: Transaction "S10_T13_Enter_ReportName_Tag_SaveAndRun" started.	[MsgId: MMSG-16999]
Action.c(3089): web_submit_data("run_2") started  	[MsgId: MMSG-26355]
Action.c(1462): web_add_auto_header("Accept") was successful  	[MsgId: MMSG-26392]
Action.c(3089): Error -26610: HTTP Status-Code=502 (Bad Gateway) for "https://pvr-perf.rxlogix.com/reports/configuration/run"  	[MsgId: MERR-26610]
Action.c(1465): web_url("possibleValues") started  	[MsgId: MMSG-26355]
End auto log messages stack.	[MsgId: MMSG-10544]


Action.c(1465): web_url("possibleValues") was successful, 28 body bytes, 234 header bytes  	[MsgId: MMSG-26386]
Action.c(1474): Notify: Transaction "S10_T05_Add_Criteria_1" ended with a "Pass" status (Duration: 0.3781 Wasted Time: 0.0000).	[MsgId: MMSG-16871]
Action.c(1476): lr_think_time: 15.00 seconds (recorded think time was 3.00 seconds).	[MsgId: MMSG-15947]
Action.c(1478): Notify: Transaction "S10_T06_Add_Criteria_2" started.	[MsgId: MMSG-16999]
Action.c(1480): web_url("possibleValues_2") started  	[MsgId: MMSG-26355]
Action.c(1480): Error -26610: HTTP Status-Code=502 (Bad Gateway) for "https://pvr-perf.rxlogix.com/reports/query/possibleValues?lang=en&field=patInfoPostalCode&_=1590064583070"  	[MsgId: MERR-26610]
End auto log messages stack.	[MsgId: MMSG-10544]


Start auto log messages stack - Iteration 20.	[MsgId: MMSG-10545]
Action.c(2603): Notify: Transaction "S10_T12_SelectTemplate" started.	[MsgId: MMSG-16999]
Action.c(2605): web_add_auto_header("Accept") started  	[MsgId: MMSG-26355]
Action.c(2605): web_add_auto_header("Accept") was successful  	[MsgId: MMSG-26392]
Action.c(2608): web_url("getTemplateList") started  	[MsgId: MMSG-26355]
Action.c(2608): web_url("getTemplateList") was successful, 1143 body bytes, 234 header bytes  	[MsgId: MMSG-26386]
Action.c(2617): web_url("getTemplateList_2") started  	[MsgId: MMSG-26355]
Action.c(2617): web_url("getTemplateList_2") was successful, 337 body bytes, 234 header bytes  	[MsgId: MMSG-26386]
Action.c(2626): web_url("customSQLValuesForTemplate") started  	[MsgId: MMSG-26355]
Action.c(2626): Error -26610: HTTP Status-Code=502 (Bad Gateway) for "https://pvr-perf.rxlogix.com/reports/template/customSQLValuesForTemplate?templateId=30908&_=1590064767395"  	[MsgId: MERR-26610]
End auto log messages stack.	[MsgId: MMSG-10544]


Start auto log messages stack - Iteration 15.	[MsgId: MMSG-10545]
Action.c(3481): web_add_auto_header("Sec-Fetch-Dest") was successful  	[MsgId: MMSG-26392]
Action.c(3484): web_add_auto_header("Sec-Fetch-Mode") started  	[MsgId: MMSG-26355]
Action.c(3484): web_add_auto_header("Sec-Fetch-Mode") was successful  	[MsgId: MMSG-26392]
Action.c(3487): web_add_header("Sec-Fetch-User") started  	[MsgId: MMSG-26355]
Action.c(3487): web_add_header("Sec-Fetch-User") was successful  	[MsgId: MMSG-26392]
Action.c(3490): web_add_header("Upgrade-Insecure-Requests") started  	[MsgId: MMSG-26355]
Action.c(3490): web_add_header("Upgrade-Insecure-Requests") was successful  	[MsgId: MMSG-26392]
Action.c(3493): web_url("logout") started  	[MsgId: MMSG-26355]
Action.c(3493): Error -26610: HTTP Status-Code=502 (Bad Gateway) for "https://pvr-perf.rxlogix.com/reports/logout"  	[MsgId: MERR-26610]
End auto log messages stack.	[MsgId: MMSG-10544]


Start auto log messages stack - Iteration 19.	[MsgId: MMSG-10545]
Action.c(1536): web_add_header("Cache-Control") was successful  	[MsgId: MMSG-26392]
Action.c(1539): web_add_header("Sec-Fetch-User") started  	[MsgId: MMSG-26355]
Action.c(1539): web_add_header("Sec-Fetch-User") was successful  	[MsgId: MMSG-26392]
Action.c(1542): web_add_header("Upgrade-Insecure-Requests") started  	[MsgId: MMSG-26355]
Action.c(1542): web_add_header("Upgrade-Insecure-Requests") was successful  	[MsgId: MMSG-26392]
Action.c(1545): web_reg_find started  	[MsgId: MMSG-26355]
Action.c(1545): Registering web_reg_find was successful  	[MsgId: MMSG-26390]
Action.c(1549): web_submit_data("save") started  	[MsgId: MMSG-26355]
Action.c(1549): Error -26610: HTTP Status-Code=502 (Bad Gateway) for "https://pvr-perf.rxlogix.com/reports/query/save?_csrf=f2b9d63e-f302-4d04-a98c-2552c164ca3e"  	[MsgId: MERR-26610]
Action.c(1549): Error -26366: "Text=Query S10QA79 created" not found for web_reg_find  	[MsgId: MERR-26366]
End auto log messages stack.	[MsgId: MMSG-10544]


