Start auto log messages stack - Iteration 2.	[MsgId: MMSG-10545]
Action.c(751): web_url("dataTables_en.json") started  	[MsgId: MMSG-26355]
Action.c(751): Registering web_url("dataTables_en.json") was successful  	[MsgId: MMSG-26390]
Action.c(765): web_url("latestPeriodicReport") started  	[MsgId: MMSG-26355]
Action.c(765): Registering web_url("latestPeriodicReport") was successful  	[MsgId: MMSG-26390]
Action.c(777): web_url("dataTables_en.json_2") started  	[MsgId: MMSG-26355]
Action.c(777): Resource "https://pvr-perf.rxlogix.com/reports/assets/i18n/dataTables_en.json" not downloaded (resource downloading not requested)  	[MsgId: MMSG-27299]
Action.c(809): web_concurrent_end started  	[MsgId: MMSG-26355]
Action.c(765): Error -27760: Request "https://pvr-perf.rxlogix.com/reports/periodicReportConfigurationRest/latestPeriodicReport?length=4&start=0" failed   [issued at Action.c(809)]  	[MsgId: MERR-27760]
Action.c(707): Error -27760: Request "https://pvr-perf.rxlogix.com/reports/stomp/info" failed   [issued at Action.c(809)]  	[MsgId: MERR-27760]
Action.c(465): Error -27760: Request "https://pvr-perf.rxlogix.com/reports/assets/i18n/en.json" failed   [issued at Action.c(809)]  	[MsgId: MERR-27760]
Action.c(719): Error -27760: Request "https://pvr-perf.rxlogix.com/reports/actionItemRest/index?length=5&start=0&sort=dueDate&direction=asc" failed   [issued at Action.c(809)]  	[MsgId: MERR-27760]
Action.c(695): Error -27760: Request "https://pvr-perf.rxlogix.com/reports/notificationRest/forUser/87471?_=1590064542563" failed   [issued at Action.c(809)]  	[MsgId: MERR-27760]
Action.c(728): Error -27760: Request "https://pvr-perf.rxlogix.com/reports/reportResultRest/latestAdhocReport?length=4&start=0" failed   [issued at Action.c(809)]  	[MsgId: MERR-27760]
Action.c(751): Error -27760: Request "https://pvr-perf.rxlogix.com/reports/assets/i18n/dataTables_en.json" failed   [issued at Action.c(809)]  	[MsgId: MERR-27760]
End auto log messages stack.	[MsgId: MMSG-10544]


Start auto log messages stack - Iteration 1.	[MsgId: MMSG-10545]
Action.c(874): web_add_header("Sec-Fetch-Dest") was successful  	[MsgId: MMSG-26392]
Action.c(877): web_add_auto_header("Accept-Language") started  	[MsgId: MMSG-26355]
Action.c(877): web_add_auto_header("Accept-Language") was successful  	[MsgId: MMSG-26392]
Action.c(880): web_add_header("Sec-Fetch-User") started  	[MsgId: MMSG-26355]
Action.c(880): web_add_header("Sec-Fetch-User") was successful  	[MsgId: MMSG-26392]
Action.c(883): web_add_header("Upgrade-Insecure-Requests") started  	[MsgId: MMSG-26355]
Action.c(883): web_add_header("Upgrade-Insecure-Requests") was successful  	[MsgId: MMSG-26392]
Action.c(886): web_url("create") started  	[MsgId: MMSG-26355]
Action.c(886): Error -27760: Request "https://pvr-perf.rxlogix.com/reports/query/create" failed  	[MsgId: MERR-27760]
End auto log messages stack.	[MsgId: MMSG-10544]


Start auto log messages stack - Iteration 3.	[MsgId: MMSG-10545]
Action.c(1497): lr_think_time: 15.00 seconds (recorded think time was 3.00 seconds).	[MsgId: MMSG-15947]
Action.c(1499): Notify: Transaction "S10_T07_Add_Criteria_3" started.	[MsgId: MMSG-16999]
Action.c(1501): web_add_auto_header("Accept") started  	[MsgId: MMSG-26355]
Action.c(1501): web_add_auto_header("Accept") was successful  	[MsgId: MMSG-26392]
Action.c(1504): web_url("keep-alive_2") started  	[MsgId: MMSG-26355]
Action.c(1504): web_url("keep-alive_2") was successful, 41 body bytes, 265 header bytes  	[MsgId: MMSG-26386]
Action.c(1513): web_add_auto_header("Accept") started  	[MsgId: MMSG-26355]
Action.c(1513): web_add_auto_header("Accept") was successful  	[MsgId: MMSG-26392]
Action.c(1516): web_url("possibleValues_3") started  	[MsgId: MMSG-26355]
Action.c(1516): Error -27760: Request "https://pvr-perf.rxlogix.com/reports/query/possibleValues?lang=en&field=prodDrugsAbuse&_=1590064583072" failed  	[MsgId: MERR-27760]
End auto log messages stack.	[MsgId: MMSG-10544]


Start auto log messages stack - Iteration 2.	[MsgId: MMSG-10545]
Action.c(1341): web_url("getValuelessOperators") started  	[MsgId: MMSG-26355]
Action.c(1341): Registering web_url("getValuelessOperators") was successful  	[MsgId: MMSG-26390]
Action.c(1350): web_url("extraValues") started  	[MsgId: MMSG-26355]
Action.c(1350): Registering web_url("extraValues") was successful  	[MsgId: MMSG-26390]
Action.c(1398): web_url("column-view-lib-bd7bc6ac60142802df527fb4fdd3a579.js") started  	[MsgId: MMSG-26355]
Action.c(1398): Resource "https://pvr-perf.rxlogix.com/reports/assets/plugin/dictionary/column-view-lib-bd7bc6ac60142802df527fb4fdd3a579.js" not downloaded (resource downloading not requested)  	[MsgId: MMSG-27299]
Action.c(1440): web_concurrent_end started  	[MsgId: MMSG-26355]
Action.c(1272): Error -27760: Request "https://pvr-perf.rxlogix.com/reports/query/userDefaultReportFieldsOpts?username=perfuser43&amp;lastModified=1590064525440en&sourceId=" failed   [issued at Action.c(1440)]  	[MsgId: MERR-27760]
End auto log messages stack.	[MsgId: MMSG-10544]


Start auto log messages stack - Iteration 4.	[MsgId: MMSG-10545]
Action.c(6): web_cleanup_auto_headers started  	[MsgId: MMSG-26355]
Action.c(6): web_cleanup_auto_headers was successful  	[MsgId: MMSG-26392]
Action.c(8): web_cleanup_cookies started  	[MsgId: MMSG-26355]
Action.c(8): web_cleanup_cookies was successful  	[MsgId: MMSG-26392]
Action.c(10): web_set_max_html_param_len started  	[MsgId: MMSG-26355]
Action.c(10): web_set_max_html_param_len was successful  	[MsgId: MMSG-26392]
Action.c(12): Notify: Transaction "S10_T01_OpenApplication" started.	[MsgId: MMSG-16999]
Action.c(62): web_reg_save_param_ex started  	[MsgId: MMSG-26355]
Action.c(62): Registering web_reg_save_param_ex was successful  	[MsgId: MMSG-26390]
Action.c(71): web_url("auth") started  	[MsgId: MMSG-26355]
Action.c(71): Error -27792: Failed to connect to server "pvr-perf.rxlogix.com:443": [10060] Connection timed out  	[MsgId: MERR-27792]
Action.c(71): Error -26377: No match found for the requested parameter "CsrfTokenId". Either the specified boundaries were not found in the response or the matched text is longer than current max html parameter size of 99999999 bytes. The total length of the response is 0 bytes. You can use "web_set_max_html_param_len" to increase the max parameter size.  	[MsgId: MERR-26377]
Action.c(71): Error -26374: The above "not found" error(s) may be explained by header and body byte counts being 0 and 0, respectively.  	[MsgId: MERR-26374]
End auto log messages stack.	[MsgId: MMSG-10544]


Start auto log messages stack.	[MsgId: MMSG-10546]
Ending iteration 6.	[MsgId: MMSG-15965]
Waiting 253.2450 seconds for iteration pacing.	[MsgId: MMSG-15996]
Starting iteration 7.	[MsgId: MMSG-15968]
Error: Exception was raised when calling event-notify Vuser function in extension lrwreplaymain.dll: System Exceptions: EXCEPTION_ACCESS_VIOLATION	[MsgId: MERR-10487]
Start auto log messages stack.	[MsgId: MMSG-10546]
Ending iteration 7.	[MsgId: MMSG-15965]
Waiting 245.8930 seconds for iteration pacing.	[MsgId: MMSG-15996]
Starting iteration 8.	[MsgId: MMSG-15968]
Error: Exception was raised when calling event-notify Vuser function in extension lrwreplaymain.dll: System Exceptions: EXCEPTION_ACCESS_VIOLATION	[MsgId: MERR-10487]
Start auto log messages stack.	[MsgId: MMSG-10546]
Ending iteration 6.	[MsgId: MMSG-15965]
Waiting 234.0850 seconds for iteration pacing.	[MsgId: MMSG-15996]
Starting iteration 7.	[MsgId: MMSG-15968]
Error: Exception was raised when calling event-notify Vuser function in extension lrwreplaymain.dll: System Exceptions: EXCEPTION_ACCESS_VIOLATION	[MsgId: MERR-10487]
Start auto log messages stack.	[MsgId: MMSG-10546]
Ending iteration 9.	[MsgId: MMSG-15965]
Waiting 233.4860 seconds for iteration pacing.	[MsgId: MMSG-15996]
Starting iteration 10.	[MsgId: MMSG-15968]
Error: Exception was raised when calling event-notify Vuser function in extension lrwreplaymain.dll: System Exceptions: EXCEPTION_ACCESS_VIOLATION	[MsgId: MERR-10487]
Start auto log messages stack.	[MsgId: MMSG-10546]
Ending iteration 8.	[MsgId: MMSG-15965]
Waiting 245.7260 seconds for iteration pacing.	[MsgId: MMSG-15996]
Starting iteration 9.	[MsgId: MMSG-15968]
Error: Exception was raised when calling event-notify Vuser function in extension lrwreplaymain.dll: System Exceptions: EXCEPTION_ACCESS_VIOLATION	[MsgId: MERR-10487]
Start auto log messages stack.	[MsgId: MMSG-10546]
Ending iteration 7.	[MsgId: MMSG-15965]
Waiting 248.6550 seconds for iteration pacing.	[MsgId: MMSG-15996]
Starting iteration 8.	[MsgId: MMSG-15968]
Error: Exception was raised when calling event-notify Vuser function in extension lrwreplaymain.dll: System Exceptions: EXCEPTION_ACCESS_VIOLATION	[MsgId: MERR-10487]
Start auto log messages stack - Iteration 8.	[MsgId: MMSG-10545]
Action.c(6): web_cleanup_auto_headers started  	[MsgId: MMSG-26355]
Action.c(6): web_cleanup_auto_headers was successful  	[MsgId: MMSG-26392]
Action.c(8): web_cleanup_cookies started  	[MsgId: MMSG-26355]
Action.c(8): web_cleanup_cookies was successful  	[MsgId: MMSG-26392]
Action.c(10): web_set_max_html_param_len started  	[MsgId: MMSG-26355]
Action.c(10): web_set_max_html_param_len was successful  	[MsgId: MMSG-26392]
Action.c(12): Notify: Transaction "S10_T01_OpenApplication" started.	[MsgId: MMSG-16999]
Action.c(62): web_reg_save_param_ex started  	[MsgId: MMSG-26355]
Action.c(62): Registering web_reg_save_param_ex was successful  	[MsgId: MMSG-26390]
Action.c(71): web_url("auth") started  	[MsgId: MMSG-26355]
Action.c(71): Error -27792: Failed to connect to server "pvr-perf.rxlogix.com:443": [10060] Connection timed out  	[MsgId: MERR-27792]
Action.c(71): Error -26377: No match found for the requested parameter "CsrfTokenId". Either the specified boundaries were not found in the response or the matched text is longer than current max html parameter size of 99999999 bytes. The total length of the response is 0 bytes. You can use "web_set_max_html_param_len" to increase the max parameter size.  	[MsgId: MERR-26377]
Action.c(71): Error -26374: The above "not found" error(s) may be explained by header and body byte counts being 0 and 0, respectively.  	[MsgId: MERR-26374]
End auto log messages stack.	[MsgId: MMSG-10544]


Start auto log messages stack - Iteration 11.	[MsgId: MMSG-10545]
Action.c(1772): web_url("polymer.html_2") was successful, 25982 body bytes, 379 header bytes  	[MsgId: MMSG-26386]
Action.c(1780): web_add_auto_header("Accept") started  	[MsgId: MMSG-26355]
Action.c(1780): web_add_auto_header("Accept") was successful  	[MsgId: MMSG-26392]
Action.c(1783): web_add_auto_header("X-Requested-With") started  	[MsgId: MMSG-26355]
Action.c(1783): web_add_auto_header("X-Requested-With") was successful  	[MsgId: MMSG-26392]
Action.c(1786): web_url("possibleValues_4") started  	[MsgId: MMSG-26355]
Action.c(1786): web_url("possibleValues_4") was successful, 28 body bytes, 265 header bytes  	[MsgId: MMSG-26386]
Action.c(1795): web_url("possibleValues_5") started  	[MsgId: MMSG-26355]
Action.c(1795): Error -27760: Request "https://pvr-perf.rxlogix.com/reports/query/possibleValues?lang=en&field=patInfoPostalCode&_=1590064730048" failed  	[MsgId: MERR-27760]
End auto log messages stack.	[MsgId: MMSG-10544]


Start auto log messages stack.	[MsgId: MMSG-10546]
Ending iteration 8.	[MsgId: MMSG-15965]
Waiting 478.9470 seconds for iteration pacing.	[MsgId: MMSG-15996]
Starting iteration 9.	[MsgId: MMSG-15968]
Error: Exception was raised when calling event-notify Vuser function in extension lrwreplaymain.dll: System Exceptions: EXCEPTION_ACCESS_VIOLATION	[MsgId: MERR-10487]
Start auto log messages stack - Iteration 8.	[MsgId: MMSG-10545]
Action.c(6): web_cleanup_auto_headers started  	[MsgId: MMSG-26355]
Action.c(6): web_cleanup_auto_headers was successful  	[MsgId: MMSG-26392]
Action.c(8): web_cleanup_cookies started  	[MsgId: MMSG-26355]
Action.c(8): web_cleanup_cookies was successful  	[MsgId: MMSG-26392]
Action.c(10): web_set_max_html_param_len started  	[MsgId: MMSG-26355]
Action.c(10): web_set_max_html_param_len was successful  	[MsgId: MMSG-26392]
Action.c(12): Notify: Transaction "S10_T01_OpenApplication" started.	[MsgId: MMSG-16999]
Action.c(62): web_reg_save_param_ex started  	[MsgId: MMSG-26355]
Action.c(62): Registering web_reg_save_param_ex was successful  	[MsgId: MMSG-26390]
Action.c(71): web_url("auth") started  	[MsgId: MMSG-26355]
Action.c(71): Error -27792: Failed to connect to server "pvr-perf.rxlogix.com:443": [10060] Connection timed out  	[MsgId: MERR-27792]
Action.c(71): Error -26377: No match found for the requested parameter "CsrfTokenId". Either the specified boundaries were not found in the response or the matched text is longer than current max html parameter size of 99999999 bytes. The total length of the response is 0 bytes. You can use "web_set_max_html_param_len" to increase the max parameter size.  	[MsgId: MERR-26377]
Action.c(71): Error -26374: The above "not found" error(s) may be explained by header and body byte counts being 0 and 0, respectively.  	[MsgId: MERR-26374]
End auto log messages stack.	[MsgId: MMSG-10544]


Start auto log messages stack - Iteration 10.	[MsgId: MMSG-10545]
Action.c(1341): web_url("getValuelessOperators") started  	[MsgId: MMSG-26355]
Action.c(1341): Registering web_url("getValuelessOperators") was successful  	[MsgId: MMSG-26390]
Action.c(1350): web_url("extraValues") started  	[MsgId: MMSG-26355]
Action.c(1350): Registering web_url("extraValues") was successful  	[MsgId: MMSG-26390]
Action.c(1398): web_url("column-view-lib-bd7bc6ac60142802df527fb4fdd3a579.js") started  	[MsgId: MMSG-26355]
Action.c(1398): Resource "https://pvr-perf.rxlogix.com/reports/assets/plugin/dictionary/column-view-lib-bd7bc6ac60142802df527fb4fdd3a579.js" not downloaded (resource downloading not requested)  	[MsgId: MMSG-27299]
Action.c(1440): web_concurrent_end started  	[MsgId: MMSG-26355]
Action.c(1440): Error: C interpreter run time error: Action.c (1440):  Error -- memory violation : Exception ACCESS_VIOLATION received.	[MsgId: MERR-19890]
End auto log messages stack.	[MsgId: MMSG-10544]


Start auto log messages stack - Iteration 10.	[MsgId: MMSG-10545]
Notify: Transaction "S10_T03_NavigateQueries" ended with a "Stop" status (Duration: 5.9784 Wasted Time: 0.0000).	[MsgId: MMSG-16871]
Ending Vuser...	[MsgId: MMSG-15966]
Starting action vuser_end.	[MsgId: MMSG-15919]
Ending action vuser_end.	[MsgId: MMSG-15918]
Vuser Terminated.	[MsgId: MMSG-15963]
Error: Exception was raised when calling per-thread-terminate function in extension lrwreplaymain.dll: System Exceptions: EXCEPTION_ACCESS_VIOLATION	[MsgId: MERR-10489]
End auto log messages stack.	[MsgId: MMSG-10544]


Start auto log messages stack - Iteration 9.	[MsgId: MMSG-10545]
Action.c(1341): web_url("getValuelessOperators") started  	[MsgId: MMSG-26355]
Action.c(1341): Registering web_url("getValuelessOperators") was successful  	[MsgId: MMSG-26390]
Action.c(1350): web_url("extraValues") started  	[MsgId: MMSG-26355]
Action.c(1350): Registering web_url("extraValues") was successful  	[MsgId: MMSG-26390]
Action.c(1398): web_url("column-view-lib-bd7bc6ac60142802df527fb4fdd3a579.js") started  	[MsgId: MMSG-26355]
Action.c(1398): Resource "https://pvr-perf.rxlogix.com/reports/assets/plugin/dictionary/column-view-lib-bd7bc6ac60142802df527fb4fdd3a579.js" not downloaded (resource downloading not requested)  	[MsgId: MMSG-27299]
Action.c(1440): web_concurrent_end started  	[MsgId: MMSG-26355]
Action.c(1093): Error -26610: HTTP Status-Code=502 (Bad Gateway) for "https://pvr-perf.rxlogix.com/reports/assets/plugin/dictionary/column-view-64c0085c608464f4a6f66e33d985ae27.html"   [issued at Action.c(1440)]  	[MsgId: MERR-26610]
Action.c(1350): Error -26610: HTTP Status-Code=502 (Bad Gateway) for "https://pvr-perf.rxlogix.com/reports/query/extraValues?lang=en&_=1590064583067"   [issued at Action.c(1440)]  	[MsgId: MERR-26610]
End auto log messages stack.	[MsgId: MMSG-10544]


Start auto log messages stack.	[MsgId: MMSG-10546]
Ending iteration 7.	[MsgId: MMSG-15965]
Waiting 251.9940 seconds for iteration pacing.	[MsgId: MMSG-15996]
Starting iteration 8.	[MsgId: MMSG-15968]
Error: Exception was raised when calling event-notify Vuser function in extension lrwreplaymain.dll: System Exceptions: EXCEPTION_ACCESS_VIOLATION	[MsgId: MERR-10487]
Start auto log messages stack - Iteration 13.	[MsgId: MMSG-10545]
Action.c(1780): web_add_auto_header("Accept") was successful  	[MsgId: MMSG-26392]
Action.c(1783): web_add_auto_header("X-Requested-With") started  	[MsgId: MMSG-26355]
Action.c(1783): web_add_auto_header("X-Requested-With") was successful  	[MsgId: MMSG-26392]
Action.c(1786): web_url("possibleValues_4") started  	[MsgId: MMSG-26355]
Action.c(1786): web_url("possibleValues_4") was successful, 28 body bytes, 265 header bytes  	[MsgId: MMSG-26386]
Action.c(1795): web_url("possibleValues_5") started  	[MsgId: MMSG-26355]
Action.c(1795): web_url("possibleValues_5") was successful, 28 body bytes, 265 header bytes  	[MsgId: MMSG-26386]
Action.c(1804): web_url("possibleValues_6") started  	[MsgId: MMSG-26355]
Action.c(1804): Error -27760: Request "https://pvr-perf.rxlogix.com/reports/query/possibleValues?lang=en&field=prodDrugsAbuse&_=1590064730049" failed  	[MsgId: MERR-27760]
End auto log messages stack.	[MsgId: MMSG-10544]


Start auto log messages stack.	[MsgId: MMSG-10546]
Ending iteration 8.	[MsgId: MMSG-15965]
Waiting 244.5320 seconds for iteration pacing.	[MsgId: MMSG-15996]
Ending Vuser...	[MsgId: MMSG-15966]
Starting action vuser_end.	[MsgId: MMSG-15919]
Ending action vuser_end.	[MsgId: MMSG-15918]
Vuser Terminated.	[MsgId: MMSG-15963]
Error: Exception was raised when calling per-thread-terminate function in extension lrwreplaymain.dll: System Exceptions: EXCEPTION_ACCESS_VIOLATION	[MsgId: MERR-10489]
End auto log messages stack.	[MsgId: MMSG-10544]


