Start auto log messages stack - Iteration 1.	[MsgId: MMSG-10545]
Action.c(666): web_add_auto_header("Sec-Fetch-Dest") was successful  	[MsgId: MMSG-26392]
Action.c(669): web_add_auto_header("Sec-Fetch-Mode") started  	[MsgId: MMSG-26355]
Action.c(669): web_add_auto_header("Sec-Fetch-Mode") was successful  	[MsgId: MMSG-26392]
Action.c(672): web_add_header("X-Requested-With") started  	[MsgId: MMSG-26355]
Action.c(672): web_add_header("X-Requested-With") was successful  	[MsgId: MMSG-26392]
Action.c(676): web_reg_save_param_ex started  	[MsgId: MMSG-26355]
Action.c(676): Registering web_reg_save_param_ex was successful  	[MsgId: MMSG-26390]
Action.c(684): web_url("32180") started  	[MsgId: MMSG-26355]
Action.c(684): Error -26377: No match found for the requested parameter "UserId". Either the specified boundaries were not found in the response or the matched text is longer than current max html parameter size of 99999999 bytes. The total length of the response is 400 bytes. You can use "web_set_max_html_param_len" to increase the max parameter size.  	[MsgId: MERR-26377]
End auto log messages stack.	[MsgId: MMSG-10544]


Start auto log messages stack - Iteration 2.	[MsgId: MMSG-10545]
Action.c(666): web_add_auto_header("Sec-Fetch-Dest") was successful  	[MsgId: MMSG-26392]
Action.c(669): web_add_auto_header("Sec-Fetch-Mode") started  	[MsgId: MMSG-26355]
Action.c(669): web_add_auto_header("Sec-Fetch-Mode") was successful  	[MsgId: MMSG-26392]
Action.c(672): web_add_header("X-Requested-With") started  	[MsgId: MMSG-26355]
Action.c(672): web_add_header("X-Requested-With") was successful  	[MsgId: MMSG-26392]
Action.c(676): web_reg_save_param_ex started  	[MsgId: MMSG-26355]
Action.c(676): Registering web_reg_save_param_ex was successful  	[MsgId: MMSG-26390]
Action.c(684): web_url("32180") started  	[MsgId: MMSG-26355]
Action.c(684): Error -26377: No match found for the requested parameter "UserId". Either the specified boundaries were not found in the response or the matched text is longer than current max html parameter size of 99999999 bytes. The total length of the response is 400 bytes. You can use "web_set_max_html_param_len" to increase the max parameter size.  	[MsgId: MERR-26377]
End auto log messages stack.	[MsgId: MMSG-10544]


Start auto log messages stack - Iteration 3.	[MsgId: MMSG-10545]
Action.c(666): web_add_auto_header("Sec-Fetch-Dest") was successful  	[MsgId: MMSG-26392]
Action.c(669): web_add_auto_header("Sec-Fetch-Mode") started  	[MsgId: MMSG-26355]
Action.c(669): web_add_auto_header("Sec-Fetch-Mode") was successful  	[MsgId: MMSG-26392]
Action.c(672): web_add_header("X-Requested-With") started  	[MsgId: MMSG-26355]
Action.c(672): web_add_header("X-Requested-With") was successful  	[MsgId: MMSG-26392]
Action.c(676): web_reg_save_param_ex started  	[MsgId: MMSG-26355]
Action.c(676): Registering web_reg_save_param_ex was successful  	[MsgId: MMSG-26390]
Action.c(684): web_url("32180") started  	[MsgId: MMSG-26355]
Action.c(684): Error -26377: No match found for the requested parameter "UserId". Either the specified boundaries were not found in the response or the matched text is longer than current max html parameter size of 99999999 bytes. The total length of the response is 400 bytes. You can use "web_set_max_html_param_len" to increase the max parameter size.  	[MsgId: MERR-26377]
End auto log messages stack.	[MsgId: MMSG-10544]


Start auto log messages stack - Iteration 4.	[MsgId: MMSG-10545]
Action.c(666): web_add_auto_header("Sec-Fetch-Dest") was successful  	[MsgId: MMSG-26392]
Action.c(669): web_add_auto_header("Sec-Fetch-Mode") started  	[MsgId: MMSG-26355]
Action.c(669): web_add_auto_header("Sec-Fetch-Mode") was successful  	[MsgId: MMSG-26392]
Action.c(672): web_add_header("X-Requested-With") started  	[MsgId: MMSG-26355]
Action.c(672): web_add_header("X-Requested-With") was successful  	[MsgId: MMSG-26392]
Action.c(676): web_reg_save_param_ex started  	[MsgId: MMSG-26355]
Action.c(676): Registering web_reg_save_param_ex was successful  	[MsgId: MMSG-26390]
Action.c(684): web_url("32180") started  	[MsgId: MMSG-26355]
Action.c(684): Error -26377: No match found for the requested parameter "UserId". Either the specified boundaries were not found in the response or the matched text is longer than current max html parameter size of 99999999 bytes. The total length of the response is 400 bytes. You can use "web_set_max_html_param_len" to increase the max parameter size.  	[MsgId: MERR-26377]
End auto log messages stack.	[MsgId: MMSG-10544]


Start auto log messages stack - Iteration 5.	[MsgId: MMSG-10545]
Action.c(666): web_add_auto_header("Sec-Fetch-Dest") was successful  	[MsgId: MMSG-26392]
Action.c(669): web_add_auto_header("Sec-Fetch-Mode") started  	[MsgId: MMSG-26355]
Action.c(669): web_add_auto_header("Sec-Fetch-Mode") was successful  	[MsgId: MMSG-26392]
Action.c(672): web_add_header("X-Requested-With") started  	[MsgId: MMSG-26355]
Action.c(672): web_add_header("X-Requested-With") was successful  	[MsgId: MMSG-26392]
Action.c(676): web_reg_save_param_ex started  	[MsgId: MMSG-26355]
Action.c(676): Registering web_reg_save_param_ex was successful  	[MsgId: MMSG-26390]
Action.c(684): web_url("32180") started  	[MsgId: MMSG-26355]
Action.c(684): Error -26377: No match found for the requested parameter "UserId". Either the specified boundaries were not found in the response or the matched text is longer than current max html parameter size of 99999999 bytes. The total length of the response is 400 bytes. You can use "web_set_max_html_param_len" to increase the max parameter size.  	[MsgId: MERR-26377]
End auto log messages stack.	[MsgId: MMSG-10544]


