Start auto log messages stack - Iteration 1.	[MsgId: MMSG-10545]
Action.c(666): web_add_auto_header("Sec-Fetch-Dest") was successful  	[MsgId: MMSG-26392]
Action.c(669): web_add_auto_header("Sec-Fetch-Mode") started  	[MsgId: MMSG-26355]
Action.c(669): web_add_auto_header("Sec-Fetch-Mode") was successful  	[MsgId: MMSG-26392]
Action.c(672): web_add_header("X-Requested-With") started  	[MsgId: MMSG-26355]
Action.c(672): web_add_header("X-Requested-With") was successful  	[MsgId: MMSG-26392]
Action.c(676): web_reg_save_param_ex started  	[MsgId: MMSG-26355]
Action.c(676): Registering web_reg_save_param_ex was successful  	[MsgId: MMSG-26390]
Action.c(684): web_url("32180") started  	[MsgId: MMSG-26355]
Action.c(684): Error -26377: No match found for the requested parameter "UserId". Either the specified boundaries were not found in the response or the matched text is longer than current max html parameter size of 99999999 bytes. The total length of the response is 13884 bytes. You can use "web_set_max_html_param_len" to increase the max parameter size.  	[MsgId: MERR-26377]
End auto log messages stack.	[MsgId: MMSG-10544]


Start auto log messages stack - Iteration 1.	[MsgId: MMSG-10545]
Action.c(666): web_add_auto_header("Sec-Fetch-Dest") was successful  	[MsgId: MMSG-26392]
Action.c(669): web_add_auto_header("Sec-Fetch-Mode") started  	[MsgId: MMSG-26355]
Action.c(669): web_add_auto_header("Sec-Fetch-Mode") was successful  	[MsgId: MMSG-26392]
Action.c(672): web_add_header("X-Requested-With") started  	[MsgId: MMSG-26355]
Action.c(672): web_add_header("X-Requested-With") was successful  	[MsgId: MMSG-26392]
Action.c(676): web_reg_save_param_ex started  	[MsgId: MMSG-26355]
Action.c(676): Registering web_reg_save_param_ex was successful  	[MsgId: MMSG-26390]
Action.c(684): web_url("32180") started  	[MsgId: MMSG-26355]
Action.c(684): Error -27760: Request "https://pvr-perf.rxlogix.com/reports/notificationRest/forUser/32180?_=1590064542563" failed  	[MsgId: MERR-27760]
Action.c(684): Error -26377: No match found for the requested parameter "UserId". Either the specified boundaries were not found in the response or the matched text is longer than current max html parameter size of 99999999 bytes. The total length of the response is 0 bytes. You can use "web_set_max_html_param_len" to increase the max parameter size.  	[MsgId: MERR-26377]
Action.c(684): Error -26374: The above "not found" error(s) may be explained by header and body byte counts being 0 and 0, respectively.  	[MsgId: MERR-26374]
End auto log messages stack.	[MsgId: MMSG-10544]


Start auto log messages stack - Iteration 2.	[MsgId: MMSG-10545]
Action.c(442): web_add_header("Accept") was successful  	[MsgId: MMSG-26392]
Action.c(445): web_add_auto_header("Sec-Fetch-Mode") started  	[MsgId: MMSG-26355]
Action.c(445): web_add_auto_header("Sec-Fetch-Mode") was successful  	[MsgId: MMSG-26392]
Action.c(448): web_add_auto_header("Sec-Fetch-Dest") started  	[MsgId: MMSG-26355]
Action.c(448): web_add_auto_header("Sec-Fetch-Dest") was successful  	[MsgId: MMSG-26392]
Action.c(451): web_add_header("X-Requested-With") started  	[MsgId: MMSG-26355]
Action.c(451): web_add_header("X-Requested-With") was successful  	[MsgId: MMSG-26392]
Action.c(454): web_url("en.json") started  	[MsgId: MMSG-26355]
Action.c(454): Error -27760: Request "https://pvr-perf.rxlogix.com/reports/assets/i18n/en.json" failed  	[MsgId: MERR-27760]
End auto log messages stack.	[MsgId: MMSG-10544]


Start auto log messages stack - Iteration 2.	[MsgId: MMSG-10545]
Action.c(666): web_add_auto_header("Sec-Fetch-Dest") was successful  	[MsgId: MMSG-26392]
Action.c(669): web_add_auto_header("Sec-Fetch-Mode") started  	[MsgId: MMSG-26355]
Action.c(669): web_add_auto_header("Sec-Fetch-Mode") was successful  	[MsgId: MMSG-26392]
Action.c(672): web_add_header("X-Requested-With") started  	[MsgId: MMSG-26355]
Action.c(672): web_add_header("X-Requested-With") was successful  	[MsgId: MMSG-26392]
Action.c(676): web_reg_save_param_ex started  	[MsgId: MMSG-26355]
Action.c(676): Registering web_reg_save_param_ex was successful  	[MsgId: MMSG-26390]
Action.c(684): web_url("32180") started  	[MsgId: MMSG-26355]
Action.c(684): Error -26377: No match found for the requested parameter "UserId". Either the specified boundaries were not found in the response or the matched text is longer than current max html parameter size of 99999999 bytes. The total length of the response is 13884 bytes. You can use "web_set_max_html_param_len" to increase the max parameter size.  	[MsgId: MERR-26377]
End auto log messages stack.	[MsgId: MMSG-10544]


Start auto log messages stack - Iteration 1.	[MsgId: MMSG-10545]
Action.c(666): web_add_auto_header("Sec-Fetch-Dest") was successful  	[MsgId: MMSG-26392]
Action.c(669): web_add_auto_header("Sec-Fetch-Mode") started  	[MsgId: MMSG-26355]
Action.c(669): web_add_auto_header("Sec-Fetch-Mode") was successful  	[MsgId: MMSG-26392]
Action.c(672): web_add_header("X-Requested-With") started  	[MsgId: MMSG-26355]
Action.c(672): web_add_header("X-Requested-With") was successful  	[MsgId: MMSG-26392]
Action.c(676): web_reg_save_param_ex started  	[MsgId: MMSG-26355]
Action.c(676): Registering web_reg_save_param_ex was successful  	[MsgId: MMSG-26390]
Action.c(684): web_url("32180") started  	[MsgId: MMSG-26355]
Action.c(684): Error -26377: No match found for the requested parameter "UserId". Either the specified boundaries were not found in the response or the matched text is longer than current max html parameter size of 99999999 bytes. The total length of the response is 13884 bytes. You can use "web_set_max_html_param_len" to increase the max parameter size.  	[MsgId: MERR-26377]
End auto log messages stack.	[MsgId: MMSG-10544]


Start auto log messages stack - Iteration 3.	[MsgId: MMSG-10545]
Action.c(666): web_add_auto_header("Sec-Fetch-Dest") was successful  	[MsgId: MMSG-26392]
Action.c(669): web_add_auto_header("Sec-Fetch-Mode") started  	[MsgId: MMSG-26355]
Action.c(669): web_add_auto_header("Sec-Fetch-Mode") was successful  	[MsgId: MMSG-26392]
Action.c(672): web_add_header("X-Requested-With") started  	[MsgId: MMSG-26355]
Action.c(672): web_add_header("X-Requested-With") was successful  	[MsgId: MMSG-26392]
Action.c(676): web_reg_save_param_ex started  	[MsgId: MMSG-26355]
Action.c(676): Registering web_reg_save_param_ex was successful  	[MsgId: MMSG-26390]
Action.c(684): web_url("32180") started  	[MsgId: MMSG-26355]
Action.c(684): Error -26377: No match found for the requested parameter "UserId". Either the specified boundaries were not found in the response or the matched text is longer than current max html parameter size of 99999999 bytes. The total length of the response is 13884 bytes. You can use "web_set_max_html_param_len" to increase the max parameter size.  	[MsgId: MERR-26377]
End auto log messages stack.	[MsgId: MMSG-10544]


Start auto log messages stack - Iteration 3.	[MsgId: MMSG-10545]
Action.c(666): web_add_auto_header("Sec-Fetch-Dest") was successful  	[MsgId: MMSG-26392]
Action.c(669): web_add_auto_header("Sec-Fetch-Mode") started  	[MsgId: MMSG-26355]
Action.c(669): web_add_auto_header("Sec-Fetch-Mode") was successful  	[MsgId: MMSG-26392]
Action.c(672): web_add_header("X-Requested-With") started  	[MsgId: MMSG-26355]
Action.c(672): web_add_header("X-Requested-With") was successful  	[MsgId: MMSG-26392]
Action.c(676): web_reg_save_param_ex started  	[MsgId: MMSG-26355]
Action.c(676): Registering web_reg_save_param_ex was successful  	[MsgId: MMSG-26390]
Action.c(684): web_url("32180") started  	[MsgId: MMSG-26355]
Action.c(684): Error -26377: No match found for the requested parameter "UserId". Either the specified boundaries were not found in the response or the matched text is longer than current max html parameter size of 99999999 bytes. The total length of the response is 13884 bytes. You can use "web_set_max_html_param_len" to increase the max parameter size.  	[MsgId: MERR-26377]
End auto log messages stack.	[MsgId: MMSG-10544]


Start auto log messages stack - Iteration 2.	[MsgId: MMSG-10545]
Action.c(666): web_add_auto_header("Sec-Fetch-Dest") was successful  	[MsgId: MMSG-26392]
Action.c(669): web_add_auto_header("Sec-Fetch-Mode") started  	[MsgId: MMSG-26355]
Action.c(669): web_add_auto_header("Sec-Fetch-Mode") was successful  	[MsgId: MMSG-26392]
Action.c(672): web_add_header("X-Requested-With") started  	[MsgId: MMSG-26355]
Action.c(672): web_add_header("X-Requested-With") was successful  	[MsgId: MMSG-26392]
Action.c(676): web_reg_save_param_ex started  	[MsgId: MMSG-26355]
Action.c(676): Registering web_reg_save_param_ex was successful  	[MsgId: MMSG-26390]
Action.c(684): web_url("32180") started  	[MsgId: MMSG-26355]
Action.c(684): Error -26377: No match found for the requested parameter "UserId". Either the specified boundaries were not found in the response or the matched text is longer than current max html parameter size of 99999999 bytes. The total length of the response is 13884 bytes. You can use "web_set_max_html_param_len" to increase the max parameter size.  	[MsgId: MERR-26377]
End auto log messages stack.	[MsgId: MMSG-10544]


Start auto log messages stack - Iteration 4.	[MsgId: MMSG-10545]
Action.c(666): web_add_auto_header("Sec-Fetch-Dest") was successful  	[MsgId: MMSG-26392]
Action.c(669): web_add_auto_header("Sec-Fetch-Mode") started  	[MsgId: MMSG-26355]
Action.c(669): web_add_auto_header("Sec-Fetch-Mode") was successful  	[MsgId: MMSG-26392]
Action.c(672): web_add_header("X-Requested-With") started  	[MsgId: MMSG-26355]
Action.c(672): web_add_header("X-Requested-With") was successful  	[MsgId: MMSG-26392]
Action.c(676): web_reg_save_param_ex started  	[MsgId: MMSG-26355]
Action.c(676): Registering web_reg_save_param_ex was successful  	[MsgId: MMSG-26390]
Action.c(684): web_url("32180") started  	[MsgId: MMSG-26355]
Action.c(684): Error -26377: No match found for the requested parameter "UserId". Either the specified boundaries were not found in the response or the matched text is longer than current max html parameter size of 99999999 bytes. The total length of the response is 13884 bytes. You can use "web_set_max_html_param_len" to increase the max parameter size.  	[MsgId: MERR-26377]
End auto log messages stack.	[MsgId: MMSG-10544]


Start auto log messages stack - Iteration 4.	[MsgId: MMSG-10545]
Action.c(666): web_add_auto_header("Sec-Fetch-Dest") was successful  	[MsgId: MMSG-26392]
Action.c(669): web_add_auto_header("Sec-Fetch-Mode") started  	[MsgId: MMSG-26355]
Action.c(669): web_add_auto_header("Sec-Fetch-Mode") was successful  	[MsgId: MMSG-26392]
Action.c(672): web_add_header("X-Requested-With") started  	[MsgId: MMSG-26355]
Action.c(672): web_add_header("X-Requested-With") was successful  	[MsgId: MMSG-26392]
Action.c(676): web_reg_save_param_ex started  	[MsgId: MMSG-26355]
Action.c(676): Registering web_reg_save_param_ex was successful  	[MsgId: MMSG-26390]
Action.c(684): web_url("32180") started  	[MsgId: MMSG-26355]
Action.c(684): Error -26377: No match found for the requested parameter "UserId". Either the specified boundaries were not found in the response or the matched text is longer than current max html parameter size of 99999999 bytes. The total length of the response is 13884 bytes. You can use "web_set_max_html_param_len" to increase the max parameter size.  	[MsgId: MERR-26377]
End auto log messages stack.	[MsgId: MMSG-10544]


Start auto log messages stack - Iteration 3.	[MsgId: MMSG-10545]
Action.c(666): web_add_auto_header("Sec-Fetch-Dest") was successful  	[MsgId: MMSG-26392]
Action.c(669): web_add_auto_header("Sec-Fetch-Mode") started  	[MsgId: MMSG-26355]
Action.c(669): web_add_auto_header("Sec-Fetch-Mode") was successful  	[MsgId: MMSG-26392]
Action.c(672): web_add_header("X-Requested-With") started  	[MsgId: MMSG-26355]
Action.c(672): web_add_header("X-Requested-With") was successful  	[MsgId: MMSG-26392]
Action.c(676): web_reg_save_param_ex started  	[MsgId: MMSG-26355]
Action.c(676): Registering web_reg_save_param_ex was successful  	[MsgId: MMSG-26390]
Action.c(684): web_url("32180") started  	[MsgId: MMSG-26355]
Action.c(684): Error -26377: No match found for the requested parameter "UserId". Either the specified boundaries were not found in the response or the matched text is longer than current max html parameter size of 99999999 bytes. The total length of the response is 13884 bytes. You can use "web_set_max_html_param_len" to increase the max parameter size.  	[MsgId: MERR-26377]
End auto log messages stack.	[MsgId: MMSG-10544]


Start auto log messages stack - Iteration 5.	[MsgId: MMSG-10545]
Action.c(666): web_add_auto_header("Sec-Fetch-Dest") was successful  	[MsgId: MMSG-26392]
Action.c(669): web_add_auto_header("Sec-Fetch-Mode") started  	[MsgId: MMSG-26355]
Action.c(669): web_add_auto_header("Sec-Fetch-Mode") was successful  	[MsgId: MMSG-26392]
Action.c(672): web_add_header("X-Requested-With") started  	[MsgId: MMSG-26355]
Action.c(672): web_add_header("X-Requested-With") was successful  	[MsgId: MMSG-26392]
Action.c(676): web_reg_save_param_ex started  	[MsgId: MMSG-26355]
Action.c(676): Registering web_reg_save_param_ex was successful  	[MsgId: MMSG-26390]
Action.c(684): web_url("32180") started  	[MsgId: MMSG-26355]
Action.c(684): Error -26377: No match found for the requested parameter "UserId". Either the specified boundaries were not found in the response or the matched text is longer than current max html parameter size of 99999999 bytes. The total length of the response is 13884 bytes. You can use "web_set_max_html_param_len" to increase the max parameter size.  	[MsgId: MERR-26377]
End auto log messages stack.	[MsgId: MMSG-10544]


Start auto log messages stack - Iteration 1.	[MsgId: MMSG-10545]
Action.c(666): web_add_auto_header("Sec-Fetch-Dest") was successful  	[MsgId: MMSG-26392]
Action.c(669): web_add_auto_header("Sec-Fetch-Mode") started  	[MsgId: MMSG-26355]
Action.c(669): web_add_auto_header("Sec-Fetch-Mode") was successful  	[MsgId: MMSG-26392]
Action.c(672): web_add_header("X-Requested-With") started  	[MsgId: MMSG-26355]
Action.c(672): web_add_header("X-Requested-With") was successful  	[MsgId: MMSG-26392]
Action.c(676): web_reg_save_param_ex started  	[MsgId: MMSG-26355]
Action.c(676): Registering web_reg_save_param_ex was successful  	[MsgId: MMSG-26390]
Action.c(684): web_url("32180") started  	[MsgId: MMSG-26355]
Action.c(684): Error -26377: No match found for the requested parameter "UserId". Either the specified boundaries were not found in the response or the matched text is longer than current max html parameter size of 99999999 bytes. The total length of the response is 13884 bytes. You can use "web_set_max_html_param_len" to increase the max parameter size.  	[MsgId: MERR-26377]
End auto log messages stack.	[MsgId: MMSG-10544]


Start auto log messages stack - Iteration 5.	[MsgId: MMSG-10545]
Action.c(666): web_add_auto_header("Sec-Fetch-Dest") was successful  	[MsgId: MMSG-26392]
Action.c(669): web_add_auto_header("Sec-Fetch-Mode") started  	[MsgId: MMSG-26355]
Action.c(669): web_add_auto_header("Sec-Fetch-Mode") was successful  	[MsgId: MMSG-26392]
Action.c(672): web_add_header("X-Requested-With") started  	[MsgId: MMSG-26355]
Action.c(672): web_add_header("X-Requested-With") was successful  	[MsgId: MMSG-26392]
Action.c(676): web_reg_save_param_ex started  	[MsgId: MMSG-26355]
Action.c(676): Registering web_reg_save_param_ex was successful  	[MsgId: MMSG-26390]
Action.c(684): web_url("32180") started  	[MsgId: MMSG-26355]
Action.c(684): Error -26377: No match found for the requested parameter "UserId". Either the specified boundaries were not found in the response or the matched text is longer than current max html parameter size of 99999999 bytes. The total length of the response is 13884 bytes. You can use "web_set_max_html_param_len" to increase the max parameter size.  	[MsgId: MERR-26377]
End auto log messages stack.	[MsgId: MMSG-10544]


Start auto log messages stack - Iteration 4.	[MsgId: MMSG-10545]
Action.c(32): web_add_auto_header("Accept-Language") was successful  	[MsgId: MMSG-26392]
Action.c(35): web_add_header("Sec-Fetch-User") started  	[MsgId: MMSG-26355]
Action.c(35): web_add_header("Sec-Fetch-User") was successful  	[MsgId: MMSG-26392]
Action.c(38): web_add_header("Upgrade-Insecure-Requests") started  	[MsgId: MMSG-26355]
Action.c(38): web_add_header("Upgrade-Insecure-Requests") was successful  	[MsgId: MMSG-26392]
Action.c(62): web_reg_save_param_ex started  	[MsgId: MMSG-26355]
Action.c(62): Registering web_reg_save_param_ex was successful  	[MsgId: MMSG-26390]
Action.c(71): web_url("auth") started  	[MsgId: MMSG-26355]
Action.c(71): Error -27792: Failed to connect to server "pvr-perf.rxlogix.com:443": [10060] Connection timed out  	[MsgId: MERR-27792]
Action.c(71): Error -26377: No match found for the requested parameter "CsrfTokenId". Either the specified boundaries were not found in the response or the matched text is longer than current max html parameter size of 99999999 bytes. The total length of the response is 0 bytes. You can use "web_set_max_html_param_len" to increase the max parameter size.  	[MsgId: MERR-26377]
Action.c(71): Error -26374: The above "not found" error(s) may be explained by header and body byte counts being 0 and 0, respectively.  	[MsgId: MERR-26374]
End auto log messages stack.	[MsgId: MMSG-10544]


Start auto log messages stack - Iteration 2.	[MsgId: MMSG-10545]
Action.c(666): web_add_auto_header("Sec-Fetch-Dest") was successful  	[MsgId: MMSG-26392]
Action.c(669): web_add_auto_header("Sec-Fetch-Mode") started  	[MsgId: MMSG-26355]
Action.c(669): web_add_auto_header("Sec-Fetch-Mode") was successful  	[MsgId: MMSG-26392]
Action.c(672): web_add_header("X-Requested-With") started  	[MsgId: MMSG-26355]
Action.c(672): web_add_header("X-Requested-With") was successful  	[MsgId: MMSG-26392]
Action.c(676): web_reg_save_param_ex started  	[MsgId: MMSG-26355]
Action.c(676): Registering web_reg_save_param_ex was successful  	[MsgId: MMSG-26390]
Action.c(684): web_url("32180") started  	[MsgId: MMSG-26355]
Action.c(684): Error -26377: No match found for the requested parameter "UserId". Either the specified boundaries were not found in the response or the matched text is longer than current max html parameter size of 99999999 bytes. The total length of the response is 13884 bytes. You can use "web_set_max_html_param_len" to increase the max parameter size.  	[MsgId: MERR-26377]
End auto log messages stack.	[MsgId: MMSG-10544]


Start auto log messages stack - Iteration 6.	[MsgId: MMSG-10545]
Action.c(666): web_add_auto_header("Sec-Fetch-Dest") was successful  	[MsgId: MMSG-26392]
Action.c(669): web_add_auto_header("Sec-Fetch-Mode") started  	[MsgId: MMSG-26355]
Action.c(669): web_add_auto_header("Sec-Fetch-Mode") was successful  	[MsgId: MMSG-26392]
Action.c(672): web_add_header("X-Requested-With") started  	[MsgId: MMSG-26355]
Action.c(672): web_add_header("X-Requested-With") was successful  	[MsgId: MMSG-26392]
Action.c(676): web_reg_save_param_ex started  	[MsgId: MMSG-26355]
Action.c(676): Registering web_reg_save_param_ex was successful  	[MsgId: MMSG-26390]
Action.c(684): web_url("32180") started  	[MsgId: MMSG-26355]
Action.c(684): Error -26377: No match found for the requested parameter "UserId". Either the specified boundaries were not found in the response or the matched text is longer than current max html parameter size of 99999999 bytes. The total length of the response is 13884 bytes. You can use "web_set_max_html_param_len" to increase the max parameter size.  	[MsgId: MERR-26377]
End auto log messages stack.	[MsgId: MMSG-10544]


Start auto log messages stack - Iteration 1.	[MsgId: MMSG-10545]
Action.c(317): web_add_auto_header("Sec-Fetch-Site") was successful  	[MsgId: MMSG-26392]
Action.c(320): web_add_header("Sec-Fetch-User") started  	[MsgId: MMSG-26355]
Action.c(320): web_add_header("Sec-Fetch-User") was successful  	[MsgId: MMSG-26392]
Action.c(323): web_add_header("Upgrade-Insecure-Requests") started  	[MsgId: MMSG-26355]
Action.c(323): web_add_header("Upgrade-Insecure-Requests") was successful  	[MsgId: MMSG-26392]
Action.c(327): web_reg_save_param_regexp started  	[MsgId: MMSG-26355]
Action.c(327): Registering web_reg_save_param_regexp was successful  	[MsgId: MMSG-26390]
Action.c(336): web_submit_data("authenticate") started  	[MsgId: MMSG-26355]
Action.c(336): Error -27760: Request "https://pvr-perf.rxlogix.com/reports/login/authenticate" failed  	[MsgId: MERR-27760]
Action.c(336): Error -35049: No match found for the requested parameter "CfrTokenId". Check whether the requested regular expression exists in the response data  	[MsgId: MERR-35049]
End auto log messages stack.	[MsgId: MMSG-10544]


Start auto log messages stack - Iteration 6.	[MsgId: MMSG-10545]
Action.c(666): web_add_auto_header("Sec-Fetch-Dest") was successful  	[MsgId: MMSG-26392]
Action.c(669): web_add_auto_header("Sec-Fetch-Mode") started  	[MsgId: MMSG-26355]
Action.c(669): web_add_auto_header("Sec-Fetch-Mode") was successful  	[MsgId: MMSG-26392]
Action.c(672): web_add_header("X-Requested-With") started  	[MsgId: MMSG-26355]
Action.c(672): web_add_header("X-Requested-With") was successful  	[MsgId: MMSG-26392]
Action.c(676): web_reg_save_param_ex started  	[MsgId: MMSG-26355]
Action.c(676): Registering web_reg_save_param_ex was successful  	[MsgId: MMSG-26390]
Action.c(684): web_url("32180") started  	[MsgId: MMSG-26355]
Action.c(684): Error -26377: No match found for the requested parameter "UserId". Either the specified boundaries were not found in the response or the matched text is longer than current max html parameter size of 99999999 bytes. The total length of the response is 13884 bytes. You can use "web_set_max_html_param_len" to increase the max parameter size.  	[MsgId: MERR-26377]
End auto log messages stack.	[MsgId: MMSG-10544]


Start auto log messages stack - Iteration 3.	[MsgId: MMSG-10545]
Action.c(666): web_add_auto_header("Sec-Fetch-Dest") was successful  	[MsgId: MMSG-26392]
Action.c(669): web_add_auto_header("Sec-Fetch-Mode") started  	[MsgId: MMSG-26355]
Action.c(669): web_add_auto_header("Sec-Fetch-Mode") was successful  	[MsgId: MMSG-26392]
Action.c(672): web_add_header("X-Requested-With") started  	[MsgId: MMSG-26355]
Action.c(672): web_add_header("X-Requested-With") was successful  	[MsgId: MMSG-26392]
Action.c(676): web_reg_save_param_ex started  	[MsgId: MMSG-26355]
Action.c(676): Registering web_reg_save_param_ex was successful  	[MsgId: MMSG-26390]
Action.c(684): web_url("32180") started  	[MsgId: MMSG-26355]
Action.c(684): Error -26377: No match found for the requested parameter "UserId". Either the specified boundaries were not found in the response or the matched text is longer than current max html parameter size of 99999999 bytes. The total length of the response is 13884 bytes. You can use "web_set_max_html_param_len" to increase the max parameter size.  	[MsgId: MERR-26377]
End auto log messages stack.	[MsgId: MMSG-10544]


Start auto log messages stack - Iteration 7.	[MsgId: MMSG-10545]
Action.c(320): web_add_header("Sec-Fetch-User") was successful  	[MsgId: MMSG-26392]
Action.c(323): web_add_header("Upgrade-Insecure-Requests") started  	[MsgId: MMSG-26355]
Action.c(323): web_add_header("Upgrade-Insecure-Requests") was successful  	[MsgId: MMSG-26392]
Action.c(327): web_reg_save_param_regexp started  	[MsgId: MMSG-26355]
Action.c(327): Registering web_reg_save_param_regexp was successful  	[MsgId: MMSG-26390]
Action.c(336): web_submit_data("authenticate") started  	[MsgId: MMSG-26355]
Action.c(336): Redirecting "https://pvr-perf.rxlogix.com/reports/login/authenticate" (redirection depth is 0)  	[MsgId: MMSG-26694]
Action.c(336): To location "https://pvr-perf.rxlogix.com/reports/"  	[MsgId: MMSG-26693]
Action.c(336): Error -27760: Request "https://pvr-perf.rxlogix.com/reports/" failed  	[MsgId: MERR-27760]
Action.c(336): Error -35049: No match found for the requested parameter "CfrTokenId". Check whether the requested regular expression exists in the response data  	[MsgId: MERR-35049]
End auto log messages stack.	[MsgId: MMSG-10544]


Start auto log messages stack - Iteration 2.	[MsgId: MMSG-10545]
Action.c(666): web_add_auto_header("Sec-Fetch-Dest") was successful  	[MsgId: MMSG-26392]
Action.c(669): web_add_auto_header("Sec-Fetch-Mode") started  	[MsgId: MMSG-26355]
Action.c(669): web_add_auto_header("Sec-Fetch-Mode") was successful  	[MsgId: MMSG-26392]
Action.c(672): web_add_header("X-Requested-With") started  	[MsgId: MMSG-26355]
Action.c(672): web_add_header("X-Requested-With") was successful  	[MsgId: MMSG-26392]
Action.c(676): web_reg_save_param_ex started  	[MsgId: MMSG-26355]
Action.c(676): Registering web_reg_save_param_ex was successful  	[MsgId: MMSG-26390]
Action.c(684): web_url("32180") started  	[MsgId: MMSG-26355]
Action.c(684): Error -26377: No match found for the requested parameter "UserId". Either the specified boundaries were not found in the response or the matched text is longer than current max html parameter size of 99999999 bytes. The total length of the response is 13884 bytes. You can use "web_set_max_html_param_len" to increase the max parameter size.  	[MsgId: MERR-26377]
End auto log messages stack.	[MsgId: MMSG-10544]


Start auto log messages stack - Iteration 7.	[MsgId: MMSG-10545]
Action.c(666): web_add_auto_header("Sec-Fetch-Dest") was successful  	[MsgId: MMSG-26392]
Action.c(669): web_add_auto_header("Sec-Fetch-Mode") started  	[MsgId: MMSG-26355]
Action.c(669): web_add_auto_header("Sec-Fetch-Mode") was successful  	[MsgId: MMSG-26392]
Action.c(672): web_add_header("X-Requested-With") started  	[MsgId: MMSG-26355]
Action.c(672): web_add_header("X-Requested-With") was successful  	[MsgId: MMSG-26392]
Action.c(676): web_reg_save_param_ex started  	[MsgId: MMSG-26355]
Action.c(676): Registering web_reg_save_param_ex was successful  	[MsgId: MMSG-26390]
Action.c(684): web_url("32180") started  	[MsgId: MMSG-26355]
Action.c(684): Error -27760: Request "https://pvr-perf.rxlogix.com/reports/notificationRest/forUser/32180?_=1590064542563" failed  	[MsgId: MERR-27760]
Action.c(684): Error -26377: No match found for the requested parameter "UserId". Either the specified boundaries were not found in the response or the matched text is longer than current max html parameter size of 99999999 bytes. The total length of the response is 0 bytes. You can use "web_set_max_html_param_len" to increase the max parameter size.  	[MsgId: MERR-26377]
Action.c(684): Error -26374: The above "not found" error(s) may be explained by header and body byte counts being 0 and 0, respectively.  	[MsgId: MERR-26374]
End auto log messages stack.	[MsgId: MMSG-10544]


Start auto log messages stack - Iteration 4.	[MsgId: MMSG-10545]
Action.c(32): web_add_auto_header("Accept-Language") was successful  	[MsgId: MMSG-26392]
Action.c(35): web_add_header("Sec-Fetch-User") started  	[MsgId: MMSG-26355]
Action.c(35): web_add_header("Sec-Fetch-User") was successful  	[MsgId: MMSG-26392]
Action.c(38): web_add_header("Upgrade-Insecure-Requests") started  	[MsgId: MMSG-26355]
Action.c(38): web_add_header("Upgrade-Insecure-Requests") was successful  	[MsgId: MMSG-26392]
Action.c(62): web_reg_save_param_ex started  	[MsgId: MMSG-26355]
Action.c(62): Registering web_reg_save_param_ex was successful  	[MsgId: MMSG-26390]
Action.c(71): web_url("auth") started  	[MsgId: MMSG-26355]
Action.c(71): Error -27792: Failed to connect to server "pvr-perf.rxlogix.com:443": [10060] Connection timed out  	[MsgId: MERR-27792]
Action.c(71): Error -26377: No match found for the requested parameter "CsrfTokenId". Either the specified boundaries were not found in the response or the matched text is longer than current max html parameter size of 99999999 bytes. The total length of the response is 0 bytes. You can use "web_set_max_html_param_len" to increase the max parameter size.  	[MsgId: MERR-26377]
Action.c(71): Error -26374: The above "not found" error(s) may be explained by header and body byte counts being 0 and 0, respectively.  	[MsgId: MERR-26374]
End auto log messages stack.	[MsgId: MMSG-10544]


Start auto log messages stack - Iteration 3.	[MsgId: MMSG-10545]
Action.c(666): web_add_auto_header("Sec-Fetch-Dest") was successful  	[MsgId: MMSG-26392]
Action.c(669): web_add_auto_header("Sec-Fetch-Mode") started  	[MsgId: MMSG-26355]
Action.c(669): web_add_auto_header("Sec-Fetch-Mode") was successful  	[MsgId: MMSG-26392]
Action.c(672): web_add_header("X-Requested-With") started  	[MsgId: MMSG-26355]
Action.c(672): web_add_header("X-Requested-With") was successful  	[MsgId: MMSG-26392]
Action.c(676): web_reg_save_param_ex started  	[MsgId: MMSG-26355]
Action.c(676): Registering web_reg_save_param_ex was successful  	[MsgId: MMSG-26390]
Action.c(684): web_url("32180") started  	[MsgId: MMSG-26355]
Action.c(684): Error -26377: No match found for the requested parameter "UserId". Either the specified boundaries were not found in the response or the matched text is longer than current max html parameter size of 99999999 bytes. The total length of the response is 13884 bytes. You can use "web_set_max_html_param_len" to increase the max parameter size.  	[MsgId: MERR-26377]
End auto log messages stack.	[MsgId: MMSG-10544]


Start auto log messages stack - Iteration 8.	[MsgId: MMSG-10545]
Action.c(666): web_add_auto_header("Sec-Fetch-Dest") was successful  	[MsgId: MMSG-26392]
Action.c(669): web_add_auto_header("Sec-Fetch-Mode") started  	[MsgId: MMSG-26355]
Action.c(669): web_add_auto_header("Sec-Fetch-Mode") was successful  	[MsgId: MMSG-26392]
Action.c(672): web_add_header("X-Requested-With") started  	[MsgId: MMSG-26355]
Action.c(672): web_add_header("X-Requested-With") was successful  	[MsgId: MMSG-26392]
Action.c(676): web_reg_save_param_ex started  	[MsgId: MMSG-26355]
Action.c(676): Registering web_reg_save_param_ex was successful  	[MsgId: MMSG-26390]
Action.c(684): web_url("32180") started  	[MsgId: MMSG-26355]
Action.c(684): Error -26377: No match found for the requested parameter "UserId". Either the specified boundaries were not found in the response or the matched text is longer than current max html parameter size of 99999999 bytes. The total length of the response is 13884 bytes. You can use "web_set_max_html_param_len" to increase the max parameter size.  	[MsgId: MERR-26377]
End auto log messages stack.	[MsgId: MMSG-10544]


Start auto log messages stack - Iteration 8.	[MsgId: MMSG-10545]
Action.c(666): web_add_auto_header("Sec-Fetch-Dest") was successful  	[MsgId: MMSG-26392]
Action.c(669): web_add_auto_header("Sec-Fetch-Mode") started  	[MsgId: MMSG-26355]
Action.c(669): web_add_auto_header("Sec-Fetch-Mode") was successful  	[MsgId: MMSG-26392]
Action.c(672): web_add_header("X-Requested-With") started  	[MsgId: MMSG-26355]
Action.c(672): web_add_header("X-Requested-With") was successful  	[MsgId: MMSG-26392]
Action.c(676): web_reg_save_param_ex started  	[MsgId: MMSG-26355]
Action.c(676): Registering web_reg_save_param_ex was successful  	[MsgId: MMSG-26390]
Action.c(684): web_url("32180") started  	[MsgId: MMSG-26355]
Action.c(684): Error -26377: No match found for the requested parameter "UserId". Either the specified boundaries were not found in the response or the matched text is longer than current max html parameter size of 99999999 bytes. The total length of the response is 13884 bytes. You can use "web_set_max_html_param_len" to increase the max parameter size.  	[MsgId: MERR-26377]
End auto log messages stack.	[MsgId: MMSG-10544]


Start auto log messages stack - Iteration 5.	[MsgId: MMSG-10545]
Action.c(666): web_add_auto_header("Sec-Fetch-Dest") was successful  	[MsgId: MMSG-26392]
Action.c(669): web_add_auto_header("Sec-Fetch-Mode") started  	[MsgId: MMSG-26355]
Action.c(669): web_add_auto_header("Sec-Fetch-Mode") was successful  	[MsgId: MMSG-26392]
Action.c(672): web_add_header("X-Requested-With") started  	[MsgId: MMSG-26355]
Action.c(672): web_add_header("X-Requested-With") was successful  	[MsgId: MMSG-26392]
Action.c(676): web_reg_save_param_ex started  	[MsgId: MMSG-26355]
Action.c(676): Registering web_reg_save_param_ex was successful  	[MsgId: MMSG-26390]
Action.c(684): web_url("32180") started  	[MsgId: MMSG-26355]
Action.c(684): Error -26377: No match found for the requested parameter "UserId". Either the specified boundaries were not found in the response or the matched text is longer than current max html parameter size of 99999999 bytes. The total length of the response is 13884 bytes. You can use "web_set_max_html_param_len" to increase the max parameter size.  	[MsgId: MERR-26377]
End auto log messages stack.	[MsgId: MMSG-10544]


Start auto log messages stack - Iteration 6.	[MsgId: MMSG-10545]
Action.c(666): web_add_auto_header("Sec-Fetch-Dest") was successful  	[MsgId: MMSG-26392]
Action.c(669): web_add_auto_header("Sec-Fetch-Mode") started  	[MsgId: MMSG-26355]
Action.c(669): web_add_auto_header("Sec-Fetch-Mode") was successful  	[MsgId: MMSG-26392]
Action.c(672): web_add_header("X-Requested-With") started  	[MsgId: MMSG-26355]
Action.c(672): web_add_header("X-Requested-With") was successful  	[MsgId: MMSG-26392]
Action.c(676): web_reg_save_param_ex started  	[MsgId: MMSG-26355]
Action.c(676): Registering web_reg_save_param_ex was successful  	[MsgId: MMSG-26390]
Action.c(684): web_url("32180") started  	[MsgId: MMSG-26355]
Action.c(684): Error -26377: No match found for the requested parameter "UserId". Either the specified boundaries were not found in the response or the matched text is longer than current max html parameter size of 99999999 bytes. The total length of the response is 13884 bytes. You can use "web_set_max_html_param_len" to increase the max parameter size.  	[MsgId: MERR-26377]
End auto log messages stack.	[MsgId: MMSG-10544]


Start auto log messages stack - Iteration 5.	[MsgId: MMSG-10545]
Action.c(666): web_add_auto_header("Sec-Fetch-Dest") was successful  	[MsgId: MMSG-26392]
Action.c(669): web_add_auto_header("Sec-Fetch-Mode") started  	[MsgId: MMSG-26355]
Action.c(669): web_add_auto_header("Sec-Fetch-Mode") was successful  	[MsgId: MMSG-26392]
Action.c(672): web_add_header("X-Requested-With") started  	[MsgId: MMSG-26355]
Action.c(672): web_add_header("X-Requested-With") was successful  	[MsgId: MMSG-26392]
Action.c(676): web_reg_save_param_ex started  	[MsgId: MMSG-26355]
Action.c(676): Registering web_reg_save_param_ex was successful  	[MsgId: MMSG-26390]
Action.c(684): web_url("32180") started  	[MsgId: MMSG-26355]
Action.c(684): Error -26377: No match found for the requested parameter "UserId". Either the specified boundaries were not found in the response or the matched text is longer than current max html parameter size of 99999999 bytes. The total length of the response is 13884 bytes. You can use "web_set_max_html_param_len" to increase the max parameter size.  	[MsgId: MERR-26377]
End auto log messages stack.	[MsgId: MMSG-10544]


Start auto log messages stack - Iteration 9.	[MsgId: MMSG-10545]
Action.c(666): web_add_auto_header("Sec-Fetch-Dest") was successful  	[MsgId: MMSG-26392]
Action.c(669): web_add_auto_header("Sec-Fetch-Mode") started  	[MsgId: MMSG-26355]
Action.c(669): web_add_auto_header("Sec-Fetch-Mode") was successful  	[MsgId: MMSG-26392]
Action.c(672): web_add_header("X-Requested-With") started  	[MsgId: MMSG-26355]
Action.c(672): web_add_header("X-Requested-With") was successful  	[MsgId: MMSG-26392]
Action.c(676): web_reg_save_param_ex started  	[MsgId: MMSG-26355]
Action.c(676): Registering web_reg_save_param_ex was successful  	[MsgId: MMSG-26390]
Action.c(684): web_url("32180") started  	[MsgId: MMSG-26355]
Action.c(684): Error -26377: No match found for the requested parameter "UserId". Either the specified boundaries were not found in the response or the matched text is longer than current max html parameter size of 99999999 bytes. The total length of the response is 13884 bytes. You can use "web_set_max_html_param_len" to increase the max parameter size.  	[MsgId: MERR-26377]
End auto log messages stack.	[MsgId: MMSG-10544]


Start auto log messages stack - Iteration 4.	[MsgId: MMSG-10545]
Action.c(666): web_add_auto_header("Sec-Fetch-Dest") was successful  	[MsgId: MMSG-26392]
Action.c(669): web_add_auto_header("Sec-Fetch-Mode") started  	[MsgId: MMSG-26355]
Action.c(669): web_add_auto_header("Sec-Fetch-Mode") was successful  	[MsgId: MMSG-26392]
Action.c(672): web_add_header("X-Requested-With") started  	[MsgId: MMSG-26355]
Action.c(672): web_add_header("X-Requested-With") was successful  	[MsgId: MMSG-26392]
Action.c(676): web_reg_save_param_ex started  	[MsgId: MMSG-26355]
Action.c(676): Registering web_reg_save_param_ex was successful  	[MsgId: MMSG-26390]
Action.c(684): web_url("32180") started  	[MsgId: MMSG-26355]
Action.c(684): Error -26377: No match found for the requested parameter "UserId". Either the specified boundaries were not found in the response or the matched text is longer than current max html parameter size of 99999999 bytes. The total length of the response is 13884 bytes. You can use "web_set_max_html_param_len" to increase the max parameter size.  	[MsgId: MERR-26377]
End auto log messages stack.	[MsgId: MMSG-10544]


Start auto log messages stack - Iteration 9.	[MsgId: MMSG-10545]
Action.c(666): web_add_auto_header("Sec-Fetch-Dest") was successful  	[MsgId: MMSG-26392]
Action.c(669): web_add_auto_header("Sec-Fetch-Mode") started  	[MsgId: MMSG-26355]
Action.c(669): web_add_auto_header("Sec-Fetch-Mode") was successful  	[MsgId: MMSG-26392]
Action.c(672): web_add_header("X-Requested-With") started  	[MsgId: MMSG-26355]
Action.c(672): web_add_header("X-Requested-With") was successful  	[MsgId: MMSG-26392]
Action.c(676): web_reg_save_param_ex started  	[MsgId: MMSG-26355]
Action.c(676): Registering web_reg_save_param_ex was successful  	[MsgId: MMSG-26390]
Action.c(684): web_url("32180") started  	[MsgId: MMSG-26355]
Action.c(684): Error -26377: No match found for the requested parameter "UserId". Either the specified boundaries were not found in the response or the matched text is longer than current max html parameter size of 99999999 bytes. The total length of the response is 13884 bytes. You can use "web_set_max_html_param_len" to increase the max parameter size.  	[MsgId: MERR-26377]
End auto log messages stack.	[MsgId: MMSG-10544]


Start auto log messages stack - Iteration 6.	[MsgId: MMSG-10545]
Action.c(666): web_add_auto_header("Sec-Fetch-Dest") was successful  	[MsgId: MMSG-26392]
Action.c(669): web_add_auto_header("Sec-Fetch-Mode") started  	[MsgId: MMSG-26355]
Action.c(669): web_add_auto_header("Sec-Fetch-Mode") was successful  	[MsgId: MMSG-26392]
Action.c(672): web_add_header("X-Requested-With") started  	[MsgId: MMSG-26355]
Action.c(672): web_add_header("X-Requested-With") was successful  	[MsgId: MMSG-26392]
Action.c(676): web_reg_save_param_ex started  	[MsgId: MMSG-26355]
Action.c(676): Registering web_reg_save_param_ex was successful  	[MsgId: MMSG-26390]
Action.c(684): web_url("32180") started  	[MsgId: MMSG-26355]
Action.c(684): Error -26377: No match found for the requested parameter "UserId". Either the specified boundaries were not found in the response or the matched text is longer than current max html parameter size of 99999999 bytes. The total length of the response is 13884 bytes. You can use "web_set_max_html_param_len" to increase the max parameter size.  	[MsgId: MERR-26377]
End auto log messages stack.	[MsgId: MMSG-10544]


Start auto log messages stack - Iteration 7.	[MsgId: MMSG-10545]
Action.c(666): web_add_auto_header("Sec-Fetch-Dest") was successful  	[MsgId: MMSG-26392]
Action.c(669): web_add_auto_header("Sec-Fetch-Mode") started  	[MsgId: MMSG-26355]
Action.c(669): web_add_auto_header("Sec-Fetch-Mode") was successful  	[MsgId: MMSG-26392]
Action.c(672): web_add_header("X-Requested-With") started  	[MsgId: MMSG-26355]
Action.c(672): web_add_header("X-Requested-With") was successful  	[MsgId: MMSG-26392]
Action.c(676): web_reg_save_param_ex started  	[MsgId: MMSG-26355]
Action.c(676): Registering web_reg_save_param_ex was successful  	[MsgId: MMSG-26390]
Action.c(684): web_url("32180") started  	[MsgId: MMSG-26355]
Action.c(684): Error -26377: No match found for the requested parameter "UserId". Either the specified boundaries were not found in the response or the matched text is longer than current max html parameter size of 99999999 bytes. The total length of the response is 13884 bytes. You can use "web_set_max_html_param_len" to increase the max parameter size.  	[MsgId: MERR-26377]
End auto log messages stack.	[MsgId: MMSG-10544]


Start auto log messages stack - Iteration 10.	[MsgId: MMSG-10545]
Action.c(666): web_add_auto_header("Sec-Fetch-Dest") was successful  	[MsgId: MMSG-26392]
Action.c(669): web_add_auto_header("Sec-Fetch-Mode") started  	[MsgId: MMSG-26355]
Action.c(669): web_add_auto_header("Sec-Fetch-Mode") was successful  	[MsgId: MMSG-26392]
Action.c(672): web_add_header("X-Requested-With") started  	[MsgId: MMSG-26355]
Action.c(672): web_add_header("X-Requested-With") was successful  	[MsgId: MMSG-26392]
Action.c(676): web_reg_save_param_ex started  	[MsgId: MMSG-26355]
Action.c(676): Registering web_reg_save_param_ex was successful  	[MsgId: MMSG-26390]
Action.c(684): web_url("32180") started  	[MsgId: MMSG-26355]
Action.c(684): Error -26377: No match found for the requested parameter "UserId". Either the specified boundaries were not found in the response or the matched text is longer than current max html parameter size of 99999999 bytes. The total length of the response is 13884 bytes. You can use "web_set_max_html_param_len" to increase the max parameter size.  	[MsgId: MERR-26377]
End auto log messages stack.	[MsgId: MMSG-10544]


Start auto log messages stack - Iteration 5.	[MsgId: MMSG-10545]
Action.c(666): web_add_auto_header("Sec-Fetch-Dest") was successful  	[MsgId: MMSG-26392]
Action.c(669): web_add_auto_header("Sec-Fetch-Mode") started  	[MsgId: MMSG-26355]
Action.c(669): web_add_auto_header("Sec-Fetch-Mode") was successful  	[MsgId: MMSG-26392]
Action.c(672): web_add_header("X-Requested-With") started  	[MsgId: MMSG-26355]
Action.c(672): web_add_header("X-Requested-With") was successful  	[MsgId: MMSG-26392]
Action.c(676): web_reg_save_param_ex started  	[MsgId: MMSG-26355]
Action.c(676): Registering web_reg_save_param_ex was successful  	[MsgId: MMSG-26390]
Action.c(684): web_url("32180") started  	[MsgId: MMSG-26355]
Action.c(684): Error -26377: No match found for the requested parameter "UserId". Either the specified boundaries were not found in the response or the matched text is longer than current max html parameter size of 99999999 bytes. The total length of the response is 13884 bytes. You can use "web_set_max_html_param_len" to increase the max parameter size.  	[MsgId: MERR-26377]
End auto log messages stack.	[MsgId: MMSG-10544]


