Start auto log messages stack - Iteration 3.	[MsgId: MMSG-10545]
Action.c(1861): web_add_auto_header("Sec-Fetch-Mode") was successful  	[MsgId: MMSG-26392]
Action.c(1864): web_add_auto_header("Sec-Fetch-Dest") started  	[MsgId: MMSG-26355]
Action.c(1864): web_add_auto_header("Sec-Fetch-Dest") was successful  	[MsgId: MMSG-26392]
Action.c(1867): web_add_header("Sec-Fetch-User") started  	[MsgId: MMSG-26355]
Action.c(1867): web_add_header("Sec-Fetch-User") was successful  	[MsgId: MMSG-26392]
Action.c(1870): web_add_header("Upgrade-Insecure-Requests") started  	[MsgId: MMSG-26355]
Action.c(1870): web_add_header("Upgrade-Insecure-Requests") was successful  	[MsgId: MMSG-26392]
Action.c(1873): web_url("create_2") started  	[MsgId: MMSG-26355]
Action.c(1873): Error -27760: Request "https://pvr-perf.rxlogix.com/reports/configuration/create?selectedQuery=32764" failed  	[MsgId: MERR-27760]
End auto log messages stack.	[MsgId: MMSG-10544]


Start auto log messages stack - Iteration 4.	[MsgId: MMSG-10545]
Action.c(320): web_add_header("Sec-Fetch-User") was successful  	[MsgId: MMSG-26392]
Action.c(323): web_add_header("Upgrade-Insecure-Requests") started  	[MsgId: MMSG-26355]
Action.c(323): web_add_header("Upgrade-Insecure-Requests") was successful  	[MsgId: MMSG-26392]
Action.c(327): web_reg_save_param_regexp started  	[MsgId: MMSG-26355]
Action.c(327): Registering web_reg_save_param_regexp was successful  	[MsgId: MMSG-26390]
Action.c(337): web_reg_save_param_ex started  	[MsgId: MMSG-26355]
Action.c(337): Registering web_reg_save_param_ex was successful  	[MsgId: MMSG-26390]
Action.c(345): web_submit_data("authenticate") started  	[MsgId: MMSG-26355]
Action.c(345): Error -26610: HTTP Status-Code=502 (Bad Gateway) for "https://pvr-perf.rxlogix.com/reports/login/authenticate"  	[MsgId: MERR-26610]
Action.c(345): Error -35049: No match found for the requested parameter "CfrTokenId". Check whether the requested regular expression exists in the response data  	[MsgId: MERR-35049]
Action.c(345): Error -26377: No match found for the requested parameter "UserId". Either the specified boundaries were not found in the response or the matched text is longer than current max html parameter size of 99999999 bytes. The total length of the response is 540 bytes. You can use "web_set_max_html_param_len" to increase the max parameter size.  	[MsgId: MERR-26377]
End auto log messages stack.	[MsgId: MMSG-10544]


Start auto log messages stack - Iteration 5.	[MsgId: MMSG-10545]
Action.c(1861): web_add_auto_header("Sec-Fetch-Mode") was successful  	[MsgId: MMSG-26392]
Action.c(1864): web_add_auto_header("Sec-Fetch-Dest") started  	[MsgId: MMSG-26355]
Action.c(1864): web_add_auto_header("Sec-Fetch-Dest") was successful  	[MsgId: MMSG-26392]
Action.c(1867): web_add_header("Sec-Fetch-User") started  	[MsgId: MMSG-26355]
Action.c(1867): web_add_header("Sec-Fetch-User") was successful  	[MsgId: MMSG-26392]
Action.c(1870): web_add_header("Upgrade-Insecure-Requests") started  	[MsgId: MMSG-26355]
Action.c(1870): web_add_header("Upgrade-Insecure-Requests") was successful  	[MsgId: MMSG-26392]
Action.c(1873): web_url("create_2") started  	[MsgId: MMSG-26355]
Action.c(1873): Error -27760: Request "https://pvr-perf.rxlogix.com/reports/configuration/create?selectedQuery=32764" failed  	[MsgId: MERR-27760]
End auto log messages stack.	[MsgId: MMSG-10544]


