Start auto log messages stack - Iteration 2.
Action.c(1075): web_add_header("Sec-Fetch-Dest") was successful  	[MsgId: MMSG-26392]
Action.c(1078): web_add_header("Sec-Fetch-User") started  	[MsgId: MMSG-26355]
Action.c(1078): web_add_header("Sec-Fetch-User") was successful  	[MsgId: MMSG-26392]
Action.c(1081): web_add_header("Upgrade-Insecure-Requests") started  	[MsgId: MMSG-26355]
Action.c(1081): web_add_header("Upgrade-Insecure-Requests") was successful  	[MsgId: MMSG-26392]
Action.c(1084): web_reg_save_param_ex started  	[MsgId: MMSG-26355]
Action.c(1084): Registering web_reg_save_param_ex was successful  	[MsgId: MMSG-26390]
Action.c(1092): web_url("{ReportId}") started  	[MsgId: MMSG-26355]
Action.c(1092): Error -27760: Request "https://pvr-perf.rxlogix.com/reports/configuration/edit/192764" failed  	[MsgId: MERR-27760]
End auto log messages stack.


Start auto log messages stack - Iteration 1.
Action.c(168): Notify: Transaction "S01_T01_OpenApplication" ended with a "Pass" status (Duration: 29.9202 Wasted Time: 0.0037).
Action.c(170): lr_think_time: 18.00 seconds (recorded think time was 3.00 seconds).
Action.c(172): Notify: Transaction "S01_T02_Login" started.
Action.c(201): web_reg_find started  	[MsgId: MMSG-26355]
Action.c(201): Registering web_reg_find was successful  	[MsgId: MMSG-26390]
Action.c(206): web_reg_save_param_regexp started  	[MsgId: MMSG-26355]
Action.c(206): Registering web_reg_save_param_regexp was successful  	[MsgId: MMSG-26390]
Action.c(216): web_reg_save_param_ex started  	[MsgId: MMSG-26355]
Action.c(216): Registering web_reg_save_param_ex was successful  	[MsgId: MMSG-26390]
Action.c(224): web_submit_data("authenticate") started  	[MsgId: MMSG-26355]
Action.c(224): Error -27760: Request "https://pvr-perf.rxlogix.com/reports/login/authenticate" failed  	[MsgId: MERR-27760]
Action.c(224): Error -35049: No match found for the requested parameter "csrf_id2". Check whether the requested regular expression exists in the response data  	[MsgId: MERR-35049]
Action.c(224): Error -26366: "Text=Dashboard" not found for web_reg_find  	[MsgId: MERR-26366]
Action.c(224): Error -26377: No match found for the requested parameter "User_Id". Either the specified boundaries were not found in the response or the matched text is longer than current max html parameter size of 99999999 bytes. The total length of the response is 0 bytes. You can use "web_set_max_html_param_len" to increase the max parameter size.  	[MsgId: MERR-26377]
Action.c(224): Error -26374: The above "not found" error(s) may be explained by header and body byte counts being 0 and 0, respectively.  	[MsgId: MERR-26374]
End auto log messages stack.


Start auto log messages stack - Iteration 3.
Action.c(6): web_cleanup_auto_headers started  	[MsgId: MMSG-26355]
Action.c(6): web_cleanup_auto_headers was successful  	[MsgId: MMSG-26392]
Action.c(10): web_set_max_html_param_len started  	[MsgId: MMSG-26355]
Action.c(10): web_set_max_html_param_len was successful  	[MsgId: MMSG-26392]
Action.c(12): Notify: Transaction "S01_T01_OpenApplication" started.
Action.c(42): web_reg_save_param_attrib started  	[MsgId: MMSG-26355]
Action.c(42): Registering web_reg_save_param_attrib was successful  	[MsgId: MMSG-26390]
Action.c(52): web_reg_find started  	[MsgId: MMSG-26355]
Action.c(52): Registering web_reg_find was successful  	[MsgId: MMSG-26390]
Action.c(56): web_url("auth") started  	[MsgId: MMSG-26355]
Action.c(56): Error -27792: Failed to connect to server "pvr-perf.rxlogix.com:443": [10060] Connection timed out  	[MsgId: MERR-27792]
Action.c(56): Error -35048: No match found for the requested parameter "Csrf_TokenId". Check whether the tag with specific attributes exists in the response data  	[MsgId: MERR-35048]
Action.c(56): Error -26366: "Text=Login" not found for web_reg_find  	[MsgId: MERR-26366]
Action.c(56): Error -26374: The above "not found" error(s) may be explained by header and body byte counts being 0 and 0, respectively.  	[MsgId: MERR-26374]
End auto log messages stack.


Start auto log messages stack - Iteration 2.
Action.c(969): web_remove_auto_header("Accept") started  	[MsgId: MMSG-26355]
Action.c(969): Previous automatically added web header for "Accept" removed  	[MsgId: MMSG-26587]
Action.c(969): web_remove/revert_auto_header("Accept") was successful  	[MsgId: MMSG-26392]
Action.c(971): web_add_header("Accept") started  	[MsgId: MMSG-26355]
Action.c(971): web_add_header("Accept") was successful  	[MsgId: MMSG-26392]
Action.c(974): web_add_header("X-Requested-With") started  	[MsgId: MMSG-26355]
Action.c(974): web_add_header("X-Requested-With") was successful  	[MsgId: MMSG-26392]
Action.c(977): web_url("configurations") started  	[MsgId: MMSG-26355]
Action.c(977): Error -27760: Request "https://pvr-perf.rxlogix.com/reports/api/configurations?draw=1&columns%5B0%5D%5Bdata%5D=isFavorite&columns%5B0%5D%5Bname%5D=&columns%5B0%5D%5Bsearchable%5D=true&columns%5B0%5D%5Borderable%5D=true&columns%5B0%5D%5Bsearch%5D%5Bvalue%5D=&columns%5B0%5D%5Bsearch%5D%5Bregex%5D=false&columns%5B1%5D%5Bdata%5D=reportName&columns%5B1%5D%5Bname%5D=&columns%5B1%5D%5Bsearchable%5D=true&columns%5B1%5D%5Borderable%5D=true&columns%5B1%5D%5Bsearch%5D%5Bvalue%5D=&columns%5B1%5D%5Bsearch%5D%5Bregex%5D=false&columns%5B2%5D%5Bdata%5D=description&columns%5B2%5D%5Bname%5D=&columns%5B2%5D%5Bsearchable%5D=true&columns%5B2%5D%5Borderable%5D=true&columns%5B2%5D%5Bsearch%5D%5Bvalue%5D=&columns%5B2%5D%5Bsearch%5D%5Bregex%5D=false&columns%5B3%5D%5Bdata%5D=numOfExecutions&columns%5B3%5D%5Bname%5D=&columns%5B3%5D%5Bsearchable%5D=true&columns%5B3%5D%5Borderable%5D=true&columns%5B3%5D%5Bsearch%5D%5Bvalue%5D=&columns%5B3%5D%5Bsearch%5D%5Bregex%5D=false&columns%5B4%5D%5Bdata%5D=tags&columns%5B4%5D%5Bname%5D=&columns%5B4%5D%5Bsearchable%5D=true&columns%5B4%5D%5Borderable%5D=false&columns%5B4%5D%5Bsearch%5D%5Bvalue%5D=&columns%5B4%5D%5Bsearch%5D%5Bregex%5D=false&columns%5B5%5D%5Bdata%5D=qualityChecked&columns%5B5%5D%5Bname%5D=&columns%5B5%5D%5Bsearchable%5D=true&columns%5B5%5D%5Borderable%5D=true&columns%5B5%5D%5Bsearch%5D%5Bvalue%5D=&columns%5B5%5D%5Bsearch%5D%5Bregex%5D=false&columns%5B6%5D%5Bdata%5D=dateCreated&columns%5B6%5D%5Bname%5D=&columns%5B6%5D%5Bsearchable%5D=true&columns%5B6%5D%5Borderable%5D=true&columns%5B6%5D%5Bsearch%5D%5Bvalue%5D=&columns%5B6%5D%5Bsearch%5D%5Bregex%5D=false&columns%5B7%5D%5Bdata%5D=lastUpdated&columns%5B7%5D%5Bname%5D=&columns%5B7%5D%5Bsearchable%5D=true&columns%5B7%5D%5Borderable%5D=true&columns%5B7%5D%5Bsearch%5D%5Bvalue%5D=&columns%5B7%5D%5Bsearch%5D%5Bregex%5D=false&columns%5B8%5D%5Bdata%5D=createdBy&columns%5B8%5D%5Bname%5D=&columns%5B8%5D%5Bsearchable%5D=true&columns%5B8%5D%5Borderable%5D=true&columns%5B8%5D%5Bsearch%5D%5Bvalue%5D=&columns%5B8%5D%5Bsearch%5D%5Bregex%5D=false&columns%5B9%5D%5Bdata%5D=&columns%5B9%5D%5Bname%5D=&columns%5B9%5D%5Bsearchable%5D=true&columns%5B9%5D%5Borderable%5D=false&columns%5B9%5D%5Bsearch%5D%5Bvalue%5D=&columns%5B9%5D%5Bsearch%5D%5Bregex%5D=false&order%5B0%5D%5Bcolumn%5D=0&order%5B0%5D%5Bdir%5D=asc&start=0&length=50&search%5Bvalue%5D=&search%5Bregex%5D=false&tableFilter=%7B%7D&advancedFilter=false&searchString=&sharedwith=&direction=asc&sort=isFavorite&_=1590989590944" failed  	[MsgId: MERR-27760]
End auto log messages stack.


Start auto log messages stack - Iteration 4.
Action.c(42): Registering web_reg_save_param_attrib was successful  	[MsgId: MMSG-26390]
Action.c(52): web_reg_find started  	[MsgId: MMSG-26355]
Action.c(52): Registering web_reg_find was successful  	[MsgId: MMSG-26390]
Action.c(56): web_url("auth") started  	[MsgId: MMSG-26355]
Action.c(56): Redirecting "https://pvr-perf.rxlogix.com/reports/login/auth" (redirection depth is 0)  	[MsgId: MMSG-26694]
Action.c(56): To location "https://pvr-perf.rxlogix.com/reports/"  	[MsgId: MMSG-26693]
Action.c(56): Redirecting "https://pvr-perf.rxlogix.com/reports/" (redirection depth is 1)  	[MsgId: MMSG-26694]
Action.c(56): To location "https://pvr-perf.rxlogix.com/reports/dashboard/index"  	[MsgId: MMSG-26693]
Action.c(56): Error -35048: No match found for the requested parameter "Csrf_TokenId". Check whether the tag with specific attributes exists in the response data  	[MsgId: MERR-35048]
End auto log messages stack.


Start auto log messages stack - Iteration 3.
Action.c(42): Registering web_reg_save_param_attrib was successful  	[MsgId: MMSG-26390]
Action.c(52): web_reg_find started  	[MsgId: MMSG-26355]
Action.c(52): Registering web_reg_find was successful  	[MsgId: MMSG-26390]
Action.c(56): web_url("auth") started  	[MsgId: MMSG-26355]
Action.c(56): Redirecting "https://pvr-perf.rxlogix.com/reports/login/auth" (redirection depth is 0)  	[MsgId: MMSG-26694]
Action.c(56): To location "https://pvr-perf.rxlogix.com/reports/"  	[MsgId: MMSG-26693]
Action.c(56): Redirecting "https://pvr-perf.rxlogix.com/reports/" (redirection depth is 1)  	[MsgId: MMSG-26694]
Action.c(56): To location "https://pvr-perf.rxlogix.com/reports/dashboard/index"  	[MsgId: MMSG-26693]
Action.c(56): Error -35048: No match found for the requested parameter "Csrf_TokenId". Check whether the tag with specific attributes exists in the response data  	[MsgId: MERR-35048]
End auto log messages stack.


Start auto log messages stack - Iteration 5.
Action.c(42): Registering web_reg_save_param_attrib was successful  	[MsgId: MMSG-26390]
Action.c(52): web_reg_find started  	[MsgId: MMSG-26355]
Action.c(52): Registering web_reg_find was successful  	[MsgId: MMSG-26390]
Action.c(56): web_url("auth") started  	[MsgId: MMSG-26355]
Action.c(56): Redirecting "https://pvr-perf.rxlogix.com/reports/login/auth" (redirection depth is 0)  	[MsgId: MMSG-26694]
Action.c(56): To location "https://pvr-perf.rxlogix.com/reports/"  	[MsgId: MMSG-26693]
Action.c(56): Redirecting "https://pvr-perf.rxlogix.com/reports/" (redirection depth is 1)  	[MsgId: MMSG-26694]
Action.c(56): To location "https://pvr-perf.rxlogix.com/reports/dashboard/index"  	[MsgId: MMSG-26693]
Action.c(56): Error -35048: No match found for the requested parameter "Csrf_TokenId". Check whether the tag with specific attributes exists in the response data  	[MsgId: MERR-35048]
End auto log messages stack.


Start auto log messages stack - Iteration 4.
Action.c(42): Registering web_reg_save_param_attrib was successful  	[MsgId: MMSG-26390]
Action.c(52): web_reg_find started  	[MsgId: MMSG-26355]
Action.c(52): Registering web_reg_find was successful  	[MsgId: MMSG-26390]
Action.c(56): web_url("auth") started  	[MsgId: MMSG-26355]
Action.c(56): Redirecting "https://pvr-perf.rxlogix.com/reports/login/auth" (redirection depth is 0)  	[MsgId: MMSG-26694]
Action.c(56): To location "https://pvr-perf.rxlogix.com/reports/"  	[MsgId: MMSG-26693]
Action.c(56): Redirecting "https://pvr-perf.rxlogix.com/reports/" (redirection depth is 1)  	[MsgId: MMSG-26694]
Action.c(56): To location "https://pvr-perf.rxlogix.com/reports/dashboard/index"  	[MsgId: MMSG-26693]
Action.c(56): Error -35048: No match found for the requested parameter "Csrf_TokenId". Check whether the tag with specific attributes exists in the response data  	[MsgId: MERR-35048]
End auto log messages stack.


Start auto log messages stack - Iteration 6.
Action.c(42): Registering web_reg_save_param_attrib was successful  	[MsgId: MMSG-26390]
Action.c(52): web_reg_find started  	[MsgId: MMSG-26355]
Action.c(52): Registering web_reg_find was successful  	[MsgId: MMSG-26390]
Action.c(56): web_url("auth") started  	[MsgId: MMSG-26355]
Action.c(56): Redirecting "https://pvr-perf.rxlogix.com/reports/login/auth" (redirection depth is 0)  	[MsgId: MMSG-26694]
Action.c(56): To location "https://pvr-perf.rxlogix.com/reports/"  	[MsgId: MMSG-26693]
Action.c(56): Redirecting "https://pvr-perf.rxlogix.com/reports/" (redirection depth is 1)  	[MsgId: MMSG-26694]
Action.c(56): To location "https://pvr-perf.rxlogix.com/reports/dashboard/index"  	[MsgId: MMSG-26693]
Action.c(56): Error -35048: No match found for the requested parameter "Csrf_TokenId". Check whether the tag with specific attributes exists in the response data  	[MsgId: MERR-35048]
End auto log messages stack.


Start auto log messages stack - Iteration 5.
Action.c(42): Registering web_reg_save_param_attrib was successful  	[MsgId: MMSG-26390]
Action.c(52): web_reg_find started  	[MsgId: MMSG-26355]
Action.c(52): Registering web_reg_find was successful  	[MsgId: MMSG-26390]
Action.c(56): web_url("auth") started  	[MsgId: MMSG-26355]
Action.c(56): Redirecting "https://pvr-perf.rxlogix.com/reports/login/auth" (redirection depth is 0)  	[MsgId: MMSG-26694]
Action.c(56): To location "https://pvr-perf.rxlogix.com/reports/"  	[MsgId: MMSG-26693]
Action.c(56): Redirecting "https://pvr-perf.rxlogix.com/reports/" (redirection depth is 1)  	[MsgId: MMSG-26694]
Action.c(56): To location "https://pvr-perf.rxlogix.com/reports/dashboard/index"  	[MsgId: MMSG-26693]
Action.c(56): Error -35048: No match found for the requested parameter "Csrf_TokenId". Check whether the tag with specific attributes exists in the response data  	[MsgId: MERR-35048]
End auto log messages stack.


Start auto log messages stack - Iteration 7.
Action.c(42): Registering web_reg_save_param_attrib was successful  	[MsgId: MMSG-26390]
Action.c(52): web_reg_find started  	[MsgId: MMSG-26355]
Action.c(52): Registering web_reg_find was successful  	[MsgId: MMSG-26390]
Action.c(56): web_url("auth") started  	[MsgId: MMSG-26355]
Action.c(56): Redirecting "https://pvr-perf.rxlogix.com/reports/login/auth" (redirection depth is 0)  	[MsgId: MMSG-26694]
Action.c(56): To location "https://pvr-perf.rxlogix.com/reports/"  	[MsgId: MMSG-26693]
Action.c(56): Redirecting "https://pvr-perf.rxlogix.com/reports/" (redirection depth is 1)  	[MsgId: MMSG-26694]
Action.c(56): To location "https://pvr-perf.rxlogix.com/reports/dashboard/index"  	[MsgId: MMSG-26693]
Action.c(56): Error -35048: No match found for the requested parameter "Csrf_TokenId". Check whether the tag with specific attributes exists in the response data  	[MsgId: MERR-35048]
End auto log messages stack.


Start auto log messages stack - Iteration 6.
Action.c(42): Registering web_reg_save_param_attrib was successful  	[MsgId: MMSG-26390]
Action.c(52): web_reg_find started  	[MsgId: MMSG-26355]
Action.c(52): Registering web_reg_find was successful  	[MsgId: MMSG-26390]
Action.c(56): web_url("auth") started  	[MsgId: MMSG-26355]
Action.c(56): Redirecting "https://pvr-perf.rxlogix.com/reports/login/auth" (redirection depth is 0)  	[MsgId: MMSG-26694]
Action.c(56): To location "https://pvr-perf.rxlogix.com/reports/"  	[MsgId: MMSG-26693]
Action.c(56): Redirecting "https://pvr-perf.rxlogix.com/reports/" (redirection depth is 1)  	[MsgId: MMSG-26694]
Action.c(56): To location "https://pvr-perf.rxlogix.com/reports/dashboard/index"  	[MsgId: MMSG-26693]
Action.c(56): Error -35048: No match found for the requested parameter "Csrf_TokenId". Check whether the tag with specific attributes exists in the response data  	[MsgId: MERR-35048]
End auto log messages stack.


Start auto log messages stack - Iteration 8.
Action.c(42): Registering web_reg_save_param_attrib was successful  	[MsgId: MMSG-26390]
Action.c(52): web_reg_find started  	[MsgId: MMSG-26355]
Action.c(52): Registering web_reg_find was successful  	[MsgId: MMSG-26390]
Action.c(56): web_url("auth") started  	[MsgId: MMSG-26355]
Action.c(56): Redirecting "https://pvr-perf.rxlogix.com/reports/login/auth" (redirection depth is 0)  	[MsgId: MMSG-26694]
Action.c(56): To location "https://pvr-perf.rxlogix.com/reports/"  	[MsgId: MMSG-26693]
Action.c(56): Redirecting "https://pvr-perf.rxlogix.com/reports/" (redirection depth is 1)  	[MsgId: MMSG-26694]
Action.c(56): To location "https://pvr-perf.rxlogix.com/reports/dashboard/index"  	[MsgId: MMSG-26693]
Action.c(56): Error -35048: No match found for the requested parameter "Csrf_TokenId". Check whether the tag with specific attributes exists in the response data  	[MsgId: MERR-35048]
End auto log messages stack.


Start auto log messages stack - Iteration 7.
Action.c(42): Registering web_reg_save_param_attrib was successful  	[MsgId: MMSG-26390]
Action.c(52): web_reg_find started  	[MsgId: MMSG-26355]
Action.c(52): Registering web_reg_find was successful  	[MsgId: MMSG-26390]
Action.c(56): web_url("auth") started  	[MsgId: MMSG-26355]
Action.c(56): Redirecting "https://pvr-perf.rxlogix.com/reports/login/auth" (redirection depth is 0)  	[MsgId: MMSG-26694]
Action.c(56): To location "https://pvr-perf.rxlogix.com/reports/"  	[MsgId: MMSG-26693]
Action.c(56): Redirecting "https://pvr-perf.rxlogix.com/reports/" (redirection depth is 1)  	[MsgId: MMSG-26694]
Action.c(56): To location "https://pvr-perf.rxlogix.com/reports/dashboard/index"  	[MsgId: MMSG-26693]
Action.c(56): Error -35048: No match found for the requested parameter "Csrf_TokenId". Check whether the tag with specific attributes exists in the response data  	[MsgId: MERR-35048]
End auto log messages stack.


Start auto log messages stack - Iteration 9.
Action.c(42): Registering web_reg_save_param_attrib was successful  	[MsgId: MMSG-26390]
Action.c(52): web_reg_find started  	[MsgId: MMSG-26355]
Action.c(52): Registering web_reg_find was successful  	[MsgId: MMSG-26390]
Action.c(56): web_url("auth") started  	[MsgId: MMSG-26355]
Action.c(56): Redirecting "https://pvr-perf.rxlogix.com/reports/login/auth" (redirection depth is 0)  	[MsgId: MMSG-26694]
Action.c(56): To location "https://pvr-perf.rxlogix.com/reports/"  	[MsgId: MMSG-26693]
Action.c(56): Redirecting "https://pvr-perf.rxlogix.com/reports/" (redirection depth is 1)  	[MsgId: MMSG-26694]
Action.c(56): To location "https://pvr-perf.rxlogix.com/reports/dashboard/index"  	[MsgId: MMSG-26693]
Action.c(56): Error -35048: No match found for the requested parameter "Csrf_TokenId". Check whether the tag with specific attributes exists in the response data  	[MsgId: MERR-35048]
End auto log messages stack.


Start auto log messages stack - Iteration 8.
Action.c(42): Registering web_reg_save_param_attrib was successful  	[MsgId: MMSG-26390]
Action.c(52): web_reg_find started  	[MsgId: MMSG-26355]
Action.c(52): Registering web_reg_find was successful  	[MsgId: MMSG-26390]
Action.c(56): web_url("auth") started  	[MsgId: MMSG-26355]
Action.c(56): Redirecting "https://pvr-perf.rxlogix.com/reports/login/auth" (redirection depth is 0)  	[MsgId: MMSG-26694]
Action.c(56): To location "https://pvr-perf.rxlogix.com/reports/"  	[MsgId: MMSG-26693]
Action.c(56): Redirecting "https://pvr-perf.rxlogix.com/reports/" (redirection depth is 1)  	[MsgId: MMSG-26694]
Action.c(56): To location "https://pvr-perf.rxlogix.com/reports/dashboard/index"  	[MsgId: MMSG-26693]
Action.c(56): Error -35048: No match found for the requested parameter "Csrf_TokenId". Check whether the tag with specific attributes exists in the response data  	[MsgId: MERR-35048]
End auto log messages stack.


Start auto log messages stack - Iteration 10.
Action.c(42): Registering web_reg_save_param_attrib was successful  	[MsgId: MMSG-26390]
Action.c(52): web_reg_find started  	[MsgId: MMSG-26355]
Action.c(52): Registering web_reg_find was successful  	[MsgId: MMSG-26390]
Action.c(56): web_url("auth") started  	[MsgId: MMSG-26355]
Action.c(56): Redirecting "https://pvr-perf.rxlogix.com/reports/login/auth" (redirection depth is 0)  	[MsgId: MMSG-26694]
Action.c(56): To location "https://pvr-perf.rxlogix.com/reports/"  	[MsgId: MMSG-26693]
Action.c(56): Redirecting "https://pvr-perf.rxlogix.com/reports/" (redirection depth is 1)  	[MsgId: MMSG-26694]
Action.c(56): To location "https://pvr-perf.rxlogix.com/reports/dashboard/index"  	[MsgId: MMSG-26693]
Action.c(56): Error -35048: No match found for the requested parameter "Csrf_TokenId". Check whether the tag with specific attributes exists in the response data  	[MsgId: MERR-35048]
End auto log messages stack.


Start auto log messages stack - Iteration 9.
Action.c(42): Registering web_reg_save_param_attrib was successful  	[MsgId: MMSG-26390]
Action.c(52): web_reg_find started  	[MsgId: MMSG-26355]
Action.c(52): Registering web_reg_find was successful  	[MsgId: MMSG-26390]
Action.c(56): web_url("auth") started  	[MsgId: MMSG-26355]
Action.c(56): Redirecting "https://pvr-perf.rxlogix.com/reports/login/auth" (redirection depth is 0)  	[MsgId: MMSG-26694]
Action.c(56): To location "https://pvr-perf.rxlogix.com/reports/"  	[MsgId: MMSG-26693]
Action.c(56): Redirecting "https://pvr-perf.rxlogix.com/reports/" (redirection depth is 1)  	[MsgId: MMSG-26694]
Action.c(56): To location "https://pvr-perf.rxlogix.com/reports/dashboard/index"  	[MsgId: MMSG-26693]
Action.c(56): Error -35048: No match found for the requested parameter "Csrf_TokenId". Check whether the tag with specific attributes exists in the response data  	[MsgId: MERR-35048]
End auto log messages stack.


Start auto log messages stack - Iteration 11.
Action.c(42): Registering web_reg_save_param_attrib was successful  	[MsgId: MMSG-26390]
Action.c(52): web_reg_find started  	[MsgId: MMSG-26355]
Action.c(52): Registering web_reg_find was successful  	[MsgId: MMSG-26390]
Action.c(56): web_url("auth") started  	[MsgId: MMSG-26355]
Action.c(56): Redirecting "https://pvr-perf.rxlogix.com/reports/login/auth" (redirection depth is 0)  	[MsgId: MMSG-26694]
Action.c(56): To location "https://pvr-perf.rxlogix.com/reports/"  	[MsgId: MMSG-26693]
Action.c(56): Redirecting "https://pvr-perf.rxlogix.com/reports/" (redirection depth is 1)  	[MsgId: MMSG-26694]
Action.c(56): To location "https://pvr-perf.rxlogix.com/reports/dashboard/index"  	[MsgId: MMSG-26693]
Action.c(56): Error -35048: No match found for the requested parameter "Csrf_TokenId". Check whether the tag with specific attributes exists in the response data  	[MsgId: MERR-35048]
End auto log messages stack.


Start auto log messages stack - Iteration 10.
Action.c(42): Registering web_reg_save_param_attrib was successful  	[MsgId: MMSG-26390]
Action.c(52): web_reg_find started  	[MsgId: MMSG-26355]
Action.c(52): Registering web_reg_find was successful  	[MsgId: MMSG-26390]
Action.c(56): web_url("auth") started  	[MsgId: MMSG-26355]
Action.c(56): Redirecting "https://pvr-perf.rxlogix.com/reports/login/auth" (redirection depth is 0)  	[MsgId: MMSG-26694]
Action.c(56): To location "https://pvr-perf.rxlogix.com/reports/"  	[MsgId: MMSG-26693]
Action.c(56): Redirecting "https://pvr-perf.rxlogix.com/reports/" (redirection depth is 1)  	[MsgId: MMSG-26694]
Action.c(56): To location "https://pvr-perf.rxlogix.com/reports/dashboard/index"  	[MsgId: MMSG-26693]
Action.c(56): Error -35048: No match found for the requested parameter "Csrf_TokenId". Check whether the tag with specific attributes exists in the response data  	[MsgId: MERR-35048]
End auto log messages stack.


Start auto log messages stack - Iteration 12.
Action.c(42): Registering web_reg_save_param_attrib was successful  	[MsgId: MMSG-26390]
Action.c(52): web_reg_find started  	[MsgId: MMSG-26355]
Action.c(52): Registering web_reg_find was successful  	[MsgId: MMSG-26390]
Action.c(56): web_url("auth") started  	[MsgId: MMSG-26355]
Action.c(56): Redirecting "https://pvr-perf.rxlogix.com/reports/login/auth" (redirection depth is 0)  	[MsgId: MMSG-26694]
Action.c(56): To location "https://pvr-perf.rxlogix.com/reports/"  	[MsgId: MMSG-26693]
Action.c(56): Redirecting "https://pvr-perf.rxlogix.com/reports/" (redirection depth is 1)  	[MsgId: MMSG-26694]
Action.c(56): To location "https://pvr-perf.rxlogix.com/reports/dashboard/index"  	[MsgId: MMSG-26693]
Action.c(56): Error -35048: No match found for the requested parameter "Csrf_TokenId". Check whether the tag with specific attributes exists in the response data  	[MsgId: MERR-35048]
End auto log messages stack.


Start auto log messages stack - Iteration 11.
Action.c(6): web_cleanup_auto_headers started  	[MsgId: MMSG-26355]
Action.c(6): web_cleanup_auto_headers was successful  	[MsgId: MMSG-26392]
Action.c(10): web_set_max_html_param_len started  	[MsgId: MMSG-26355]
Action.c(10): web_set_max_html_param_len was successful  	[MsgId: MMSG-26392]
Action.c(12): Notify: Transaction "S01_T01_OpenApplication" started.
Action.c(42): web_reg_save_param_attrib started  	[MsgId: MMSG-26355]
Action.c(42): Registering web_reg_save_param_attrib was successful  	[MsgId: MMSG-26390]
Action.c(52): web_reg_find started  	[MsgId: MMSG-26355]
Action.c(52): Registering web_reg_find was successful  	[MsgId: MMSG-26390]
Action.c(56): web_url("auth") started  	[MsgId: MMSG-26355]
Action.c(56): Error -27792: Failed to connect to server "pvr-perf.rxlogix.com:443": [10060] Connection timed out  	[MsgId: MERR-27792]
Action.c(56): Error -35048: No match found for the requested parameter "Csrf_TokenId". Check whether the tag with specific attributes exists in the response data  	[MsgId: MERR-35048]
Action.c(56): Error -26366: "Text=Login" not found for web_reg_find  	[MsgId: MERR-26366]
Action.c(56): Error -26374: The above "not found" error(s) may be explained by header and body byte counts being 0 and 0, respectively.  	[MsgId: MERR-26374]
End auto log messages stack.


Start auto log messages stack - Iteration 13.
Action.c(42): Registering web_reg_save_param_attrib was successful  	[MsgId: MMSG-26390]
Action.c(52): web_reg_find started  	[MsgId: MMSG-26355]
Action.c(52): Registering web_reg_find was successful  	[MsgId: MMSG-26390]
Action.c(56): web_url("auth") started  	[MsgId: MMSG-26355]
Action.c(56): Redirecting "https://pvr-perf.rxlogix.com/reports/login/auth" (redirection depth is 0)  	[MsgId: MMSG-26694]
Action.c(56): To location "https://pvr-perf.rxlogix.com/reports/"  	[MsgId: MMSG-26693]
Action.c(56): Redirecting "https://pvr-perf.rxlogix.com/reports/" (redirection depth is 1)  	[MsgId: MMSG-26694]
Action.c(56): To location "https://pvr-perf.rxlogix.com/reports/dashboard/index"  	[MsgId: MMSG-26693]
Action.c(56): Error -35048: No match found for the requested parameter "Csrf_TokenId". Check whether the tag with specific attributes exists in the response data  	[MsgId: MERR-35048]
End auto log messages stack.


