Start auto log messages stack - Iteration 1.
Action.c(168): Notify: Transaction "S01_T01_OpenApplication" ended with a "Pass" status (Duration: 81.2340 Wasted Time: 0.0430).
Action.c(170): lr_think_time: 18.00 seconds (recorded think time was 3.00 seconds).
Action.c(172): Notify: Transaction "S01_T02_Login" started.
Action.c(201): web_reg_find started  	[MsgId: MMSG-26355]
Action.c(201): Registering web_reg_find was successful  	[MsgId: MMSG-26390]
Action.c(206): web_reg_save_param_regexp started  	[MsgId: MMSG-26355]
Action.c(206): Registering web_reg_save_param_regexp was successful  	[MsgId: MMSG-26390]
Action.c(216): web_reg_save_param_ex started  	[MsgId: MMSG-26355]
Action.c(216): Registering web_reg_save_param_ex was successful  	[MsgId: MMSG-26390]
Action.c(224): web_submit_data("authenticate") started  	[MsgId: MMSG-26355]
Action.c(224): Error -27760: Request "https://pvr-perf.rxlogix.com/reports/login/authenticate" failed  	[MsgId: MERR-27760]
Action.c(224): Error -35049: No match found for the requested parameter "csrf_id2". Check whether the requested regular expression exists in the response data  	[MsgId: MERR-35049]
Action.c(224): Error -26366: "Text=Dashboard" not found for web_reg_find  	[MsgId: MERR-26366]
Action.c(224): Error -26377: No match found for the requested parameter "User_Id". Either the specified boundaries were not found in the response or the matched text is longer than current max html parameter size of 99999999 bytes. The total length of the response is 0 bytes. You can use "web_set_max_html_param_len" to increase the max parameter size.  	[MsgId: MERR-26377]
Action.c(224): Error -26374: The above "not found" error(s) may be explained by header and body byte counts being 0 and 0, respectively.  	[MsgId: MERR-26374]
End auto log messages stack.


Start auto log messages stack - Iteration 2.
Action.c(641): Registering web_url("Material-Design-Iconic-Font-a2a1ba89e7f9d29f7d5aee76e8b9f7ab.woff") was successful  	[MsgId: MMSG-26390]
Action.c(652): web_url("dataTables_en.json_2") started  	[MsgId: MMSG-26355]
Action.c(652): Registering web_url("dataTables_en.json_2") was successful  	[MsgId: MMSG-26390]
Action.c(697): web_concurrent_end started  	[MsgId: MMSG-26355]
Action.c(254): Warning -27760: Request "https://pvr-perf.rxlogix.com/reports/assets/app/rxapplication-eebebbeb632a82e8608209da3ab42ef2.js" failed   [issued at Action.c(697)]  	[MsgId: MWAR-27760]
Action.c(392): Warning -27760: Request "https://pvr-perf.rxlogix.com/reports/assets/fullcalendar/fullcalendar-lang-all-e4e9be403fd4dc092b72c368c27e5d47.js" failed   [issued at Action.c(697)]  	[MsgId: MWAR-27760]
Action.c(602): Error -27760: Request "https://pvr-perf.rxlogix.com/reports/assets/i18n/dataTables_en.json" failed   [issued at Action.c(697)]  	[MsgId: MERR-27760]
End auto log messages stack.


Start auto log messages stack - Iteration 2.
Action.c(488): Warning -27760: Request "https://pvr-perf.rxlogix.com/reports/assets/app/deleteModal-68b8e74283c8070801d2afbaf40831a1.js" failed   [issued at Action.c(697)]  	[MsgId: MWAR-27760]
Action.c(472): Warning -27760: Request "https://pvr-perf.rxlogix.com/reports/assets/gridstack/gridstack.jQueryUI.min-5bd5204d23705e69adeb23742f04ff8c.js" failed   [issued at Action.c(697)]  	[MsgId: MWAR-27760]
Action.c(480): Warning -27760: Request "https://pvr-perf.rxlogix.com/reports/assets/app/pushNotification-3d08817200dceb0a405d9f7aefa3192f.js" failed   [issued at Action.c(697)]  	[MsgId: MWAR-27760]
Action.c(630): Warning -27760: Request "https://pvr-perf.rxlogix.com/reports/assets/fontawesome-webfont-af7ae505a9eed503f8b8e6982036873e.woff2?v=4.7.0" failed   [issued at Action.c(697)]  	[MsgId: MWAR-27760]
Action.c(581): Error -27760: Request "https://pvr-perf.rxlogix.com/reports/actionItemRest/index?length=5&start=0&sort=dueDate&direction=asc" failed   [issued at Action.c(697)]  	[MsgId: MERR-27760]
End auto log messages stack.


Start auto log messages stack - Iteration 2.
Action.c(496): Warning -27760: Request "https://pvr-perf.rxlogix.com/reports/assets/app/jquery.core-2c7cdf128b42d849235dea8cadd879b8.js" failed   [issued at Action.c(697)]  	[MsgId: MWAR-27760]
Action.c(440): Warning -27760: Request "https://pvr-perf.rxlogix.com/reports/assets/highcharts/highcharts-01ce2a5c16b4e040b95b02d8cf3ea23e.js" failed   [issued at Action.c(697)]  	[MsgId: MWAR-27760]
Action.c(616): Error -27760: Request "https://pvr-perf.rxlogix.com/reports/periodicReportConfigurationRest/latestPeriodicReport?length=4&start=0" failed   [issued at Action.c(697)]  	[MsgId: MERR-27760]
End auto log messages stack.


Start auto log messages stack - Iteration 2.
Action.c(432): Warning -27760: Request "https://pvr-perf.rxlogix.com/reports/assets/highcharts/highcharts-more-31bca387194b423710d019dfa069474a.js" failed   [issued at Action.c(697)]  	[MsgId: MWAR-27760]
Action.c(590): Error -27760: Request "https://pvr-perf.rxlogix.com/reports/reportResultRest/latestAdhocReport?length=4&start=0" failed   [issued at Action.c(697)]  	[MsgId: MERR-27760]
End auto log messages stack.


Start auto log messages stack - Iteration 2.
Action.c(243): Warning -27760: Request "https://pvr-perf.rxlogix.com/reports/assets/theme_gradient_blue-8a7bc35778c66c2a34b346cddd101ad7.css" failed   [issued at Action.c(697)]  	[MsgId: MWAR-27760]
Action.c(448): Warning -27760: Request "https://pvr-perf.rxlogix.com/reports/assets/gridstack/gridstack.min-157675a5f94f1a18234a494030c5d8f0.js" failed   [issued at Action.c(697)]  	[MsgId: MWAR-27760]
Action.c(520): Warning -27760: Request "https://pvr-perf.rxlogix.com/reports/assets/jquery/customise-jquery-idleTimeout-6286fe026bdf78a6c38a29cfd8d979c8.js" failed   [issued at Action.c(697)]  	[MsgId: MWAR-27760]
Action.c(535): Warning -27760: Request "https://pvr-perf.rxlogix.com/reports/assets/fullcalendar.print-5e9985f0185898b586ec4820f63bb446.css" failed   [issued at Action.c(697)]  	[MsgId: MWAR-27760]
Action.c(555): Error -27760: Request "https://pvr-perf.rxlogix.com/reports/notificationRest/forUser/64724?_=1590989545489" failed   [issued at Action.c(697)]  	[MsgId: MERR-27760]
End auto log messages stack.


Start auto log messages stack - Iteration 3.
Action.c(42): Registering web_reg_save_param_attrib was successful  	[MsgId: MMSG-26390]
Action.c(52): web_reg_find started  	[MsgId: MMSG-26355]
Action.c(52): Registering web_reg_find was successful  	[MsgId: MMSG-26390]
Action.c(56): web_url("auth") started  	[MsgId: MMSG-26355]
Action.c(56): Redirecting "https://pvr-perf.rxlogix.com/reports/login/auth" (redirection depth is 0)  	[MsgId: MMSG-26694]
Action.c(56): To location "https://pvr-perf.rxlogix.com/reports/"  	[MsgId: MMSG-26693]
Action.c(56): Redirecting "https://pvr-perf.rxlogix.com/reports/" (redirection depth is 1)  	[MsgId: MMSG-26694]
Action.c(56): To location "https://pvr-perf.rxlogix.com/reports/dashboard/index"  	[MsgId: MMSG-26693]
Action.c(56): Error -27760: Request "https://pvr-perf.rxlogix.com/reports/dashboard/index" failed  	[MsgId: MERR-27760]
Action.c(56): Error -35048: No match found for the requested parameter "Csrf_TokenId". Check whether the tag with specific attributes exists in the response data  	[MsgId: MERR-35048]
Action.c(56): Error -26366: "Text=Login" not found for web_reg_find  	[MsgId: MERR-26366]
Action.c(56): Error -26374: The above "not found" error(s) may be explained by header and body byte counts being 671 and 0, respectively.  	[MsgId: MERR-26374]
End auto log messages stack.


Start auto log messages stack - Iteration 2.
Action.c(1746): web_url("content.min.css") started  	[MsgId: MMSG-26355]
Action.c(1746): Registering web_url("content.min.css") was successful  	[MsgId: MMSG-26390]
Action.c(1754): web_url("editor-687e49e2901f89d1e65cc77026ec0a3e.css") started  	[MsgId: MMSG-26355]
Action.c(1754): Resource "https://pvr-perf.rxlogix.com/reports/assets/editor-687e49e2901f89d1e65cc77026ec0a3e.css" is in the cache already and will not be downloaded again  	[MsgId: MMSG-26655]
Action.c(1787): web_concurrent_end started  	[MsgId: MMSG-26355]
Action.c(1787): Connection to pvr-perf.rxlogix.com:443 closed after being inactive for 620 seconds, exceeding the "HTTP Keep-Alive timeout" Runtime Setting (600 seconds). URL="[None]"  	[MsgId: MMSG-27647]
Action.c(1542): Error -27792: Failed to connect to server "pvr-perf.rxlogix.com:443": [10060] Connection timed out   [issued at Action.c(1787)]  	[MsgId: MERR-27792]
Action.c(1554): Error -27792: Failed to connect to server "pvr-perf.rxlogix.com:443": [10060] Connection timed out   [issued at Action.c(1787)]  	[MsgId: MERR-27792]
Action.c(1566): Error -27792: Failed to connect to server "pvr-perf.rxlogix.com:443": [10060] Connection timed out   [issued at Action.c(1787)]  	[MsgId: MERR-27792]
End auto log messages stack.


Start auto log messages stack - Iteration 4.
Action.c(42): Registering web_reg_save_param_attrib was successful  	[MsgId: MMSG-26390]
Action.c(52): web_reg_find started  	[MsgId: MMSG-26355]
Action.c(52): Registering web_reg_find was successful  	[MsgId: MMSG-26390]
Action.c(56): web_url("auth") started  	[MsgId: MMSG-26355]
Action.c(56): Redirecting "https://pvr-perf.rxlogix.com/reports/login/auth" (redirection depth is 0)  	[MsgId: MMSG-26694]
Action.c(56): To location "https://pvr-perf.rxlogix.com/reports/"  	[MsgId: MMSG-26693]
Action.c(56): Redirecting "https://pvr-perf.rxlogix.com/reports/" (redirection depth is 1)  	[MsgId: MMSG-26694]
Action.c(56): To location "https://pvr-perf.rxlogix.com/reports/dashboard/index"  	[MsgId: MMSG-26693]
Action.c(56): Error -35048: No match found for the requested parameter "Csrf_TokenId". Check whether the tag with specific attributes exists in the response data  	[MsgId: MERR-35048]
End auto log messages stack.


Start auto log messages stack - Iteration 3.
Action.c(42): Registering web_reg_save_param_attrib was successful  	[MsgId: MMSG-26390]
Action.c(52): web_reg_find started  	[MsgId: MMSG-26355]
Action.c(52): Registering web_reg_find was successful  	[MsgId: MMSG-26390]
Action.c(56): web_url("auth") started  	[MsgId: MMSG-26355]
Action.c(56): Redirecting "https://pvr-perf.rxlogix.com/reports/login/auth" (redirection depth is 0)  	[MsgId: MMSG-26694]
Action.c(56): To location "https://pvr-perf.rxlogix.com/reports/"  	[MsgId: MMSG-26693]
Action.c(56): Redirecting "https://pvr-perf.rxlogix.com/reports/" (redirection depth is 1)  	[MsgId: MMSG-26694]
Action.c(56): To location "https://pvr-perf.rxlogix.com/reports/dashboard/index"  	[MsgId: MMSG-26693]
Action.c(56): Error -35048: No match found for the requested parameter "Csrf_TokenId". Check whether the tag with specific attributes exists in the response data  	[MsgId: MERR-35048]
End auto log messages stack.


Start auto log messages stack - Iteration 1.
Action.c(2080): web_add_auto_header("Accept") was successful  	[MsgId: MMSG-26392]
Action.c(2083): web_add_auto_header("Sec-Fetch-Dest") started  	[MsgId: MMSG-26355]
Action.c(2083): web_add_auto_header("Sec-Fetch-Dest") was successful  	[MsgId: MMSG-26392]
Action.c(2086): web_add_auto_header("Sec-Fetch-Mode") started  	[MsgId: MMSG-26355]
Action.c(2086): web_add_auto_header("Sec-Fetch-Mode") was successful  	[MsgId: MMSG-26392]
Action.c(2089): web_add_auto_header("X-Requested-With") started  	[MsgId: MMSG-26355]
Action.c(2089): web_add_auto_header("X-Requested-With") was successful  	[MsgId: MMSG-26392]
Action.c(2092): web_url("{User_Id}_4") started  	[MsgId: MMSG-26355]
Action.c(2092): Error -27760: Request "https://pvr-perf.rxlogix.com/reports/notificationRest/forUser/87976?_=1590989652992" failed  	[MsgId: MERR-27760]
End auto log messages stack.


Start auto log messages stack - Iteration 2.
Action.c(42): Registering web_reg_save_param_attrib was successful  	[MsgId: MMSG-26390]
Action.c(52): web_reg_find started  	[MsgId: MMSG-26355]
Action.c(52): Registering web_reg_find was successful  	[MsgId: MMSG-26390]
Action.c(56): web_url("auth") started  	[MsgId: MMSG-26355]
Action.c(56): Redirecting "https://pvr-perf.rxlogix.com/reports/login/auth" (redirection depth is 0)  	[MsgId: MMSG-26694]
Action.c(56): To location "https://pvr-perf.rxlogix.com/reports/"  	[MsgId: MMSG-26693]
Action.c(56): Redirecting "https://pvr-perf.rxlogix.com/reports/" (redirection depth is 1)  	[MsgId: MMSG-26694]
Action.c(56): To location "https://pvr-perf.rxlogix.com/reports/dashboard/index"  	[MsgId: MMSG-26693]
Action.c(56): Error -35048: No match found for the requested parameter "Csrf_TokenId". Check whether the tag with specific attributes exists in the response data  	[MsgId: MERR-35048]
End auto log messages stack.


Start auto log messages stack - Iteration 1.
Action.c(168): Notify: Transaction "S01_T01_OpenApplication" ended with a "Pass" status (Duration: 85.8826 Wasted Time: 0.0047).
Action.c(170): lr_think_time: 18.00 seconds (recorded think time was 3.00 seconds).
Action.c(172): Notify: Transaction "S01_T02_Login" started.
Action.c(201): web_reg_find started  	[MsgId: MMSG-26355]
Action.c(201): Registering web_reg_find was successful  	[MsgId: MMSG-26390]
Action.c(206): web_reg_save_param_regexp started  	[MsgId: MMSG-26355]
Action.c(206): Registering web_reg_save_param_regexp was successful  	[MsgId: MMSG-26390]
Action.c(216): web_reg_save_param_ex started  	[MsgId: MMSG-26355]
Action.c(216): Registering web_reg_save_param_ex was successful  	[MsgId: MMSG-26390]
Action.c(224): web_submit_data("authenticate") started  	[MsgId: MMSG-26355]
Action.c(224): Error -27760: Request "https://pvr-perf.rxlogix.com/reports/login/authenticate" failed  	[MsgId: MERR-27760]
Action.c(224): Error -35049: No match found for the requested parameter "csrf_id2". Check whether the requested regular expression exists in the response data  	[MsgId: MERR-35049]
Action.c(224): Error -26366: "Text=Dashboard" not found for web_reg_find  	[MsgId: MERR-26366]
Action.c(224): Error -26377: No match found for the requested parameter "User_Id". Either the specified boundaries were not found in the response or the matched text is longer than current max html parameter size of 99999999 bytes. The total length of the response is 0 bytes. You can use "web_set_max_html_param_len" to increase the max parameter size.  	[MsgId: MERR-26377]
Action.c(224): Error -26374: The above "not found" error(s) may be explained by header and body byte counts being 0 and 0, respectively.  	[MsgId: MERR-26374]
End auto log messages stack.


Start auto log messages stack - Iteration 5.
Action.c(10): web_set_max_html_param_len was successful  	[MsgId: MMSG-26392]
Action.c(12): Notify: Transaction "S01_T01_OpenApplication" started.
Action.c(42): web_reg_save_param_attrib started  	[MsgId: MMSG-26355]
Action.c(42): Registering web_reg_save_param_attrib was successful  	[MsgId: MMSG-26390]
Action.c(52): web_reg_find started  	[MsgId: MMSG-26355]
Action.c(52): Registering web_reg_find was successful  	[MsgId: MMSG-26390]
Action.c(56): web_url("auth") started  	[MsgId: MMSG-26355]
Action.c(56): Redirecting "https://pvr-perf.rxlogix.com/reports/login/auth" (redirection depth is 0)  	[MsgId: MMSG-26694]
Action.c(56): To location "https://pvr-perf.rxlogix.com/reports/"  	[MsgId: MMSG-26693]
Action.c(56): Error -27760: Request "https://pvr-perf.rxlogix.com/reports/" failed  	[MsgId: MERR-27760]
Action.c(56): Error -35048: No match found for the requested parameter "Csrf_TokenId". Check whether the tag with specific attributes exists in the response data  	[MsgId: MERR-35048]
Action.c(56): Error -26366: "Text=Login" not found for web_reg_find  	[MsgId: MERR-26366]
Action.c(56): Error -26374: The above "not found" error(s) may be explained by header and body byte counts being 328 and 0, respectively.  	[MsgId: MERR-26374]
End auto log messages stack.


Start auto log messages stack - Iteration 4.
Action.c(42): Registering web_reg_save_param_attrib was successful  	[MsgId: MMSG-26390]
Action.c(52): web_reg_find started  	[MsgId: MMSG-26355]
Action.c(52): Registering web_reg_find was successful  	[MsgId: MMSG-26390]
Action.c(56): web_url("auth") started  	[MsgId: MMSG-26355]
Action.c(56): Redirecting "https://pvr-perf.rxlogix.com/reports/login/auth" (redirection depth is 0)  	[MsgId: MMSG-26694]
Action.c(56): To location "https://pvr-perf.rxlogix.com/reports/"  	[MsgId: MMSG-26693]
Action.c(56): Redirecting "https://pvr-perf.rxlogix.com/reports/" (redirection depth is 1)  	[MsgId: MMSG-26694]
Action.c(56): To location "https://pvr-perf.rxlogix.com/reports/dashboard/index"  	[MsgId: MMSG-26693]
Action.c(56): Error -35048: No match found for the requested parameter "Csrf_TokenId". Check whether the tag with specific attributes exists in the response data  	[MsgId: MERR-35048]
End auto log messages stack.


Start auto log messages stack - Iteration 3.
Action.c(42): Registering web_reg_save_param_attrib was successful  	[MsgId: MMSG-26390]
Action.c(52): web_reg_find started  	[MsgId: MMSG-26355]
Action.c(52): Registering web_reg_find was successful  	[MsgId: MMSG-26390]
Action.c(56): web_url("auth") started  	[MsgId: MMSG-26355]
Action.c(56): Redirecting "https://pvr-perf.rxlogix.com/reports/login/auth" (redirection depth is 0)  	[MsgId: MMSG-26694]
Action.c(56): To location "https://pvr-perf.rxlogix.com/reports/"  	[MsgId: MMSG-26693]
Action.c(56): Redirecting "https://pvr-perf.rxlogix.com/reports/" (redirection depth is 1)  	[MsgId: MMSG-26694]
Action.c(56): To location "https://pvr-perf.rxlogix.com/reports/dashboard/index"  	[MsgId: MMSG-26693]
Action.c(56): Error -35048: No match found for the requested parameter "Csrf_TokenId". Check whether the tag with specific attributes exists in the response data  	[MsgId: MERR-35048]
End auto log messages stack.


Start auto log messages stack - Iteration 6.
Action.c(42): Registering web_reg_save_param_attrib was successful  	[MsgId: MMSG-26390]
Action.c(52): web_reg_find started  	[MsgId: MMSG-26355]
Action.c(52): Registering web_reg_find was successful  	[MsgId: MMSG-26390]
Action.c(56): web_url("auth") started  	[MsgId: MMSG-26355]
Action.c(56): Redirecting "https://pvr-perf.rxlogix.com/reports/login/auth" (redirection depth is 0)  	[MsgId: MMSG-26694]
Action.c(56): To location "https://pvr-perf.rxlogix.com/reports/"  	[MsgId: MMSG-26693]
Action.c(56): Redirecting "https://pvr-perf.rxlogix.com/reports/" (redirection depth is 1)  	[MsgId: MMSG-26694]
Action.c(56): To location "https://pvr-perf.rxlogix.com/reports/dashboard/index"  	[MsgId: MMSG-26693]
Action.c(56): Error -35048: No match found for the requested parameter "Csrf_TokenId". Check whether the tag with specific attributes exists in the response data  	[MsgId: MERR-35048]
End auto log messages stack.


Start auto log messages stack - Iteration 2.
Action.c(1746): Registering web_url("content.min.css") was successful  	[MsgId: MMSG-26390]
Action.c(1754): web_url("editor-687e49e2901f89d1e65cc77026ec0a3e.css") started  	[MsgId: MMSG-26355]
Action.c(1754): Registering web_url("editor-687e49e2901f89d1e65cc77026ec0a3e.css") was successful  	[MsgId: MMSG-26390]
Action.c(1787): web_concurrent_end started  	[MsgId: MMSG-26355]
Action.c(1655): Warning -27760: Request "https://pvr-perf.rxlogix.com/reports/assets/tinymce/themes/modern/theme.min.js" failed   [issued at Action.c(1787)]  	[MsgId: MWAR-27760]
Action.c(1730): Warning -27760: Request "https://pvr-perf.rxlogix.com/reports/assets/plugin/dictionary/column-view-lib-bd7bc6ac60142802df527fb4fdd3a579.js" failed   [issued at Action.c(1787)]  	[MsgId: MWAR-27760]
Action.c(1587): Error -27760: Request "https://pvr-perf.rxlogix.com/reports/notificationRest/forUser/88031?_=1590989625236" failed   [issued at Action.c(1787)]  	[MsgId: MERR-27760]
Action.c(1596): Error -27760: Request "https://pvr-perf.rxlogix.com/reports/query/getValuelessOperators" failed   [issued at Action.c(1787)]  	[MsgId: MERR-27760]
Action.c(1512): Error -27760: Request "https://pvr-perf.rxlogix.com/reports/email/allEmailsForCC?emails=" failed   [issued at Action.c(1787)]  	[MsgId: MERR-27760]
End auto log messages stack.


Start auto log messages stack - Iteration 2.
Action.c(1746): Warning -27760: Request "https://pvr-perf.rxlogix.com/reports/assets/tinymce/skins/lightgray/content.min.css" failed   [issued at Action.c(1787)]  	[MsgId: MWAR-27760]
Action.c(1503): Error -27760: Request "https://pvr-perf.rxlogix.com/reports/email/allEmails/193059" failed   [issued at Action.c(1787)]  	[MsgId: MERR-27760]
End auto log messages stack.


Start auto log messages stack - Iteration 2.
Action.c(1754): Warning -27760: Request "https://pvr-perf.rxlogix.com/reports/assets/editor-687e49e2901f89d1e65cc77026ec0a3e.css" failed   [issued at Action.c(1787)]  	[MsgId: MWAR-27760]
Action.c(1698): Warning -27760: Request "https://pvr-perf.rxlogix.com/reports/assets/tinymce/plugins/link/plugin.min.js" failed   [issued at Action.c(1787)]  	[MsgId: MWAR-27760]
Action.c(1129): Warning -27760: Request "https://pvr-perf.rxlogix.com/reports/assets/app/configuration/dateRange-114c7d1894185a1583d21cb5f436038a.js" failed   [issued at Action.c(1787)]  	[MsgId: MWAR-27760]
Action.c(1722): Warning -27760: Request "https://pvr-perf.rxlogix.com/reports/assets/tinymce/plugins/code/plugin.min.js" failed   [issued at Action.c(1787)]  	[MsgId: MWAR-27760]
Action.c(1668): Error -27760: Request "https://pvr-perf.rxlogix.com/reports/assets/plugin/dictionary/polymer-mini.html" failed   [issued at Action.c(1787)]  	[MsgId: MERR-27760]
Action.c(1566): Error -27760: Request "https://pvr-perf.rxlogix.com/reports/reportTemplateRest/getTemplateNameDescription?id=30908" failed   [issued at Action.c(1787)]  	[MsgId: MERR-27760]
Action.c(1608): Error -27760: Request "https://pvr-perf.rxlogix.com/reports/userRest/sharedWithValues?ids=User_88031" failed   [issued at Action.c(1787)]  	[MsgId: MERR-27760]
End auto log messages stack.


Start auto log messages stack - Iteration 2.
Action.c(1738): Warning -27760: Request "https://pvr-perf.rxlogix.com/reports/assets/tinymce/skins/lightgray/skin.min.css" failed   [issued at Action.c(1787)]  	[MsgId: MWAR-27760]
Action.c(1454): Warning -27760: Request "https://pvr-perf.rxlogix.com/reports/assets/tinymce/tinymce.min-8913ae2d8b5e63961b59cb681291410b.js" failed   [issued at Action.c(1787)]  	[MsgId: MWAR-27760]
Action.c(1112): Warning -27760: Request "https://pvr-perf.rxlogix.com/reports/assets/app/scheduler-293bc77ad497c01ec53bcb2f97095e6b.js" failed   [issued at Action.c(1787)]  	[MsgId: MWAR-27760]
Action.c(1714): Warning -27760: Request "https://pvr-perf.rxlogix.com/reports/assets/tinymce/plugins/imagetools/plugin.min.js" failed   [issued at Action.c(1787)]  	[MsgId: MWAR-27760]
Action.c(1524): Error -27760: Request "https://pvr-perf.rxlogix.com/reports/configurationRest/fetchDateRangeTypesForDatasource?dataSourceId=6594" failed   [issued at Action.c(1787)]  	[MsgId: MERR-27760]
Action.c(1489): Error -27760: Request "https://pvr-perf.rxlogix.com/reports/assets/plugin/dictionary/column-view-64c0085c608464f4a6f66e33d985ae27.html" failed   [issued at Action.c(1787)]  	[MsgId: MERR-27760]
End auto log messages stack.


Start auto log messages stack - Iteration 5.
Action.c(42): Registering web_reg_save_param_attrib was successful  	[MsgId: MMSG-26390]
Action.c(52): web_reg_find started  	[MsgId: MMSG-26355]
Action.c(52): Registering web_reg_find was successful  	[MsgId: MMSG-26390]
Action.c(56): web_url("auth") started  	[MsgId: MMSG-26355]
Action.c(56): Redirecting "https://pvr-perf.rxlogix.com/reports/login/auth" (redirection depth is 0)  	[MsgId: MMSG-26694]
Action.c(56): To location "https://pvr-perf.rxlogix.com/reports/"  	[MsgId: MMSG-26693]
Action.c(56): Redirecting "https://pvr-perf.rxlogix.com/reports/" (redirection depth is 1)  	[MsgId: MMSG-26694]
Action.c(56): To location "https://pvr-perf.rxlogix.com/reports/dashboard/index"  	[MsgId: MMSG-26693]
Action.c(56): Error -35048: No match found for the requested parameter "Csrf_TokenId". Check whether the tag with specific attributes exists in the response data  	[MsgId: MERR-35048]
End auto log messages stack.


Start auto log messages stack - Iteration 3.
Action.c(42): Registering web_reg_save_param_attrib was successful  	[MsgId: MMSG-26390]
Action.c(52): web_reg_find started  	[MsgId: MMSG-26355]
Action.c(52): Registering web_reg_find was successful  	[MsgId: MMSG-26390]
Action.c(56): web_url("auth") started  	[MsgId: MMSG-26355]
Action.c(56): Redirecting "https://pvr-perf.rxlogix.com/reports/login/auth" (redirection depth is 0)  	[MsgId: MMSG-26694]
Action.c(56): To location "https://pvr-perf.rxlogix.com/reports/"  	[MsgId: MMSG-26693]
Action.c(56): Redirecting "https://pvr-perf.rxlogix.com/reports/" (redirection depth is 1)  	[MsgId: MMSG-26694]
Action.c(56): To location "https://pvr-perf.rxlogix.com/reports/dashboard/index"  	[MsgId: MMSG-26693]
Action.c(56): Error -35048: No match found for the requested parameter "Csrf_TokenId". Check whether the tag with specific attributes exists in the response data  	[MsgId: MERR-35048]
End auto log messages stack.


Start auto log messages stack - Iteration 4.
Action.c(42): Registering web_reg_save_param_attrib was successful  	[MsgId: MMSG-26390]
Action.c(52): web_reg_find started  	[MsgId: MMSG-26355]
Action.c(52): Registering web_reg_find was successful  	[MsgId: MMSG-26390]
Action.c(56): web_url("auth") started  	[MsgId: MMSG-26355]
Action.c(56): Redirecting "https://pvr-perf.rxlogix.com/reports/login/auth" (redirection depth is 0)  	[MsgId: MMSG-26694]
Action.c(56): To location "https://pvr-perf.rxlogix.com/reports/"  	[MsgId: MMSG-26693]
Action.c(56): Redirecting "https://pvr-perf.rxlogix.com/reports/" (redirection depth is 1)  	[MsgId: MMSG-26694]
Action.c(56): To location "https://pvr-perf.rxlogix.com/reports/dashboard/index"  	[MsgId: MMSG-26693]
Action.c(56): Error -35048: No match found for the requested parameter "Csrf_TokenId". Check whether the tag with specific attributes exists in the response data  	[MsgId: MERR-35048]
End auto log messages stack.


Start auto log messages stack - Iteration 7.
Action.c(42): Registering web_reg_save_param_attrib was successful  	[MsgId: MMSG-26390]
Action.c(52): web_reg_find started  	[MsgId: MMSG-26355]
Action.c(52): Registering web_reg_find was successful  	[MsgId: MMSG-26390]
Action.c(56): web_url("auth") started  	[MsgId: MMSG-26355]
Action.c(56): Redirecting "https://pvr-perf.rxlogix.com/reports/login/auth" (redirection depth is 0)  	[MsgId: MMSG-26694]
Action.c(56): To location "https://pvr-perf.rxlogix.com/reports/"  	[MsgId: MMSG-26693]
Action.c(56): Redirecting "https://pvr-perf.rxlogix.com/reports/" (redirection depth is 1)  	[MsgId: MMSG-26694]
Action.c(56): To location "https://pvr-perf.rxlogix.com/reports/dashboard/index"  	[MsgId: MMSG-26693]
Action.c(56): Error -35048: No match found for the requested parameter "Csrf_TokenId". Check whether the tag with specific attributes exists in the response data  	[MsgId: MERR-35048]
End auto log messages stack.


Start auto log messages stack - Iteration 6.
Action.c(42): Registering web_reg_save_param_attrib was successful  	[MsgId: MMSG-26390]
Action.c(52): web_reg_find started  	[MsgId: MMSG-26355]
Action.c(52): Registering web_reg_find was successful  	[MsgId: MMSG-26390]
Action.c(56): web_url("auth") started  	[MsgId: MMSG-26355]
Action.c(56): Redirecting "https://pvr-perf.rxlogix.com/reports/login/auth" (redirection depth is 0)  	[MsgId: MMSG-26694]
Action.c(56): To location "https://pvr-perf.rxlogix.com/reports/"  	[MsgId: MMSG-26693]
Action.c(56): Redirecting "https://pvr-perf.rxlogix.com/reports/" (redirection depth is 1)  	[MsgId: MMSG-26694]
Action.c(56): To location "https://pvr-perf.rxlogix.com/reports/dashboard/index"  	[MsgId: MMSG-26693]
Action.c(56): Error -35048: No match found for the requested parameter "Csrf_TokenId". Check whether the tag with specific attributes exists in the response data  	[MsgId: MERR-35048]
End auto log messages stack.


Start auto log messages stack - Iteration 4.
Action.c(42): Registering web_reg_save_param_attrib was successful  	[MsgId: MMSG-26390]
Action.c(52): web_reg_find started  	[MsgId: MMSG-26355]
Action.c(52): Registering web_reg_find was successful  	[MsgId: MMSG-26390]
Action.c(56): web_url("auth") started  	[MsgId: MMSG-26355]
Action.c(56): Redirecting "https://pvr-perf.rxlogix.com/reports/login/auth" (redirection depth is 0)  	[MsgId: MMSG-26694]
Action.c(56): To location "https://pvr-perf.rxlogix.com/reports/"  	[MsgId: MMSG-26693]
Action.c(56): Redirecting "https://pvr-perf.rxlogix.com/reports/" (redirection depth is 1)  	[MsgId: MMSG-26694]
Action.c(56): To location "https://pvr-perf.rxlogix.com/reports/dashboard/index"  	[MsgId: MMSG-26693]
Action.c(56): Error -27760: Request "https://pvr-perf.rxlogix.com/reports/dashboard/index" failed  	[MsgId: MERR-27760]
Action.c(56): Error -35048: No match found for the requested parameter "Csrf_TokenId". Check whether the tag with specific attributes exists in the response data  	[MsgId: MERR-35048]
Action.c(56): Error -26366: "Text=Login" not found for web_reg_find  	[MsgId: MERR-26366]
Action.c(56): Error -26374: The above "not found" error(s) may be explained by header and body byte counts being 671 and 0, respectively.  	[MsgId: MERR-26374]
End auto log messages stack.


Start auto log messages stack - Iteration 5.
Action.c(42): Registering web_reg_save_param_attrib was successful  	[MsgId: MMSG-26390]
Action.c(52): web_reg_find started  	[MsgId: MMSG-26355]
Action.c(52): Registering web_reg_find was successful  	[MsgId: MMSG-26390]
Action.c(56): web_url("auth") started  	[MsgId: MMSG-26355]
Action.c(56): Redirecting "https://pvr-perf.rxlogix.com/reports/login/auth" (redirection depth is 0)  	[MsgId: MMSG-26694]
Action.c(56): To location "https://pvr-perf.rxlogix.com/reports/"  	[MsgId: MMSG-26693]
Action.c(56): Redirecting "https://pvr-perf.rxlogix.com/reports/" (redirection depth is 1)  	[MsgId: MMSG-26694]
Action.c(56): To location "https://pvr-perf.rxlogix.com/reports/dashboard/index"  	[MsgId: MMSG-26693]
Action.c(56): Error -35048: No match found for the requested parameter "Csrf_TokenId". Check whether the tag with specific attributes exists in the response data  	[MsgId: MERR-35048]
End auto log messages stack.


Start auto log messages stack - Iteration 8.
Action.c(42): Registering web_reg_save_param_attrib was successful  	[MsgId: MMSG-26390]
Action.c(52): web_reg_find started  	[MsgId: MMSG-26355]
Action.c(52): Registering web_reg_find was successful  	[MsgId: MMSG-26390]
Action.c(56): web_url("auth") started  	[MsgId: MMSG-26355]
Action.c(56): Redirecting "https://pvr-perf.rxlogix.com/reports/login/auth" (redirection depth is 0)  	[MsgId: MMSG-26694]
Action.c(56): To location "https://pvr-perf.rxlogix.com/reports/"  	[MsgId: MMSG-26693]
Action.c(56): Redirecting "https://pvr-perf.rxlogix.com/reports/" (redirection depth is 1)  	[MsgId: MMSG-26694]
Action.c(56): To location "https://pvr-perf.rxlogix.com/reports/dashboard/index"  	[MsgId: MMSG-26693]
Action.c(56): Error -35048: No match found for the requested parameter "Csrf_TokenId". Check whether the tag with specific attributes exists in the response data  	[MsgId: MERR-35048]
End auto log messages stack.


Start auto log messages stack - Iteration 7.
Action.c(42): Registering web_reg_save_param_attrib was successful  	[MsgId: MMSG-26390]
Action.c(52): web_reg_find started  	[MsgId: MMSG-26355]
Action.c(52): Registering web_reg_find was successful  	[MsgId: MMSG-26390]
Action.c(56): web_url("auth") started  	[MsgId: MMSG-26355]
Action.c(56): Redirecting "https://pvr-perf.rxlogix.com/reports/login/auth" (redirection depth is 0)  	[MsgId: MMSG-26694]
Action.c(56): To location "https://pvr-perf.rxlogix.com/reports/"  	[MsgId: MMSG-26693]
Action.c(56): Redirecting "https://pvr-perf.rxlogix.com/reports/" (redirection depth is 1)  	[MsgId: MMSG-26694]
Action.c(56): To location "https://pvr-perf.rxlogix.com/reports/dashboard/index"  	[MsgId: MMSG-26693]
Action.c(56): Error -35048: No match found for the requested parameter "Csrf_TokenId". Check whether the tag with specific attributes exists in the response data  	[MsgId: MERR-35048]
End auto log messages stack.


Start auto log messages stack - Iteration 5.
Action.c(42): Registering web_reg_save_param_attrib was successful  	[MsgId: MMSG-26390]
Action.c(52): web_reg_find started  	[MsgId: MMSG-26355]
Action.c(52): Registering web_reg_find was successful  	[MsgId: MMSG-26390]
Action.c(56): web_url("auth") started  	[MsgId: MMSG-26355]
Action.c(56): Redirecting "https://pvr-perf.rxlogix.com/reports/login/auth" (redirection depth is 0)  	[MsgId: MMSG-26694]
Action.c(56): To location "https://pvr-perf.rxlogix.com/reports/"  	[MsgId: MMSG-26693]
Action.c(56): Redirecting "https://pvr-perf.rxlogix.com/reports/" (redirection depth is 1)  	[MsgId: MMSG-26694]
Action.c(56): To location "https://pvr-perf.rxlogix.com/reports/dashboard/index"  	[MsgId: MMSG-26693]
Action.c(56): Error -35048: No match found for the requested parameter "Csrf_TokenId". Check whether the tag with specific attributes exists in the response data  	[MsgId: MERR-35048]
End auto log messages stack.


Start auto log messages stack - Iteration 6.
Action.c(42): Registering web_reg_save_param_attrib was successful  	[MsgId: MMSG-26390]
Action.c(52): web_reg_find started  	[MsgId: MMSG-26355]
Action.c(52): Registering web_reg_find was successful  	[MsgId: MMSG-26390]
Action.c(56): web_url("auth") started  	[MsgId: MMSG-26355]
Action.c(56): Redirecting "https://pvr-perf.rxlogix.com/reports/login/auth" (redirection depth is 0)  	[MsgId: MMSG-26694]
Action.c(56): To location "https://pvr-perf.rxlogix.com/reports/"  	[MsgId: MMSG-26693]
Action.c(56): Redirecting "https://pvr-perf.rxlogix.com/reports/" (redirection depth is 1)  	[MsgId: MMSG-26694]
Action.c(56): To location "https://pvr-perf.rxlogix.com/reports/dashboard/index"  	[MsgId: MMSG-26693]
Action.c(56): Error -35048: No match found for the requested parameter "Csrf_TokenId". Check whether the tag with specific attributes exists in the response data  	[MsgId: MERR-35048]
End auto log messages stack.


Start auto log messages stack - Iteration 9.
Action.c(42): Registering web_reg_save_param_attrib was successful  	[MsgId: MMSG-26390]
Action.c(52): web_reg_find started  	[MsgId: MMSG-26355]
Action.c(52): Registering web_reg_find was successful  	[MsgId: MMSG-26390]
Action.c(56): web_url("auth") started  	[MsgId: MMSG-26355]
Action.c(56): Redirecting "https://pvr-perf.rxlogix.com/reports/login/auth" (redirection depth is 0)  	[MsgId: MMSG-26694]
Action.c(56): To location "https://pvr-perf.rxlogix.com/reports/"  	[MsgId: MMSG-26693]
Action.c(56): Redirecting "https://pvr-perf.rxlogix.com/reports/" (redirection depth is 1)  	[MsgId: MMSG-26694]
Action.c(56): To location "https://pvr-perf.rxlogix.com/reports/dashboard/index"  	[MsgId: MMSG-26693]
Action.c(56): Error -35048: No match found for the requested parameter "Csrf_TokenId". Check whether the tag with specific attributes exists in the response data  	[MsgId: MERR-35048]
End auto log messages stack.


Start auto log messages stack - Iteration 8.
Action.c(42): Registering web_reg_save_param_attrib was successful  	[MsgId: MMSG-26390]
Action.c(52): web_reg_find started  	[MsgId: MMSG-26355]
Action.c(52): Registering web_reg_find was successful  	[MsgId: MMSG-26390]
Action.c(56): web_url("auth") started  	[MsgId: MMSG-26355]
Action.c(56): Redirecting "https://pvr-perf.rxlogix.com/reports/login/auth" (redirection depth is 0)  	[MsgId: MMSG-26694]
Action.c(56): To location "https://pvr-perf.rxlogix.com/reports/"  	[MsgId: MMSG-26693]
Action.c(56): Redirecting "https://pvr-perf.rxlogix.com/reports/" (redirection depth is 1)  	[MsgId: MMSG-26694]
Action.c(56): To location "https://pvr-perf.rxlogix.com/reports/dashboard/index"  	[MsgId: MMSG-26693]
Action.c(56): Error -35048: No match found for the requested parameter "Csrf_TokenId". Check whether the tag with specific attributes exists in the response data  	[MsgId: MERR-35048]
End auto log messages stack.


Start auto log messages stack - Iteration 6.
Action.c(42): Registering web_reg_save_param_attrib was successful  	[MsgId: MMSG-26390]
Action.c(52): web_reg_find started  	[MsgId: MMSG-26355]
Action.c(52): Registering web_reg_find was successful  	[MsgId: MMSG-26390]
Action.c(56): web_url("auth") started  	[MsgId: MMSG-26355]
Action.c(56): Redirecting "https://pvr-perf.rxlogix.com/reports/login/auth" (redirection depth is 0)  	[MsgId: MMSG-26694]
Action.c(56): To location "https://pvr-perf.rxlogix.com/reports/"  	[MsgId: MMSG-26693]
Action.c(56): Redirecting "https://pvr-perf.rxlogix.com/reports/" (redirection depth is 1)  	[MsgId: MMSG-26694]
Action.c(56): To location "https://pvr-perf.rxlogix.com/reports/dashboard/index"  	[MsgId: MMSG-26693]
Action.c(56): Error -35048: No match found for the requested parameter "Csrf_TokenId". Check whether the tag with specific attributes exists in the response data  	[MsgId: MERR-35048]
End auto log messages stack.


Start auto log messages stack - Iteration 7.
Action.c(42): Registering web_reg_save_param_attrib was successful  	[MsgId: MMSG-26390]
Action.c(52): web_reg_find started  	[MsgId: MMSG-26355]
Action.c(52): Registering web_reg_find was successful  	[MsgId: MMSG-26390]
Action.c(56): web_url("auth") started  	[MsgId: MMSG-26355]
Action.c(56): Redirecting "https://pvr-perf.rxlogix.com/reports/login/auth" (redirection depth is 0)  	[MsgId: MMSG-26694]
Action.c(56): To location "https://pvr-perf.rxlogix.com/reports/"  	[MsgId: MMSG-26693]
Action.c(56): Redirecting "https://pvr-perf.rxlogix.com/reports/" (redirection depth is 1)  	[MsgId: MMSG-26694]
Action.c(56): To location "https://pvr-perf.rxlogix.com/reports/dashboard/index"  	[MsgId: MMSG-26693]
Action.c(56): Error -35048: No match found for the requested parameter "Csrf_TokenId". Check whether the tag with specific attributes exists in the response data  	[MsgId: MERR-35048]
End auto log messages stack.


Start auto log messages stack - Iteration 10.
Action.c(42): Registering web_reg_save_param_attrib was successful  	[MsgId: MMSG-26390]
Action.c(52): web_reg_find started  	[MsgId: MMSG-26355]
Action.c(52): Registering web_reg_find was successful  	[MsgId: MMSG-26390]
Action.c(56): web_url("auth") started  	[MsgId: MMSG-26355]
Action.c(56): Redirecting "https://pvr-perf.rxlogix.com/reports/login/auth" (redirection depth is 0)  	[MsgId: MMSG-26694]
Action.c(56): To location "https://pvr-perf.rxlogix.com/reports/"  	[MsgId: MMSG-26693]
Action.c(56): Redirecting "https://pvr-perf.rxlogix.com/reports/" (redirection depth is 1)  	[MsgId: MMSG-26694]
Action.c(56): To location "https://pvr-perf.rxlogix.com/reports/dashboard/index"  	[MsgId: MMSG-26693]
Action.c(56): Error -35048: No match found for the requested parameter "Csrf_TokenId". Check whether the tag with specific attributes exists in the response data  	[MsgId: MERR-35048]
End auto log messages stack.


Start auto log messages stack - Iteration 9.
Action.c(6): web_cleanup_auto_headers started  	[MsgId: MMSG-26355]
Action.c(6): web_cleanup_auto_headers was successful  	[MsgId: MMSG-26392]
Action.c(10): web_set_max_html_param_len started  	[MsgId: MMSG-26355]
Action.c(10): web_set_max_html_param_len was successful  	[MsgId: MMSG-26392]
Action.c(12): Notify: Transaction "S01_T01_OpenApplication" started.
Action.c(42): web_reg_save_param_attrib started  	[MsgId: MMSG-26355]
Action.c(42): Registering web_reg_save_param_attrib was successful  	[MsgId: MMSG-26390]
Action.c(52): web_reg_find started  	[MsgId: MMSG-26355]
Action.c(52): Registering web_reg_find was successful  	[MsgId: MMSG-26390]
Action.c(56): web_url("auth") started  	[MsgId: MMSG-26355]
Action.c(56): Error -27792: Failed to connect to server "pvr-perf.rxlogix.com:443": [10060] Connection timed out  	[MsgId: MERR-27792]
Action.c(56): Error -35048: No match found for the requested parameter "Csrf_TokenId". Check whether the tag with specific attributes exists in the response data  	[MsgId: MERR-35048]
Action.c(56): Error -26366: "Text=Login" not found for web_reg_find  	[MsgId: MERR-26366]
Action.c(56): Error -26374: The above "not found" error(s) may be explained by header and body byte counts being 0 and 0, respectively.  	[MsgId: MERR-26374]
End auto log messages stack.


Start auto log messages stack - Iteration 7.
Action.c(42): Registering web_reg_save_param_attrib was successful  	[MsgId: MMSG-26390]
Action.c(52): web_reg_find started  	[MsgId: MMSG-26355]
Action.c(52): Registering web_reg_find was successful  	[MsgId: MMSG-26390]
Action.c(56): web_url("auth") started  	[MsgId: MMSG-26355]
Action.c(56): Redirecting "https://pvr-perf.rxlogix.com/reports/login/auth" (redirection depth is 0)  	[MsgId: MMSG-26694]
Action.c(56): To location "https://pvr-perf.rxlogix.com/reports/"  	[MsgId: MMSG-26693]
Action.c(56): Redirecting "https://pvr-perf.rxlogix.com/reports/" (redirection depth is 1)  	[MsgId: MMSG-26694]
Action.c(56): To location "https://pvr-perf.rxlogix.com/reports/dashboard/index"  	[MsgId: MMSG-26693]
Action.c(56): Error -35048: No match found for the requested parameter "Csrf_TokenId". Check whether the tag with specific attributes exists in the response data  	[MsgId: MERR-35048]
End auto log messages stack.


Start auto log messages stack - Iteration 8.
Action.c(42): Registering web_reg_save_param_attrib was successful  	[MsgId: MMSG-26390]
Action.c(52): web_reg_find started  	[MsgId: MMSG-26355]
Action.c(52): Registering web_reg_find was successful  	[MsgId: MMSG-26390]
Action.c(56): web_url("auth") started  	[MsgId: MMSG-26355]
Action.c(56): Redirecting "https://pvr-perf.rxlogix.com/reports/login/auth" (redirection depth is 0)  	[MsgId: MMSG-26694]
Action.c(56): To location "https://pvr-perf.rxlogix.com/reports/"  	[MsgId: MMSG-26693]
Action.c(56): Redirecting "https://pvr-perf.rxlogix.com/reports/" (redirection depth is 1)  	[MsgId: MMSG-26694]
Action.c(56): To location "https://pvr-perf.rxlogix.com/reports/dashboard/index"  	[MsgId: MMSG-26693]
Action.c(56): Error -35048: No match found for the requested parameter "Csrf_TokenId". Check whether the tag with specific attributes exists in the response data  	[MsgId: MERR-35048]
End auto log messages stack.


Start auto log messages stack - Iteration 11.
Action.c(42): Registering web_reg_save_param_attrib was successful  	[MsgId: MMSG-26390]
Action.c(52): web_reg_find started  	[MsgId: MMSG-26355]
Action.c(52): Registering web_reg_find was successful  	[MsgId: MMSG-26390]
Action.c(56): web_url("auth") started  	[MsgId: MMSG-26355]
Action.c(56): Redirecting "https://pvr-perf.rxlogix.com/reports/login/auth" (redirection depth is 0)  	[MsgId: MMSG-26694]
Action.c(56): To location "https://pvr-perf.rxlogix.com/reports/"  	[MsgId: MMSG-26693]
Action.c(56): Redirecting "https://pvr-perf.rxlogix.com/reports/" (redirection depth is 1)  	[MsgId: MMSG-26694]
Action.c(56): To location "https://pvr-perf.rxlogix.com/reports/dashboard/index"  	[MsgId: MMSG-26693]
Action.c(56): Error -35048: No match found for the requested parameter "Csrf_TokenId". Check whether the tag with specific attributes exists in the response data  	[MsgId: MERR-35048]
End auto log messages stack.


Start auto log messages stack - Iteration 10.
Action.c(42): Registering web_reg_save_param_attrib was successful  	[MsgId: MMSG-26390]
Action.c(52): web_reg_find started  	[MsgId: MMSG-26355]
Action.c(52): Registering web_reg_find was successful  	[MsgId: MMSG-26390]
Action.c(56): web_url("auth") started  	[MsgId: MMSG-26355]
Action.c(56): Redirecting "https://pvr-perf.rxlogix.com/reports/login/auth" (redirection depth is 0)  	[MsgId: MMSG-26694]
Action.c(56): To location "https://pvr-perf.rxlogix.com/reports/"  	[MsgId: MMSG-26693]
Action.c(56): Redirecting "https://pvr-perf.rxlogix.com/reports/" (redirection depth is 1)  	[MsgId: MMSG-26694]
Action.c(56): To location "https://pvr-perf.rxlogix.com/reports/dashboard/index"  	[MsgId: MMSG-26693]
Action.c(56): Error -35048: No match found for the requested parameter "Csrf_TokenId". Check whether the tag with specific attributes exists in the response data  	[MsgId: MERR-35048]
End auto log messages stack.


Start auto log messages stack - Iteration 8.
Action.c(42): Registering web_reg_save_param_attrib was successful  	[MsgId: MMSG-26390]
Action.c(52): web_reg_find started  	[MsgId: MMSG-26355]
Action.c(52): Registering web_reg_find was successful  	[MsgId: MMSG-26390]
Action.c(56): web_url("auth") started  	[MsgId: MMSG-26355]
Action.c(56): Redirecting "https://pvr-perf.rxlogix.com/reports/login/auth" (redirection depth is 0)  	[MsgId: MMSG-26694]
Action.c(56): To location "https://pvr-perf.rxlogix.com/reports/"  	[MsgId: MMSG-26693]
Action.c(56): Redirecting "https://pvr-perf.rxlogix.com/reports/" (redirection depth is 1)  	[MsgId: MMSG-26694]
Action.c(56): To location "https://pvr-perf.rxlogix.com/reports/dashboard/index"  	[MsgId: MMSG-26693]
Action.c(56): Error -35048: No match found for the requested parameter "Csrf_TokenId". Check whether the tag with specific attributes exists in the response data  	[MsgId: MERR-35048]
End auto log messages stack.


Start auto log messages stack - Iteration 9.
Action.c(42): Registering web_reg_save_param_attrib was successful  	[MsgId: MMSG-26390]
Action.c(52): web_reg_find started  	[MsgId: MMSG-26355]
Action.c(52): Registering web_reg_find was successful  	[MsgId: MMSG-26390]
Action.c(56): web_url("auth") started  	[MsgId: MMSG-26355]
Action.c(56): Redirecting "https://pvr-perf.rxlogix.com/reports/login/auth" (redirection depth is 0)  	[MsgId: MMSG-26694]
Action.c(56): To location "https://pvr-perf.rxlogix.com/reports/"  	[MsgId: MMSG-26693]
Action.c(56): Redirecting "https://pvr-perf.rxlogix.com/reports/" (redirection depth is 1)  	[MsgId: MMSG-26694]
Action.c(56): To location "https://pvr-perf.rxlogix.com/reports/dashboard/index"  	[MsgId: MMSG-26693]
Action.c(56): Error -35048: No match found for the requested parameter "Csrf_TokenId". Check whether the tag with specific attributes exists in the response data  	[MsgId: MERR-35048]
End auto log messages stack.


Start auto log messages stack - Iteration 12.
Action.c(10): web_set_max_html_param_len was successful  	[MsgId: MMSG-26392]
Action.c(12): Notify: Transaction "S01_T01_OpenApplication" started.
Action.c(42): web_reg_save_param_attrib started  	[MsgId: MMSG-26355]
Action.c(42): Registering web_reg_save_param_attrib was successful  	[MsgId: MMSG-26390]
Action.c(52): web_reg_find started  	[MsgId: MMSG-26355]
Action.c(52): Registering web_reg_find was successful  	[MsgId: MMSG-26390]
Action.c(56): web_url("auth") started  	[MsgId: MMSG-26355]
Action.c(56): Connection to pvr-perf.rxlogix.com:443 closed after being inactive for 920 seconds, exceeding the "HTTP Keep-Alive timeout" Runtime Setting (600 seconds). URL="[None]"  	[MsgId: MMSG-27647]
Action.c(56): Error -27794: Could not resolve address of host pvr-perf.rxlogix.com  	[MsgId: MERR-27794]
Action.c(56): Error -35048: No match found for the requested parameter "Csrf_TokenId". Check whether the tag with specific attributes exists in the response data  	[MsgId: MERR-35048]
Action.c(56): Error -26366: "Text=Login" not found for web_reg_find  	[MsgId: MERR-26366]
Action.c(56): Error -26374: The above "not found" error(s) may be explained by header and body byte counts being 0 and 0, respectively.  	[MsgId: MERR-26374]
End auto log messages stack.


Start auto log messages stack - Iteration 11.
Action.c(10): web_set_max_html_param_len was successful  	[MsgId: MMSG-26392]
Action.c(12): Notify: Transaction "S01_T01_OpenApplication" started.
Action.c(42): web_reg_save_param_attrib started  	[MsgId: MMSG-26355]
Action.c(42): Registering web_reg_save_param_attrib was successful  	[MsgId: MMSG-26390]
Action.c(52): web_reg_find started  	[MsgId: MMSG-26355]
Action.c(52): Registering web_reg_find was successful  	[MsgId: MMSG-26390]
Action.c(56): web_url("auth") started  	[MsgId: MMSG-26355]
Action.c(56): Connection to pvr-perf.rxlogix.com:443 closed after being inactive for 921 seconds, exceeding the "HTTP Keep-Alive timeout" Runtime Setting (600 seconds). URL="[None]"  	[MsgId: MMSG-27647]
Action.c(56): Error -27794: Could not resolve address of host pvr-perf.rxlogix.com  	[MsgId: MERR-27794]
Action.c(56): Error -35048: No match found for the requested parameter "Csrf_TokenId". Check whether the tag with specific attributes exists in the response data  	[MsgId: MERR-35048]
Action.c(56): Error -26366: "Text=Login" not found for web_reg_find  	[MsgId: MERR-26366]
Action.c(56): Error -26374: The above "not found" error(s) may be explained by header and body byte counts being 0 and 0, respectively.  	[MsgId: MERR-26374]
End auto log messages stack.


Start auto log messages stack - Iteration 10.
Action.c(10): web_set_max_html_param_len was successful  	[MsgId: MMSG-26392]
Action.c(12): Notify: Transaction "S01_T01_OpenApplication" started.
Action.c(42): web_reg_save_param_attrib started  	[MsgId: MMSG-26355]
Action.c(42): Registering web_reg_save_param_attrib was successful  	[MsgId: MMSG-26390]
Action.c(52): web_reg_find started  	[MsgId: MMSG-26355]
Action.c(52): Registering web_reg_find was successful  	[MsgId: MMSG-26390]
Start auto log messages stack - Iteration 9.
Action.c(56): web_url("auth") started  	[MsgId: MMSG-26355]
Action.c(10): web_set_max_html_param_len was successful  	[MsgId: MMSG-26392]
Action.c(56): Connection to pvr-perf.rxlogix.com:443 closed after being inactive for 677 seconds, exceeding the "HTTP Keep-Alive timeout" Runtime Setting (600 seconds). URL="[None]"  	[MsgId: MMSG-27647]
Action.c(12): Notify: Transaction "S01_T01_OpenApplication" started.
Action.c(56): Error -27792: Failed to connect to server "pvr-perf.rxlogix.com:443": [10060] Connection timed out  	[MsgId: MERR-27792]
Action.c(42): web_reg_save_param_attrib started  	[MsgId: MMSG-26355]
Action.c(42): Registering web_reg_save_param_attrib was successful  	[MsgId: MMSG-26390]
Action.c(52): web_reg_find started  	[MsgId: MMSG-26355]
Action.c(52): Registering web_reg_find was successful  	[MsgId: MMSG-26390]
Action.c(56): web_url("auth") started  	[MsgId: MMSG-26355]
Action.c(56): Connection to pvr-perf.rxlogix.com:443 closed after being inactive for 757 seconds, exceeding the "HTTP Keep-Alive timeout" Runtime Setting (600 seconds). URL="[None]"  	[MsgId: MMSG-27647]
Action.c(56): Error -27792: Failed to connect to server "pvr-perf.rxlogix.com:443": [10060] Connection timed out  	[MsgId: MERR-27792]
Action.c(56): Error -35048: No match found for the requested parameter "Csrf_TokenId". Check whether the tag with specific attributes exists in the response data  	[MsgId: MERR-35048]
Action.c(56): Error -35048: No match found for the requested parameter "Csrf_TokenId". Check whether the tag with specific attributes exists in the response data  	[MsgId: MERR-35048]
Action.c(56): Error -26366: "Text=Login" not found for web_reg_find  	[MsgId: MERR-26366]
Action.c(56): Error -26374: The above "not found" error(s) may be explained by header and body byte counts being 0 and 0, respectively.  	[MsgId: MERR-26374]
End auto log messages stack.


Action.c(56): Error -26366: "Text=Login" not found for web_reg_find  	[MsgId: MERR-26366]
Action.c(56): Error -26374: The above "not found" error(s) may be explained by header and body byte counts being 0 and 0, respectively.  	[MsgId: MERR-26374]
End auto log messages stack.


