Start auto log messages stack - Iteration 1.
Action.c(1978): web_add_header("Upgrade-Insecure-Requests") started  	[MsgId: MMSG-26355]
Action.c(1978): web_add_header("Upgrade-Insecure-Requests") was successful  	[MsgId: MMSG-26392]
globals.h(35): web_add_header("X-dynaTrace-Test") started  	[MsgId: MMSG-26355]
globals.h(35): web_add_header("X-dynaTrace-Test") was successful  	[MsgId: MMSG-26392]
Action.c(1982): web_url("index_3") started  	[MsgId: MMSG-26355]
Action.c(1982): Connection to pvr-perf.rxlogix.com:443 closed after being inactive for 65 seconds, exceeding the "HTTP Keep-Alive timeout" Runtime Setting (60 seconds). URL="[None]"  	[MsgId: MMSG-27647]
Action.c(1982): ssl_handle_status encounter error : SSL_ERROR_SYSCALL, error id : 0  	[MsgId: MMSG-26000]
Action.c(1982): Error -27776: [GENERAL_MSG_CAT_SSL_ERROR]connect to host "pvr-perf.rxlogix.com" failed  	[MsgId: MERR-27776]
End auto log messages stack.


Start auto log messages stack - Iteration 2.
Action.c(717): Registering web_url("latestPeriodicReport") was successful  	[MsgId: MMSG-26390]
globals.h(35): web_add_header("X-dynaTrace-Test") started  	[MsgId: MMSG-26355]
globals.h(35): web_add_header("X-dynaTrace-Test") was successful  	[MsgId: MMSG-26392]
Action.c(732): web_url("dataTables_en.json_2") started  	[MsgId: MMSG-26355]
Action.c(732): Registering web_url("dataTables_en.json_2") was successful  	[MsgId: MMSG-26390]
Action.c(779): web_concurrent_end started  	[MsgId: MMSG-26355]
Action.c(779): Connection to pvr-perf.rxlogix.com:443 closed after being inactive for 62 seconds, exceeding the "HTTP Keep-Alive timeout" Runtime Setting (60 seconds). URL="[None]"  	[MsgId: MMSG-27647]
Action.c(704): Error -27792: Failed to connect to server "pvr-perf.rxlogix.com:443": [10060] Connection timed out   [issued at Action.c(779)]  	[MsgId: MERR-27792]
Action.c(416): Error -27792: Failed to connect to server "pvr-perf.rxlogix.com:443": [10060] Connection timed out   [issued at Action.c(779)]  	[MsgId: MERR-27792]
Action.c(717): Error -27792: Failed to connect to server "pvr-perf.rxlogix.com:443": [10060] Connection timed out   [issued at Action.c(779)]  	[MsgId: MERR-27792]
Action.c(732): Error -27792: Failed to connect to server "pvr-perf.rxlogix.com:443": [10060] Connection timed out   [issued at Action.c(779)]  	[MsgId: MERR-27792]
Action.c(653): Error -27792: Failed to connect to server "pvr-perf.rxlogix.com:443": [10060] Connection timed out   [issued at Action.c(779)]  	[MsgId: MERR-27792]
Action.c(678): Error -27760: Request "https://pvr-perf.rxlogix.com/reports/stomp/info" failed   [issued at Action.c(779)]  	[MsgId: MERR-27760]
End auto log messages stack.


Start auto log messages stack - Iteration 1.
Action.c(297): Warning -27760: Request "https://pvr-perf.rxlogix.com/reports/assets/app/rxapplication-eebebbeb632a82e8608209da3ab42ef2.js" failed   [issued at Action.c(779)]  	[MsgId: MWAR-27760]
Action.c(534): Warning -27760: Request "https://pvr-perf.rxlogix.com/reports/assets/gridstack/gridstack.jQueryUI.min-5bd5204d23705e69adeb23742f04ff8c.js" failed   [issued at Action.c(779)]  	[MsgId: MWAR-27760]
Action.c(480): Warning -27760: Request "https://pvr-perf.rxlogix.com/reports/assets/highcharts/highcharts-01ce2a5c16b4e040b95b02d8cf3ea23e.js" failed   [issued at Action.c(779)]  	[MsgId: MWAR-27760]
Action.c(435): Warning -27760: Request "https://pvr-perf.rxlogix.com/reports/assets/fullcalendar/fullcalendar-ab21481ecaaf856ac398df2626c214f0.js" failed   [issued at Action.c(779)]  	[MsgId: MWAR-27760]
Action.c(653): Error -27760: Request "https://pvr-perf.rxlogix.com/reports/notificationRest/forUser/88306?_=1591018020978" failed   [issued at Action.c(779)]  	[MsgId: MERR-27760]
Action.c(732): Error -27760: Request "https://pvr-perf.rxlogix.com/reports/assets/i18n/dataTables_en.json?_=1591018020981" failed   [issued at Action.c(779)]  	[MsgId: MERR-27760]
End auto log messages stack.


Start auto log messages stack - Iteration 1.
Action.c(629): Warning -27760: Request "https://pvr-perf.rxlogix.com/reports/assets/fontawesome-webfont-af7ae505a9eed503f8b8e6982036873e.woff2?v=4.7.0" failed   [issued at Action.c(779)]  	[MsgId: MWAR-27760]
Action.c(543): Warning -27760: Request "https://pvr-perf.rxlogix.com/reports/assets/gridstack/gridstack.min-157675a5f94f1a18234a494030c5d8f0.js" failed   [issued at Action.c(779)]  	[MsgId: MWAR-27760]
Action.c(717): Error -27760: Request "https://pvr-perf.rxlogix.com/reports/periodicReportConfigurationRest/latestPeriodicReport?length=4&start=0&_=1591018020980" failed   [issued at Action.c(779)]  	[MsgId: MERR-27760]
End auto log messages stack.


Start auto log messages stack - Iteration 1.
Action.c(285): Warning -27760: Request "https://pvr-perf.rxlogix.com/reports/assets/theme_gradient_blue-8a7bc35778c66c2a34b346cddd101ad7.css" failed   [issued at Action.c(779)]  	[MsgId: MWAR-27760]
Action.c(453): Warning -27760: Request "https://pvr-perf.rxlogix.com/reports/assets/fullcalendar/fullcalendar-lang-all-e4e9be403fd4dc092b72c368c27e5d47.js" failed   [issued at Action.c(779)]  	[MsgId: MWAR-27760]
Action.c(691): Error -27760: Request "https://pvr-perf.rxlogix.com/reports/reportResultRest/latestAdhocReport?length=4&start=0" failed   [issued at Action.c(779)]  	[MsgId: MERR-27760]
Action.c(666): Error -27760: Request "https://pvr-perf.rxlogix.com/reports/actionItemRest/index?length=5&start=0&sort=dueDate&direction=asc" failed   [issued at Action.c(779)]  	[MsgId: MERR-27760]
End auto log messages stack.


Start auto log messages stack - Iteration 3.
globals.h(35): web_add_header("X-dynaTrace-Test") was successful  	[MsgId: MMSG-26392]
Action.c(717): web_url("latestPeriodicReport") started  	[MsgId: MMSG-26355]
Action.c(717): Registering web_url("latestPeriodicReport") was successful  	[MsgId: MMSG-26390]
globals.h(35): web_add_header("X-dynaTrace-Test") started  	[MsgId: MMSG-26355]
globals.h(35): web_add_header("X-dynaTrace-Test") was successful  	[MsgId: MMSG-26392]
Action.c(732): web_url("dataTables_en.json_2") started  	[MsgId: MMSG-26355]
Action.c(732): Registering web_url("dataTables_en.json_2") was successful  	[MsgId: MMSG-26390]
Action.c(779): web_concurrent_end started  	[MsgId: MMSG-26355]
Action.c(416): Error -26610: HTTP Status-Code=502 (Bad Gateway) for "https://pvr-perf.rxlogix.com/reports/assets/i18n/en.json"   [issued at Action.c(779)]  	[MsgId: MERR-26610]
End auto log messages stack.


Start auto log messages stack - Iteration 7.
Action.c(52): web_add_header("Upgrade-Insecure-Requests") was successful  	[MsgId: MMSG-26392]
Action.c(66): web_reg_save_param_ex started  	[MsgId: MMSG-26355]
Action.c(66): Registering web_reg_save_param_ex was successful  	[MsgId: MMSG-26390]
globals.h(35): web_add_header("X-dynaTrace-Test") started  	[MsgId: MMSG-26355]
globals.h(35): web_add_header("X-dynaTrace-Test") was successful  	[MsgId: MMSG-26392]
Action.c(77): web_url("auth") started  	[MsgId: MMSG-26355]
Action.c(77): Connection to pvr-perf.rxlogix.com:443 closed after being inactive for 180 seconds, exceeding the "HTTP Keep-Alive timeout" Runtime Setting (60 seconds). URL="[None]"  	[MsgId: MMSG-27647]
Action.c(77): Error -27792: Failed to connect to server "pvr-perf.rxlogix.com:443": [10060] Connection timed out  	[MsgId: MERR-27792]
Action.c(77): Error -26377: No match found for the requested parameter "CsrfTokenId". Either the specified boundaries were not found in the response or the matched text is longer than current max html parameter size of 99999999 bytes. The total length of the response is 0 bytes. You can use "web_set_max_html_param_len" to increase the max parameter size.  	[MsgId: MERR-26377]
Action.c(77): Error -26374: The above "not found" error(s) may be explained by header and body byte counts being 0 and 0, respectively.  	[MsgId: MERR-26374]
End auto log messages stack.


Start auto log messages stack.
Ending iteration 4.
Waiting 139.5000 seconds for iteration pacing.
Starting iteration 5.
Error: Exception was raised when calling event-notify Vuser function in extension lrwreplaymain.dll: System Exceptions: EXCEPTION_ACCESS_VIOLATION
Start auto log messages stack.
Ending iteration 5.
Waiting 108.4360 seconds for iteration pacing.
Starting iteration 6.
Error: Exception was raised when calling event-notify Vuser function in extension lrwreplaymain.dll: System Exceptions: EXCEPTION_ACCESS_VIOLATION
Start auto log messages stack.
Ending iteration 6.
Waiting 116.6070 seconds for iteration pacing.
Starting iteration 7.
Error: Exception was raised when calling event-notify Vuser function in extension lrwreplaymain.dll: System Exceptions: EXCEPTION_ACCESS_VIOLATION
Start auto log messages stack - Iteration 7.
Action.c(52): web_add_header("Upgrade-Insecure-Requests") was successful  	[MsgId: MMSG-26392]
Action.c(66): web_reg_save_param_ex started  	[MsgId: MMSG-26355]
Action.c(66): Registering web_reg_save_param_ex was successful  	[MsgId: MMSG-26390]
globals.h(35): web_add_header("X-dynaTrace-Test") started  	[MsgId: MMSG-26355]
globals.h(35): web_add_header("X-dynaTrace-Test") was successful  	[MsgId: MMSG-26392]
Action.c(77): web_url("auth") started  	[MsgId: MMSG-26355]
Action.c(77): Connection to pvr-perf.rxlogix.com:443 closed after being inactive for 142 seconds, exceeding the "HTTP Keep-Alive timeout" Runtime Setting (60 seconds). URL="[None]"  	[MsgId: MMSG-27647]
Action.c(77): Error -27792: Failed to connect to server "pvr-perf.rxlogix.com:443": [10060] Connection timed out  	[MsgId: MERR-27792]
Action.c(77): Error -26377: No match found for the requested parameter "CsrfTokenId". Either the specified boundaries were not found in the response or the matched text is longer than current max html parameter size of 99999999 bytes. The total length of the response is 0 bytes. You can use "web_set_max_html_param_len" to increase the max parameter size.  	[MsgId: MERR-26377]
Action.c(77): Error -26374: The above "not found" error(s) may be explained by header and body byte counts being 0 and 0, respectively.  	[MsgId: MERR-26374]
End auto log messages stack.


Start auto log messages stack.
Ending iteration 8.
Waiting 131.9180 seconds for iteration pacing.
Starting iteration 9.
Error: Exception was raised when calling event-notify Vuser function in extension lrwreplaymain.dll: System Exceptions: EXCEPTION_ACCESS_VIOLATION
Start auto log messages stack.
Ending iteration 7.
Waiting 578.8970 seconds for iteration pacing.
Starting iteration 8.
Error: Exception was raised when calling event-notify Vuser function in extension lrwreplaymain.dll: System Exceptions: EXCEPTION_ACCESS_VIOLATION
Start auto log messages stack - Iteration 8.
Action.c(3018): Redirecting "https://pvr-perf.rxlogix.com/reports/logout" (redirection depth is 0)  	[MsgId: MMSG-26694]
Action.c(3018): To location "https://pvr-perf.rxlogix.com/reports/logoff"  	[MsgId: MMSG-26693]
Action.c(3018): Redirecting "https://pvr-perf.rxlogix.com/reports/logoff" (redirection depth is 1)  	[MsgId: MMSG-26694]
Action.c(3018): To location "https://pvr-perf.rxlogix.com/reports/login/auth"  	[MsgId: MMSG-26693]
Action.c(3018): web_url("logout") was successful, 4071 body bytes, 1004 header bytes  	[MsgId: MMSG-26386]
Action.c(3027): Notify: Transaction "S03_T16_Logout" ended with a "Pass" status (Duration: 8.1120 Wasted Time: 0.0000).
Action.c(3029): lr_think_time: 24.00 seconds (recorded think time was 3.00 seconds).
Ending action Action.
Ending Vuser...
Starting action vuser_end.
Ending action vuser_end.
Vuser Terminated.
Error: Exception was raised when calling per-thread-terminate function in extension lrwreplaymain.dll: System Exceptions: EXCEPTION_ACCESS_VIOLATION
End auto log messages stack.


