Start auto log messages stack - Iteration 1.
Action.c(561): Warning -27760: Request "https://pvr-perf.rxlogix.com/reports/assets/jquery/customise-jquery-idleTimeout-6286fe026bdf78a6c38a29cfd8d979c8.js" failed   [issued at Action.c(779)]  	[MsgId: MWAR-27760]
Action.c(570): Warning -27760: Request "https://pvr-perf.rxlogix.com/reports/assets/app/jquery.core-2c7cdf128b42d849235dea8cadd879b8.js" failed   [issued at Action.c(779)]  	[MsgId: MWAR-27760]
Action.c(552): Warning -27760: Request "https://pvr-perf.rxlogix.com/reports/assets/store.modern.min-ee86dbde67356086e53dffdd31c6867d.js" failed   [issued at Action.c(779)]  	[MsgId: MWAR-27760]
Action.c(480): Warning -27760: Request "https://pvr-perf.rxlogix.com/reports/assets/highcharts/highcharts-01ce2a5c16b4e040b95b02d8cf3ea23e.js" failed   [issued at Action.c(779)]  	[MsgId: MWAR-27760]
Action.c(704): Error -27760: Request "https://pvr-perf.rxlogix.com/reports/assets/i18n/dataTables_en.json?_=1591018020979" failed   [issued at Action.c(779)]  	[MsgId: MERR-27760]
Action.c(653): Error -27760: Request "https://pvr-perf.rxlogix.com/reports/notificationRest/forUser/88306?_=1591018020978" failed   [issued at Action.c(779)]  	[MsgId: MERR-27760]
Action.c(732): Error -27760: Request "https://pvr-perf.rxlogix.com/reports/assets/i18n/dataTables_en.json?_=1591018020981" failed   [issued at Action.c(779)]  	[MsgId: MERR-27760]
End auto log messages stack.


Start auto log messages stack - Iteration 1.
Action.c(617): Warning -27760: Request "https://pvr-perf.rxlogix.com/reports/assets/Material-Design-Iconic-Font-a2a1ba89e7f9d29f7d5aee76e8b9f7ab.woff?v=1.0.1" failed   [issued at Action.c(779)]  	[MsgId: MWAR-27760]
Action.c(629): Warning -27760: Request "https://pvr-perf.rxlogix.com/reports/assets/fontawesome-webfont-af7ae505a9eed503f8b8e6982036873e.woff2?v=4.7.0" failed   [issued at Action.c(779)]  	[MsgId: MWAR-27760]
Action.c(678): Error -27760: Request "https://pvr-perf.rxlogix.com/reports/stomp/info" failed   [issued at Action.c(779)]  	[MsgId: MERR-27760]
Action.c(666): Error -27760: Request "https://pvr-perf.rxlogix.com/reports/actionItemRest/index?length=5&start=0&sort=dueDate&direction=asc" failed   [issued at Action.c(779)]  	[MsgId: MERR-27760]
End auto log messages stack.


Start auto log messages stack - Iteration 1.
Action.c(579): Warning -27760: Request "https://pvr-perf.rxlogix.com/reports/assets/app/jquery.app-782d8f87ac279a019b37b18a315654b2.js" failed   [issued at Action.c(779)]  	[MsgId: MWAR-27760]
Action.c(717): Error -27760: Request "https://pvr-perf.rxlogix.com/reports/periodicReportConfigurationRest/latestPeriodicReport?length=4&start=0&_=1591018020980" failed   [issued at Action.c(779)]  	[MsgId: MERR-27760]
End auto log messages stack.


Start auto log messages stack - Iteration 1.
Action.c(603): Warning -27760: Request "https://pvr-perf.rxlogix.com/reports/assets/fullcalendar.print-5e9985f0185898b586ec4820f63bb446.css" failed   [issued at Action.c(779)]  	[MsgId: MWAR-27760]
Action.c(285): Warning -27760: Request "https://pvr-perf.rxlogix.com/reports/assets/theme_gradient_blue-8a7bc35778c66c2a34b346cddd101ad7.css" failed   [issued at Action.c(779)]  	[MsgId: MWAR-27760]
Action.c(588): Warning -27760: Request "https://pvr-perf.rxlogix.com/reports/assets/app/deleteModal-68b8e74283c8070801d2afbaf40831a1.js" failed   [issued at Action.c(779)]  	[MsgId: MWAR-27760]
Action.c(691): Error -27760: Request "https://pvr-perf.rxlogix.com/reports/reportResultRest/latestAdhocReport?length=4&start=0" failed   [issued at Action.c(779)]  	[MsgId: MERR-27760]
End auto log messages stack.


Start auto log messages stack - Iteration 2.
globals.h(35): web_add_header("X-dynaTrace-Test") was successful  	[MsgId: MMSG-26392]
Action.c(1174): web_url("{User_Id}_2") started  	[MsgId: MMSG-26355]
Action.c(1174): Registering web_url("{User_Id}_2") was successful  	[MsgId: MMSG-26390]
globals.h(35): web_add_header("X-dynaTrace-Test") started  	[MsgId: MMSG-26355]
globals.h(35): web_add_header("X-dynaTrace-Test") was successful  	[MsgId: MMSG-26392]
Action.c(1189): web_url("theme.min.js") started  	[MsgId: MMSG-26355]
Action.c(1189): Resource "https://pvr-perf.rxlogix.com/reports/assets/tinymce/themes/modern/theme.min.js" is in the cache already and will not be downloaded again  	[MsgId: MMSG-26655]
Action.c(1197): web_concurrent_end started  	[MsgId: MMSG-26355]
Action.c(1090): Error -27760: Request "https://pvr-perf.rxlogix.com/reports/assets/i18n/dataTables_en.json" failed   [issued at Action.c(1197)]  	[MsgId: MERR-27760]
End auto log messages stack.


Start auto log messages stack - Iteration 1.
Action.c(507): Warning -27760: Request "https://pvr-perf.rxlogix.com/reports/assets/highcharts/plugins/grouped-categories-8ddf90b557e5da14225afefcaa8bf9f6.js" failed   [issued at Action.c(779)]  	[MsgId: MWAR-27760]
Action.c(603): Warning -27760: Request "https://pvr-perf.rxlogix.com/reports/assets/fullcalendar.print-5e9985f0185898b586ec4820f63bb446.css" failed   [issued at Action.c(779)]  	[MsgId: MWAR-27760]
Action.c(552): Warning -27760: Request "https://pvr-perf.rxlogix.com/reports/assets/store.modern.min-ee86dbde67356086e53dffdd31c6867d.js" failed   [issued at Action.c(779)]  	[MsgId: MWAR-27760]
Action.c(525): Warning -27760: Request "https://pvr-perf.rxlogix.com/reports/assets/app/pushNotification-3d08817200dceb0a405d9f7aefa3192f.js" failed   [issued at Action.c(779)]  	[MsgId: MWAR-27760]
Action.c(732): Error -27760: Request "https://pvr-perf.rxlogix.com/reports/assets/i18n/dataTables_en.json?_=1591018020981" failed   [issued at Action.c(779)]  	[MsgId: MERR-27760]
End auto log messages stack.


Start auto log messages stack - Iteration 1.
Action.c(516): Warning -27760: Request "https://pvr-perf.rxlogix.com/reports/assets/highcharts/highcharts-3d-b0c0c823b44f85cb61361491f4353576.js" failed   [issued at Action.c(779)]  	[MsgId: MWAR-27760]
Action.c(704): Error -27760: Request "https://pvr-perf.rxlogix.com/reports/assets/i18n/dataTables_en.json?_=1591018020979" failed   [issued at Action.c(779)]  	[MsgId: MERR-27760]
Action.c(653): Error -27760: Request "https://pvr-perf.rxlogix.com/reports/notificationRest/forUser/85682?_=1591018020978" failed   [issued at Action.c(779)]  	[MsgId: MERR-27760]
End auto log messages stack.


Start auto log messages stack - Iteration 1.
Action.c(617): Warning -27760: Request "https://pvr-perf.rxlogix.com/reports/assets/Material-Design-Iconic-Font-a2a1ba89e7f9d29f7d5aee76e8b9f7ab.woff?v=1.0.1" failed   [issued at Action.c(779)]  	[MsgId: MWAR-27760]
Action.c(678): Error -27760: Request "https://pvr-perf.rxlogix.com/reports/stomp/info" failed   [issued at Action.c(779)]  	[MsgId: MERR-27760]
End auto log messages stack.


Start auto log messages stack - Iteration 1.
Action.c(570): Warning -27760: Request "https://pvr-perf.rxlogix.com/reports/assets/app/jquery.core-2c7cdf128b42d849235dea8cadd879b8.js" failed   [issued at Action.c(779)]  	[MsgId: MWAR-27760]
Action.c(588): Warning -27760: Request "https://pvr-perf.rxlogix.com/reports/assets/app/deleteModal-68b8e74283c8070801d2afbaf40831a1.js" failed   [issued at Action.c(779)]  	[MsgId: MWAR-27760]
Action.c(489): Warning -27760: Request "https://pvr-perf.rxlogix.com/reports/assets/highcharts/modules/no-data-to-display-93457bf691aefc406c1da97a1f8d7e2d.js" failed   [issued at Action.c(779)]  	[MsgId: MWAR-27760]
Action.c(498): Warning -27760: Request "https://pvr-perf.rxlogix.com/reports/assets/highcharts/highcharts-more-31bca387194b423710d019dfa069474a.js" failed   [issued at Action.c(779)]  	[MsgId: MWAR-27760]
Action.c(666): Error -27760: Request "https://pvr-perf.rxlogix.com/reports/actionItemRest/index?length=5&start=0&sort=dueDate&direction=asc" failed   [issued at Action.c(779)]  	[MsgId: MERR-27760]
Action.c(691): Error -27760: Request "https://pvr-perf.rxlogix.com/reports/reportResultRest/latestAdhocReport?length=4&start=0" failed   [issued at Action.c(779)]  	[MsgId: MERR-27760]
End auto log messages stack.


Start auto log messages stack - Iteration 1.
Action.c(285): Warning -27760: Request "https://pvr-perf.rxlogix.com/reports/assets/theme_gradient_blue-8a7bc35778c66c2a34b346cddd101ad7.css" failed   [issued at Action.c(779)]  	[MsgId: MWAR-27760]
Action.c(717): Error -27760: Request "https://pvr-perf.rxlogix.com/reports/periodicReportConfigurationRest/latestPeriodicReport?length=4&start=0&_=1591018020980" failed   [issued at Action.c(779)]  	[MsgId: MERR-27760]
End auto log messages stack.


Start auto log messages stack - Iteration 2.
Action.c(1792): web_url("info_3") was successful, 100 body bytes, 372 header bytes  	[MsgId: MMSG-26386]
globals.h(35): web_add_header("X-dynaTrace-Test") started  	[MsgId: MMSG-26355]
globals.h(35): web_add_header("X-dynaTrace-Test") was successful  	[MsgId: MMSG-26392]
Action.c(1802): web_url("polymer.html") started  	[MsgId: MMSG-26355]
Action.c(1802): web_url("polymer.html") was successful, 25982 body bytes, 379 header bytes  	[MsgId: MMSG-26386]
globals.h(35): web_add_header("X-dynaTrace-Test") started  	[MsgId: MMSG-26355]
globals.h(35): web_add_header("X-dynaTrace-Test") was successful  	[MsgId: MMSG-26392]
Action.c(1812): web_url("polymer-mini.html") started  	[MsgId: MMSG-26355]
Action.c(1812): Error -27760: Request "https://pvr-perf.rxlogix.com/reports/assets/plugin/dictionary/polymer-mini.html" failed  	[MsgId: MERR-27760]
End auto log messages stack.


Start auto log messages stack - Iteration 3.
globals.h(35): web_add_header("X-dynaTrace-Test") started  	[MsgId: MMSG-26355]
globals.h(35): web_add_header("X-dynaTrace-Test") was successful  	[MsgId: MMSG-26392]
Action.c(1189): web_url("theme.min.js") started  	[MsgId: MMSG-26355]
Action.c(1189): Resource "https://pvr-perf.rxlogix.com/reports/assets/tinymce/themes/modern/theme.min.js" is in the cache already and will not be downloaded again  	[MsgId: MMSG-26655]
Action.c(1197): web_concurrent_end started  	[MsgId: MMSG-26355]
Action.c(1197): Connection to pvr-perf.rxlogix.com:443 closed after being inactive for 70 seconds, exceeding the "HTTP Keep-Alive timeout" Runtime Setting (60 seconds). URL="[None]"  	[MsgId: MMSG-27647]
Action.c(1103): Error -27792: Failed to connect to server "pvr-perf.rxlogix.com:443": [10060] Connection timed out   [issued at Action.c(1197)]  	[MsgId: MERR-27792]
Action.c(1116): Error -27792: Failed to connect to server "pvr-perf.rxlogix.com:443": [10060] Connection timed out   [issued at Action.c(1197)]  	[MsgId: MERR-27792]
Action.c(1126): Error -27792: Failed to connect to server "pvr-perf.rxlogix.com:443": [10060] Connection timed out   [issued at Action.c(1197)]  	[MsgId: MERR-27792]
Action.c(1139): Error -27792: Failed to connect to server "pvr-perf.rxlogix.com:443": [10060] Connection timed out   [issued at Action.c(1197)]  	[MsgId: MERR-27792]
End auto log messages stack.


Start auto log messages stack - Iteration 3.
Action.c(1153): Warning -27792: Failed to connect to server "pvr-perf.rxlogix.com:443": [10060] Connection timed out   [issued at Action.c(1197)]  	[MsgId: MWAR-27792]
Action.c(1161): Warning -27792: Failed to connect to server "pvr-perf.rxlogix.com:443": [10060] Connection timed out   [issued at Action.c(1197)]  	[MsgId: MWAR-27792]
Action.c(1051): Warning -27792: Failed to connect to server "pvr-perf.rxlogix.com:443": [10060] Connection timed out   [issued at Action.c(1197)]  	[MsgId: MWAR-27792]
Action.c(1174): Error -27792: Failed to connect to server "pvr-perf.rxlogix.com:443": [10060] Connection timed out   [issued at Action.c(1197)]  	[MsgId: MERR-27792]
End auto log messages stack.


Start auto log messages stack - Iteration 3.
Action.c(1735): Registering web_url("getStringOperators") was successful  	[MsgId: MMSG-26390]
globals.h(35): web_add_header("X-dynaTrace-Test") started  	[MsgId: MMSG-26355]
globals.h(35): web_add_header("X-dynaTrace-Test") was successful  	[MsgId: MMSG-26392]
Action.c(1745): web_url("getValuelessOperators") started  	[MsgId: MMSG-26355]
Action.c(1745): Registering web_url("getValuelessOperators") was successful  	[MsgId: MMSG-26390]
Action.c(1754): web_concurrent_end started  	[MsgId: MMSG-26355]
Action.c(1754): Connection to pvr-perf.rxlogix.com:443 closed after being inactive for 60 seconds, exceeding the "HTTP Keep-Alive timeout" Runtime Setting (60 seconds). URL="[None]"  	[MsgId: MMSG-27647]
Action.c(1735): Error -27792: Failed to connect to server "pvr-perf.rxlogix.com:443": [10060] Connection timed out   [issued at Action.c(1754)]  	[MsgId: MERR-27792]
Action.c(1745): Error -27792: Failed to connect to server "pvr-perf.rxlogix.com:443": [10060] Connection timed out   [issued at Action.c(1754)]  	[MsgId: MERR-27792]
Action.c(1573): Error -27792: Failed to connect to server "pvr-perf.rxlogix.com:443": [10060] Connection timed out   [issued at Action.c(1754)]  	[MsgId: MERR-27792]
End auto log messages stack.


Start auto log messages stack - Iteration 2.
Action.c(241): web_reg_find started  	[MsgId: MMSG-26355]
Action.c(241): Registering web_reg_find was successful  	[MsgId: MMSG-26390]
Action.c(246): web_reg_save_param_ex started  	[MsgId: MMSG-26355]
Action.c(246): Registering web_reg_save_param_ex was successful  	[MsgId: MMSG-26390]
Action.c(255): web_reg_save_param_regexp started  	[MsgId: MMSG-26355]
Action.c(255): Registering web_reg_save_param_regexp was successful  	[MsgId: MMSG-26390]
globals.h(35): web_add_header("X-dynaTrace-Test") started  	[MsgId: MMSG-26355]
globals.h(35): web_add_header("X-dynaTrace-Test") was successful  	[MsgId: MMSG-26392]
Action.c(265): web_submit_data("authenticate") started  	[MsgId: MMSG-26355]
Action.c(265): Error -27760: Request "https://pvr-perf.rxlogix.com/reports/login/authenticate" failed  	[MsgId: MERR-27760]
Action.c(265): Error -35049: No match found for the requested parameter "CfrTokenId_2". Check whether the requested regular expression exists in the response data  	[MsgId: MERR-35049]
Action.c(265): Error -26366: "Text=Dashboard" not found for web_reg_find  	[MsgId: MERR-26366]
Action.c(265): Error -26377: No match found for the requested parameter "User_Id". Either the specified boundaries were not found in the response or the matched text is longer than current max html parameter size of 99999999 bytes. The total length of the response is 0 bytes. You can use "web_set_max_html_param_len" to increase the max parameter size.  	[MsgId: MERR-26377]
Action.c(265): Error -26374: The above "not found" error(s) may be explained by header and body byte counts being 0 and 0, respectively.  	[MsgId: MERR-26374]
End auto log messages stack.


Start auto log messages stack - Iteration 4.
Action.c(1754): No socket (out of 16) is CURRENTLY available for a regular connection for URL="https://pvr-perf.rxlogix.com/reports/assets/app/report/caseSeries-2b3162da7d0ee39f0d14d35afd619ae8.js"  	[MsgId: MMSG-26000]
Action.c(1754): No socket (out of 16) is CURRENTLY available for a regular connection for URL="https://pvr-perf.rxlogix.com/reports/assets/expandingTextarea-e6f68bca81423576f208f67bb1a470d2.css"  	[MsgId: MMSG-26000]
Action.c(1543): Warning -27792: Failed to connect to server "pvr-perf.rxlogix.com:443": [10060] Connection timed out   [issued at Action.c(1754)]  	[MsgId: MWAR-27792]
Action.c(1558): Warning -27792: Failed to connect to server "pvr-perf.rxlogix.com:443": [10060] Connection timed out   [issued at Action.c(1754)]  	[MsgId: MWAR-27792]
Action.c(1573): Error -27792: Failed to connect to server "pvr-perf.rxlogix.com:443": [10060] Connection timed out   [issued at Action.c(1754)]  	[MsgId: MERR-27792]
End auto log messages stack.


Start auto log messages stack - Iteration 4.
Action.c(1629): Warning -27792: Failed to connect to server "pvr-perf.rxlogix.com:443": [10060] Connection timed out   [issued at Action.c(1754)]  	[MsgId: MWAR-27792]
Action.c(1662): Warning -27792: Failed to connect to server "pvr-perf.rxlogix.com:443": [10060] Connection timed out   [issued at Action.c(1754)]  	[MsgId: MWAR-27792]
Action.c(1653): Warning -27792: Failed to connect to server "pvr-perf.rxlogix.com:443": [10060] Connection timed out   [issued at Action.c(1754)]  	[MsgId: MWAR-27792]
Action.c(1680): Warning -27792: Failed to connect to server "pvr-perf.rxlogix.com:443": [10060] Connection timed out   [issued at Action.c(1754)]  	[MsgId: MWAR-27792]
Action.c(1671): Warning -27792: Failed to connect to server "pvr-perf.rxlogix.com:443": [10060] Connection timed out   [issued at Action.c(1754)]  	[MsgId: MWAR-27792]
Action.c(1715): Error -27792: Failed to connect to server "pvr-perf.rxlogix.com:443": [10060] Connection timed out   [issued at Action.c(1754)]  	[MsgId: MERR-27792]
End auto log messages stack.


Start auto log messages stack - Iteration 5.
Action.c(52): web_add_header("Upgrade-Insecure-Requests") was successful  	[MsgId: MMSG-26392]
Action.c(66): web_reg_save_param_ex started  	[MsgId: MMSG-26355]
Action.c(66): Registering web_reg_save_param_ex was successful  	[MsgId: MMSG-26390]
globals.h(35): web_add_header("X-dynaTrace-Test") started  	[MsgId: MMSG-26355]
globals.h(35): web_add_header("X-dynaTrace-Test") was successful  	[MsgId: MMSG-26392]
Action.c(77): web_url("auth") started  	[MsgId: MMSG-26355]
Action.c(77): Connection to pvr-perf.rxlogix.com:443 closed after being inactive for 472 seconds, exceeding the "HTTP Keep-Alive timeout" Runtime Setting (60 seconds). URL="[None]"  	[MsgId: MMSG-27647]
Action.c(77): Error -27792: Failed to connect to server "pvr-perf.rxlogix.com:443": [10060] Connection timed out  	[MsgId: MERR-27792]
Action.c(77): Error -26377: No match found for the requested parameter "CsrfTokenId". Either the specified boundaries were not found in the response or the matched text is longer than current max html parameter size of 99999999 bytes. The total length of the response is 0 bytes. You can use "web_set_max_html_param_len" to increase the max parameter size.  	[MsgId: MERR-26377]
Action.c(77): Error -26374: The above "not found" error(s) may be explained by header and body byte counts being 0 and 0, respectively.  	[MsgId: MERR-26374]
End auto log messages stack.


Start auto log messages stack - Iteration 3.
Action.c(2172): Notify: Transaction "S03_T10_Click_Confirm" ended with a "Pass" status (Duration: 1.6817 Wasted Time: 0.0000).
Action.c(2174): lr_think_time: 24.00 seconds (recorded think time was 3.00 seconds).
Action.c(2176): Notify: Transaction "S03_T11_Click_UnderReview" started.
Action.c(2178): web_add_auto_header("Accept") started  	[MsgId: MMSG-26355]
Action.c(2178): web_add_auto_header("Accept") was successful  	[MsgId: MMSG-26392]
globals.h(35): web_add_header("X-dynaTrace-Test") started  	[MsgId: MMSG-26355]
globals.h(35): web_add_header("X-dynaTrace-Test") was successful  	[MsgId: MMSG-26392]
Action.c(2182): web_url("index_5") started  	[MsgId: MMSG-26355]
Action.c(2182): Connection to pvr-perf.rxlogix.com:443 closed after being inactive for 76 seconds, exceeding the "HTTP Keep-Alive timeout" Runtime Setting (60 seconds). URL="[None]"  	[MsgId: MMSG-27647]
Action.c(2182): Error -27792: Failed to connect to server "pvr-perf.rxlogix.com:443": [10060] Connection timed out  	[MsgId: MERR-27792]
End auto log messages stack.


Start auto log messages stack - Iteration 4.
Action.c(2978): web_add_header("X-Requested-With") started  	[MsgId: MMSG-26355]
Action.c(2978): web_add_header("X-Requested-With") was successful  	[MsgId: MMSG-26392]
globals.h(35): web_add_header("X-dynaTrace-Test") started  	[MsgId: MMSG-26355]
globals.h(35): web_add_header("X-dynaTrace-Test") was successful  	[MsgId: MMSG-26392]
Action.c(2982): web_url("reports_8") started  	[MsgId: MMSG-26355]
Action.c(2982): Connection to pvr-perf.rxlogix.com:443 closed after being inactive for 114 seconds, exceeding the "HTTP Keep-Alive timeout" Runtime Setting (60 seconds). URL="[None]"  	[MsgId: MMSG-27647]
Action.c(2982): ssl_handle_status encounter error : SSL_ERROR_SYSCALL, error id : 0  	[MsgId: MMSG-26000]
Action.c(2982): Error -27776: [GENERAL_MSG_CAT_SSL_ERROR]connect to host "pvr-perf.rxlogix.com" failed  	[MsgId: MERR-27776]
End auto log messages stack.


Start auto log messages stack - Iteration 4.
Action.c(1174): Registering web_url("{User_Id}_2") was successful  	[MsgId: MMSG-26390]
globals.h(35): web_add_header("X-dynaTrace-Test") started  	[MsgId: MMSG-26355]
globals.h(35): web_add_header("X-dynaTrace-Test") was successful  	[MsgId: MMSG-26392]
Action.c(1189): web_url("theme.min.js") started  	[MsgId: MMSG-26355]
Action.c(1189): Registering web_url("theme.min.js") was successful  	[MsgId: MMSG-26390]
Action.c(1197): web_concurrent_end started  	[MsgId: MMSG-26355]
Action.c(1197): Connection to pvr-perf.rxlogix.com:443 closed after being inactive for 60 seconds, exceeding the "HTTP Keep-Alive timeout" Runtime Setting (60 seconds). URL="[None]"  	[MsgId: MMSG-27647]
Action.c(1126): Error -27792: Failed to connect to server "pvr-perf.rxlogix.com:443": [10060] Connection timed out   [issued at Action.c(1197)]  	[MsgId: MERR-27792]
Action.c(1116): Error -27792: Failed to connect to server "pvr-perf.rxlogix.com:443": [10060] Connection timed out   [issued at Action.c(1197)]  	[MsgId: MERR-27792]
Action.c(1139): Error -27792: Failed to connect to server "pvr-perf.rxlogix.com:443": [10060] Connection timed out   [issued at Action.c(1197)]  	[MsgId: MERR-27792]
End auto log messages stack.


Start auto log messages stack - Iteration 4.
Action.c(1161): Warning -27792: Failed to connect to server "pvr-perf.rxlogix.com:443": [10060] Connection timed out   [issued at Action.c(1197)]  	[MsgId: MWAR-27792]
Action.c(1174): Error -27792: Failed to connect to server "pvr-perf.rxlogix.com:443": [10060] Connection timed out   [issued at Action.c(1197)]  	[MsgId: MERR-27792]
End auto log messages stack.


Start auto log messages stack - Iteration 5.
globals.h(35): web_add_header("X-dynaTrace-Test") started  	[MsgId: MMSG-26355]
globals.h(35): web_add_header("X-dynaTrace-Test") was successful  	[MsgId: MMSG-26392]
Action.c(1189): web_url("theme.min.js") started  	[MsgId: MMSG-26355]
Action.c(1189): Resource "https://pvr-perf.rxlogix.com/reports/assets/tinymce/themes/modern/theme.min.js" is in the cache already and will not be downloaded again  	[MsgId: MMSG-26655]
Action.c(1197): web_concurrent_end started  	[MsgId: MMSG-26355]
Action.c(1197): Connection to pvr-perf.rxlogix.com:443 closed after being inactive for 60 seconds, exceeding the "HTTP Keep-Alive timeout" Runtime Setting (60 seconds). URL="[None]"  	[MsgId: MMSG-27647]
Action.c(1103): Error -27792: Failed to connect to server "pvr-perf.rxlogix.com:443": [10060] Connection timed out   [issued at Action.c(1197)]  	[MsgId: MERR-27792]
Action.c(1116): Error -27792: Failed to connect to server "pvr-perf.rxlogix.com:443": [10060] Connection timed out   [issued at Action.c(1197)]  	[MsgId: MERR-27792]
Action.c(1126): Error -27792: Failed to connect to server "pvr-perf.rxlogix.com:443": [10060] Connection timed out   [issued at Action.c(1197)]  	[MsgId: MERR-27792]
Action.c(1139): Error -27792: Failed to connect to server "pvr-perf.rxlogix.com:443": [10060] Connection timed out   [issued at Action.c(1197)]  	[MsgId: MERR-27792]
End auto log messages stack.


Start auto log messages stack - Iteration 5.
Action.c(1153): Warning -27792: Failed to connect to server "pvr-perf.rxlogix.com:443": [10060] Connection timed out   [issued at Action.c(1197)]  	[MsgId: MWAR-27792]
Action.c(1161): Warning -27792: Failed to connect to server "pvr-perf.rxlogix.com:443": [10060] Connection timed out   [issued at Action.c(1197)]  	[MsgId: MWAR-27792]
Action.c(1174): Error -27792: Failed to connect to server "pvr-perf.rxlogix.com:443": [10060] Connection timed out   [issued at Action.c(1197)]  	[MsgId: MERR-27792]
End auto log messages stack.


Start auto log messages stack - Iteration 6.
Action.c(617): Warning -27760: Request "https://pvr-perf.rxlogix.com/reports/assets/Material-Design-Iconic-Font-a2a1ba89e7f9d29f7d5aee76e8b9f7ab.woff?v=1.0.1" failed   [issued at Action.c(779)]  	[MsgId: MWAR-27760]
Action.c(453): Warning -27760: Request "https://pvr-perf.rxlogix.com/reports/assets/fullcalendar/fullcalendar-lang-all-e4e9be403fd4dc092b72c368c27e5d47.js" failed   [issued at Action.c(779)]  	[MsgId: MWAR-27760]
Action.c(629): Warning -27760: Request "https://pvr-perf.rxlogix.com/reports/assets/fontawesome-webfont-af7ae505a9eed503f8b8e6982036873e.woff2?v=4.7.0" failed   [issued at Action.c(779)]  	[MsgId: MWAR-27760]
Action.c(480): Warning -27760: Request "https://pvr-perf.rxlogix.com/reports/assets/highcharts/highcharts-01ce2a5c16b4e040b95b02d8cf3ea23e.js" failed   [issued at Action.c(779)]  	[MsgId: MWAR-27760]
Action.c(717): Error -27760: Request "https://pvr-perf.rxlogix.com/reports/periodicReportConfigurationRest/latestPeriodicReport?length=4&start=0&_=1591018020980" failed   [issued at Action.c(779)]  	[MsgId: MERR-27760]
End auto log messages stack.


Start auto log messages stack - Iteration 5.
Action.c(1356): web_add_header("X-Requested-With") started  	[MsgId: MMSG-26355]
Action.c(1356): web_add_header("X-Requested-With") was successful  	[MsgId: MMSG-26392]
Action.c(1360): web_reg_save_param_ex started  	[MsgId: MMSG-26355]
Action.c(1360): Registering web_reg_save_param_ex was successful  	[MsgId: MMSG-26390]
Action.c(1369): web_reg_find started  	[MsgId: MMSG-26355]
Action.c(1369): Registering web_reg_find was successful  	[MsgId: MMSG-26390]
globals.h(35): web_add_header("X-dynaTrace-Test") started  	[MsgId: MMSG-26355]
globals.h(35): web_add_header("X-dynaTrace-Test") was successful  	[MsgId: MMSG-26392]
Action.c(1374): web_url("reports_2") started  	[MsgId: MMSG-26355]
Action.c(1374): Error -27760: Request "https://pvr-perf.rxlogix.com/reports/api/reports?draw=2&columns%5B0%5D%5Bdata%5D=isFavorite&columns%5B0%5D%5Bname%5D=&columns%5B0%5D%5Bsearchable%5D=true&columns%5B0%5D%5Borderable%5D=true&columns%5B0%5D%5Bsearch%5D%5Bvalue%5D=&columns%5B0%5D%5Bsearch%5D%5Bregex%5D=false&columns%5B1%5D%5Bdata%5D=reportName&columns%5B1%5D%5Bname%5D=&columns%5B1%5D%5Bsearchable%5D=true&columns%5B1%5D%5Borderable%5D=true&columns%5B1%5D%5Bsearch%5D%5Bvalue%5D=&columns%5B1%5D%5Bsearch%5D%5Bregex%5D=false&columns%5B2%5D%5Bdata%5D=description&columns%5B2%5D%5Bname%5D=&columns%5B2%5D%5Bsearchable%5D=true&columns%5B2%5D%5Borderable%5D=true&columns%5B2%5D%5Bsearch%5D%5Bvalue%5D=&columns%5B2%5D%5Bsearch%5D%5Bregex%5D=false&columns%5B3%5D%5Bdata%5D=numOfExecutions&columns%5B3%5D%5Bname%5D=&columns%5B3%5D%5Bsearchable%5D=true&columns%5B3%5D%5Borderable%5D=true&columns%5B3%5D%5Bsearch%5D%5Bvalue%5D=&columns%5B3%5D%5Bsearch%5D%5Bregex%5D=false&columns%5B4%5D%5Bdata%5D=owner&columns%5B4%5D%5Bname%5D=&columns%5B4%5D%5Bsearchable%5D=true&columns%5B4%5D%5Borderable%5D=true&columns%5B4%5D%5Bsearch%5D%5Bvalue%5D=&columns%5B4%5D%5Bsearch%5D%5Bregex%5D=false&columns%5B5%5D%5Bdata%5D=dateCreated&columns%5B5%5D%5Bname%5D=&columns%5B5%5D%5Bsearchable%5D=true&columns%5B5%5D%5Borderable%5D=true&columns%5B5%5D%5Bsearch%5D%5Bvalue%5D=&columns%5B5%5D%5Bsearch%5D%5Bregex%5D=false&columns%5B6%5D%5Bdata%5D=tags&columns%5B6%5D%5Bname%5D=&columns%5B6%5D%5Bsearchable%5D=true&columns%5B6%5D%5Borderable%5D=false&columns%5B6%5D%5Bsearch%5D%5Bvalue%5D=&columns%5B6%5D%5Bsearch%5D%5Bregex%5D=false&columns%5B7%5D%5Bdata%5D=state&columns%5B7%5D%5Bname%5D=&columns%5B7%5D%5Bsearchable%5D=true&columns%5B7%5D%5Borderable%5D=false&columns%5B7%5D%5Bsearch%5D%5Bvalue%5D=&columns%5B7%5D%5Bsearch%5D%5Bregex%5D=false&columns%5B8%5D%5Bdata%5D=dateCreated&columns%5B8%5D%5Bname%5D=&columns%5B8%5D%5Bsearchable%5D=true&columns%5B8%5D%5Borderable%5D=true&columns%5B8%5D%5Bsearch%5D%5Bvalue%5D=&columns%5B8%5D%5Bsearch%5D%5Bregex%5D=false&columns%5B9%5D%5Bdata%5D=&columns%5B9%5D%5Bname%5D=&columns%5B9%5D%5Bsearchable%5D=true&columns%5B9%5D%5Borderable%5D=true&columns%5B9%5D%5Bsearch%5D%5Bvalue%5D=&columns%5B9%5D%5Bsearch%5D%5Bregex%5D=false&columns%5B10%5D%5Bdata%5D=&columns%5B10%5D%5Bname%5D=&columns%5B10%5D%5Bsearchable%5D=true&columns%5B10%5D%5Borderable%5D=false&columns%5B10%5D%5Bsearch%5D%5Bvalue%5D=&columns%5B10%5D%5Bsearch%5D%5Bregex%5D=false&order%5B0%5D%5Bcolumn%5D=0&order%5B0%5D%5Bdir%5D=asc&start=0&length=50&search%5Bvalue%5D=S3RE52&search%5Bregex%5D=false&tableFilter=%7B%7D&advancedFilter=false&searchString=S3RE52&sharedwith=&includeArchived=false&direction=asc&sort=isFavorite&_=1591018053189" failed  	[MsgId: MERR-27760]
Action.c(1374): Error -26377: No match found for the requested parameter "Report_Id". Either the specified boundaries were not found in the response or the matched text is longer than current max html parameter size of 99999999 bytes. The total length of the response is 0 bytes. You can use "web_set_max_html_param_len" to increase the max parameter size.  	[MsgId: MERR-26377]
Action.c(1374): Error -26366: "Text=S3RE52" not found for web_reg_find  	[MsgId: MERR-26366]
Action.c(1374): Error -26374: The above "not found" error(s) may be explained by header and body byte counts being 0 and 0, respectively.  	[MsgId: MERR-26374]
End auto log messages stack.


Start auto log messages stack - Iteration 7.
Action.c(1498): Warning -27792: Failed to connect to server "pvr-perf.rxlogix.com:443": [10060] Connection timed out   [issued at Action.c(1754)]  	[MsgId: MWAR-27792]
Action.c(1513): Warning -27792: Failed to connect to server "pvr-perf.rxlogix.com:443": [10060] Connection timed out   [issued at Action.c(1754)]  	[MsgId: MWAR-27792]
Action.c(1528): Warning -27792: Failed to connect to server "pvr-perf.rxlogix.com:443": [10060] Connection timed out   [issued at Action.c(1754)]  	[MsgId: MWAR-27792]
Action.c(1543): Warning -27792: Failed to connect to server "pvr-perf.rxlogix.com:443": [10060] Connection timed out   [issued at Action.c(1754)]  	[MsgId: MWAR-27792]
Action.c(1558): Warning -27792: Failed to connect to server "pvr-perf.rxlogix.com:443": [10060] Connection timed out   [issued at Action.c(1754)]  	[MsgId: MWAR-27792]
Action.c(1573): Error -27792: Failed to connect to server "pvr-perf.rxlogix.com:443": [10060] Connection timed out   [issued at Action.c(1754)]  	[MsgId: MERR-27792]
End auto log messages stack.


Start auto log messages stack - Iteration 7.
Action.c(1614): Warning -27792: Failed to connect to server "pvr-perf.rxlogix.com:443": [10060] Connection timed out   [issued at Action.c(1754)]  	[MsgId: MWAR-27792]
Action.c(1715): Error -27792: Failed to connect to server "pvr-perf.rxlogix.com:443": [10060] Connection timed out   [issued at Action.c(1754)]  	[MsgId: MERR-27792]
End auto log messages stack.


Start auto log messages stack - Iteration 8.
Action.c(1994): web_add_auto_header("Sec-Fetch-Dest") was successful  	[MsgId: MMSG-26392]
Action.c(1997): web_add_auto_header("Sec-Fetch-Mode") started  	[MsgId: MMSG-26355]
Action.c(1997): web_add_auto_header("Sec-Fetch-Mode") was successful  	[MsgId: MMSG-26392]
Action.c(2000): web_add_auto_header("X-Requested-With") started  	[MsgId: MMSG-26355]
Action.c(2000): web_add_auto_header("X-Requested-With") was successful  	[MsgId: MMSG-26392]
globals.h(35): web_add_header("X-dynaTrace-Test") started  	[MsgId: MMSG-26355]
globals.h(35): web_add_header("X-dynaTrace-Test") was successful  	[MsgId: MMSG-26392]
Action.c(2004): web_url("{User_Id}_4") started  	[MsgId: MMSG-26355]
Action.c(2004): Error -27760: Request "https://pvr-perf.rxlogix.com/reports/notificationRest/forUser/88251?_=1591018165480" failed  	[MsgId: MERR-27760]
End auto log messages stack.


Start auto log messages stack - Iteration 8.
Action.c(52): web_add_header("Upgrade-Insecure-Requests") was successful  	[MsgId: MMSG-26392]
Action.c(66): web_reg_save_param_ex started  	[MsgId: MMSG-26355]
Action.c(66): Registering web_reg_save_param_ex was successful  	[MsgId: MMSG-26390]
globals.h(35): web_add_header("X-dynaTrace-Test") started  	[MsgId: MMSG-26355]
globals.h(35): web_add_header("X-dynaTrace-Test") was successful  	[MsgId: MMSG-26392]
Action.c(77): web_url("auth") started  	[MsgId: MMSG-26355]
Action.c(77): Connection to pvr-perf.rxlogix.com:443 closed after being inactive for 164 seconds, exceeding the "HTTP Keep-Alive timeout" Runtime Setting (60 seconds). URL="[None]"  	[MsgId: MMSG-27647]
Action.c(77): Error -27792: Failed to connect to server "pvr-perf.rxlogix.com:443": [10060] Connection timed out  	[MsgId: MERR-27792]
Action.c(77): Error -26377: No match found for the requested parameter "CsrfTokenId". Either the specified boundaries were not found in the response or the matched text is longer than current max html parameter size of 99999999 bytes. The total length of the response is 0 bytes. You can use "web_set_max_html_param_len" to increase the max parameter size.  	[MsgId: MERR-26377]
Action.c(77): Error -26374: The above "not found" error(s) may be explained by header and body byte counts being 0 and 0, respectively.  	[MsgId: MERR-26374]
End auto log messages stack.


Start auto log messages stack - Iteration 9.
Start auto log messages stack - Iteration 7.
Action.c(796): web_add_header("Sec-Fetch-Dest") was successful  	[MsgId: MMSG-26392]
Action.c(1788): web_add_auto_header("Accept") was successful  	[MsgId: MMSG-26392]
globals.h(35): web_add_header("X-dynaTrace-Test") started  	[MsgId: MMSG-26355]
globals.h(35): web_add_header("X-dynaTrace-Test") was successful  	[MsgId: MMSG-26392]
Action.c(799): web_add_header("Sec-Fetch-User") started  	[MsgId: MMSG-26355]
Action.c(1792): web_url("info_3") started  	[MsgId: MMSG-26355]
Action.c(799): web_add_header("Sec-Fetch-User") was successful  	[MsgId: MMSG-26392]
Action.c(1792): web_url("info_3") was successful, 98 body bytes, 372 header bytes  	[MsgId: MMSG-26386]
Action.c(802): web_add_header("Upgrade-Insecure-Requests") started  	[MsgId: MMSG-26355]
globals.h(35): web_add_header("X-dynaTrace-Test") started  	[MsgId: MMSG-26355]
globals.h(35): web_add_header("X-dynaTrace-Test") was successful  	[MsgId: MMSG-26392]
Action.c(802): web_add_header("Upgrade-Insecure-Requests") was successful  	[MsgId: MMSG-26392]
Action.c(1802): web_url("polymer.html") started  	[MsgId: MMSG-26355]
Action.c(1802): Error -27760: Request "https://pvr-perf.rxlogix.com/reports/assets/plugin/dictionary/polymer.html" failed  	[MsgId: MERR-27760]
globals.h(35): web_add_header("X-dynaTrace-Test") started  	[MsgId: MMSG-26355]
globals.h(35): web_add_header("X-dynaTrace-Test") was successful  	[MsgId: MMSG-26392]
Action.c(806): web_url("index_2") started  	[MsgId: MMSG-26355]
End auto log messages stack.
Action.c(806): Error -27760: Request "https://pvr-perf.rxlogix.com/reports/report/index" failed  	[MsgId: MERR-27760]


End auto log messages stack.


Start auto log messages stack - Iteration 8.
Action.c(49): web_add_header("Sec-Fetch-User") was successful  	[MsgId: MMSG-26392]
Start auto log messages stack - Iteration 10.
Action.c(52): web_add_header("Upgrade-Insecure-Requests") started  	[MsgId: MMSG-26355]
Action.c(49): web_add_header("Sec-Fetch-User") was successful  	[MsgId: MMSG-26392]
Action.c(52): web_add_header("Upgrade-Insecure-Requests") started  	[MsgId: MMSG-26355]
Action.c(52): web_add_header("Upgrade-Insecure-Requests") was successful  	[MsgId: MMSG-26392]
Action.c(52): web_add_header("Upgrade-Insecure-Requests") was successful  	[MsgId: MMSG-26392]
Action.c(66): web_reg_save_param_ex started  	[MsgId: MMSG-26355]
Action.c(66): web_reg_save_param_ex started  	[MsgId: MMSG-26355]
Action.c(66): Registering web_reg_save_param_ex was successful  	[MsgId: MMSG-26390]
Action.c(66): Registering web_reg_save_param_ex was successful  	[MsgId: MMSG-26390]
globals.h(35): web_add_header("X-dynaTrace-Test") started  	[MsgId: MMSG-26355]
globals.h(35): web_add_header("X-dynaTrace-Test") started  	[MsgId: MMSG-26355]
globals.h(35): web_add_header("X-dynaTrace-Test") was successful  	[MsgId: MMSG-26392]
Action.c(77): web_url("auth") started  	[MsgId: MMSG-26355]
Action.c(77): Error -27794: Could not resolve address of host pvr-perf.rxlogix.com  	[MsgId: MERR-27794]
globals.h(35): web_add_header("X-dynaTrace-Test") was successful  	[MsgId: MMSG-26392]
Action.c(77): web_url("auth") started  	[MsgId: MMSG-26355]
Action.c(77): Error -27794: Could not resolve address of host pvr-perf.rxlogix.com  	[MsgId: MERR-27794]
Action.c(77): Error -26377: No match found for the requested parameter "CsrfTokenId". Either the specified boundaries were not found in the response or the matched text is longer than current max html parameter size of 99999999 bytes. The total length of the response is 0 bytes. You can use "web_set_max_html_param_len" to increase the max parameter size.  	[MsgId: MERR-26377]
Action.c(77): Error -26374: The above "not found" error(s) may be explained by header and body byte counts being 0 and 0, respectively.  	[MsgId: MERR-26374]
End auto log messages stack.


Action.c(77): Error -26377: No match found for the requested parameter "CsrfTokenId". Either the specified boundaries were not found in the response or the matched text is longer than current max html parameter size of 99999999 bytes. The total length of the response is 0 bytes. You can use "web_set_max_html_param_len" to increase the max parameter size.  	[MsgId: MERR-26377]
Action.c(77): Error -26374: The above "not found" error(s) may be explained by header and body byte counts being 0 and 0, respectively.  	[MsgId: MERR-26374]
End auto log messages stack.


Start auto log messages stack - Iteration 9.
Action.c(1360): web_reg_save_param_ex started  	[MsgId: MMSG-26355]
Action.c(1360): Registering web_reg_save_param_ex was successful  	[MsgId: MMSG-26390]
Action.c(1369): web_reg_find started  	[MsgId: MMSG-26355]
Action.c(1369): Registering web_reg_find was successful  	[MsgId: MMSG-26390]
globals.h(35): web_add_header("X-dynaTrace-Test") started  	[MsgId: MMSG-26355]
globals.h(35): web_add_header("X-dynaTrace-Test") was successful  	[MsgId: MMSG-26392]
Action.c(1374): web_url("reports_2") started  	[MsgId: MMSG-26355]
Action.c(1374): Connection to pvr-perf.rxlogix.com:443 closed after being inactive for 403 seconds, exceeding the "HTTP Keep-Alive timeout" Runtime Setting (60 seconds). URL="[None]"  	[MsgId: MMSG-27647]
Action.c(1374): Error -27794: Could not resolve address of host pvr-perf.rxlogix.com  	[MsgId: MERR-27794]
Action.c(1374): Error -26377: No match found for the requested parameter "Report_Id". Either the specified boundaries were not found in the response or the matched text is longer than current max html parameter size of 99999999 bytes. The total length of the response is 0 bytes. You can use "web_set_max_html_param_len" to increase the max parameter size.  	[MsgId: MERR-26377]
Action.c(1374): Error -26366: "Text=S3RE42" not found for web_reg_find  	[MsgId: MERR-26366]
Action.c(1374): Error -26374: The above "not found" error(s) may be explained by header and body byte counts being 0 and 0, respectively.  	[MsgId: MERR-26374]
End auto log messages stack.


Start auto log messages stack - Iteration 9.
Action.c(1374): Notify: The 1st error message associated with transaction "S03_T04_SearchReports" is "Error -27794: Could not resolve address of host pvr-perf.rxlogix.com"
Action.c(1374): Notify: The 2nd error message associated with transaction "S03_T04_SearchReports" is "Error -26377: No match found for the requested parameter "Report_Id". Either the specified boundaries were not found in the response or the matched text is longer than current max html parameter size of 99999999 bytes. The total length of the response is 0 bytes. You can use "web_set_max_html_param_len" to increase the max parameter size."
Action.c(1374): Notify: The 3rd error message associated with transaction "S03_T04_SearchReports" is "Error -26366: "Text=S3RE42" not found for web_reg_find"
Action.c(1374): Notify: The 4th error message associated with transaction "S03_T04_SearchReports" is "Error -26374: The above "not found" error(s) may be explained by header and body byte counts being 0 and 0, respectively."
Ending action Action.
Ending Vuser...
Starting action vuser_end.
Ending action vuser_end.
Vuser Terminated.
Error: Exception was raised when calling per-thread-terminate function in extension lrwreplaymain.dll: System Exceptions: EXCEPTION_ACCESS_VIOLATION
End auto log messages stack.


