Start auto log messages stack - Iteration 1.
Action.c(10): web_set_max_html_param_len was successful  	[MsgId: MMSG-26392]
Action.c(12): Notify: Transaction "S02_T01_OpenApplication" started.
Action.c(63): web_reg_save_param_ex started  	[MsgId: MMSG-26355]
Action.c(63): Registering web_reg_save_param_ex was successful  	[MsgId: MMSG-26390]
Action.c(73): web_reg_find started  	[MsgId: MMSG-26355]
Action.c(73): Registering web_reg_find was successful  	[MsgId: MMSG-26390]
globals.h(35): web_add_header("X-dynaTrace-Test") started  	[MsgId: MMSG-26355]
globals.h(35): web_add_header("X-dynaTrace-Test") was successful  	[MsgId: MMSG-26392]
Action.c(78): web_url("auth") started  	[MsgId: MMSG-26355]
Action.c(78): Error -27792: Failed to connect to server "pvr-perf.rxlogix.com:443": [10060] Connection timed out  	[MsgId: MERR-27792]
Action.c(78): Error -26377: No match found for the requested parameter "csrf_tokenId". Either the specified boundaries were not found in the response or the matched text is longer than current max html parameter size of 99999999 bytes. The total length of the response is 0 bytes. You can use "web_set_max_html_param_len" to increase the max parameter size.  	[MsgId: MERR-26377]
Action.c(78): Error -26366: "Text=Login" not found for web_reg_find  	[MsgId: MERR-26366]
Action.c(78): Error -26374: The above "not found" error(s) may be explained by header and body byte counts being 0 and 0, respectively.  	[MsgId: MERR-26374]
End auto log messages stack.


Start auto log messages stack - Iteration 2.
Action.c(1788): web_url("getTemplateList") was successful, 1143 body bytes, 265 header bytes  	[MsgId: MMSG-26386]
globals.h(35): web_add_header("X-dynaTrace-Test") started  	[MsgId: MMSG-26355]
globals.h(35): web_add_header("X-dynaTrace-Test") was successful  	[MsgId: MMSG-26392]
Action.c(1798): web_url("customSQLValuesForTemplate") started  	[MsgId: MMSG-26355]
Action.c(1798): web_url("customSQLValuesForTemplate") was successful, 28 body bytes, 265 header bytes  	[MsgId: MMSG-26386]
globals.h(35): web_add_header("X-dynaTrace-Test") started  	[MsgId: MMSG-26355]
globals.h(35): web_add_header("X-dynaTrace-Test") was successful  	[MsgId: MMSG-26392]
Action.c(1808): web_url("poiInputsForTemplate") started  	[MsgId: MMSG-26355]
Action.c(1808): Error -27760: Request "https://pvr-perf.rxlogix.com/reports/template/poiInputsForTemplate?templateId=24615&_=1591009327415" failed  	[MsgId: MERR-27760]
End auto log messages stack.


Start auto log messages stack - Iteration 6.
globals.h(35): web_add_header("X-dynaTrace-Test") was successful  	[MsgId: MMSG-26392]
Action.c(762): web_url("latestPeriodicReport") started  	[MsgId: MMSG-26355]
Action.c(762): Registering web_url("latestPeriodicReport") was successful  	[MsgId: MMSG-26390]
globals.h(35): web_add_header("X-dynaTrace-Test") started  	[MsgId: MMSG-26355]
globals.h(35): web_add_header("X-dynaTrace-Test") was successful  	[MsgId: MMSG-26392]
Action.c(777): web_url("dataTables_en.json_2") started  	[MsgId: MMSG-26355]
Action.c(777): Registering web_url("dataTables_en.json_2") was successful  	[MsgId: MMSG-26390]
Action.c(814): web_concurrent_end started  	[MsgId: MMSG-26355]
Action.c(777): Error -26610: HTTP Status-Code=502 (Bad Gateway) for "https://pvr-perf.rxlogix.com/reports/assets/i18n/dataTables_en.json?_=1591009293778"   [issued at Action.c(814)]  	[MsgId: MERR-26610]
Action.c(762): Error -26610: HTTP Status-Code=502 (Bad Gateway) for "https://pvr-perf.rxlogix.com/reports/periodicReportConfigurationRest/latestPeriodicReport?length=4&start=0"   [issued at Action.c(814)]  	[MsgId: MERR-26610]
Action.c(749): Error -26610: HTTP Status-Code=502 (Bad Gateway) for "https://pvr-perf.rxlogix.com/reports/assets/i18n/dataTables_en.json"   [issued at Action.c(814)]  	[MsgId: MERR-26610]
End auto log messages stack.


Start auto log messages stack - Iteration 9.
globals.h(35): web_add_header("X-dynaTrace-Test") started  	[MsgId: MMSG-26355]
globals.h(35): web_add_header("X-dynaTrace-Test") was successful  	[MsgId: MMSG-26392]
Action.c(2109): web_url("queryExpressionValuesForQuery_3") started  	[MsgId: MMSG-26355]
Action.c(2109): web_url("queryExpressionValuesForQuery_3") was successful, 109 body bytes, 265 header bytes  	[MsgId: MMSG-26386]
globals.h(35): web_add_header("X-dynaTrace-Test") started  	[MsgId: MMSG-26355]
globals.h(35): web_add_header("X-dynaTrace-Test") was successful  	[MsgId: MMSG-26392]
Action.c(2119): web_url("customSQLValuesForQuery_3") started  	[MsgId: MMSG-26355]
Action.c(2119): Error -27760: Request "https://pvr-perf.rxlogix.com/reports/query/customSQLValuesForQuery?queryId=29507&_=1591009327442" failed  	[MsgId: MERR-27760]
End auto log messages stack.


Start auto log messages stack - Iteration 8.
Action.c(816): Notify: Transaction "S02_T02_Login" ended with a "Pass" status (Duration: 10.0408 Wasted Time: 0.0016).
Action.c(818): lr_think_time: 18.00 seconds (recorded think time was 3.00 seconds).
Action.c(820): Notify: Transaction "S02_T03_NavigateAdhocReport_NewReport" started.
Action.c(841): web_reg_save_param_regexp started  	[MsgId: MMSG-26355]
Action.c(841): Registering web_reg_save_param_regexp was successful  	[MsgId: MMSG-26390]
Action.c(849): web_reg_find started  	[MsgId: MMSG-26355]
Action.c(849): Registering web_reg_find was successful  	[MsgId: MMSG-26390]
globals.h(35): web_add_header("X-dynaTrace-Test") started  	[MsgId: MMSG-26355]
globals.h(35): web_add_header("X-dynaTrace-Test") was successful  	[MsgId: MMSG-26392]
Action.c(854): web_url("create") started  	[MsgId: MMSG-26355]
Action.c(854): Error -27760: Request "https://pvr-perf.rxlogix.com/reports/configuration/create" failed  	[MsgId: MERR-27760]
End auto log messages stack.


Start auto log messages stack - Iteration 6.
Action.c(1788): web_url("getTemplateList") was successful, 1143 body bytes, 265 header bytes  	[MsgId: MMSG-26386]
globals.h(35): web_add_header("X-dynaTrace-Test") started  	[MsgId: MMSG-26355]
globals.h(35): web_add_header("X-dynaTrace-Test") was successful  	[MsgId: MMSG-26392]
Action.c(1798): web_url("customSQLValuesForTemplate") started  	[MsgId: MMSG-26355]
Action.c(1798): web_url("customSQLValuesForTemplate") was successful, 28 body bytes, 265 header bytes  	[MsgId: MMSG-26386]
globals.h(35): web_add_header("X-dynaTrace-Test") started  	[MsgId: MMSG-26355]
globals.h(35): web_add_header("X-dynaTrace-Test") was successful  	[MsgId: MMSG-26392]
Action.c(1808): web_url("poiInputsForTemplate") started  	[MsgId: MMSG-26355]
Action.c(1808): Error -27760: Request "https://pvr-perf.rxlogix.com/reports/template/poiInputsForTemplate?templateId=24615&_=1591009327415" failed  	[MsgId: MERR-27760]
End auto log messages stack.


Start auto log messages stack - Iteration 12.
globals.h(35): web_add_header("X-dynaTrace-Test") started  	[MsgId: MMSG-26355]
globals.h(35): web_add_header("X-dynaTrace-Test") was successful  	[MsgId: MMSG-26392]
Action.c(1950): web_url("queryExpressionValuesForQuery_2") started  	[MsgId: MMSG-26355]
Action.c(1950): web_url("queryExpressionValuesForQuery_2") was successful, 129 body bytes, 265 header bytes  	[MsgId: MMSG-26386]
globals.h(35): web_add_header("X-dynaTrace-Test") started  	[MsgId: MMSG-26355]
globals.h(35): web_add_header("X-dynaTrace-Test") was successful  	[MsgId: MMSG-26392]
Action.c(1960): web_url("customSQLValuesForQuery_2") started  	[MsgId: MMSG-26355]
Action.c(1960): Error -27760: Request "https://pvr-perf.rxlogix.com/reports/query/customSQLValuesForQuery?queryId=29531&_=1591009327428" failed  	[MsgId: MERR-27760]
End auto log messages stack.


