Start auto log messages stack - Iteration 8.
Action.c(32): web_add_auto_header("Accept-Language") was successful  	[MsgId: MMSG-26392]
Action.c(35): web_add_header("Sec-Fetch-User") started  	[MsgId: MMSG-26355]
Action.c(35): web_add_header("Sec-Fetch-User") was successful  	[MsgId: MMSG-26392]
Action.c(38): web_add_header("Upgrade-Insecure-Requests") started  	[MsgId: MMSG-26355]
Action.c(38): web_add_header("Upgrade-Insecure-Requests") was successful  	[MsgId: MMSG-26392]
Action.c(42): web_reg_save_param_attrib started  	[MsgId: MMSG-26355]
Action.c(42): Registering web_reg_save_param_attrib was successful  	[MsgId: MMSG-26390]
Action.c(52): web_url("auth") started  	[MsgId: MMSG-26355]
Action.c(52): Error -27792: Failed to connect to server "pvr-perf.rxlogix.com:443": [10060] Connection timed out  	[MsgId: MERR-27792]
Action.c(52): Error -35048: No match found for the requested parameter "CsrfTokenId_1". Check whether the tag with specific attributes exists in the response data  	[MsgId: MERR-35048]
End auto log messages stack.


Start auto log messages stack - Iteration 10.
Action.c(3179): web_add_header("If-None-Match") highest severity level was "warning"  	[MsgId: MMSG-26391]
Action.c(3182): web_add_auto_header("Sec-Fetch-Dest") started  	[MsgId: MMSG-26355]
Action.c(3182): web_add_auto_header("Sec-Fetch-Dest") was successful  	[MsgId: MMSG-26392]
Action.c(3185): web_add_auto_header("Sec-Fetch-Mode") started  	[MsgId: MMSG-26355]
Action.c(3185): web_add_auto_header("Sec-Fetch-Mode") was successful  	[MsgId: MMSG-26392]
Action.c(3188): web_url("column-view-64c0085c608464f4a6f66e33d985ae27.html_2") started  	[MsgId: MMSG-26355]
Action.c(3188): Error -26610: HTTP Status-Code=502 (Bad Gateway) for "https://pvr-perf.rxlogix.com/reports/assets/plugin/dictionary/column-view-64c0085c608464f4a6f66e33d985ae27.html"  	[MsgId: MERR-26610]
End auto log messages stack.


Start auto log messages stack - Iteration 10.
Action.c(2797): web_remove/revert_auto_header("Sec-Fetch-Site") was successful  	[MsgId: MMSG-26392]
Action.c(2799): web_add_header("Cache-Control") started  	[MsgId: MMSG-26355]
Action.c(2799): web_add_header("Cache-Control") was successful  	[MsgId: MMSG-26392]
Action.c(2802): web_add_header("Pragma") started  	[MsgId: MMSG-26355]
Action.c(2802): web_add_header("Pragma") was successful  	[MsgId: MMSG-26392]
Action.c(2816): Notify: Transaction "S07_T08_Remove_CaseLineListingTemplate_And_ClickUpdate" ended with a "Pass" status (Duration: 10.6876 Wasted Time: 0.0000).
Action.c(2818): lr_think_time: 15.00 seconds (recorded think time was 3.00 seconds).
Action.c(2820): Notify: Transaction "S07_T09_ClickRun" started.
Action.c(2861): web_url("create") started  	[MsgId: MMSG-26355]
Action.c(2861): Error -26610: HTTP Status-Code=502 (Bad Gateway) for "https://pvr-perf.rxlogix.com/reports/configuration/create?selectedTemplate=93148"  	[MsgId: MERR-26610]
End auto log messages stack.


Start auto log messages stack - Iteration 18.
Action.c(3613): web_add_auto_header("Sec-Fetch-Dest") was successful  	[MsgId: MMSG-26392]
Action.c(3616): web_add_header("Cache-Control") started  	[MsgId: MMSG-26355]
Action.c(3616): web_add_header("Cache-Control") was successful  	[MsgId: MMSG-26392]
Action.c(3619): web_add_header("Sec-Fetch-User") started  	[MsgId: MMSG-26355]
Action.c(3619): web_add_header("Sec-Fetch-User") was successful  	[MsgId: MMSG-26392]
Action.c(3622): web_add_header("Upgrade-Insecure-Requests") started  	[MsgId: MMSG-26355]
Action.c(3622): web_add_header("Upgrade-Insecure-Requests") was successful  	[MsgId: MMSG-26392]
Action.c(3625): web_submit_data("run") started  	[MsgId: MMSG-26355]
Action.c(3625): Error -26610: HTTP Status-Code=502 (Bad Gateway) for "https://pvr-perf.rxlogix.com/reports/configuration/run"  	[MsgId: MERR-26610]
End auto log messages stack.


Start auto log messages stack - Iteration 21.
Action.c(4103): web_add_header("Sec-Fetch-Dest") was successful  	[MsgId: MMSG-26392]
Action.c(4106): web_add_header("Sec-Fetch-Mode") started  	[MsgId: MMSG-26355]
Action.c(4106): web_add_header("Sec-Fetch-Mode") was successful  	[MsgId: MMSG-26392]
Action.c(4109): web_add_header("Sec-Fetch-Site") started  	[MsgId: MMSG-26355]
Action.c(4109): web_add_header("Sec-Fetch-Site") was successful  	[MsgId: MMSG-26392]
Action.c(4112): web_add_header("X-Requested-With") started  	[MsgId: MMSG-26355]
Action.c(4112): web_add_header("X-Requested-With") was successful  	[MsgId: MMSG-26392]
Action.c(4115): web_url("templates_4") started  	[MsgId: MMSG-26355]
Action.c(4115): Error -26610: HTTP Status-Code=502 (Bad Gateway) for "https://pvr-perf.rxlogix.com/reports/api/templates?draw=2&columns%5B0%5D%5Bdata%5D=isFavorite&columns%5B0%5D%5Bname%5D=&columns%5B0%5D%5Bsearchable%5D=true&columns%5B0%5D%5Borderable%5D=true&columns%5B0%5D%5Bsearch%5D%5Bvalue%5D=&columns%5B0%5D%5Bsearch%5D%5Bregex%5D=false&columns%5B1%5D%5Bdata%5D=type&columns%5B1%5D%5Bname%5D=&columns%5B1%5D%5Bsearchable%5D=true&columns%5B1%5D%5Borderable%5D=false&columns%5B1%5D%5Bsearch%5D%5Bvalue%5D=&columns%5B1%5D%5Bsearch%5D%5Bregex%5D=false&columns%5B2%5D%5Bdata%5D=category&columns%5B2%5D%5Bname%5D=&columns%5B2%5D%5Bsearchable%5D=true&columns%5B2%5D%5Borderable%5D=true&columns%5B2%5D%5Bsearch%5D%5Bvalue%5D=&columns%5B2%5D%5Bsearch%5D%5Bregex%5D=false&columns%5B3%5D%5Bdata%5D=name&columns%5B3%5D%5Bname%5D=&columns%5B3%5D%5Bsearchable%5D=true&columns%5B3%5D%5Borderable%5D=true&columns%5B3%5D%5Bsearch%5D%5Bvalue%5D=&columns%5B3%5D%5Bsearch%5D%5Bregex%5D=false&columns%5B4%5D%5Bdata%5D=description&columns%5B4%5D%5Bname%5D=&columns%5B4%5D%5Bsearchable%5D=true&columns%5B4%5D%5Borderable%5D=true&columns%5B4%5D%5Bsearch%5D%5Bvalue%5D=&columns%5B4%5D%5Bsearch%5D%5Bregex%5D=false&columns%5B5%5D%5Bdata%5D=qualityChecked&columns%5B5%5D%5Bname%5D=&columns%5B5%5D%5Bsearchable%5D=true&columns%5B5%5D%5Borderable%5D=true&columns%5B5%5D%5Bsearch%5D%5Bvalue%5D=&columns%5B5%5D%5Bsearch%5D%5Bregex%5D=false&columns%5B6%5D%5Bdata%5D=checkUsage&columns%5B6%5D%5Bname%5D=&columns%5B6%5D%5Bsearchable%5D=true&columns%5B6%5D%5Borderable%5D=false&columns%5B6%5D%5Bsearch%5D%5Bvalue%5D=&columns%5B6%5D%5Bsearch%5D%5Bregex%5D=false&columns%5B7%5D%5Bdata%5D=owner.fullName&columns%5B7%5D%5Bname%5D=&columns%5B7%5D%5Bsearchable%5D=true&columns%5B7%5D%5Borderable%5D=true&columns%5B7%5D%5Bsearch%5D%5Bvalue%5D=&columns%5B7%5D%5Bsearch%5D%5Bregex%5D=false&columns%5B8%5D%5Bdata%5D=dateCreated&columns%5B8%5D%5Bname%5D=&columns%5B8%5D%5Bsearchable%5D=true&columns%5B8%5D%5Borderable%5D=true&columns%5B8%5D%5Bsearch%5D%5Bvalue%5D=&columns%5B8%5D%5Bsearch%5D%5Bregex%5D=false&columns%5B9%5D%5Bdata%5D=lastUpdated&columns%5B9%5D%5Bname%5D=&columns%5B9%5D%5Bsearchable%5D=true&columns%5B9%5D%5Borderable%5D=true&columns%5B9%5D%5Bsearch%5D%5Bvalue%5D=&columns%5B9%5D%5Bsearch%5D%5Bregex%5D=false&columns%5B10%5D%5Bdata%5D=lastExecuted&columns%5B10%5D%5Bname%5D=&columns%5B10%5D%5Bsearchable%5D=true&columns%5B10%5D%5Borderable%5D=true&columns%5B10%5D%5Bsearch%5D%5Bvalue%5D=&columns%5B10%5D%5Bsearch%5D%5Bregex%5D=false&columns%5B11%5D%5Bdata%5D=tags&columns%5B11%5D%5Bname%5D=&columns%5B11%5D%5Bsearchable%5D=true&columns%5B11%5D%5Borderable%5D=false&columns%5B11%5D%5Bsearch%5D%5Bvalue%5D=&columns%5B11%5D%5Bsearch%5D%5Bregex%5D=false&columns%5B12%5D%5Bdata%5D=&columns%5B12%5D%5Bname%5D=&columns%5B12%5D%5Bsearchable%5D=true&columns%5B12%5D%5Borderable%5D=false&columns%5B12%5D%5Bsearch%5D%5Bvalue%5D=&columns%5B12%5D%5Bsearch%5D%5Bregex%5D=false&order%5B0%5D%5Bcolumn%5D=0&order%5B0%5D%5Bdir%5D=desc&start=0&length=50&search%5Bvalue%5D=&search%5Bregex%5D=false&searchString=&tableFilter=%7B%7D&advancedFilter=false&sharedwith=&direction=desc&sort=isFavorite&_=1589966177793"  	[MsgId: MERR-26610]
End auto log messages stack.


Start auto log messages stack - Iteration 20.
Action.c(1949): web_remove/revert_auto_header("Origin") highest severity level was "warning"  	[MsgId: MMSG-26391]
Action.c(1951): web_add_auto_header("Accept") started  	[MsgId: MMSG-26355]
Action.c(1951): web_add_auto_header("Accept") was successful  	[MsgId: MMSG-26392]
Action.c(1954): web_add_header("X-Requested-With") started  	[MsgId: MMSG-26355]
Action.c(1954): web_add_header("X-Requested-With") was successful  	[MsgId: MMSG-26392]
Action.c(1958): web_reg_save_param_ex started  	[MsgId: MMSG-26355]
Action.c(1958): Registering web_reg_save_param_ex was successful  	[MsgId: MMSG-26390]
Action.c(1966): web_url("getTemplateSetCLL") started  	[MsgId: MMSG-26355]
Action.c(1966): Error -26610: HTTP Status-Code=502 (Bad Gateway) for "https://pvr-perf.rxlogix.com/reports/reportTemplateRest/getTemplateSetCLL?term=&page=1&max=30&oldSelectedValue=&_=1589965794014"  	[MsgId: MERR-26610]
Action.c(1966): Error -26377: No match found for the requested parameter "CLL_15". Either the specified boundaries were not found in the response or the matched text is longer than current max html parameter size of 99999999 bytes. The total length of the response is 540 bytes. You can use "web_set_max_html_param_len" to increase the max parameter size.  	[MsgId: MERR-26377]
End auto log messages stack.


Start auto log messages stack - Iteration 19.
Action.c(2797): web_remove/revert_auto_header("Sec-Fetch-Site") was successful  	[MsgId: MMSG-26392]
Action.c(2799): web_add_header("Cache-Control") started  	[MsgId: MMSG-26355]
Action.c(2799): web_add_header("Cache-Control") was successful  	[MsgId: MMSG-26392]
Action.c(2802): web_add_header("Pragma") started  	[MsgId: MMSG-26355]
Action.c(2802): web_add_header("Pragma") was successful  	[MsgId: MMSG-26392]
Action.c(2816): Notify: Transaction "S07_T08_Remove_CaseLineListingTemplate_And_ClickUpdate" ended with a "Pass" status (Duration: 11.5691 Wasted Time: 0.0000).
Action.c(2818): lr_think_time: 15.00 seconds (recorded think time was 3.00 seconds).
Action.c(2820): Notify: Transaction "S07_T09_ClickRun" started.
Action.c(2861): web_url("create") started  	[MsgId: MMSG-26355]
Action.c(2861): Error -26610: HTTP Status-Code=502 (Bad Gateway) for "https://pvr-perf.rxlogix.com/reports/configuration/create?selectedTemplate=93093"  	[MsgId: MERR-26610]
End auto log messages stack.


Start auto log messages stack - Iteration 21.
Action.c(287): web_add_header("Sec-Fetch-User") was successful  	[MsgId: MMSG-26392]
Action.c(290): web_add_header("Upgrade-Insecure-Requests") started  	[MsgId: MMSG-26355]
Action.c(290): web_add_header("Upgrade-Insecure-Requests") was successful  	[MsgId: MMSG-26392]
Action.c(294): web_reg_save_param_ex started  	[MsgId: MMSG-26355]
Action.c(294): Registering web_reg_save_param_ex was successful  	[MsgId: MMSG-26390]
Action.c(304): web_reg_save_param_ex started  	[MsgId: MMSG-26355]
Action.c(304): Registering web_reg_save_param_ex was successful  	[MsgId: MMSG-26390]
Action.c(314): web_submit_data("authenticate") started  	[MsgId: MMSG-26355]
Action.c(314): Error -26609: HTTP Status-Code=503 (Service Unavailable) for "https://pvr-perf.rxlogix.com/reports/login/authenticate"  	[MsgId: MERR-26609]
Action.c(314): Error -35061: No match found for the requested parameter "CsrfTokenId_2". Either the specified boundaries were not found in the response or the matched text is longer than current max html parameter size of 99999999 bytes. The total length of the response is 580 bytes. You can use "web_set_max_html_param_len" to increase the max parameter size.  	[MsgId: MERR-35061]
Action.c(314): Error -26377: No match found for the requested parameter "User_Id". Either the specified boundaries were not found in the response or the matched text is longer than current max html parameter size of 99999999 bytes. The total length of the response is 580 bytes. You can use "web_set_max_html_param_len" to increase the max parameter size.  	[MsgId: MERR-26377]
End auto log messages stack.


Start auto log messages stack - Iteration 18.
Action.c(32): web_add_auto_header("Accept-Language") was successful  	[MsgId: MMSG-26392]
Action.c(35): web_add_header("Sec-Fetch-User") started  	[MsgId: MMSG-26355]
Action.c(35): web_add_header("Sec-Fetch-User") was successful  	[MsgId: MMSG-26392]
Action.c(38): web_add_header("Upgrade-Insecure-Requests") started  	[MsgId: MMSG-26355]
Action.c(38): web_add_header("Upgrade-Insecure-Requests") was successful  	[MsgId: MMSG-26392]
Action.c(42): web_reg_save_param_attrib started  	[MsgId: MMSG-26355]
Action.c(42): Registering web_reg_save_param_attrib was successful  	[MsgId: MMSG-26390]
Action.c(52): web_url("auth") started  	[MsgId: MMSG-26355]
Action.c(52): Error -26609: HTTP Status-Code=503 (Service Unavailable) for "https://pvr-perf.rxlogix.com/reports/login/auth"  	[MsgId: MERR-26609]
Action.c(52): Error -35048: No match found for the requested parameter "CsrfTokenId_1". Check whether the tag with specific attributes exists in the response data  	[MsgId: MERR-35048]
End auto log messages stack.


