Start auto log messages stack - Iteration 1.	[MsgId: MMSG-10545]
Action.c(1313): web_reg_save_param_ex started  	[MsgId: MMSG-26355]
Action.c(1313): Registering web_reg_save_param_ex was successful  	[MsgId: MMSG-26390]
Action.c(1325): web_reg_save_param_ex started  	[MsgId: MMSG-26355]
Action.c(1325): Registering web_reg_save_param_ex was successful  	[MsgId: MMSG-26390]
Action.c(1337): web_reg_save_param_ex started  	[MsgId: MMSG-26355]
Action.c(1337): Registering web_reg_save_param_ex was successful  	[MsgId: MMSG-26390]
Action.c(1349): web_reg_save_param_ex started  	[MsgId: MMSG-26355]
Action.c(1349): Registering web_reg_save_param_ex was successful  	[MsgId: MMSG-26390]
Action.c(1357): web_url("templates") started  	[MsgId: MMSG-26355]
Action.c(1357): Error -26377: No match found for the requested parameter "CLL_Id1". Either the specified boundaries were not found in the response or the matched text is longer than current max html parameter size of 99999999 bytes. The total length of the response is 2575 bytes. You can use "web_set_max_html_param_len" to increase the max parameter size.  	[MsgId: MERR-26377]
Action.c(1357): Error -26377: No match found for the requested parameter "CLL_Id2". Either the specified boundaries were not found in the response or the matched text is longer than current max html parameter size of 99999999 bytes. The total length of the response is 2575 bytes. You can use "web_set_max_html_param_len" to increase the max parameter size.  	[MsgId: MERR-26377]
Action.c(1357): Error -26377: No match found for the requested parameter "CCL_Id3". Either the specified boundaries were not found in the response or the matched text is longer than current max html parameter size of 99999999 bytes. The total length of the response is 2575 bytes. You can use "web_set_max_html_param_len" to increase the max parameter size.  	[MsgId: MERR-26377]
Action.c(1357): Error -26377: No match found for the requested parameter "CLL_Id4". Either the specified boundaries were not found in the response or the matched text is longer than current max html parameter size of 99999999 bytes. The total length of the response is 2575 bytes. You can use "web_set_max_html_param_len" to increase the max parameter size.  	[MsgId: MERR-26377]
Action.c(1357): Error -26377: No match found for the requested parameter "CLL_Id5". Either the specified boundaries were not found in the response or the matched text is longer than current max html parameter size of 99999999 bytes. The total length of the response is 2575 bytes. You can use "web_set_max_html_param_len" to increase the max parameter size.  	[MsgId: MERR-26377]
Action.c(1357): Error -26377: No match found for the requested parameter "CCL_Id6". Either the specified boundaries were not found in the response or the matched text is longer than current max html parameter size of 99999999 bytes. The total length of the response is 2575 bytes. You can use "web_set_max_html_param_len" to increase the max parameter size.  	[MsgId: MERR-26377]
Action.c(1357): Error -26377: No match found for the requested parameter "CCL_Id7". Either the specified boundaries were not found in the response or the matched text is longer than current max html parameter size of 99999999 bytes. The total length of the response is 2575 bytes. You can use "web_set_max_html_param_len" to increase the max parameter size.  	[MsgId: MERR-26377]
Action.c(1357): Error -26377: No match found for the requested parameter "CLL_Id9". Either the specified boundaries were not found in the response or the matched text is longer than current max html parameter size of 99999999 bytes. The total length of the response is 2575 bytes. You can use "web_set_max_html_param_len" to increase the max parameter size.  	[MsgId: MERR-26377]
Action.c(1357): Error -26377: No match found for the requested parameter "CCL_Id10". Either the specified boundaries were not found in the response or the matched text is longer than current max html parameter size of 99999999 bytes. The total length of the response is 2575 bytes. You can use "web_set_max_html_param_len" to increase the max parameter size.  	[MsgId: MERR-26377]
Action.c(1357): Error -26377: No match found for the requested parameter "CLL_Id_11". Either the specified boundaries were not found in the response or the matched text is longer than current max html parameter size of 99999999 bytes. The total length of the response is 2575 bytes. You can use "web_set_max_html_param_len" to increase the max parameter size.  	[MsgId: MERR-26377]
Action.c(1357): Error -26377: No match found for the requested parameter "CLL_12". Either the specified boundaries were not found in the response or the matched text is longer than current max html parameter size of 99999999 bytes. The total length of the response is 2575 bytes. You can use "web_set_max_html_param_len" to increase the max parameter size.  	[MsgId: MERR-26377]
Action.c(1357): Error -26377: No match found for the requested parameter "CLL_ID13". Either the specified boundaries were not found in the response or the matched text is longer than current max html parameter size of 99999999 bytes. The total length of the response is 2575 bytes. You can use "web_set_max_html_param_len" to increase the max parameter size.  	[MsgId: MERR-26377]
Action.c(1357): Error -26377: No match found for the requested parameter "CLL_Id_14". Either the specified boundaries were not found in the response or the matched text is longer than current max html parameter size of 99999999 bytes. The total length of the response is 2575 bytes. You can use "web_set_max_html_param_len" to increase the max parameter size.  	[MsgId: MERR-26377]
Action.c(1357): Error -26377: No match found for the requested parameter "CLL_Id_15". Either the specified boundaries were not found in the response or the matched text is longer than current max html parameter size of 99999999 bytes. The total length of the response is 2575 bytes. You can use "web_set_max_html_param_len" to increase the max parameter size.  	[MsgId: MERR-26377]
End auto log messages stack.	[MsgId: MMSG-10544]


Start auto log messages stack - Iteration 2.	[MsgId: MMSG-10545]
Action.c(1313): web_reg_save_param_ex started  	[MsgId: MMSG-26355]
Action.c(1313): Registering web_reg_save_param_ex was successful  	[MsgId: MMSG-26390]
Action.c(1325): web_reg_save_param_ex started  	[MsgId: MMSG-26355]
Action.c(1325): Registering web_reg_save_param_ex was successful  	[MsgId: MMSG-26390]
Action.c(1337): web_reg_save_param_ex started  	[MsgId: MMSG-26355]
Action.c(1337): Registering web_reg_save_param_ex was successful  	[MsgId: MMSG-26390]
Action.c(1349): web_reg_save_param_ex started  	[MsgId: MMSG-26355]
Action.c(1349): Registering web_reg_save_param_ex was successful  	[MsgId: MMSG-26390]
Action.c(1357): web_url("templates") started  	[MsgId: MMSG-26355]
Action.c(1357): Error -26377: No match found for the requested parameter "CLL_Id1". Either the specified boundaries were not found in the response or the matched text is longer than current max html parameter size of 99999999 bytes. The total length of the response is 2575 bytes. You can use "web_set_max_html_param_len" to increase the max parameter size.  	[MsgId: MERR-26377]
Action.c(1357): Error -26377: No match found for the requested parameter "CLL_Id2". Either the specified boundaries were not found in the response or the matched text is longer than current max html parameter size of 99999999 bytes. The total length of the response is 2575 bytes. You can use "web_set_max_html_param_len" to increase the max parameter size.  	[MsgId: MERR-26377]
Action.c(1357): Error -26377: No match found for the requested parameter "CCL_Id3". Either the specified boundaries were not found in the response or the matched text is longer than current max html parameter size of 99999999 bytes. The total length of the response is 2575 bytes. You can use "web_set_max_html_param_len" to increase the max parameter size.  	[MsgId: MERR-26377]
Action.c(1357): Error -26377: No match found for the requested parameter "CLL_Id4". Either the specified boundaries were not found in the response or the matched text is longer than current max html parameter size of 99999999 bytes. The total length of the response is 2575 bytes. You can use "web_set_max_html_param_len" to increase the max parameter size.  	[MsgId: MERR-26377]
Action.c(1357): Error -26377: No match found for the requested parameter "CLL_Id5". Either the specified boundaries were not found in the response or the matched text is longer than current max html parameter size of 99999999 bytes. The total length of the response is 2575 bytes. You can use "web_set_max_html_param_len" to increase the max parameter size.  	[MsgId: MERR-26377]
Action.c(1357): Error -26377: No match found for the requested parameter "CCL_Id6". Either the specified boundaries were not found in the response or the matched text is longer than current max html parameter size of 99999999 bytes. The total length of the response is 2575 bytes. You can use "web_set_max_html_param_len" to increase the max parameter size.  	[MsgId: MERR-26377]
Action.c(1357): Error -26377: No match found for the requested parameter "CCL_Id7". Either the specified boundaries were not found in the response or the matched text is longer than current max html parameter size of 99999999 bytes. The total length of the response is 2575 bytes. You can use "web_set_max_html_param_len" to increase the max parameter size.  	[MsgId: MERR-26377]
Action.c(1357): Error -26377: No match found for the requested parameter "CLL_Id9". Either the specified boundaries were not found in the response or the matched text is longer than current max html parameter size of 99999999 bytes. The total length of the response is 2575 bytes. You can use "web_set_max_html_param_len" to increase the max parameter size.  	[MsgId: MERR-26377]
Action.c(1357): Error -26377: No match found for the requested parameter "CCL_Id10". Either the specified boundaries were not found in the response or the matched text is longer than current max html parameter size of 99999999 bytes. The total length of the response is 2575 bytes. You can use "web_set_max_html_param_len" to increase the max parameter size.  	[MsgId: MERR-26377]
Action.c(1357): Error -26377: No match found for the requested parameter "CLL_Id_11". Either the specified boundaries were not found in the response or the matched text is longer than current max html parameter size of 99999999 bytes. The total length of the response is 2575 bytes. You can use "web_set_max_html_param_len" to increase the max parameter size.  	[MsgId: MERR-26377]
Action.c(1357): Error -26377: No match found for the requested parameter "CLL_12". Either the specified boundaries were not found in the response or the matched text is longer than current max html parameter size of 99999999 bytes. The total length of the response is 2575 bytes. You can use "web_set_max_html_param_len" to increase the max parameter size.  	[MsgId: MERR-26377]
Action.c(1357): Error -26377: No match found for the requested parameter "CLL_ID13". Either the specified boundaries were not found in the response or the matched text is longer than current max html parameter size of 99999999 bytes. The total length of the response is 2575 bytes. You can use "web_set_max_html_param_len" to increase the max parameter size.  	[MsgId: MERR-26377]
Action.c(1357): Error -26377: No match found for the requested parameter "CLL_Id_14". Either the specified boundaries were not found in the response or the matched text is longer than current max html parameter size of 99999999 bytes. The total length of the response is 2575 bytes. You can use "web_set_max_html_param_len" to increase the max parameter size.  	[MsgId: MERR-26377]
Action.c(1357): Error -26377: No match found for the requested parameter "CLL_Id_15". Either the specified boundaries were not found in the response or the matched text is longer than current max html parameter size of 99999999 bytes. The total length of the response is 2575 bytes. You can use "web_set_max_html_param_len" to increase the max parameter size.  	[MsgId: MERR-26377]
End auto log messages stack.	[MsgId: MMSG-10544]


Start auto log messages stack - Iteration 3.	[MsgId: MMSG-10545]
Action.c(1313): web_reg_save_param_ex started  	[MsgId: MMSG-26355]
Action.c(1313): Registering web_reg_save_param_ex was successful  	[MsgId: MMSG-26390]
Action.c(1325): web_reg_save_param_ex started  	[MsgId: MMSG-26355]
Action.c(1325): Registering web_reg_save_param_ex was successful  	[MsgId: MMSG-26390]
Action.c(1337): web_reg_save_param_ex started  	[MsgId: MMSG-26355]
Action.c(1337): Registering web_reg_save_param_ex was successful  	[MsgId: MMSG-26390]
Action.c(1349): web_reg_save_param_ex started  	[MsgId: MMSG-26355]
Action.c(1349): Registering web_reg_save_param_ex was successful  	[MsgId: MMSG-26390]
Action.c(1357): web_url("templates") started  	[MsgId: MMSG-26355]
Action.c(1357): Error -26377: No match found for the requested parameter "CLL_Id1". Either the specified boundaries were not found in the response or the matched text is longer than current max html parameter size of 99999999 bytes. The total length of the response is 2575 bytes. You can use "web_set_max_html_param_len" to increase the max parameter size.  	[MsgId: MERR-26377]
Action.c(1357): Error -26377: No match found for the requested parameter "CLL_Id2". Either the specified boundaries were not found in the response or the matched text is longer than current max html parameter size of 99999999 bytes. The total length of the response is 2575 bytes. You can use "web_set_max_html_param_len" to increase the max parameter size.  	[MsgId: MERR-26377]
Action.c(1357): Error -26377: No match found for the requested parameter "CCL_Id3". Either the specified boundaries were not found in the response or the matched text is longer than current max html parameter size of 99999999 bytes. The total length of the response is 2575 bytes. You can use "web_set_max_html_param_len" to increase the max parameter size.  	[MsgId: MERR-26377]
Action.c(1357): Error -26377: No match found for the requested parameter "CLL_Id4". Either the specified boundaries were not found in the response or the matched text is longer than current max html parameter size of 99999999 bytes. The total length of the response is 2575 bytes. You can use "web_set_max_html_param_len" to increase the max parameter size.  	[MsgId: MERR-26377]
Action.c(1357): Error -26377: No match found for the requested parameter "CLL_Id5". Either the specified boundaries were not found in the response or the matched text is longer than current max html parameter size of 99999999 bytes. The total length of the response is 2575 bytes. You can use "web_set_max_html_param_len" to increase the max parameter size.  	[MsgId: MERR-26377]
Action.c(1357): Error -26377: No match found for the requested parameter "CCL_Id6". Either the specified boundaries were not found in the response or the matched text is longer than current max html parameter size of 99999999 bytes. The total length of the response is 2575 bytes. You can use "web_set_max_html_param_len" to increase the max parameter size.  	[MsgId: MERR-26377]
Action.c(1357): Error -26377: No match found for the requested parameter "CCL_Id7". Either the specified boundaries were not found in the response or the matched text is longer than current max html parameter size of 99999999 bytes. The total length of the response is 2575 bytes. You can use "web_set_max_html_param_len" to increase the max parameter size.  	[MsgId: MERR-26377]
Action.c(1357): Error -26377: No match found for the requested parameter "CLL_Id9". Either the specified boundaries were not found in the response or the matched text is longer than current max html parameter size of 99999999 bytes. The total length of the response is 2575 bytes. You can use "web_set_max_html_param_len" to increase the max parameter size.  	[MsgId: MERR-26377]
Action.c(1357): Error -26377: No match found for the requested parameter "CCL_Id10". Either the specified boundaries were not found in the response or the matched text is longer than current max html parameter size of 99999999 bytes. The total length of the response is 2575 bytes. You can use "web_set_max_html_param_len" to increase the max parameter size.  	[MsgId: MERR-26377]
Action.c(1357): Error -26377: No match found for the requested parameter "CLL_Id_11". Either the specified boundaries were not found in the response or the matched text is longer than current max html parameter size of 99999999 bytes. The total length of the response is 2575 bytes. You can use "web_set_max_html_param_len" to increase the max parameter size.  	[MsgId: MERR-26377]
Action.c(1357): Error -26377: No match found for the requested parameter "CLL_12". Either the specified boundaries were not found in the response or the matched text is longer than current max html parameter size of 99999999 bytes. The total length of the response is 2575 bytes. You can use "web_set_max_html_param_len" to increase the max parameter size.  	[MsgId: MERR-26377]
Action.c(1357): Error -26377: No match found for the requested parameter "CLL_ID13". Either the specified boundaries were not found in the response or the matched text is longer than current max html parameter size of 99999999 bytes. The total length of the response is 2575 bytes. You can use "web_set_max_html_param_len" to increase the max parameter size.  	[MsgId: MERR-26377]
Action.c(1357): Error -26377: No match found for the requested parameter "CLL_Id_14". Either the specified boundaries were not found in the response or the matched text is longer than current max html parameter size of 99999999 bytes. The total length of the response is 2575 bytes. You can use "web_set_max_html_param_len" to increase the max parameter size.  	[MsgId: MERR-26377]
Action.c(1357): Error -26377: No match found for the requested parameter "CLL_Id_15". Either the specified boundaries were not found in the response or the matched text is longer than current max html parameter size of 99999999 bytes. The total length of the response is 2575 bytes. You can use "web_set_max_html_param_len" to increase the max parameter size.  	[MsgId: MERR-26377]
End auto log messages stack.	[MsgId: MMSG-10544]


Start auto log messages stack - Iteration 4.	[MsgId: MMSG-10545]
Action.c(33): web_add_auto_header("Accept-Language") was successful  	[MsgId: MMSG-26392]
Action.c(36): web_add_header("Sec-Fetch-User") started  	[MsgId: MMSG-26355]
Action.c(36): web_add_header("Sec-Fetch-User") was successful  	[MsgId: MMSG-26392]
Action.c(39): web_add_header("Upgrade-Insecure-Requests") started  	[MsgId: MMSG-26355]
Action.c(39): web_add_header("Upgrade-Insecure-Requests") was successful  	[MsgId: MMSG-26392]
Action.c(54): web_reg_save_param_ex started  	[MsgId: MMSG-26355]
Action.c(54): Registering web_reg_save_param_ex was successful  	[MsgId: MMSG-26390]
Action.c(63): web_url("auth") started  	[MsgId: MMSG-26355]
Action.c(63): Error -27760: Request "https://pvr-perf.rxlogix.com/reports/login/auth" failed  	[MsgId: MERR-27760]
Action.c(63): Error -26377: No match found for the requested parameter "Csrf_TokenId". Either the specified boundaries were not found in the response or the matched text is longer than current max html parameter size of 99999999 bytes. The total length of the response is 0 bytes. You can use "web_set_max_html_param_len" to increase the max parameter size.  	[MsgId: MERR-26377]
Action.c(63): Error -26374: The above "not found" error(s) may be explained by header and body byte counts being 0 and 0, respectively.  	[MsgId: MERR-26374]
End auto log messages stack.	[MsgId: MMSG-10544]


Start auto log messages stack - Iteration 5.	[MsgId: MMSG-10545]
Action.c(1313): web_reg_save_param_ex started  	[MsgId: MMSG-26355]
Action.c(1313): Registering web_reg_save_param_ex was successful  	[MsgId: MMSG-26390]
Action.c(1325): web_reg_save_param_ex started  	[MsgId: MMSG-26355]
Action.c(1325): Registering web_reg_save_param_ex was successful  	[MsgId: MMSG-26390]
Action.c(1337): web_reg_save_param_ex started  	[MsgId: MMSG-26355]
Action.c(1337): Registering web_reg_save_param_ex was successful  	[MsgId: MMSG-26390]
Action.c(1349): web_reg_save_param_ex started  	[MsgId: MMSG-26355]
Action.c(1349): Registering web_reg_save_param_ex was successful  	[MsgId: MMSG-26390]
Action.c(1357): web_url("templates") started  	[MsgId: MMSG-26355]
Action.c(1357): Error -26377: No match found for the requested parameter "CLL_Id1". Either the specified boundaries were not found in the response or the matched text is longer than current max html parameter size of 99999999 bytes. The total length of the response is 2575 bytes. You can use "web_set_max_html_param_len" to increase the max parameter size.  	[MsgId: MERR-26377]
Action.c(1357): Error -26377: No match found for the requested parameter "CLL_Id2". Either the specified boundaries were not found in the response or the matched text is longer than current max html parameter size of 99999999 bytes. The total length of the response is 2575 bytes. You can use "web_set_max_html_param_len" to increase the max parameter size.  	[MsgId: MERR-26377]
Action.c(1357): Error -26377: No match found for the requested parameter "CCL_Id3". Either the specified boundaries were not found in the response or the matched text is longer than current max html parameter size of 99999999 bytes. The total length of the response is 2575 bytes. You can use "web_set_max_html_param_len" to increase the max parameter size.  	[MsgId: MERR-26377]
Action.c(1357): Error -26377: No match found for the requested parameter "CLL_Id4". Either the specified boundaries were not found in the response or the matched text is longer than current max html parameter size of 99999999 bytes. The total length of the response is 2575 bytes. You can use "web_set_max_html_param_len" to increase the max parameter size.  	[MsgId: MERR-26377]
Action.c(1357): Error -26377: No match found for the requested parameter "CLL_Id5". Either the specified boundaries were not found in the response or the matched text is longer than current max html parameter size of 99999999 bytes. The total length of the response is 2575 bytes. You can use "web_set_max_html_param_len" to increase the max parameter size.  	[MsgId: MERR-26377]
Action.c(1357): Error -26377: No match found for the requested parameter "CCL_Id6". Either the specified boundaries were not found in the response or the matched text is longer than current max html parameter size of 99999999 bytes. The total length of the response is 2575 bytes. You can use "web_set_max_html_param_len" to increase the max parameter size.  	[MsgId: MERR-26377]
Action.c(1357): Error -26377: No match found for the requested parameter "CCL_Id7". Either the specified boundaries were not found in the response or the matched text is longer than current max html parameter size of 99999999 bytes. The total length of the response is 2575 bytes. You can use "web_set_max_html_param_len" to increase the max parameter size.  	[MsgId: MERR-26377]
Action.c(1357): Error -26377: No match found for the requested parameter "CLL_Id9". Either the specified boundaries were not found in the response or the matched text is longer than current max html parameter size of 99999999 bytes. The total length of the response is 2575 bytes. You can use "web_set_max_html_param_len" to increase the max parameter size.  	[MsgId: MERR-26377]
Action.c(1357): Error -26377: No match found for the requested parameter "CCL_Id10". Either the specified boundaries were not found in the response or the matched text is longer than current max html parameter size of 99999999 bytes. The total length of the response is 2575 bytes. You can use "web_set_max_html_param_len" to increase the max parameter size.  	[MsgId: MERR-26377]
Action.c(1357): Error -26377: No match found for the requested parameter "CLL_Id_11". Either the specified boundaries were not found in the response or the matched text is longer than current max html parameter size of 99999999 bytes. The total length of the response is 2575 bytes. You can use "web_set_max_html_param_len" to increase the max parameter size.  	[MsgId: MERR-26377]
Action.c(1357): Error -26377: No match found for the requested parameter "CLL_12". Either the specified boundaries were not found in the response or the matched text is longer than current max html parameter size of 99999999 bytes. The total length of the response is 2575 bytes. You can use "web_set_max_html_param_len" to increase the max parameter size.  	[MsgId: MERR-26377]
Action.c(1357): Error -26377: No match found for the requested parameter "CLL_ID13". Either the specified boundaries were not found in the response or the matched text is longer than current max html parameter size of 99999999 bytes. The total length of the response is 2575 bytes. You can use "web_set_max_html_param_len" to increase the max parameter size.  	[MsgId: MERR-26377]
Action.c(1357): Error -26377: No match found for the requested parameter "CLL_Id_14". Either the specified boundaries were not found in the response or the matched text is longer than current max html parameter size of 99999999 bytes. The total length of the response is 2575 bytes. You can use "web_set_max_html_param_len" to increase the max parameter size.  	[MsgId: MERR-26377]
Action.c(1357): Error -26377: No match found for the requested parameter "CLL_Id_15". Either the specified boundaries were not found in the response or the matched text is longer than current max html parameter size of 99999999 bytes. The total length of the response is 2575 bytes. You can use "web_set_max_html_param_len" to increase the max parameter size.  	[MsgId: MERR-26377]
End auto log messages stack.	[MsgId: MMSG-10544]


