Start auto log messages stack - Iteration 1.
Action.c(3620): web_add_auto_header("Sec-Fetch-Dest") was successful  	[MsgId: MMSG-26392]
Action.c(3623): web_add_header("Cache-Control") started  	[MsgId: MMSG-26355]
Action.c(3623): web_add_header("Cache-Control") was successful  	[MsgId: MMSG-26392]
Action.c(3626): web_add_header("Sec-Fetch-User") started  	[MsgId: MMSG-26355]
Action.c(3626): web_add_header("Sec-Fetch-User") was successful  	[MsgId: MMSG-26392]
Action.c(3629): web_add_header("Upgrade-Insecure-Requests") started  	[MsgId: MMSG-26355]
Action.c(3629): web_add_header("Upgrade-Insecure-Requests") was successful  	[MsgId: MMSG-26392]
Action.c(3632): web_submit_data("run") started  	[MsgId: MMSG-26355]
Action.c(3632): Error -27760: Request "https://pvr-perf.rxlogix.com/reports/configuration/run" failed  	[MsgId: MERR-27760]
End auto log messages stack.


Start auto log messages stack - Iteration 2.
Action.c(2357): web_add_auto_header("Sec-Fetch-Mode") started  	[MsgId: MMSG-26355]
Action.c(2357): web_add_auto_header("Sec-Fetch-Mode") was successful  	[MsgId: MMSG-26392]
Action.c(2360): web_add_auto_header("X-Requested-With") started  	[MsgId: MMSG-26355]
Action.c(2360): web_add_auto_header("X-Requested-With") was successful  	[MsgId: MMSG-26392]
Action.c(2363): web_url("getTemplateNameDescription_30") started  	[MsgId: MMSG-26355]
Action.c(2363): web_url("getTemplateNameDescription_30") was successful, 156 body bytes, 265 header bytes  	[MsgId: MMSG-26386]
Action.c(2372): web_url("getTemplateNameDescription_31") started  	[MsgId: MMSG-26355]
Action.c(2372): Error -27760: Request "https://pvr-perf.rxlogix.com/reports/reportTemplateRest/getTemplateNameDescription?id=24026" failed  	[MsgId: MERR-27760]
End auto log messages stack.


Start auto log messages stack - Iteration 1.
Action.c(2390): web_url("getTemplateNameDescription_33") started  	[MsgId: MMSG-26355]
Action.c(2390): web_url("getTemplateNameDescription_33") was successful, 160 body bytes, 265 header bytes  	[MsgId: MMSG-26386]
Action.c(2399): web_url("getTemplateNameDescription_34") started  	[MsgId: MMSG-26355]
Action.c(2399): web_url("getTemplateNameDescription_34") was successful, 154 body bytes, 265 header bytes  	[MsgId: MMSG-26386]
Action.c(2408): web_url("getTemplateNameDescription_35") started  	[MsgId: MMSG-26355]
Action.c(2408): web_url("getTemplateNameDescription_35") was successful, 156 body bytes, 265 header bytes  	[MsgId: MMSG-26386]
Action.c(2417): web_url("getTemplateNameDescription_36") started  	[MsgId: MMSG-26355]
Action.c(2417): Error -27760: Request "https://pvr-perf.rxlogix.com/reports/reportTemplateRest/getTemplateNameDescription?id=24139" failed  	[MsgId: MERR-27760]
End auto log messages stack.


Start auto log messages stack - Iteration 1.
Action.c(2372): web_url("getTemplateNameDescription_31") started  	[MsgId: MMSG-26355]
Action.c(2372): web_url("getTemplateNameDescription_31") was successful, 154 body bytes, 265 header bytes  	[MsgId: MMSG-26386]
Action.c(2381): web_url("getTemplateNameDescription_32") started  	[MsgId: MMSG-26355]
Action.c(2381): web_url("getTemplateNameDescription_32") was successful, 164 body bytes, 265 header bytes  	[MsgId: MMSG-26386]
Action.c(2390): web_url("getTemplateNameDescription_33") started  	[MsgId: MMSG-26355]
Action.c(2390): web_url("getTemplateNameDescription_33") was successful, 160 body bytes, 265 header bytes  	[MsgId: MMSG-26386]
Action.c(2399): web_url("getTemplateNameDescription_34") started  	[MsgId: MMSG-26355]
Action.c(2399): Error -27760: Request "https://pvr-perf.rxlogix.com/reports/reportTemplateRest/getTemplateNameDescription?id=24055" failed  	[MsgId: MERR-27760]
End auto log messages stack.


Start auto log messages stack - Iteration 2.
Action.c(196): Resource "https://pvr-perf.rxlogix.com/reports/assets/jquery/customise-jquery.cookiecuttr-7d5013f65bb830d28e9c0f882402df22.js" not downloaded (resource downloading not requested)  	[MsgId: MMSG-27299]
Action.c(207): web_url("OpenSans-Regular-55835483c304eaa8477fea2c36abba17.woff2") started  	[MsgId: MMSG-26355]
Action.c(207): Resource "https://pvr-perf.rxlogix.com/reports/assets/OpenSans-Regular-55835483c304eaa8477fea2c36abba17.woff2?v=1.1.0" not downloaded (resource downloading not requested)  	[MsgId: MMSG-27299]
Action.c(235): web_url("auth_2") started  	[MsgId: MMSG-26355]
Action.c(235): Registering web_url("auth_2") was successful  	[MsgId: MMSG-26390]
Action.c(244): web_concurrent_end started  	[MsgId: MMSG-26355]
Action.c(235): Error -27760: Request "https://pvr-perf.rxlogix.com/reports/login/auth" failed   [issued at Action.c(244)]  	[MsgId: MERR-27760]
End auto log messages stack.


Start auto log messages stack - Iteration 3.
Action.c(2417): web_url("getTemplateNameDescription_36") started  	[MsgId: MMSG-26355]
Action.c(2417): web_url("getTemplateNameDescription_36") was successful, 159 body bytes, 265 header bytes  	[MsgId: MMSG-26386]
Action.c(2426): web_url("getTemplateNameDescription_37") started  	[MsgId: MMSG-26355]
Action.c(2426): web_url("getTemplateNameDescription_37") was successful, 163 body bytes, 265 header bytes  	[MsgId: MMSG-26386]
Action.c(2435): web_url("getTemplateNameDescription_38") started  	[MsgId: MMSG-26355]
Action.c(2435): web_url("getTemplateNameDescription_38") was successful, 156 body bytes, 265 header bytes  	[MsgId: MMSG-26386]
Action.c(2444): web_url("getTemplateNameDescription_39") started  	[MsgId: MMSG-26355]
Action.c(2444): Error -27760: Request "https://pvr-perf.rxlogix.com/reports/reportTemplateRest/getTemplateNameDescription?id=24083" failed  	[MsgId: MERR-27760]
End auto log messages stack.


Start auto log messages stack - Iteration 2.
Action.c(32): web_add_auto_header("Accept-Language") was successful  	[MsgId: MMSG-26392]
Action.c(35): web_add_header("Sec-Fetch-User") started  	[MsgId: MMSG-26355]
Action.c(35): web_add_header("Sec-Fetch-User") was successful  	[MsgId: MMSG-26392]
Action.c(38): web_add_header("Upgrade-Insecure-Requests") started  	[MsgId: MMSG-26355]
Action.c(38): web_add_header("Upgrade-Insecure-Requests") was successful  	[MsgId: MMSG-26392]
Action.c(42): web_reg_save_param_attrib started  	[MsgId: MMSG-26355]
Action.c(42): Registering web_reg_save_param_attrib was successful  	[MsgId: MMSG-26390]
Action.c(52): web_url("auth") started  	[MsgId: MMSG-26355]
Action.c(52): Error -27792: Failed to connect to server "pvr-perf.rxlogix.com:443": [10060] Connection timed out  	[MsgId: MERR-27792]
Action.c(52): Error -35048: No match found for the requested parameter "CsrfTokenId_1". Check whether the tag with specific attributes exists in the response data  	[MsgId: MERR-35048]
End auto log messages stack.


Start auto log messages stack - Iteration 4.
Action.c(1081): web_url("{User_Id}_2") started  	[MsgId: MMSG-26355]
Action.c(1081): Registering web_url("{User_Id}_2") was successful  	[MsgId: MMSG-26390]
Action.c(1090): web_url("glyphicons-halflings-regular-448c34a56d699c29117adc64c43affeb.woff2") started  	[MsgId: MMSG-26355]
Action.c(1090): Resource "https://pvr-perf.rxlogix.com/reports/assets/glyphicons-halflings-regular-448c34a56d699c29117adc64c43affeb.woff2" not downloaded (resource downloading not requested)  	[MsgId: MMSG-27299]
Action.c(1103): web_url("info_2") started  	[MsgId: MMSG-26355]
Action.c(1103): Registering web_url("info_2") was successful  	[MsgId: MMSG-26390]
Action.c(1120): web_concurrent_end started  	[MsgId: MMSG-26355]
Action.c(1053): Error -26610: HTTP Status-Code=502 (Bad Gateway) for "https://pvr-perf.rxlogix.com/reports/tag"   [issued at Action.c(1120)]  	[MsgId: MERR-26610]
End auto log messages stack.


Start auto log messages stack - Iteration 1.
Action.c(35): web_add_header("Sec-Fetch-User") started  	[MsgId: MMSG-26355]
Action.c(35): web_add_header("Sec-Fetch-User") was successful  	[MsgId: MMSG-26392]
Action.c(38): web_add_header("Upgrade-Insecure-Requests") started  	[MsgId: MMSG-26355]
Action.c(38): web_add_header("Upgrade-Insecure-Requests") was successful  	[MsgId: MMSG-26392]
Action.c(42): web_reg_save_param_attrib started  	[MsgId: MMSG-26355]
Action.c(42): Registering web_reg_save_param_attrib was successful  	[MsgId: MMSG-26390]
Action.c(52): web_url("auth") started  	[MsgId: MMSG-26355]
Action.c(52): ssl_handle_status encounter error : SSL_ERROR_SYSCALL, error id : 0  	[MsgId: MMSG-26000]
Action.c(52): Error -27776: [GENERAL_MSG_CAT_SSL_ERROR]connect to host "pvr-perf.rxlogix.com" failed  	[MsgId: MERR-27776]
Action.c(52): Error -35048: No match found for the requested parameter "CsrfTokenId_1". Check whether the tag with specific attributes exists in the response data  	[MsgId: MERR-35048]
End auto log messages stack.


Start auto log messages stack - Iteration 3.
Action.c(2200): Registering web_url("getTemplateNameDescription_28") was successful  	[MsgId: MMSG-26390]
Action.c(2212): web_url("{User_Id}_4") started  	[MsgId: MMSG-26355]
Action.c(2212): Registering web_url("{User_Id}_4") was successful  	[MsgId: MMSG-26390]
Action.c(2226): web_url("info_4") started  	[MsgId: MMSG-26355]
Action.c(2226): Registering web_url("info_4") was successful  	[MsgId: MMSG-26390]
Action.c(2238): web_url("getTemplateNameDescription_29") started  	[MsgId: MMSG-26355]
Action.c(2238): Registering web_url("getTemplateNameDescription_29") was successful  	[MsgId: MMSG-26390]
Action.c(2271): web_concurrent_end started  	[MsgId: MMSG-26355]
Action.c(2146): Error -26610: HTTP Status-Code=502 (Bad Gateway) for "https://pvr-perf.rxlogix.com/reports/reportTemplateRest/getTemplateNameDescription?id=23690"   [issued at Action.c(2271)]  	[MsgId: MERR-26610]
End auto log messages stack.


Start auto log messages stack - Iteration 9.
Action.c(2426): web_url("getTemplateNameDescription_37") started  	[MsgId: MMSG-26355]
Action.c(2426): web_url("getTemplateNameDescription_37") was successful, 163 body bytes, 265 header bytes  	[MsgId: MMSG-26386]
Action.c(2435): web_url("getTemplateNameDescription_38") started  	[MsgId: MMSG-26355]
Action.c(2435): web_url("getTemplateNameDescription_38") was successful, 156 body bytes, 265 header bytes  	[MsgId: MMSG-26386]
Action.c(2444): web_url("getTemplateNameDescription_39") started  	[MsgId: MMSG-26355]
Action.c(2444): web_url("getTemplateNameDescription_39") was successful, 154 body bytes, 265 header bytes  	[MsgId: MMSG-26386]
Action.c(2453): web_url("getTemplateNameDescription_40") started  	[MsgId: MMSG-26355]
Action.c(2453): Error -27760: Request "https://pvr-perf.rxlogix.com/reports/reportTemplateRest/getTemplateNameDescription?id=24166" failed  	[MsgId: MERR-27760]
End auto log messages stack.


Start auto log messages stack - Iteration 8.
Action.c(2655): web_url("getTemplateNameDescription_46") started  	[MsgId: MMSG-26355]
Action.c(2655): web_url("getTemplateNameDescription_46") was successful, 164 body bytes, 265 header bytes  	[MsgId: MMSG-26386]
Action.c(2664): web_url("getTemplateNameDescription_47") started  	[MsgId: MMSG-26355]
Action.c(2664): web_url("getTemplateNameDescription_47") was successful, 156 body bytes, 265 header bytes  	[MsgId: MMSG-26386]
Action.c(2673): web_url("getTemplateNameDescription_48") started  	[MsgId: MMSG-26355]
Action.c(2673): web_url("getTemplateNameDescription_48") was successful, 154 body bytes, 265 header bytes  	[MsgId: MMSG-26386]
Action.c(2682): web_url("getTemplateNameDescription_49") started  	[MsgId: MMSG-26355]
Action.c(2682): Error -27760: Request "https://pvr-perf.rxlogix.com/reports/reportTemplateRest/getTemplateNameDescription?id=24083" failed  	[MsgId: MERR-27760]
End auto log messages stack.


Start auto log messages stack - Iteration 12.
Action.c(32): web_add_auto_header("Accept-Language") was successful  	[MsgId: MMSG-26392]
Action.c(35): web_add_header("Sec-Fetch-User") started  	[MsgId: MMSG-26355]
Action.c(35): web_add_header("Sec-Fetch-User") was successful  	[MsgId: MMSG-26392]
Action.c(38): web_add_header("Upgrade-Insecure-Requests") started  	[MsgId: MMSG-26355]
Action.c(38): web_add_header("Upgrade-Insecure-Requests") was successful  	[MsgId: MMSG-26392]
Action.c(42): web_reg_save_param_attrib started  	[MsgId: MMSG-26355]
Action.c(42): Registering web_reg_save_param_attrib was successful  	[MsgId: MMSG-26390]
Action.c(52): web_url("auth") started  	[MsgId: MMSG-26355]
Action.c(52): Error -27792: Failed to connect to server "pvr-perf.rxlogix.com:443": [10060] Connection timed out  	[MsgId: MERR-27792]
Action.c(52): Error -35048: No match found for the requested parameter "CsrfTokenId_1". Check whether the tag with specific attributes exists in the response data  	[MsgId: MERR-35048]
End auto log messages stack.


Start auto log messages stack - Iteration 9.
Action.c(2754): web_url("getTemplateNameDescription_57") started  	[MsgId: MMSG-26355]
Action.c(2754): web_url("getTemplateNameDescription_57") was successful, 156 body bytes, 265 header bytes  	[MsgId: MMSG-26386]
Action.c(2763): web_url("getTemplateNameDescription_58") started  	[MsgId: MMSG-26355]
Action.c(2763): web_url("getTemplateNameDescription_58") was successful, 160 body bytes, 265 header bytes  	[MsgId: MMSG-26386]
Action.c(2772): web_add_auto_header("Accept") started  	[MsgId: MMSG-26355]
Action.c(2772): web_add_auto_header("Accept") was successful  	[MsgId: MMSG-26392]
Action.c(2775): web_url("{User_Id}_6") started  	[MsgId: MMSG-26355]
Action.c(2775): Error -27760: Request "https://pvr-perf.rxlogix.com/reports/notificationRest/forUser/86634?_=1589965932442" failed  	[MsgId: MERR-27760]
End auto log messages stack.


Start auto log messages stack - Iteration 12.
Action.c(3620): web_add_auto_header("Sec-Fetch-Dest") was successful  	[MsgId: MMSG-26392]
Action.c(3623): web_add_header("Cache-Control") started  	[MsgId: MMSG-26355]
Action.c(3623): web_add_header("Cache-Control") was successful  	[MsgId: MMSG-26392]
Action.c(3626): web_add_header("Sec-Fetch-User") started  	[MsgId: MMSG-26355]
Action.c(3626): web_add_header("Sec-Fetch-User") was successful  	[MsgId: MMSG-26392]
Action.c(3629): web_add_header("Upgrade-Insecure-Requests") started  	[MsgId: MMSG-26355]
Action.c(3629): web_add_header("Upgrade-Insecure-Requests") was successful  	[MsgId: MMSG-26392]
Action.c(3632): web_submit_data("run") started  	[MsgId: MMSG-26355]
Action.c(3632): Error -27760: Request "https://pvr-perf.rxlogix.com/reports/configuration/run" failed  	[MsgId: MERR-27760]
End auto log messages stack.


Start auto log messages stack - Iteration 12.
Action.c(3340): web_url("sharedWithValues_3") started  	[MsgId: MMSG-26355]
Action.c(3340): web_url("sharedWithValues_3") was successful, 79 body bytes, 265 header bytes  	[MsgId: MMSG-26386]
Action.c(3349): web_url("theme.min.js") started  	[MsgId: MMSG-26355]
Action.c(3349): Resource "https://pvr-perf.rxlogix.com/reports/assets/tinymce/themes/modern/theme.min.js" not downloaded (resource downloading not requested)  	[MsgId: MMSG-27299]
Action.c(3357): web_url("polymer-mini.html") started  	[MsgId: MMSG-26355]
Action.c(3357): web_url("polymer-mini.html") was successful, 8921 body bytes, 384 header bytes  	[MsgId: MMSG-26386]
Action.c(3366): web_url("polymer-micro.html") started  	[MsgId: MMSG-26355]
Action.c(3366): Error -27760: Request "https://pvr-perf.rxlogix.com/reports/assets/plugin/dictionary/polymer-micro.html" failed  	[MsgId: MERR-27760]
End auto log messages stack.


