Start auto log messages stack - Iteration 1.
Action.c(2557): web_add_header("Cache-Control") started  	[MsgId: MMSG-26355]
Action.c(2557): web_add_header("Cache-Control") was successful  	[MsgId: MMSG-26392]
Action.c(2560): web_add_header("Sec-Fetch-User") started  	[MsgId: MMSG-26355]
Action.c(2560): web_add_header("Sec-Fetch-User") was successful  	[MsgId: MMSG-26392]
Action.c(2563): web_add_header("Upgrade-Insecure-Requests") started  	[MsgId: MMSG-26355]
Action.c(2563): web_add_header("Upgrade-Insecure-Requests") was successful  	[MsgId: MMSG-26392]
Action.c(2566): web_submit_data("update_2") started  	[MsgId: MMSG-26355]
Action.c(2566): Warning -26490: File name in a multipart submit is missing or empty. Using an empty file  	[MsgId: MWAR-26490]
Action.c(2566): Error -26610: HTTP Status-Code=502 (Bad Gateway) for "https://pvr-perf.rxlogix.com/reports/template/update?_csrf=506244dc-d328-4698-97cb-6dce1952c925"  	[MsgId: MERR-26610]
End auto log messages stack.


Start auto log messages stack - Iteration 4.
Action.c(1949): web_remove/revert_auto_header("Origin") highest severity level was "warning"  	[MsgId: MMSG-26391]
Action.c(1951): web_add_auto_header("Accept") started  	[MsgId: MMSG-26355]
Action.c(1951): web_add_auto_header("Accept") was successful  	[MsgId: MMSG-26392]
Action.c(1954): web_add_header("X-Requested-With") started  	[MsgId: MMSG-26355]
Action.c(1954): web_add_header("X-Requested-With") was successful  	[MsgId: MMSG-26392]
Action.c(1958): web_reg_save_param_ex started  	[MsgId: MMSG-26355]
Action.c(1958): Registering web_reg_save_param_ex was successful  	[MsgId: MMSG-26390]
Action.c(1966): web_url("getTemplateSetCLL") started  	[MsgId: MMSG-26355]
Action.c(1966): Error -26610: HTTP Status-Code=502 (Bad Gateway) for "https://pvr-perf.rxlogix.com/reports/reportTemplateRest/getTemplateSetCLL?term=&page=1&max=30&oldSelectedValue=&_=1589965794014"  	[MsgId: MERR-26610]
Action.c(1966): Error -26377: No match found for the requested parameter "CLL_15". Either the specified boundaries were not found in the response or the matched text is longer than current max html parameter size of 99999999 bytes. The total length of the response is 540 bytes. You can use "web_set_max_html_param_len" to increase the max parameter size.  	[MsgId: MERR-26377]
End auto log messages stack.


Start auto log messages stack - Iteration 5.
Action.c(785): web_url("fontawesome-webfont-af7ae505a9eed503f8b8e6982036873e.woff2") started  	[MsgId: MMSG-26355]
Action.c(785): Resource "https://pvr-perf.rxlogix.com/reports/assets/fontawesome-webfont-af7ae505a9eed503f8b8e6982036873e.woff2?v=4.7.0" is in the cache already and will not be downloaded again  	[MsgId: MMSG-26655]
Action.c(805): web_url("Material-Design-Iconic-Font-a2a1ba89e7f9d29f7d5aee76e8b9f7ab.woff") started  	[MsgId: MMSG-26355]
Action.c(805): Resource "https://pvr-perf.rxlogix.com/reports/assets/Material-Design-Iconic-Font-a2a1ba89e7f9d29f7d5aee76e8b9f7ab.woff?v=1.0.1" is in the cache already and will not be downloaded again  	[MsgId: MMSG-26655]
Action.c(836): web_concurrent_end started  	[MsgId: MMSG-26355]
Action.c(727): Error -26610: HTTP Status-Code=502 (Bad Gateway) for "https://pvr-perf.rxlogix.com/reports/periodicReportConfigurationRest/latestPeriodicReport?length=4&start=0"   [issued at Action.c(836)]  	[MsgId: MERR-26610]
End auto log messages stack.


Start auto log messages stack - Iteration 10.
Action.c(1752): web_url("getTemplateNameDescription_5") started  	[MsgId: MMSG-26355]
Action.c(1752): web_url("getTemplateNameDescription_5") was successful, 160 body bytes, 234 header bytes  	[MsgId: MMSG-26386]
Action.c(1761): web_url("getTemplateNameDescription_6") started  	[MsgId: MMSG-26355]
Action.c(1761): web_url("getTemplateNameDescription_6") was successful, 154 body bytes, 234 header bytes  	[MsgId: MMSG-26386]
Action.c(1770): web_url("getTemplateNameDescription_7") started  	[MsgId: MMSG-26355]
Action.c(1770): web_url("getTemplateNameDescription_7") was successful, 156 body bytes, 234 header bytes  	[MsgId: MMSG-26386]
Action.c(1779): web_url("getTemplateNameDescription_8") started  	[MsgId: MMSG-26355]
Action.c(1779): Error -26610: HTTP Status-Code=502 (Bad Gateway) for "https://pvr-perf.rxlogix.com/reports/reportTemplateRest/getTemplateNameDescription?id=24113"  	[MsgId: MERR-26610]
End auto log messages stack.


Start auto log messages stack - Iteration 11.
Action.c(785): web_url("fontawesome-webfont-af7ae505a9eed503f8b8e6982036873e.woff2") started  	[MsgId: MMSG-26355]
Action.c(785): Resource "https://pvr-perf.rxlogix.com/reports/assets/fontawesome-webfont-af7ae505a9eed503f8b8e6982036873e.woff2?v=4.7.0" is in the cache already and will not be downloaded again  	[MsgId: MMSG-26655]
Action.c(805): web_url("Material-Design-Iconic-Font-a2a1ba89e7f9d29f7d5aee76e8b9f7ab.woff") started  	[MsgId: MMSG-26355]
Action.c(805): Resource "https://pvr-perf.rxlogix.com/reports/assets/Material-Design-Iconic-Font-a2a1ba89e7f9d29f7d5aee76e8b9f7ab.woff?v=1.0.1" is in the cache already and will not be downloaded again  	[MsgId: MMSG-26655]
Action.c(836): web_concurrent_end started  	[MsgId: MMSG-26355]
Action.c(678): Error -26610: HTTP Status-Code=502 (Bad Gateway) for "https://pvr-perf.rxlogix.com/reports/reportResultRest/latestAdhocReport?length=4&start=0"   [issued at Action.c(836)]  	[MsgId: MERR-26610]
End auto log messages stack.


Start auto log messages stack - Iteration 8.
Action.c(785): web_url("fontawesome-webfont-af7ae505a9eed503f8b8e6982036873e.woff2") started  	[MsgId: MMSG-26355]
Action.c(785): Resource "https://pvr-perf.rxlogix.com/reports/assets/fontawesome-webfont-af7ae505a9eed503f8b8e6982036873e.woff2?v=4.7.0" is in the cache already and will not be downloaded again  	[MsgId: MMSG-26655]
Action.c(805): web_url("Material-Design-Iconic-Font-a2a1ba89e7f9d29f7d5aee76e8b9f7ab.woff") started  	[MsgId: MMSG-26355]
Action.c(805): Resource "https://pvr-perf.rxlogix.com/reports/assets/Material-Design-Iconic-Font-a2a1ba89e7f9d29f7d5aee76e8b9f7ab.woff?v=1.0.1" is in the cache already and will not be downloaded again  	[MsgId: MMSG-26655]
Action.c(836): web_concurrent_end started  	[MsgId: MMSG-26355]
Action.c(666): Error -26610: HTTP Status-Code=502 (Bad Gateway) for "https://pvr-perf.rxlogix.com/reports/notificationRest/forUser/86744?_=1589965692480"   [issued at Action.c(836)]  	[MsgId: MERR-26610]
End auto log messages stack.


Start auto log messages stack - Iteration 16.
Action.c(2074): web_add_auto_header("X-Requested-With") started  	[MsgId: MMSG-26355]
Action.c(2074): web_add_auto_header("X-Requested-With") was successful  	[MsgId: MMSG-26392]
Action.c(2077): web_url("getTemplateNameDescription_15") started  	[MsgId: MMSG-26355]
Action.c(2077): web_url("getTemplateNameDescription_15") was successful, 156 body bytes, 234 header bytes  	[MsgId: MMSG-26386]
Action.c(2086): web_url("getTemplateNameDescription_16") started  	[MsgId: MMSG-26355]
Action.c(2086): web_url("getTemplateNameDescription_16") was successful, 154 body bytes, 234 header bytes  	[MsgId: MMSG-26386]
Action.c(2095): web_url("getTemplateNameDescription_17") started  	[MsgId: MMSG-26355]
Action.c(2095): Error -26610: HTTP Status-Code=502 (Bad Gateway) for "https://pvr-perf.rxlogix.com/reports/reportTemplateRest/getTemplateNameDescription?id=23998"  	[MsgId: MERR-26610]
End auto log messages stack.


Start auto log messages stack - Iteration 15.
Action.c(785): web_url("fontawesome-webfont-af7ae505a9eed503f8b8e6982036873e.woff2") started  	[MsgId: MMSG-26355]
Action.c(785): Resource "https://pvr-perf.rxlogix.com/reports/assets/fontawesome-webfont-af7ae505a9eed503f8b8e6982036873e.woff2?v=4.7.0" is in the cache already and will not be downloaded again  	[MsgId: MMSG-26655]
Action.c(805): web_url("Material-Design-Iconic-Font-a2a1ba89e7f9d29f7d5aee76e8b9f7ab.woff") started  	[MsgId: MMSG-26355]
Action.c(805): Resource "https://pvr-perf.rxlogix.com/reports/assets/Material-Design-Iconic-Font-a2a1ba89e7f9d29f7d5aee76e8b9f7ab.woff?v=1.0.1" is in the cache already and will not be downloaded again  	[MsgId: MMSG-26655]
Action.c(836): web_concurrent_end started  	[MsgId: MMSG-26355]
Action.c(666): Error -26610: HTTP Status-Code=502 (Bad Gateway) for "https://pvr-perf.rxlogix.com/reports/notificationRest/forUser/86524?_=1589965692480"   [issued at Action.c(836)]  	[MsgId: MERR-26610]
Action.c(727): Error -26610: HTTP Status-Code=502 (Bad Gateway) for "https://pvr-perf.rxlogix.com/reports/periodicReportConfigurationRest/latestPeriodicReport?length=4&start=0"   [issued at Action.c(836)]  	[MsgId: MERR-26610]
End auto log messages stack.


