Start auto log messages stack - Iteration 1.
Action.c(264): Warning -27760: Request "https://pvr-perf.rxlogix.com/reports/assets/app/rxapplication-eebebbeb632a82e8608209da3ab42ef2.js" failed   [issued at Action.c(726)]  	[MsgId: MWAR-27760]
Action.c(435): Warning -27760: Request "https://pvr-perf.rxlogix.com/reports/assets/fuelux/fuelux-58910ec6bd502e7c4aabf85922131616.js" failed   [issued at Action.c(726)]  	[MsgId: MWAR-27760]
Action.c(451): Warning -27760: Request "https://pvr-perf.rxlogix.com/reports/assets/highcharts/highcharts-01ce2a5c16b4e040b95b02d8cf3ea23e.js" failed   [issued at Action.c(726)]  	[MsgId: MWAR-27760]
Action.c(419): Warning -27760: Request "https://pvr-perf.rxlogix.com/reports/assets/fullcalendar/fullcalendar-lang-all-e4e9be403fd4dc092b72c368c27e5d47.js" failed   [issued at Action.c(726)]  	[MsgId: MWAR-27760]
Action.c(584): Error -27760: Request "https://pvr-perf.rxlogix.com/reports/reportResultRest/latestAdhocReport?length=4&start=0" failed   [issued at Action.c(726)]  	[MsgId: MERR-27760]
Action.c(691): Error -27760: Request "https://pvr-perf.rxlogix.com/reports/assets/i18n/dataTables_en.json?_=1591165028691" failed   [issued at Action.c(726)]  	[MsgId: MERR-27760]
Action.c(622): Error -27760: Request "https://pvr-perf.rxlogix.com/reports/actionItemRest/index?length=5&start=0&sort=dueDate&direction=asc" failed   [issued at Action.c(726)]  	[MsgId: MERR-27760]
Action.c(667): Error -27760: Request "https://pvr-perf.rxlogix.com/reports/assets/i18n/dataTables_en.json" failed   [issued at Action.c(726)]  	[MsgId: MERR-27760]
End auto log messages stack.


Start auto log messages stack - Iteration 1.
Action.c(491): Warning -27760: Request "https://pvr-perf.rxlogix.com/reports/assets/gridstack/gridstack.jQueryUI.min-5bd5204d23705e69adeb23742f04ff8c.js" failed   [issued at Action.c(726)]  	[MsgId: MWAR-27760]
Action.c(608): Error -27760: Request "https://pvr-perf.rxlogix.com/reports/notificationRest/forUser/87746?_=1591165028690" failed   [issued at Action.c(726)]  	[MsgId: MERR-27760]
End auto log messages stack.


Start auto log messages stack - Iteration 1.
Action.c(523): Warning -27760: Request "https://pvr-perf.rxlogix.com/reports/assets/store.modern.min-ee86dbde67356086e53dffdd31c6867d.js" failed   [issued at Action.c(726)]  	[MsgId: MWAR-27760]
Action.c(679): Error -27760: Request "https://pvr-perf.rxlogix.com/reports/periodicReportConfigurationRest/latestPeriodicReport?length=4&start=0" failed   [issued at Action.c(726)]  	[MsgId: MERR-27760]
End auto log messages stack.


Start auto log messages stack - Iteration 2.
Action.c(241): web_reg_find started  	[MsgId: MMSG-26355]
Action.c(241): Registering web_reg_find was successful  	[MsgId: MMSG-26390]
Action.c(245): web_submit_data("authenticate") started  	[MsgId: MMSG-26355]
Action.c(245): Redirecting "https://pvr-perf.rxlogix.com/reports/login/authenticate" (redirection depth is 0)  	[MsgId: MMSG-26694]
Action.c(245): To location "https://pvr-perf.rxlogix.com/reports/login/authfail"  	[MsgId: MMSG-26693]
Action.c(245): Redirecting "https://pvr-perf.rxlogix.com/reports/login/authfail" (redirection depth is 1)  	[MsgId: MMSG-26694]
Action.c(245): To location "https://pvr-perf.rxlogix.com/reports/login/auth"  	[MsgId: MMSG-26693]
Action.c(245): Error -35061: No match found for the requested parameter "CsrfTokenId_2". Either the specified boundaries were not found in the response or the matched text is longer than current max html parameter size of 99999999 bytes. The total length of the response is 4467 bytes. You can use "web_set_max_html_param_len" to increase the max parameter size.  	[MsgId: MERR-35061]
Action.c(245): Error -26377: No match found for the requested parameter "User_Id". Either the specified boundaries were not found in the response or the matched text is longer than current max html parameter size of 99999999 bytes. The total length of the response is 4467 bytes. You can use "web_set_max_html_param_len" to increase the max parameter size.  	[MsgId: MERR-26377]
Action.c(245): Error -26366: "Text=Dashboard" not found for web_reg_find  	[MsgId: MERR-26366]
End auto log messages stack.


Start auto log messages stack - Iteration 1.
Action.c(667): Registering web_url("dataTables_en.json") was successful  	[MsgId: MMSG-26390]
Action.c(679): web_url("latestPeriodicReport") started  	[MsgId: MMSG-26355]
Action.c(679): Registering web_url("latestPeriodicReport") was successful  	[MsgId: MMSG-26390]
Action.c(691): web_url("dataTables_en.json_2") started  	[MsgId: MMSG-26355]
Action.c(691): Registering web_url("dataTables_en.json_2") was successful  	[MsgId: MMSG-26390]
Action.c(726): web_concurrent_end started  	[MsgId: MMSG-26355]
Action.c(264): Warning -27760: Request "https://pvr-perf.rxlogix.com/reports/assets/app/rxapplication-eebebbeb632a82e8608209da3ab42ef2.js" failed   [issued at Action.c(726)]  	[MsgId: MWAR-27760]
Action.c(622): Error -27760: Request "https://pvr-perf.rxlogix.com/reports/actionItemRest/index?length=5&start=0&sort=dueDate&direction=asc" failed   [issued at Action.c(726)]  	[MsgId: MERR-27760]
Action.c(667): Error -27760: Request "https://pvr-perf.rxlogix.com/reports/assets/i18n/dataTables_en.json" failed   [issued at Action.c(726)]  	[MsgId: MERR-27760]
End auto log messages stack.


Start auto log messages stack - Iteration 1.
Action.c(499): Warning -27760: Request "https://pvr-perf.rxlogix.com/reports/assets/app/pushNotification-3d08817200dceb0a405d9f7aefa3192f.js" failed   [issued at Action.c(726)]  	[MsgId: MWAR-27760]
Action.c(553): Warning -27760: Request "https://pvr-perf.rxlogix.com/reports/assets/fullcalendar.print-5e9985f0185898b586ec4820f63bb446.css" failed   [issued at Action.c(726)]  	[MsgId: MWAR-27760]
Action.c(584): Error -27760: Request "https://pvr-perf.rxlogix.com/reports/reportResultRest/latestAdhocReport?length=4&start=0" failed   [issued at Action.c(726)]  	[MsgId: MERR-27760]
End auto log messages stack.


Start auto log messages stack - Iteration 1.
Action.c(403): Warning -27760: Request "https://pvr-perf.rxlogix.com/reports/assets/fullcalendar/fullcalendar-ab21481ecaaf856ac398df2626c214f0.js" failed   [issued at Action.c(726)]  	[MsgId: MWAR-27760]
Action.c(531): Warning -27760: Request "https://pvr-perf.rxlogix.com/reports/assets/jquery/customise-jquery-idleTimeout-6286fe026bdf78a6c38a29cfd8d979c8.js" failed   [issued at Action.c(726)]  	[MsgId: MWAR-27760]
Action.c(507): Warning -27760: Request "https://pvr-perf.rxlogix.com/reports/assets/app/deleteModal-68b8e74283c8070801d2afbaf40831a1.js" failed   [issued at Action.c(726)]  	[MsgId: MWAR-27760]
Action.c(275): Warning -27760: Request "https://pvr-perf.rxlogix.com/reports/assets/theme_gradient_blue-8a7bc35778c66c2a34b346cddd101ad7.css" failed   [issued at Action.c(726)]  	[MsgId: MWAR-27760]
Action.c(691): Error -27760: Request "https://pvr-perf.rxlogix.com/reports/assets/i18n/dataTables_en.json?_=1591165028691" failed   [issued at Action.c(726)]  	[MsgId: MERR-27760]
End auto log messages stack.


Start auto log messages stack - Iteration 1.
Action.c(515): Warning -27760: Request "https://pvr-perf.rxlogix.com/reports/assets/app/jquery.core-2c7cdf128b42d849235dea8cadd879b8.js" failed   [issued at Action.c(726)]  	[MsgId: MWAR-27760]
Action.c(419): Warning -27760: Request "https://pvr-perf.rxlogix.com/reports/assets/fullcalendar/fullcalendar-lang-all-e4e9be403fd4dc092b72c368c27e5d47.js" failed   [issued at Action.c(726)]  	[MsgId: MWAR-27760]
Action.c(608): Error -27760: Request "https://pvr-perf.rxlogix.com/reports/notificationRest/forUser/87801?_=1591165028690" failed   [issued at Action.c(726)]  	[MsgId: MERR-27760]
End auto log messages stack.


Start auto log messages stack - Iteration 1.
Action.c(634): Warning -27760: Request "https://pvr-perf.rxlogix.com/reports/assets/fontawesome-webfont-af7ae505a9eed503f8b8e6982036873e.woff2?v=4.7.0" failed   [issued at Action.c(726)]  	[MsgId: MWAR-27760]
Action.c(679): Error -27760: Request "https://pvr-perf.rxlogix.com/reports/periodicReportConfigurationRest/latestPeriodicReport?length=4&start=0" failed   [issued at Action.c(726)]  	[MsgId: MERR-27760]
End auto log messages stack.


Start auto log messages stack - Iteration 3.
Action.c(1584): web_remove_auto_header("X-CSRF-TOKEN") started  	[MsgId: MMSG-26355]
Action.c(1584): Previous automatically added web header for "X-CSRF-TOKEN" removed  	[MsgId: MMSG-26587]
Action.c(1584): web_remove/revert_auto_header("X-CSRF-TOKEN") was successful  	[MsgId: MMSG-26392]
Action.c(1586): web_add_auto_header("Accept") started  	[MsgId: MMSG-26355]
Action.c(1586): web_add_auto_header("Accept") was successful  	[MsgId: MMSG-26392]
Action.c(1598): Notify: Transaction "S11_T08_EnterBasicInformation" started.
Action.c(1612): web_add_auto_header("Accept") started  	[MsgId: MMSG-26355]
Action.c(1612): web_add_auto_header("Accept") was successful  	[MsgId: MMSG-26392]
Action.c(1615): web_url("sharedWithList") started  	[MsgId: MMSG-26355]
Action.c(1615): Error -26612: HTTP Status-Code=500 (Internal Server Error) for "https://pvr-perf.rxlogix.com/reports/userRest/sharedWithList?term=&page=1&max=30&_=1591165084811"  	[MsgId: MERR-26612]
End auto log messages stack.


Start auto log messages stack - Iteration 2.
Action.c(758): web_add_auto_header("Accept-Language") was successful  	[MsgId: MMSG-26392]
Action.c(761): web_add_header("Sec-Fetch-User") started  	[MsgId: MMSG-26355]
Action.c(761): web_add_header("Sec-Fetch-User") was successful  	[MsgId: MMSG-26392]
Action.c(764): web_add_header("Upgrade-Insecure-Requests") started  	[MsgId: MMSG-26355]
Action.c(764): web_add_header("Upgrade-Insecure-Requests") was successful  	[MsgId: MMSG-26392]
Action.c(767): web_reg_find started  	[MsgId: MMSG-26355]
Action.c(767): Registering web_reg_find was successful  	[MsgId: MMSG-26390]
Action.c(771): web_url("index_2") started  	[MsgId: MMSG-26355]
Action.c(771): Error -27760: Request "https://pvr-perf.rxlogix.com/reports/reportRequest/index" failed  	[MsgId: MERR-27760]
Action.c(771): Error -26366: "Text=Report Request List" not found for web_reg_find  	[MsgId: MERR-26366]
Action.c(771): Error -26374: The above "not found" error(s) may be explained by header and body byte counts being 0 and 0, respectively.  	[MsgId: MERR-26374]
End auto log messages stack.


Start auto log messages stack - Iteration 1.
Action.c(47): web_add_header("Upgrade-Insecure-Requests") started  	[MsgId: MMSG-26355]
Action.c(47): web_add_header("Upgrade-Insecure-Requests") was successful  	[MsgId: MMSG-26392]
Action.c(51): web_reg_save_param_ex started  	[MsgId: MMSG-26355]
Action.c(51): Registering web_reg_save_param_ex was successful  	[MsgId: MMSG-26390]
Action.c(60): web_reg_find started  	[MsgId: MMSG-26355]
Action.c(60): Registering web_reg_find was successful  	[MsgId: MMSG-26390]
Action.c(64): web_url("auth") started  	[MsgId: MMSG-26355]
Action.c(64): ssl_handle_status encounter error : SSL_ERROR_SYSCALL, error id : 0  	[MsgId: MMSG-26000]
Action.c(64): Error -27776: [GENERAL_MSG_CAT_SSL_ERROR]connect to host "pvr-perf.rxlogix.com" failed  	[MsgId: MERR-27776]
Action.c(64): Error -26377: No match found for the requested parameter "CsrfTokenId_1". Either the specified boundaries were not found in the response or the matched text is longer than current max html parameter size of 99999999 bytes. The total length of the response is 0 bytes. You can use "web_set_max_html_param_len" to increase the max parameter size.  	[MsgId: MERR-26377]
Action.c(64): Error -26366: "Text=Login" not found for web_reg_find  	[MsgId: MERR-26366]
Action.c(64): Error -26374: The above "not found" error(s) may be explained by header and body byte counts being 0 and 0, respectively.  	[MsgId: MERR-26374]
End auto log messages stack.


Start auto log messages stack - Iteration 4.
Action.c(44): web_add_header("Sec-Fetch-User") started  	[MsgId: MMSG-26355]
Action.c(44): web_add_header("Sec-Fetch-User") was successful  	[MsgId: MMSG-26392]
Action.c(47): web_add_header("Upgrade-Insecure-Requests") started  	[MsgId: MMSG-26355]
Action.c(47): web_add_header("Upgrade-Insecure-Requests") was successful  	[MsgId: MMSG-26392]
Action.c(51): web_reg_save_param_ex started  	[MsgId: MMSG-26355]
Action.c(51): Registering web_reg_save_param_ex was successful  	[MsgId: MMSG-26390]
Action.c(60): web_reg_find started  	[MsgId: MMSG-26355]
Action.c(60): Registering web_reg_find was successful  	[MsgId: MMSG-26390]
Action.c(64): web_url("auth") started  	[MsgId: MMSG-26355]
Action.c(64): Error -27792: Failed to connect to server "pvr-perf.rxlogix.com:443": [10060] Connection timed out  	[MsgId: MERR-27792]
Action.c(64): Error -26377: No match found for the requested parameter "CsrfTokenId_1". Either the specified boundaries were not found in the response or the matched text is longer than current max html parameter size of 99999999 bytes. The total length of the response is 0 bytes. You can use "web_set_max_html_param_len" to increase the max parameter size.  	[MsgId: MERR-26377]
Action.c(64): Error -26366: "Text=Login" not found for web_reg_find  	[MsgId: MERR-26366]
Action.c(64): Error -26374: The above "not found" error(s) may be explained by header and body byte counts being 0 and 0, respectively.  	[MsgId: MERR-26374]
End auto log messages stack.


Start auto log messages stack - Iteration 3.
Action.c(218): web_add_header("Upgrade-Insecure-Requests") started  	[MsgId: MMSG-26355]
Action.c(218): web_add_header("Upgrade-Insecure-Requests") was successful  	[MsgId: MMSG-26392]
Action.c(222): web_reg_save_param_ex started  	[MsgId: MMSG-26355]
Action.c(222): Registering web_reg_save_param_ex was successful  	[MsgId: MMSG-26390]
Action.c(231): web_reg_save_param_ex started  	[MsgId: MMSG-26355]
Action.c(231): Registering web_reg_save_param_ex was successful  	[MsgId: MMSG-26390]
Action.c(241): web_reg_find started  	[MsgId: MMSG-26355]
Action.c(241): Registering web_reg_find was successful  	[MsgId: MMSG-26390]
Action.c(245): web_submit_data("authenticate") started  	[MsgId: MMSG-26355]
Action.c(245): Error -27760: Request "https://pvr-perf.rxlogix.com/reports/login/authenticate" failed  	[MsgId: MERR-27760]
Action.c(245): Error -35061: No match found for the requested parameter "CsrfTokenId_2". Either the specified boundaries were not found in the response or the matched text is longer than current max html parameter size of 99999999 bytes. The total length of the response is 0 bytes. You can use "web_set_max_html_param_len" to increase the max parameter size.  	[MsgId: MERR-35061]
Action.c(245): Error -26377: No match found for the requested parameter "User_Id". Either the specified boundaries were not found in the response or the matched text is longer than current max html parameter size of 99999999 bytes. The total length of the response is 0 bytes. You can use "web_set_max_html_param_len" to increase the max parameter size.  	[MsgId: MERR-26377]
Action.c(245): Error -26366: "Text=Dashboard" not found for web_reg_find  	[MsgId: MERR-26366]
Action.c(245): Error -26374: The above "not found" error(s) may be explained by header and body byte counts being 0 and 0, respectively.  	[MsgId: MERR-26374]
End auto log messages stack.


Start auto log messages stack - Iteration 2.
Action.c(218): web_add_header("Upgrade-Insecure-Requests") started  	[MsgId: MMSG-26355]
Action.c(218): web_add_header("Upgrade-Insecure-Requests") was successful  	[MsgId: MMSG-26392]
Action.c(222): web_reg_save_param_ex started  	[MsgId: MMSG-26355]
Action.c(222): Registering web_reg_save_param_ex was successful  	[MsgId: MMSG-26390]
Action.c(231): web_reg_save_param_ex started  	[MsgId: MMSG-26355]
Action.c(231): Registering web_reg_save_param_ex was successful  	[MsgId: MMSG-26390]
Action.c(241): web_reg_find started  	[MsgId: MMSG-26355]
Action.c(241): Registering web_reg_find was successful  	[MsgId: MMSG-26390]
Action.c(245): web_submit_data("authenticate") started  	[MsgId: MMSG-26355]
Action.c(245): Error -27760: Request "https://pvr-perf.rxlogix.com/reports/login/authenticate" failed  	[MsgId: MERR-27760]
Action.c(245): Error -35061: No match found for the requested parameter "CsrfTokenId_2". Either the specified boundaries were not found in the response or the matched text is longer than current max html parameter size of 99999999 bytes. The total length of the response is 0 bytes. You can use "web_set_max_html_param_len" to increase the max parameter size.  	[MsgId: MERR-35061]
Action.c(245): Error -26377: No match found for the requested parameter "User_Id". Either the specified boundaries were not found in the response or the matched text is longer than current max html parameter size of 99999999 bytes. The total length of the response is 0 bytes. You can use "web_set_max_html_param_len" to increase the max parameter size.  	[MsgId: MERR-26377]
Action.c(245): Error -26366: "Text=Dashboard" not found for web_reg_find  	[MsgId: MERR-26366]
Action.c(245): Error -26374: The above "not found" error(s) may be explained by header and body byte counts being 0 and 0, respectively.  	[MsgId: MERR-26374]
End auto log messages stack.


Start auto log messages stack - Iteration 1.
Action.c(47): web_add_header("Upgrade-Insecure-Requests") started  	[MsgId: MMSG-26355]
Action.c(47): web_add_header("Upgrade-Insecure-Requests") was successful  	[MsgId: MMSG-26392]
Action.c(51): web_reg_save_param_ex started  	[MsgId: MMSG-26355]
Action.c(51): Registering web_reg_save_param_ex was successful  	[MsgId: MMSG-26390]
Action.c(60): web_reg_find started  	[MsgId: MMSG-26355]
Action.c(60): Registering web_reg_find was successful  	[MsgId: MMSG-26390]
Action.c(64): web_url("auth") started  	[MsgId: MMSG-26355]
Action.c(64): ssl_handle_status encounter error : SSL_ERROR_SYSCALL, error id : 0  	[MsgId: MMSG-26000]
Action.c(64): Error -27776: [GENERAL_MSG_CAT_SSL_ERROR]connect to host "pvr-perf.rxlogix.com" failed  	[MsgId: MERR-27776]
Action.c(64): Error -26377: No match found for the requested parameter "CsrfTokenId_1". Either the specified boundaries were not found in the response or the matched text is longer than current max html parameter size of 99999999 bytes. The total length of the response is 0 bytes. You can use "web_set_max_html_param_len" to increase the max parameter size.  	[MsgId: MERR-26377]
Action.c(64): Error -26366: "Text=Login" not found for web_reg_find  	[MsgId: MERR-26366]
Action.c(64): Error -26374: The above "not found" error(s) may be explained by header and body byte counts being 0 and 0, respectively.  	[MsgId: MERR-26374]
End auto log messages stack.


Start auto log messages stack - Iteration 2.
Action.c(1460): web_url("column-view-lib-bd7bc6ac60142802df527fb4fdd3a579.js") started  	[MsgId: MMSG-26355]
Action.c(1460): Registering web_url("column-view-lib-bd7bc6ac60142802df527fb4fdd3a579.js") was successful  	[MsgId: MMSG-26390]
Action.c(1468): web_concurrent_end started  	[MsgId: MMSG-26355]
Action.c(1101): Warning -27760: Request "https://pvr-perf.rxlogix.com/reports/assets/app/configuration/copyPasteValues-ce01bd4ac74470f921a5bf1d8f9b8c0d.js" failed   [issued at Action.c(1468)]  	[MsgId: MWAR-27760]
Action.c(1084): Warning -27760: Request "https://pvr-perf.rxlogix.com/reports/assets/app/configuration/configurationCommon-1c4332f2cce7a50d32a9bb863277106f.js" failed   [issued at Action.c(1468)]  	[MsgId: MWAR-27760]
Action.c(1405): Error -27760: Request "https://pvr-perf.rxlogix.com/reports/assets/plugin/dictionary/polymer-mini.html" failed   [issued at Action.c(1468)]  	[MsgId: MERR-27760]
Action.c(1396): Error -27760: Request "https://pvr-perf.rxlogix.com/reports/assets/plugin/dictionary/polymer.html" failed   [issued at Action.c(1468)]  	[MsgId: MERR-27760]
End auto log messages stack.


Start auto log messages stack - Iteration 2.
Action.c(1460): Warning -27760: Request "https://pvr-perf.rxlogix.com/reports/assets/plugin/dictionary/column-view-lib-bd7bc6ac60142802df527fb4fdd3a579.js" failed   [issued at Action.c(1468)]  	[MsgId: MWAR-27760]
Action.c(1414): Error -27760: Request "https://pvr-perf.rxlogix.com/reports/assets/plugin/dictionary/polymer-micro.html" failed   [issued at Action.c(1468)]  	[MsgId: MERR-27760]
Action.c(1363): Error -27760: Request "https://pvr-perf.rxlogix.com/reports/notificationRest/forUser/87921?_=1591165084808" failed   [issued at Action.c(1468)]  	[MsgId: MERR-27760]
Action.c(1387): Error -27760: Request "https://pvr-perf.rxlogix.com/reports/userRest/sharedWithValues?ids=null;null" failed   [issued at Action.c(1468)]  	[MsgId: MERR-27760]
End auto log messages stack.


Start auto log messages stack - Iteration 2.
Action.c(1301): Warning -27760: Request "https://pvr-perf.rxlogix.com/reports/assets/plugin/dictionary/dictionaries-a56723bc475dc0f60ed4e82cb965de2a.css" failed   [issued at Action.c(1468)]  	[MsgId: MWAR-27760]
Action.c(1315): Warning -27760: Request "https://pvr-perf.rxlogix.com/reports/assets/plugin/dictionary/studyCompounds-d1264ac301b89c2be214faf502830ceb.js" failed   [issued at Action.c(1468)]  	[MsgId: MWAR-27760]
Action.c(1279): Warning -27760: Request "https://pvr-perf.rxlogix.com/reports/assets/plugin/dictionary/productDictionary-eeaadfef73b9e8aa3d5bbccd020fbe0e.js" failed   [issued at Action.c(1468)]  	[MsgId: MWAR-27760]
Action.c(1287): Warning -27760: Request "https://pvr-perf.rxlogix.com/reports/assets/plugin/dictionary/dictionaries-28bdb28ccc79e1b54cfb9c2a829ce561.js" failed   [issued at Action.c(1468)]  	[MsgId: MWAR-27760]
Action.c(1237): Error -27760: Request "https://pvr-perf.rxlogix.com/reports/assets/plugin/dictionary/column-view-64c0085c608464f4a6f66e33d985ae27.html" failed   [issued at Action.c(1468)]  	[MsgId: MERR-27760]
End auto log messages stack.


Start auto log messages stack - Iteration 6.
Action.c(1405): web_url("polymer-mini.html") started  	[MsgId: MMSG-26355]
Action.c(1405): Registering web_url("polymer-mini.html") was successful  	[MsgId: MMSG-26390]
Action.c(1414): web_url("polymer-micro.html") started  	[MsgId: MMSG-26355]
Action.c(1414): Registering web_url("polymer-micro.html") was successful  	[MsgId: MMSG-26390]
Action.c(1460): web_url("column-view-lib-bd7bc6ac60142802df527fb4fdd3a579.js") started  	[MsgId: MMSG-26355]
Action.c(1460): Resource "https://pvr-perf.rxlogix.com/reports/assets/plugin/dictionary/column-view-lib-bd7bc6ac60142802df527fb4fdd3a579.js" is in the cache already and will not be downloaded again  	[MsgId: MMSG-26655]
Action.c(1468): web_concurrent_end started  	[MsgId: MMSG-26355]
Action.c(1348): Error -27760: Request "https://pvr-perf.rxlogix.com/reports/assets/plugin/dictionary/column-view-64c0085c608464f4a6f66e33d985ae27.html" failed   [issued at Action.c(1468)]  	[MsgId: MERR-27760]
End auto log messages stack.


Start auto log messages stack - Iteration 4.
Action.c(44): web_add_header("Sec-Fetch-User") started  	[MsgId: MMSG-26355]
Action.c(44): web_add_header("Sec-Fetch-User") was successful  	[MsgId: MMSG-26392]
Action.c(47): web_add_header("Upgrade-Insecure-Requests") started  	[MsgId: MMSG-26355]
Action.c(47): web_add_header("Upgrade-Insecure-Requests") was successful  	[MsgId: MMSG-26392]
Action.c(51): web_reg_save_param_ex started  	[MsgId: MMSG-26355]
Action.c(51): Registering web_reg_save_param_ex was successful  	[MsgId: MMSG-26390]
Action.c(60): web_reg_find started  	[MsgId: MMSG-26355]
Action.c(60): Registering web_reg_find was successful  	[MsgId: MMSG-26390]
Action.c(64): web_url("auth") started  	[MsgId: MMSG-26355]
Action.c(64): Error -27792: Failed to connect to server "pvr-perf.rxlogix.com:443": [10060] Connection timed out  	[MsgId: MERR-27792]
Action.c(64): Error -26377: No match found for the requested parameter "CsrfTokenId_1". Either the specified boundaries were not found in the response or the matched text is longer than current max html parameter size of 99999999 bytes. The total length of the response is 0 bytes. You can use "web_set_max_html_param_len" to increase the max parameter size.  	[MsgId: MERR-26377]
Action.c(64): Error -26366: "Text=Login" not found for web_reg_find  	[MsgId: MERR-26366]
Action.c(64): Error -26374: The above "not found" error(s) may be explained by header and body byte counts being 0 and 0, respectively.  	[MsgId: MERR-26374]
End auto log messages stack.


Start auto log messages stack - Iteration 5.
Action.c(1875): web_add_header("Sec-Fetch-Dest") was successful  	[MsgId: MMSG-26392]
Action.c(1878): web_add_header("Sec-Fetch-User") started  	[MsgId: MMSG-26355]
Action.c(1878): web_add_header("Sec-Fetch-User") was successful  	[MsgId: MMSG-26392]
Action.c(1881): web_add_header("Upgrade-Insecure-Requests") started  	[MsgId: MMSG-26355]
Action.c(1881): web_add_header("Upgrade-Insecure-Requests") was successful  	[MsgId: MMSG-26392]
Action.c(1884): web_reg_find started  	[MsgId: MMSG-26355]
Action.c(1884): Registering web_reg_find was successful  	[MsgId: MMSG-26390]
Action.c(1888): web_url("index_5") started  	[MsgId: MMSG-26355]
Action.c(1888): Error -27760: Request "https://pvr-perf.rxlogix.com/reports/actionItem/index" failed  	[MsgId: MERR-27760]
Action.c(1888): Error -26366: "Text=Action Items List" not found for web_reg_find  	[MsgId: MERR-26366]
Action.c(1888): Error -26374: The above "not found" error(s) may be explained by header and body byte counts being 0 and 0, respectively.  	[MsgId: MERR-26374]
End auto log messages stack.


Start auto log messages stack - Iteration 7.
Action.c(758): web_add_auto_header("Accept-Language") was successful  	[MsgId: MMSG-26392]
Action.c(761): web_add_header("Sec-Fetch-User") started  	[MsgId: MMSG-26355]
Action.c(761): web_add_header("Sec-Fetch-User") was successful  	[MsgId: MMSG-26392]
Action.c(764): web_add_header("Upgrade-Insecure-Requests") started  	[MsgId: MMSG-26355]
Action.c(764): web_add_header("Upgrade-Insecure-Requests") was successful  	[MsgId: MMSG-26392]
Action.c(767): web_reg_find started  	[MsgId: MMSG-26355]
Action.c(767): Registering web_reg_find was successful  	[MsgId: MMSG-26390]
Action.c(771): web_url("index_2") started  	[MsgId: MMSG-26355]
Action.c(771): Error -27760: Request "https://pvr-perf.rxlogix.com/reports/reportRequest/index" failed  	[MsgId: MERR-27760]
Action.c(771): Error -26366: "Text=Report Request List" not found for web_reg_find  	[MsgId: MERR-26366]
Action.c(771): Error -26374: The above "not found" error(s) may be explained by header and body byte counts being 0 and 0, respectively.  	[MsgId: MERR-26374]
End auto log messages stack.


Start auto log messages stack - Iteration 6.
Action.c(1021): web_remove/revert_auto_header("Sec-Fetch-Site") was successful  	[MsgId: MMSG-26392]
Action.c(1023): web_add_header("Cache-Control") started  	[MsgId: MMSG-26355]
Action.c(1023): web_add_header("Cache-Control") was successful  	[MsgId: MMSG-26392]
Action.c(1026): web_add_header("Pragma") started  	[MsgId: MMSG-26355]
Action.c(1026): web_add_header("Pragma") was successful  	[MsgId: MMSG-26392]
Action.c(1040): Notify: Transaction "S11_T03_NavigateTasks_ReportRequests" ended with a "Pass" status (Duration: 5.5195 Wasted Time: 0.0003).
Action.c(1042): lr_think_time: 15.00 seconds (recorded think time was 3.00 seconds).
Action.c(1044): Notify: Transaction "S11_T04_CreateReportRequests" started.
Action.c(1064): web_url("create") started  	[MsgId: MMSG-26355]
Action.c(1064): Error -27760: Request "https://pvr-perf.rxlogix.com/reports/reportRequest/create" failed  	[MsgId: MERR-27760]
End auto log messages stack.


Start auto log messages stack - Iteration 5.
Action.c(451): Warning -27760: Request "https://pvr-perf.rxlogix.com/reports/assets/highcharts/highcharts-01ce2a5c16b4e040b95b02d8cf3ea23e.js" failed   [issued at Action.c(726)]  	[MsgId: MWAR-27760]
Action.c(634): Warning -27760: Request "https://pvr-perf.rxlogix.com/reports/assets/fontawesome-webfont-af7ae505a9eed503f8b8e6982036873e.woff2?v=4.7.0" failed   [issued at Action.c(726)]  	[MsgId: MWAR-27760]
Action.c(564): Warning -27760: Request "https://pvr-perf.rxlogix.com/reports/assets/Material-Design-Iconic-Font-a2a1ba89e7f9d29f7d5aee76e8b9f7ab.woff?v=1.0.1" failed   [issued at Action.c(726)]  	[MsgId: MWAR-27760]
Action.c(491): Warning -27760: Request "https://pvr-perf.rxlogix.com/reports/assets/gridstack/gridstack.jQueryUI.min-5bd5204d23705e69adeb23742f04ff8c.js" failed   [issued at Action.c(726)]  	[MsgId: MWAR-27760]
Action.c(608): Error -27760: Request "https://pvr-perf.rxlogix.com/reports/notificationRest/forUser/87856?_=1591165028690" failed   [issued at Action.c(726)]  	[MsgId: MERR-27760]
End auto log messages stack.


Start auto log messages stack - Iteration 5.
Action.c(523): Warning -27760: Request "https://pvr-perf.rxlogix.com/reports/assets/store.modern.min-ee86dbde67356086e53dffdd31c6867d.js" failed   [issued at Action.c(726)]  	[MsgId: MWAR-27760]
Action.c(679): Error -27760: Request "https://pvr-perf.rxlogix.com/reports/periodicReportConfigurationRest/latestPeriodicReport?length=4&start=0" failed   [issued at Action.c(726)]  	[MsgId: MERR-27760]
Action.c(622): Error -27760: Request "https://pvr-perf.rxlogix.com/reports/actionItemRest/index?length=5&start=0&sort=dueDate&direction=asc" failed   [issued at Action.c(726)]  	[MsgId: MERR-27760]
Action.c(584): Error -27760: Request "https://pvr-perf.rxlogix.com/reports/reportResultRest/latestAdhocReport?length=4&start=0" failed   [issued at Action.c(726)]  	[MsgId: MERR-27760]
End auto log messages stack.


Start auto log messages stack - Iteration 7.
Action.c(44): web_add_header("Sec-Fetch-User") started  	[MsgId: MMSG-26355]
Action.c(44): web_add_header("Sec-Fetch-User") was successful  	[MsgId: MMSG-26392]
Action.c(47): web_add_header("Upgrade-Insecure-Requests") started  	[MsgId: MMSG-26355]
Action.c(47): web_add_header("Upgrade-Insecure-Requests") was successful  	[MsgId: MMSG-26392]
Action.c(51): web_reg_save_param_ex started  	[MsgId: MMSG-26355]
Action.c(51): Registering web_reg_save_param_ex was successful  	[MsgId: MMSG-26390]
Action.c(60): web_reg_find started  	[MsgId: MMSG-26355]
Action.c(60): Registering web_reg_find was successful  	[MsgId: MMSG-26390]
Action.c(64): web_url("auth") started  	[MsgId: MMSG-26355]
Action.c(64): Error -27760: Request "https://pvr-perf.rxlogix.com/reports/login/auth" failed  	[MsgId: MERR-27760]
Action.c(64): Error -26377: No match found for the requested parameter "CsrfTokenId_1". Either the specified boundaries were not found in the response or the matched text is longer than current max html parameter size of 99999999 bytes. The total length of the response is 0 bytes. You can use "web_set_max_html_param_len" to increase the max parameter size.  	[MsgId: MERR-26377]
Action.c(64): Error -26366: "Text=Login" not found for web_reg_find  	[MsgId: MERR-26366]
Action.c(64): Error -26374: The above "not found" error(s) may be explained by header and body byte counts being 0 and 0, respectively.  	[MsgId: MERR-26374]
End auto log messages stack.


Start auto log messages stack - Iteration 5.
Action.c(44): web_add_header("Sec-Fetch-User") started  	[MsgId: MMSG-26355]
Action.c(44): web_add_header("Sec-Fetch-User") was successful  	[MsgId: MMSG-26392]
Action.c(47): web_add_header("Upgrade-Insecure-Requests") started  	[MsgId: MMSG-26355]
Action.c(47): web_add_header("Upgrade-Insecure-Requests") was successful  	[MsgId: MMSG-26392]
Action.c(51): web_reg_save_param_ex started  	[MsgId: MMSG-26355]
Action.c(51): Registering web_reg_save_param_ex was successful  	[MsgId: MMSG-26390]
Action.c(60): web_reg_find started  	[MsgId: MMSG-26355]
Action.c(60): Registering web_reg_find was successful  	[MsgId: MMSG-26390]
Action.c(64): web_url("auth") started  	[MsgId: MMSG-26355]
Action.c(64): Error -27792: Failed to connect to server "pvr-perf.rxlogix.com:443": [10060] Connection timed out  	[MsgId: MERR-27792]
Action.c(64): Error -26377: No match found for the requested parameter "CsrfTokenId_1". Either the specified boundaries were not found in the response or the matched text is longer than current max html parameter size of 99999999 bytes. The total length of the response is 0 bytes. You can use "web_set_max_html_param_len" to increase the max parameter size.  	[MsgId: MERR-26377]
Action.c(64): Error -26366: "Text=Login" not found for web_reg_find  	[MsgId: MERR-26366]
Action.c(64): Error -26374: The above "not found" error(s) may be explained by header and body byte counts being 0 and 0, respectively.  	[MsgId: MERR-26374]
End auto log messages stack.


Start auto log messages stack - Iteration 6.
Action.c(1517): Notify: Transaction "S11_T06_SearchProduct" ended with a "Pass" status (Duration: 1.8316 Wasted Time: 0.0000).
Action.c(1519): lr_think_time: 15.00 seconds (recorded think time was 3.00 seconds).
Action.c(1521): Notify: Transaction "S11_T07_SelectProduct" started.
Action.c(1523): web_custom_request("getSelectedItem") started  	[MsgId: MMSG-26355]
Action.c(1523): web_custom_request("getSelectedItem") was successful, 902 body bytes, 265 header bytes  	[MsgId: MMSG-26386]
Action.c(1534): web_submit_data("getPreLevelProductParents") started  	[MsgId: MMSG-26355]
Action.c(1534): web_submit_data("getPreLevelProductParents") was successful, 85 body bytes, 265 header bytes  	[MsgId: MMSG-26386]
Action.c(1548): web_submit_data("getPreLevelProductParents_2") started  	[MsgId: MMSG-26355]
Action.c(1548): Error -27760: Request "https://pvr-perf.rxlogix.com/reports/productDictionary/getPreLevelProductParents" failed  	[MsgId: MERR-27760]
End auto log messages stack.


Start auto log messages stack - Iteration 9.
Action.c(2058): Previous automatically added web header for "Sec-Fetch-Site" removed  	[MsgId: MMSG-26587]
Action.c(2058): web_remove/revert_auto_header("Sec-Fetch-Site") was successful  	[MsgId: MMSG-26392]
Action.c(2060): web_add_header("Cache-Control") started  	[MsgId: MMSG-26355]
Action.c(2060): web_add_header("Cache-Control") was successful  	[MsgId: MMSG-26392]
Action.c(2063): web_add_header("Pragma") started  	[MsgId: MMSG-26355]
Action.c(2063): web_add_header("Pragma") was successful  	[MsgId: MMSG-26392]
Action.c(2077): Notify: Transaction "S11_T11_Click_CreateActionItem_EnterDetails" started.
Action.c(2137): web_url("sharedWithList_2") started  	[MsgId: MMSG-26355]
Action.c(2137): Error: C interpreter run time error: Action.c (2137):  Error -- memory violation : Exception ACCESS_VIOLATION received.
End auto log messages stack.


Start auto log messages stack - Iteration 9.
Notify: Transaction "S11_T11_Click_CreateActionItem_EnterDetails" ended with a "Stop" status (Duration: 1.1477).
Ending Vuser...
Starting action vuser_end.
Ending action vuser_end.
Vuser Terminated.
Error: Exception was raised when calling per-thread-terminate function in extension lrwreplaymain.dll: System Exceptions: EXCEPTION_ACCESS_VIOLATION
End auto log messages stack.


Start auto log messages stack - Iteration 9.
Action.c(44): web_add_header("Sec-Fetch-User") started  	[MsgId: MMSG-26355]
Action.c(44): web_add_header("Sec-Fetch-User") was successful  	[MsgId: MMSG-26392]
Action.c(47): web_add_header("Upgrade-Insecure-Requests") started  	[MsgId: MMSG-26355]
Action.c(47): web_add_header("Upgrade-Insecure-Requests") was successful  	[MsgId: MMSG-26392]
Action.c(51): web_reg_save_param_ex started  	[MsgId: MMSG-26355]
Action.c(51): Registering web_reg_save_param_ex was successful  	[MsgId: MMSG-26390]
Action.c(60): web_reg_find started  	[MsgId: MMSG-26355]
Action.c(60): Registering web_reg_find was successful  	[MsgId: MMSG-26390]
Action.c(64): web_url("auth") started  	[MsgId: MMSG-26355]
Action.c(64): Error -27792: Failed to connect to server "pvr-perf.rxlogix.com:443": [10060] Connection timed out  	[MsgId: MERR-27792]
Action.c(64): Error -26377: No match found for the requested parameter "CsrfTokenId_1". Either the specified boundaries were not found in the response or the matched text is longer than current max html parameter size of 99999999 bytes. The total length of the response is 0 bytes. You can use "web_set_max_html_param_len" to increase the max parameter size.  	[MsgId: MERR-26377]
Action.c(64): Error -26366: "Text=Login" not found for web_reg_find  	[MsgId: MERR-26366]
Action.c(64): Error -26374: The above "not found" error(s) may be explained by header and body byte counts being 0 and 0, respectively.  	[MsgId: MERR-26374]
End auto log messages stack.


Start auto log messages stack.
Ending iteration 6.
Waiting 244.3550 seconds for iteration pacing.
Starting iteration 7.
Error: Exception was raised when calling event-notify Vuser function in extension lrwreplaymain.dll: System Exceptions: EXCEPTION_ACCESS_VIOLATION
Start auto log messages stack - Iteration 9.
Action.c(47): web_add_header("Upgrade-Insecure-Requests") started  	[MsgId: MMSG-26355]
Action.c(47): web_add_header("Upgrade-Insecure-Requests") was successful  	[MsgId: MMSG-26392]
Action.c(51): web_reg_save_param_ex started  	[MsgId: MMSG-26355]
Action.c(51): Registering web_reg_save_param_ex was successful  	[MsgId: MMSG-26390]
Action.c(60): web_reg_find started  	[MsgId: MMSG-26355]
Action.c(60): Registering web_reg_find was successful  	[MsgId: MMSG-26390]
Action.c(64): web_url("auth") started  	[MsgId: MMSG-26355]
Action.c(64): ssl_handle_status encounter error : SSL_ERROR_SYSCALL, error id : 0  	[MsgId: MMSG-26000]
Action.c(64): Error -27776: [GENERAL_MSG_CAT_SSL_ERROR]connect to host "pvr-perf.rxlogix.com" failed  	[MsgId: MERR-27776]
Action.c(64): Error -26377: No match found for the requested parameter "CsrfTokenId_1". Either the specified boundaries were not found in the response or the matched text is longer than current max html parameter size of 99999999 bytes. The total length of the response is 0 bytes. You can use "web_set_max_html_param_len" to increase the max parameter size.  	[MsgId: MERR-26377]
Action.c(64): Error -26366: "Text=Login" not found for web_reg_find  	[MsgId: MERR-26366]
Action.c(64): Error -26374: The above "not found" error(s) may be explained by header and body byte counts being 0 and 0, respectively.  	[MsgId: MERR-26374]
End auto log messages stack.


Start auto log messages stack.
Ending iteration 7.
Waiting 251.9080 seconds for iteration pacing.
Starting iteration 8.
Error: Exception was raised when calling event-notify Vuser function in extension lrwreplaymain.dll: System Exceptions: EXCEPTION_ACCESS_VIOLATION
Start auto log messages stack - Iteration 8.
Start auto log messages stack - Iteration 10.
Action.c(47): web_add_header("Upgrade-Insecure-Requests") started  	[MsgId: MMSG-26355]
Action.c(1491): web_add_auto_header("Sec-Fetch-Site") was successful  	[MsgId: MMSG-26392]
Action.c(47): web_add_header("Upgrade-Insecure-Requests") was successful  	[MsgId: MMSG-26392]
Action.c(1494): web_add_auto_header("X-CSRF-TOKEN") started  	[MsgId: MMSG-26355]
Action.c(51): web_reg_save_param_ex started  	[MsgId: MMSG-26355]
Action.c(1494): web_add_auto_header("X-CSRF-TOKEN") was successful  	[MsgId: MMSG-26392]
Action.c(51): Registering web_reg_save_param_ex was successful  	[MsgId: MMSG-26390]
Action.c(60): web_reg_find started  	[MsgId: MMSG-26355]
Action.c(1497): web_add_auto_header("X-Requested-With") started  	[MsgId: MMSG-26355]
Action.c(1497): web_add_auto_header("X-Requested-With") was successful  	[MsgId: MMSG-26392]
Action.c(60): Registering web_reg_find was successful  	[MsgId: MMSG-26390]
Action.c(64): web_url("auth") started  	[MsgId: MMSG-26355]
Action.c(1500): web_submit_data("searchViews") started  	[MsgId: MMSG-26355]
Action.c(64): Connection to pvr-perf.rxlogix.com:443 closed after being inactive for 922 seconds, exceeding the "HTTP Keep-Alive timeout" Runtime Setting (600 seconds). URL="[None]"  	[MsgId: MMSG-27647]
Action.c(1500): Connection to pvr-perf.rxlogix.com:443 closed after being inactive for 635 seconds, exceeding the "HTTP Keep-Alive timeout" Runtime Setting (600 seconds). URL="[None]"  	[MsgId: MMSG-27647]
Action.c(64): Error -27794: Could not resolve address of host pvr-perf.rxlogix.com  	[MsgId: MERR-27794]
Action.c(1500): Error -27794: Could not resolve address of host pvr-perf.rxlogix.com  	[MsgId: MERR-27794]
End auto log messages stack.


Action.c(64): Error -26377: No match found for the requested parameter "CsrfTokenId_1". Either the specified boundaries were not found in the response or the matched text is longer than current max html parameter size of 99999999 bytes. The total length of the response is 0 bytes. You can use "web_set_max_html_param_len" to increase the max parameter size.  	[MsgId: MERR-26377]
Action.c(64): Error -26366: "Text=Login" not found for web_reg_find  	[MsgId: MERR-26366]
Action.c(64): Error -26374: The above "not found" error(s) may be explained by header and body byte counts being 0 and 0, respectively.  	[MsgId: MERR-26374]
End auto log messages stack.


Start auto log messages stack - Iteration 11.
Action.c(44): web_add_header("Sec-Fetch-User") started  	[MsgId: MMSG-26355]
Action.c(44): web_add_header("Sec-Fetch-User") was successful  	[MsgId: MMSG-26392]
Action.c(47): web_add_header("Upgrade-Insecure-Requests") started  	[MsgId: MMSG-26355]
Action.c(47): web_add_header("Upgrade-Insecure-Requests") was successful  	[MsgId: MMSG-26392]
Action.c(51): web_reg_save_param_ex started  	[MsgId: MMSG-26355]
Action.c(51): Registering web_reg_save_param_ex was successful  	[MsgId: MMSG-26390]
Action.c(60): web_reg_find started  	[MsgId: MMSG-26355]
Action.c(60): Registering web_reg_find was successful  	[MsgId: MMSG-26390]
Action.c(64): web_url("auth") started  	[MsgId: MMSG-26355]
Action.c(64): Error -27794: Could not resolve address of host pvr-perf.rxlogix.com  	[MsgId: MERR-27794]
Action.c(64): Error -26377: No match found for the requested parameter "CsrfTokenId_1". Either the specified boundaries were not found in the response or the matched text is longer than current max html parameter size of 99999999 bytes. The total length of the response is 0 bytes. You can use "web_set_max_html_param_len" to increase the max parameter size.  	[MsgId: MERR-26377]
Action.c(64): Error -26366: "Text=Login" not found for web_reg_find  	[MsgId: MERR-26366]
Action.c(64): Error -26374: The above "not found" error(s) may be explained by header and body byte counts being 0 and 0, respectively.  	[MsgId: MERR-26374]
End auto log messages stack.


Start auto log messages stack.
Ending iteration 8.
Waiting 486.4290 seconds for iteration pacing.
Ending Vuser...
Starting action vuser_end.
Ending action vuser_end.
Vuser Terminated.
Error: Exception was raised when calling per-thread-terminate function in extension lrwreplaymain.dll: System Exceptions: EXCEPTION_ACCESS_VIOLATION
End auto log messages stack.


Start auto log messages stack - Iteration 10.
Action.c(44): web_add_header("Sec-Fetch-User") started  	[MsgId: MMSG-26355]
Action.c(44): web_add_header("Sec-Fetch-User") was successful  	[MsgId: MMSG-26392]
Action.c(47): web_add_header("Upgrade-Insecure-Requests") started  	[MsgId: MMSG-26355]
Action.c(47): web_add_header("Upgrade-Insecure-Requests") was successful  	[MsgId: MMSG-26392]
Action.c(51): web_reg_save_param_ex started  	[MsgId: MMSG-26355]
Action.c(51): Registering web_reg_save_param_ex was successful  	[MsgId: MMSG-26390]
Action.c(60): web_reg_find started  	[MsgId: MMSG-26355]
Action.c(60): Registering web_reg_find was successful  	[MsgId: MMSG-26390]
Action.c(64): web_url("auth") started  	[MsgId: MMSG-26355]
Action.c(64): Error -27792: Failed to connect to server "pvr-perf.rxlogix.com:443": [10060] Connection timed out  	[MsgId: MERR-27792]
Action.c(64): Error -26377: No match found for the requested parameter "CsrfTokenId_1". Either the specified boundaries were not found in the response or the matched text is longer than current max html parameter size of 99999999 bytes. The total length of the response is 0 bytes. You can use "web_set_max_html_param_len" to increase the max parameter size.  	[MsgId: MERR-26377]
Action.c(64): Error -26366: "Text=Login" not found for web_reg_find  	[MsgId: MERR-26366]
Action.c(64): Error -26374: The above "not found" error(s) may be explained by header and body byte counts being 0 and 0, respectively.  	[MsgId: MERR-26374]
End auto log messages stack.


