Action.c(2108): web_add_header("Sec-Fetch-Mode") started  	[MsgId: MMSG-26355]
Action.c(2108): Warning -26592: A header of the same name has been added already. This header is added anyway.  	[MsgId: MWAR-26592]
Action.c(2108): web_add_header("Sec-Fetch-Mode") highest severity level was "warning"  	[MsgId: MMSG-26391]
Action.c(2111): web_add_header("Sec-Fetch-Dest") started  	[MsgId: MMSG-26355]
Action.c(2111): Warning -26592: A header of the same name has been added already. This header is added anyway.  	[MsgId: MWAR-26592]
Action.c(2111): web_add_header("Sec-Fetch-Dest") highest severity level was "warning"  	[MsgId: MMSG-26391]
Action.c(2116): web_concurrent_end started  	[MsgId: MMSG-26355]
Action.c(2116): web_concurrent_end was successful  	[MsgId: MMSG-26392]
Action.c(2118): web_add_header("Sec-Fetch-Site") started  	[MsgId: MMSG-26355]
Action.c(2118): web_add_header("Sec-Fetch-Site") was successful  	[MsgId: MMSG-26392]
Action.c(2121): web_add_header("Sec-Fetch-Mode") started  	[MsgId: MMSG-26355]
Action.c(2121): web_add_header("Sec-Fetch-Mode") was successful  	[MsgId: MMSG-26392]
Action.c(2124): web_add_auto_header("Sec-Fetch-Dest") started  	[MsgId: MMSG-26355]
Action.c(2124): web_add_auto_header("Sec-Fetch-Dest") was successful  	[MsgId: MMSG-26392]
Action.c(2127): web_add_header("Accept") started  	[MsgId: MMSG-26355]
Action.c(2127): web_add_header("Accept") was successful  	[MsgId: MMSG-26392]
Action.c(2130): web_add_auto_header("X-Requested-With") started  	[MsgId: MMSG-26355]
Action.c(2130): web_add_auto_header("X-Requested-With") was successful  	[MsgId: MMSG-26392]
Action.c(2133): web_url("sharedWithList_2") started  	[MsgId: MMSG-26355]
Action.c(1554): web_submit_data("getPreLevelProductParents_3") was successful, 28 body bytes, 234 header bytes  	[MsgId: MMSG-26386]
Action.c(1568): Notify: Transaction "S11_T06_SearchProduct" ended with a "Pass" status (Duration: 4.4085 Wasted Time: 0.0000).
Action.c(1570): lr_think_time: 15.00 seconds (recorded think time was 3.00 seconds).
Action.c(2133): web_url("sharedWithList_2") was successful, 338 body bytes, 234 header bytes  	[MsgId: MMSG-26386]
Action.c(2143): Notify: Transaction "S11_T11_Click_CreateActionItem_EnterDetails" ended with a "Pass" status (Duration: 0.4471 Wasted Time: 0.0000).
Action.c(2145): lr_think_time: 15.00 seconds (recorded think time was 3.00 seconds).
Action.c(1572): Notify: Transaction "S11_T07_SelectProduct" started.
Action.c(1574): Notify: Transaction "S11_T07_SelectProduct" ended with a "Pass" status (Duration: 0.0000).
Action.c(1576): lr_think_time: 15.00 seconds (recorded think time was 3.00 seconds).
Action.c(2147): Notify: Transaction "S11_T12_Save" started.
Action.c(2149): web_add_header("Accept") started  	[MsgId: MMSG-26355]
Action.c(2149): web_add_header("Accept") was successful  	[MsgId: MMSG-26392]
Action.c(2152): web_add_auto_header("Sec-Fetch-Mode") started  	[MsgId: MMSG-26355]
Action.c(2152): web_add_auto_header("Sec-Fetch-Mode") was successful  	[MsgId: MMSG-26392]
Action.c(2155): web_add_auto_header("Sec-Fetch-Site") started  	[MsgId: MMSG-26355]
Action.c(2155): web_add_auto_header("Sec-Fetch-Site") was successful  	[MsgId: MMSG-26392]
Action.c(2158): web_add_header("X-CSRF-TOKEN") started  	[MsgId: MMSG-26355]
Action.c(2158): web_add_header("X-CSRF-TOKEN") was successful  	[MsgId: MMSG-26392]
Action.c(2161): web_submit_data("save_2") started  	[MsgId: MMSG-26355]
Action.c(2161): web_submit_data("save_2") was successful, 73 body bytes, 234 header bytes  	[MsgId: MMSG-26386]
Action.c(2189): web_add_header("Accept") started  	[MsgId: MMSG-26355]
Action.c(2189): web_add_header("Accept") was successful  	[MsgId: MMSG-26392]
Action.c(2192): web_url("index_7") started  	[MsgId: MMSG-26355]
Action.c(2192): web_url("index_7") was successful, 68 body bytes, 234 header bytes  	[MsgId: MMSG-26386]
Action.c(2205): Notify: Transaction "S11_T12_Save" ended with a "Pass" status (Duration: 1.4465 Wasted Time: 0.0000).
Action.c(2207): lr_think_time: 15.00 seconds (recorded think time was 3.00 seconds).
Action.c(1578): web_remove_auto_header("Origin") started  	[MsgId: MMSG-26355]
Action.c(1578): Warning -26590: web_remove/revert_auto_header for "Origin" had no effect  	[MsgId: MWAR-26590]
Action.c(1578): web_remove/revert_auto_header("Origin") highest severity level was "warning"  	[MsgId: MMSG-26391]
Action.c(1580): web_remove_auto_header("X-CSRF-TOKEN") started  	[MsgId: MMSG-26355]
Action.c(1580): Previous automatically added web header for "X-CSRF-TOKEN" removed  	[MsgId: MMSG-26587]
Action.c(1580): web_remove/revert_auto_header("X-CSRF-TOKEN") was successful  	[MsgId: MMSG-26392]
Action.c(1582): web_add_auto_header("Accept") started  	[MsgId: MMSG-26355]
Action.c(1582): web_add_auto_header("Accept") was successful  	[MsgId: MMSG-26392]
Action.c(1585): web_url("keep-alive") started  	[MsgId: MMSG-26355]
Action.c(1585): web_url("keep-alive") was successful, 41 body bytes, 234 header bytes  	[MsgId: MMSG-26386]
Action.c(1594): Notify: Transaction "S11_T08_EnterBasicInformation" started.
Action.c(1596): web_url("keep-alive_2") started  	[MsgId: MMSG-26355]
Action.c(1596): web_url("keep-alive_2") was successful, 41 body bytes, 234 header bytes  	[MsgId: MMSG-26386]
Action.c(1608): web_add_auto_header("Accept") started  	[MsgId: MMSG-26355]
Action.c(1608): web_add_auto_header("Accept") was successful  	[MsgId: MMSG-26392]
Action.c(1611): web_url("sharedWithList") started  	[MsgId: MMSG-26355]
Action.c(1611): web_url("sharedWithList") was successful, 338 body bytes, 234 header bytes  	[MsgId: MMSG-26386]
Action.c(1620): Notify: Transaction "S11_T08_EnterBasicInformation" ended with a "Pass" status (Duration: 0.8638 Wasted Time: 0.0000).
Action.c(1622): lr_think_time: 15.00 seconds (recorded think time was 3.00 seconds).
Action.c(2209): web_add_header("Accept") started  	[MsgId: MMSG-26355]
Action.c(2209): web_add_header("Accept") was successful  	[MsgId: MMSG-26392]
Action.c(2212): web_url("keep-alive_3") started  	[MsgId: MMSG-26355]
Action.c(2212): web_url("keep-alive_3") was successful, 41 body bytes, 234 header bytes  	[MsgId: MMSG-26386]
Action.c(2221): Notify: Transaction "S11_T13_Logout" started.
Action.c(2223): web_remove_auto_header("X-Requested-With") started  	[MsgId: MMSG-26355]
Action.c(2223): Previous automatically added web header for "X-Requested-With" removed  	[MsgId: MMSG-26587]
Action.c(2223): web_remove/revert_auto_header("X-Requested-With") was successful  	[MsgId: MMSG-26392]
Action.c(2225): web_add_auto_header("Accept") started  	[MsgId: MMSG-26355]
Action.c(2225): web_add_auto_header("Accept") was successful  	[MsgId: MMSG-26392]
Action.c(2228): web_add_auto_header("Sec-Fetch-Dest") started  	[MsgId: MMSG-26355]
Action.c(2228): web_add_auto_header("Sec-Fetch-Dest") was successful  	[MsgId: MMSG-26392]
Action.c(2231): web_add_auto_header("Sec-Fetch-Mode") started  	[MsgId: MMSG-26355]
Action.c(2231): web_add_auto_header("Sec-Fetch-Mode") was successful  	[MsgId: MMSG-26392]
Action.c(2234): web_add_header("Sec-Fetch-User") started  	[MsgId: MMSG-26355]
Action.c(2234): web_add_header("Sec-Fetch-User") was successful  	[MsgId: MMSG-26392]
Action.c(2237): web_add_auto_header("Upgrade-Insecure-Requests") started  	[MsgId: MMSG-26355]
Action.c(2237): web_add_auto_header("Upgrade-Insecure-Requests") was successful  	[MsgId: MMSG-26392]
Action.c(2240): web_reg_find started  	[MsgId: MMSG-26355]
Action.c(2240): Registering web_reg_find was successful  	[MsgId: MMSG-26390]
Action.c(2244): web_url("logout") started  	[MsgId: MMSG-26355]
Action.c(2244): Redirecting "https://pvr-perf.rxlogix.com/reports/logout" (redirection depth is 0)  	[MsgId: MMSG-26694]
Action.c(2244): To location "https://pvr-perf.rxlogix.com/reports/logoff"  	[MsgId: MMSG-26693]
Action.c(2244): Redirecting "https://pvr-perf.rxlogix.com/reports/logoff" (redirection depth is 1)  	[MsgId: MMSG-26694]
Action.c(2244): To location "https://pvr-perf.rxlogix.com/reports/login/auth"  	[MsgId: MMSG-26693]
Action.c(2244): Registered web_reg_find successful for "Text=Login" (count=1)  	[MsgId: MMSG-26364]
Action.c(2244): web_url("logout") was successful, 3630 body bytes, 911 header bytes  	[MsgId: MMSG-26386]
Action.c(2253): web_url("logout_2") started  	[MsgId: MMSG-26355]
Action.c(2253): Redirecting "https://pvr-perf.rxlogix.com/reports/logout" (redirection depth is 0)  	[MsgId: MMSG-26694]
Action.c(2253): To location "https://pvr-perf.rxlogix.com/reports/logoff"  	[MsgId: MMSG-26693]
Action.c(2253): Redirecting "https://pvr-perf.rxlogix.com/reports/logoff" (redirection depth is 1)  	[MsgId: MMSG-26694]
Action.c(2253): To location "https://pvr-perf.rxlogix.com/reports/login/auth"  	[MsgId: MMSG-26693]
Action.c(2253): web_url("logout_2") was successful, 3630 body bytes, 911 header bytes  	[MsgId: MMSG-26386]
Action.c(2262): Notify: Transaction "S11_T13_Logout" ended with a "Pass" status (Duration: 3.0616 Wasted Time: 0.0000).
Action.c(2264): lr_think_time: 15.00 seconds (recorded think time was 3.00 seconds).
Action.c(1624): Notify: Transaction "S11_T09_Save" started.
Action.c(1628): web_remove_auto_header("X-Requested-With") started  	[MsgId: MMSG-26355]
Action.c(1628): Previous automatically added web header for "X-Requested-With" removed  	[MsgId: MMSG-26587]
Action.c(1628): web_remove/revert_auto_header("X-Requested-With") was successful  	[MsgId: MMSG-26392]
Action.c(1630): web_add_auto_header("Accept") started  	[MsgId: MMSG-26355]
Action.c(1630): web_add_auto_header("Accept") was successful  	[MsgId: MMSG-26392]
Action.c(1633): web_add_auto_header("Sec-Fetch-Mode") started  	[MsgId: MMSG-26355]
Action.c(1633): web_add_auto_header("Sec-Fetch-Mode") was successful  	[MsgId: MMSG-26392]
Action.c(1636): web_add_auto_header("Sec-Fetch-Dest") started  	[MsgId: MMSG-26355]
Action.c(1636): web_add_auto_header("Sec-Fetch-Dest") was successful  	[MsgId: MMSG-26392]
Action.c(1639): web_add_header("Cache-Control") started  	[MsgId: MMSG-26355]
Action.c(1639): web_add_header("Cache-Control") was successful  	[MsgId: MMSG-26392]
Action.c(1642): web_add_header("Sec-Fetch-User") started  	[MsgId: MMSG-26355]
Action.c(1642): web_add_header("Sec-Fetch-User") was successful  	[MsgId: MMSG-26392]
Action.c(1645): web_add_header("Upgrade-Insecure-Requests") started  	[MsgId: MMSG-26355]
Action.c(1645): web_add_header("Upgrade-Insecure-Requests") was successful  	[MsgId: MMSG-26392]
Action.c(1648): web_reg_find started  	[MsgId: MMSG-26355]
Action.c(1648): Registering web_reg_find was successful  	[MsgId: MMSG-26390]
Action.c(1652): web_submit_data("save") started  	[MsgId: MMSG-26355]
Action.c(1652): Warning -26490: File name in a multipart submit is missing or empty. Using an empty file  	[MsgId: MWAR-26490]
Action.c(1652): Redirecting "https://pvr-perf.rxlogix.com/reports/reportRequest/save?_csrf=2dc83351-2d2c-490f-9f74-b1df059aa73f" (redirection depth is 0)  	[MsgId: MMSG-26694]
Action.c(1652): To location "https://pvr-perf.rxlogix.com/reports/reportRequest/index"  	[MsgId: MMSG-26693]
Action.c(1652): Registered web_reg_find successful for "Text=Report Request S11B241 created" (count=1)  	[MsgId: MMSG-26364]
Action.c(1652): web_submit_data("save") highest severity level was "warning", 38114 body bytes, 625 header bytes  	[MsgId: MMSG-26388]
Action.c(1717): web_add_header("X-Requested-With") started  	[MsgId: MMSG-26355]
Action.c(1717): web_add_header("X-Requested-With") was successful  	[MsgId: MMSG-26392]
Action.c(1720): web_add_header("If-None-Match") started  	[MsgId: MMSG-26355]
Action.c(1720): Warning -26594: The header being added may cause unpredictable results if applied to ALL the URLs generated on behalf of the next script function. It will apply to the primary URL only.  	[MsgId: MWAR-26594]
Action.c(1720): web_add_header("If-None-Match") highest severity level was "warning"  	[MsgId: MMSG-26391]
Action.c(1723): web_concurrent_start started  	[MsgId: MMSG-26355]
Action.c(1723): web_concurrent_start was successful  	[MsgId: MMSG-26392]
Action.c(1725): web_url("en.json_4") started  	[MsgId: MMSG-26355]
Action.c(1725): Resource "https://pvr-perf.rxlogix.com/reports/assets/i18n/en.json" is in the cache already and will not be downloaded again  	[MsgId: MMSG-26655]
Action.c(1732): web_add_header("X-Requested-With") started  	[MsgId: MMSG-26355]
Action.c(1732): Warning -26592: A header of the same name has been added already. This header is added anyway.  	[MsgId: MWAR-26592]
Action.c(1732): web_add_header("X-Requested-With") highest severity level was "warning"  	[MsgId: MMSG-26391]
Action.c(1735): web_add_header("If-None-Match") started  	[MsgId: MMSG-26355]
Action.c(1735): Warning -26594: The header being added may cause unpredictable results if applied to ALL the URLs generated on behalf of the next script function. It will apply to the primary URL only.  	[MsgId: MWAR-26594]
Action.c(1735): Warning -26592: A header of the same name has been added already. This header is added anyway.  	[MsgId: MWAR-26592]
Action.c(1735): web_add_header("If-None-Match") highest severity level was "warning"  	[MsgId: MMSG-26391]
Action.c(1738): web_url("dataTables_en.json_4") started  	[MsgId: MMSG-26355]
Action.c(1738): Registering web_url("dataTables_en.json_4") was successful  	[MsgId: MMSG-26390]
Action.c(1745): web_concurrent_end started  	[MsgId: MMSG-26355]
Action.c(1738): Warning -26631: HTTP Status-Code=400 (Bad Request) for "https://pvr-perf.rxlogix.com/reports/assets/i18n/dataTables_en.json"   [issued at Action.c(1745)]  	[MsgId: MWAR-26631]
Action.c(1745): web_concurrent_end highest severity level was "warning", 138 body bytes, 132 header bytes  	[MsgId: MMSG-26388]
Action.c(1747): web_add_auto_header("X-Requested-With") started  	[MsgId: MMSG-26355]
Action.c(1747): web_add_auto_header("X-Requested-With") was successful  	[MsgId: MMSG-26392]
Action.c(1750): web_add_auto_header("Accept") started  	[MsgId: MMSG-26355]
Action.c(1750): web_add_auto_header("Accept") was successful  	[MsgId: MMSG-26392]
Action.c(1753): web_add_auto_header("Sec-Fetch-Dest") started  	[MsgId: MMSG-26355]
Action.c(1753): web_add_auto_header("Sec-Fetch-Dest") was successful  	[MsgId: MMSG-26392]
Action.c(1756): web_add_auto_header("Sec-Fetch-Mode") started  	[MsgId: MMSG-26355]
Action.c(1756): web_add_auto_header("Sec-Fetch-Mode") was successful  	[MsgId: MMSG-26392]
Action.c(1759): web_url("listPriority_2") started  	[MsgId: MMSG-26355]
Action.c(1759): web_url("listPriority_2") was successful, 150 body bytes, 234 header bytes  	[MsgId: MMSG-26386]
Action.c(1768): web_add_header("If-None-Match") started  	[MsgId: MMSG-26355]
Action.c(1768): Warning -26594: The header being added may cause unpredictable results if applied to ALL the URLs generated on behalf of the next script function. It will apply to the primary URL only.  	[MsgId: MWAR-26594]
Action.c(1768): web_add_header("If-None-Match") highest severity level was "warning"  	[MsgId: MMSG-26391]
Action.c(1771): web_concurrent_start started  	[MsgId: MMSG-26355]
Action.c(1771): web_concurrent_start was successful  	[MsgId: MMSG-26392]
Action.c(1773): web_url("datepicker.hbs_2") started  	[MsgId: MMSG-26355]
Action.c(1773): Resource "https://pvr-perf.rxlogix.com/reports/assets/app/hbs-templates/datepicker.hbs" is in the cache already and will not be downloaded again  	[MsgId: MMSG-26655]
Action.c(1780): web_add_header("If-None-Match") started  	[MsgId: MMSG-26355]
Action.c(1780): Warning -26594: The header being added may cause unpredictable results if applied to ALL the URLs generated on behalf of the next script function. It will apply to the primary URL only.  	[MsgId: MWAR-26594]
Action.c(1780): Warning -26592: A header of the same name has been added already. This header is added anyway.  	[MsgId: MWAR-26592]
Action.c(1780): web_add_header("If-None-Match") highest severity level was "warning"  	[MsgId: MMSG-26391]
Action.c(1783): web_url("filter_panel.hbs_2") started  	[MsgId: MMSG-26355]
Action.c(1783): Resource "https://pvr-perf.rxlogix.com/reports/assets/app/hbs-templates/filter_panel.hbs" is in the cache already and will not be downloaded again  	[MsgId: MMSG-26655]
Action.c(1790): web_concurrent_end started  	[MsgId: MMSG-26355]
Action.c(1790): web_concurrent_end was successful  	[MsgId: MMSG-26392]
Action.c(1792): web_add_auto_header("Accept") started  	[MsgId: MMSG-26355]
Action.c(1792): web_add_auto_header("Accept") was successful  	[MsgId: MMSG-26392]
Action.c(1795): web_url("{User_Id}_4") started  	[MsgId: MMSG-26355]
Action.c(1795): web_url("{User_Id}_4") was successful, 28 body bytes, 234 header bytes  	[MsgId: MMSG-26386]
Action.c(1804): web_url("index_4") started  	[MsgId: MMSG-26355]
Action.c(1804): web_url("index_4") was successful, 422 body bytes, 234 header bytes  	[MsgId: MMSG-26386]
Action.c(1817): web_remove_auto_header("X-Requested-With") started  	[MsgId: MMSG-26355]
Action.c(1817): Previous automatically added web header for "X-Requested-With" removed  	[MsgId: MMSG-26587]
Action.c(1817): web_remove/revert_auto_header("X-Requested-With") was successful  	[MsgId: MMSG-26392]
Action.c(1819): web_remove_auto_header("Accept") started  	[MsgId: MMSG-26355]
Action.c(1819): Previous automatically added web header for "Accept" removed  	[MsgId: MMSG-26587]
Action.c(1819): web_remove/revert_auto_header("Accept") was successful  	[MsgId: MMSG-26392]
Action.c(1821): web_add_header("Accept") started  	[MsgId: MMSG-26355]
Action.c(1821): web_add_header("Accept") was successful  	[MsgId: MMSG-26392]
Action.c(1833): Notify: Transaction "S11_T09_Save" ended with a "Pass" status (Duration: 3.2653 Wasted Time: 0.0002).
Action.c(1835): lr_think_time: 15.00 seconds (recorded think time was 3.00 seconds).
Ending action Action.
Ending Vuser...
Starting action vuser_end.
Ending action vuser_end.
Vuser Terminated.
Action.c(1837): web_remove_auto_header("Sec-Fetch-Dest") started  	[MsgId: MMSG-26355]
Action.c(1837): Previous automatically added web header for "Sec-Fetch-Dest" removed  	[MsgId: MMSG-26587]
Action.c(1837): web_remove/revert_auto_header("Sec-Fetch-Dest") was successful  	[MsgId: MMSG-26392]
Action.c(1839): web_remove_auto_header("Sec-Fetch-Mode") started  	[MsgId: MMSG-26355]
Action.c(1839): Previous automatically added web header for "Sec-Fetch-Mode" removed  	[MsgId: MMSG-26587]
Action.c(1839): web_remove/revert_auto_header("Sec-Fetch-Mode") was successful  	[MsgId: MMSG-26392]
Action.c(1841): web_remove_auto_header("Sec-Fetch-Site") started  	[MsgId: MMSG-26355]
Action.c(1841): Previous automatically added web header for "Sec-Fetch-Site" removed  	[MsgId: MMSG-26587]
Action.c(1841): web_remove/revert_auto_header("Sec-Fetch-Site") was successful  	[MsgId: MMSG-26392]
Action.c(1843): web_add_header("Cache-Control") started  	[MsgId: MMSG-26355]
Action.c(1843): web_add_header("Cache-Control") was successful  	[MsgId: MMSG-26392]
Action.c(1846): web_add_header("Pragma") started  	[MsgId: MMSG-26355]
Action.c(1846): web_add_header("Pragma") was successful  	[MsgId: MMSG-26392]
Action.c(1860): Notify: Transaction "S11_T10_NavigateTasks_ActionItems" started.
Action.c(1862): web_add_header("Accept") started  	[MsgId: MMSG-26355]
Action.c(1862): Warning -26592: A header of the same name has been added already. This header is added anyway.  	[MsgId: MWAR-26592]
Action.c(1862): web_add_header("Accept") highest severity level was "warning"  	[MsgId: MMSG-26391]
Action.c(1865): web_add_auto_header("Sec-Fetch-Site") started  	[MsgId: MMSG-26355]
Action.c(1865): web_add_auto_header("Sec-Fetch-Site") was successful  	[MsgId: MMSG-26392]
Action.c(1868): web_add_header("Sec-Fetch-Mode") started  	[MsgId: MMSG-26355]
Action.c(1868): web_add_header("Sec-Fetch-Mode") was successful  	[MsgId: MMSG-26392]
Action.c(1871): web_add_header("Sec-Fetch-Dest") started  	[MsgId: MMSG-26355]
Action.c(1871): web_add_header("Sec-Fetch-Dest") was successful  	[MsgId: MMSG-26392]
Action.c(1874): web_add_header("Sec-Fetch-User") started  	[MsgId: MMSG-26355]
Action.c(1874): web_add_header("Sec-Fetch-User") was successful  	[MsgId: MMSG-26392]
Action.c(1877): web_add_header("Upgrade-Insecure-Requests") started  	[MsgId: MMSG-26355]
Action.c(1877): web_add_header("Upgrade-Insecure-Requests") was successful  	[MsgId: MMSG-26392]
Action.c(1880): web_reg_find started  	[MsgId: MMSG-26355]
Action.c(1880): Registering web_reg_find was successful  	[MsgId: MMSG-26390]
Action.c(1884): web_url("index_5") started  	[MsgId: MMSG-26355]
Action.c(1884): Registered web_reg_find successful for "Text=Action Items List" (count=1)  	[MsgId: MMSG-26364]
Action.c(1884): web_url("index_5") was successful, 47010 body bytes, 309 header bytes  	[MsgId: MMSG-26386]
Action.c(1893): web_add_header("Accept") started  	[MsgId: MMSG-26355]
Action.c(1893): web_add_header("Accept") was successful  	[MsgId: MMSG-26392]
Action.c(1896): web_add_header("Sec-Fetch-Mode") started  	[MsgId: MMSG-26355]
Action.c(1896): web_add_header("Sec-Fetch-Mode") was successful  	[MsgId: MMSG-26392]
Action.c(1899): web_add_header("Sec-Fetch-Dest") started  	[MsgId: MMSG-26355]
Action.c(1899): web_add_header("Sec-Fetch-Dest") was successful  	[MsgId: MMSG-26392]
Action.c(1902): web_concurrent_start started  	[MsgId: MMSG-26355]
Action.c(1902): web_concurrent_start was successful  	[MsgId: MMSG-26392]
Action.c(1904): web_url("actionItemList-996b8a0d27e470378453d435f33be4e9.js") started  	[MsgId: MMSG-26355]
Action.c(1904): Resource "https://pvr-perf.rxlogix.com/reports/assets/app/actionItem/actionItemList-996b8a0d27e470378453d435f33be4e9.js" is in the cache already and will not be downloaded again  	[MsgId: MMSG-26655]
Action.c(1912): web_add_header("Accept") started  	[MsgId: MMSG-26355]
Action.c(1912): Warning -26592: A header of the same name has been added already. This header is added anyway.  	[MsgId: MWAR-26592]
Action.c(1912): web_add_header("Accept") highest severity level was "warning"  	[MsgId: MMSG-26391]
Action.c(1915): web_add_header("Sec-Fetch-Mode") started  	[MsgId: MMSG-26355]
Action.c(1915): Warning -26592: A header of the same name has been added already. This header is added anyway.  	[MsgId: MWAR-26592]
Action.c(1915): web_add_header("Sec-Fetch-Mode") highest severity level was "warning"  	[MsgId: MMSG-26391]
Action.c(1918): web_add_header("Sec-Fetch-Dest") started  	[MsgId: MMSG-26355]
Action.c(1918): Warning -26592: A header of the same name has been added already. This header is added anyway.  	[MsgId: MWAR-26592]
Action.c(1918): web_add_header("Sec-Fetch-Dest") highest severity level was "warning"  	[MsgId: MMSG-26391]
Action.c(1921): web_url("actionItem-451aa8013ef94e76c48a99359b3bc593.js") started  	[MsgId: MMSG-26355]
Action.c(1921): Resource "https://pvr-perf.rxlogix.com/reports/assets/app/actionItem/actionItem-451aa8013ef94e76c48a99359b3bc593.js" is in the cache already and will not be downloaded again  	[MsgId: MMSG-26655]
Action.c(1929): web_concurrent_end started  	[MsgId: MMSG-26355]
Action.c(1929): web_concurrent_end was successful  	[MsgId: MMSG-26392]
Action.c(1931): web_add_header("X-HTTP-Method-Override") started  	[MsgId: MMSG-26355]
Action.c(1931): web_add_header("X-HTTP-Method-Override") was successful  	[MsgId: MMSG-26392]
Action.c(1934): web_add_header("Sec-Fetch-Mode") started  	[MsgId: MMSG-26355]
Action.c(1934): web_add_header("Sec-Fetch-Mode") was successful  	[MsgId: MMSG-26392]
Action.c(1937): web_add_header("Sec-Fetch-Dest") started  	[MsgId: MMSG-26355]
Action.c(1937): web_add_header("Sec-Fetch-Dest") was successful  	[MsgId: MMSG-26392]
Action.c(1940): web_concurrent_start started  	[MsgId: MMSG-26355]
Action.c(1940): web_concurrent_start was successful  	[MsgId: MMSG-26392]
Action.c(1944): web_add_header("Accept") started  	[MsgId: MMSG-26355]
Action.c(1944): web_add_header("Accept") was successful  	[MsgId: MMSG-26392]
Action.c(1947): web_add_header("X-Requested-With") started  	[MsgId: MMSG-26355]
Action.c(1947): web_add_header("X-Requested-With") was successful  	[MsgId: MMSG-26392]
Action.c(1950): web_add_header("Sec-Fetch-Mode") started  	[MsgId: MMSG-26355]
Action.c(1950): Warning -26592: A header of the same name has been added already. This header is added anyway.  	[MsgId: MWAR-26592]
Action.c(1950): web_add_header("Sec-Fetch-Mode") highest severity level was "warning"  	[MsgId: MMSG-26391]
Action.c(1953): web_add_header("Sec-Fetch-Dest") started  	[MsgId: MMSG-26355]
Action.c(1953): Warning -26592: A header of the same name has been added already. This header is added anyway.  	[MsgId: MWAR-26592]
Action.c(1953): web_add_header("Sec-Fetch-Dest") highest severity level was "warning"  	[MsgId: MMSG-26391]
Action.c(1956): web_add_header("If-None-Match") started  	[MsgId: MMSG-26355]
Action.c(1956): Warning -26594: The header being added may cause unpredictable results if applied to ALL the URLs generated on behalf of the next script function. It will apply to the primary URL only.  	[MsgId: MWAR-26594]
Action.c(1956): web_add_header("If-None-Match") highest severity level was "warning"  	[MsgId: MMSG-26391]
Action.c(1959): web_url("en.json_5") started  	[MsgId: MMSG-26355]
Action.c(1959): Resource "https://pvr-perf.rxlogix.com/reports/assets/i18n/en.json" is in the cache already and will not be downloaded again  	[MsgId: MMSG-26655]
Action.c(1968): web_add_header("Accept") started  	[MsgId: MMSG-26355]
Action.c(1968): Warning -26592: A header of the same name has been added already. This header is added anyway.  	[MsgId: MWAR-26592]
Action.c(1968): web_add_header("Accept") highest severity level was "warning"  	[MsgId: MMSG-26391]
Action.c(1971): web_add_header("X-Requested-With") started  	[MsgId: MMSG-26355]
Action.c(1971): Warning -26592: A header of the same name has been added already. This header is added anyway.  	[MsgId: MWAR-26592]
Action.c(1971): web_add_header("X-Requested-With") highest severity level was "warning"  	[MsgId: MMSG-26391]
Action.c(1974): web_add_header("Sec-Fetch-Mode") started  	[MsgId: MMSG-26355]
Action.c(1974): Warning -26592: A header of the same name has been added already. This header is added anyway.  	[MsgId: MWAR-26592]
Action.c(1974): web_add_header("Sec-Fetch-Mode") highest severity level was "warning"  	[MsgId: MMSG-26391]
Action.c(1977): web_add_header("Sec-Fetch-Dest") started  	[MsgId: MMSG-26355]
Action.c(1977): Warning -26592: A header of the same name has been added already. This header is added anyway.  	[MsgId: MWAR-26592]
Action.c(1977): web_add_header("Sec-Fetch-Dest") highest severity level was "warning"  	[MsgId: MMSG-26391]
Action.c(1980): web_add_header("If-None-Match") started  	[MsgId: MMSG-26355]
Action.c(1980): Warning -26594: The header being added may cause unpredictable results if applied to ALL the URLs generated on behalf of the next script function. It will apply to the primary URL only.  	[MsgId: MWAR-26594]
Action.c(1980): Warning -26592: A header of the same name has been added already. This header is added anyway.  	[MsgId: MWAR-26592]
Action.c(1980): web_add_header("If-None-Match") highest severity level was "warning"  	[MsgId: MMSG-26391]
Action.c(1983): web_url("dataTables_en.json_5") started  	[MsgId: MMSG-26355]
Action.c(1983): Registering web_url("dataTables_en.json_5") was successful  	[MsgId: MMSG-26390]
Action.c(1990): web_concurrent_end started  	[MsgId: MMSG-26355]
Action.c(1983): Warning -26631: HTTP Status-Code=400 (Bad Request) for "https://pvr-perf.rxlogix.com/reports/assets/i18n/dataTables_en.json"   [issued at Action.c(1990)]  	[MsgId: MWAR-26631]
Action.c(1990): web_concurrent_end highest severity level was "warning", 138 body bytes, 132 header bytes  	[MsgId: MMSG-26388]
Action.c(1992): web_add_header("Accept") started  	[MsgId: MMSG-26355]
Action.c(1992): web_add_header("Accept") was successful  	[MsgId: MMSG-26392]
Action.c(1995): web_add_auto_header("Sec-Fetch-Dest") started  	[MsgId: MMSG-26355]
Action.c(1995): web_add_auto_header("Sec-Fetch-Dest") was successful  	[MsgId: MMSG-26392]
Action.c(1998): web_add_auto_header("Sec-Fetch-Mode") started  	[MsgId: MMSG-26355]
Action.c(1998): web_add_auto_header("Sec-Fetch-Mode") was successful  	[MsgId: MMSG-26392]
Action.c(2001): web_add_header("X-Requested-With") started  	[MsgId: MMSG-26355]
Action.c(2001): web_add_header("X-Requested-With") was successful  	[MsgId: MMSG-26392]
Action.c(2004): web_url("{User_Id}_5") started  	[MsgId: MMSG-26355]
Action.c(2004): web_url("{User_Id}_5") was successful, 28 body bytes, 234 header bytes  	[MsgId: MMSG-26386]
Action.c(2013): web_add_header("Accept") started  	[MsgId: MMSG-26355]
Action.c(2013): web_add_header("Accept") was successful  	[MsgId: MMSG-26392]
Action.c(2016): web_url("info_5") started  	[MsgId: MMSG-26355]
Action.c(2016): web_url("info_5") was successful, 101 body bytes, 341 header bytes  	[MsgId: MMSG-26386]
Action.c(2025): web_add_header("Accept") started  	[MsgId: MMSG-26355]
Action.c(2025): web_add_header("Accept") was successful  	[MsgId: MMSG-26392]
Action.c(2028): web_add_header("X-Requested-With") started  	[MsgId: MMSG-26355]
Action.c(2028): web_add_header("X-Requested-With") was successful  	[MsgId: MMSG-26392]
Action.c(2031): web_url("index_6") started  	[MsgId: MMSG-26355]
Action.c(2031): web_url("index_6") was successful, 68 body bytes, 234 header bytes  	[MsgId: MMSG-26386]
Action.c(2046): Notify: Transaction "S11_T10_NavigateTasks_ActionItems" ended with a "Pass" status (Duration: 3.3446 Wasted Time: 0.0001).
Action.c(2048): lr_think_time: 15.00 seconds (recorded think time was 3.00 seconds).
Action.c(2050): web_remove_auto_header("Sec-Fetch-Dest") started  	[MsgId: MMSG-26355]
Action.c(2050): Previous automatically added web header for "Sec-Fetch-Dest" removed  	[MsgId: MMSG-26587]
Action.c(2050): web_remove/revert_auto_header("Sec-Fetch-Dest") was successful  	[MsgId: MMSG-26392]
Action.c(2052): web_remove_auto_header("Sec-Fetch-Mode") started  	[MsgId: MMSG-26355]
Action.c(2052): Previous automatically added web header for "Sec-Fetch-Mode" removed  	[MsgId: MMSG-26587]
Action.c(2052): web_remove/revert_auto_header("Sec-Fetch-Mode") was successful  	[MsgId: MMSG-26392]
Action.c(2054): web_remove_auto_header("Sec-Fetch-Site") started  	[MsgId: MMSG-26355]
Action.c(2054): Previous automatically added web header for "Sec-Fetch-Site" removed  	[MsgId: MMSG-26587]
Action.c(2054): web_remove/revert_auto_header("Sec-Fetch-Site") was successful  	[MsgId: MMSG-26392]
Action.c(2056): web_add_header("Cache-Control") started  	[MsgId: MMSG-26355]
Action.c(2056): web_add_header("Cache-Control") was successful  	[MsgId: MMSG-26392]
Action.c(2059): web_add_header("Pragma") started  	[MsgId: MMSG-26355]
Action.c(2059): web_add_header("Pragma") was successful  	[MsgId: MMSG-26392]
Action.c(2073): Notify: Transaction "S11_T11_Click_CreateActionItem_EnterDetails" started.
Action.c(2081): web_add_header("Sec-Fetch-Site") started  	[MsgId: MMSG-26355]
Action.c(2081): web_add_header("Sec-Fetch-Site") was successful  	[MsgId: MMSG-26392]
Action.c(2084): web_add_header("Sec-Fetch-Mode") started  	[MsgId: MMSG-26355]
Action.c(2084): web_add_header("Sec-Fetch-Mode") was successful  	[MsgId: MMSG-26392]
Action.c(2087): web_add_header("Sec-Fetch-Dest") started  	[MsgId: MMSG-26355]
Action.c(2087): web_add_header("Sec-Fetch-Dest") was successful  	[MsgId: MMSG-26392]
Action.c(2090): web_concurrent_start started  	[MsgId: MMSG-26355]
Action.c(2090): web_concurrent_start was successful  	[MsgId: MMSG-26392]
Action.c(2093): web_add_header("Sec-Fetch-Site") started  	[MsgId: MMSG-26355]
Action.c(2093): Warning -26592: A header of the same name has been added already. This header is added anyway.  	[MsgId: MWAR-26592]
Action.c(2093): web_add_header("Sec-Fetch-Site") highest severity level was "warning"  	[MsgId: MMSG-26391]
Action.c(2096): web_add_header("Sec-Fetch-Mode") started  	[MsgId: MMSG-26355]
Action.c(2096): Warning -26592: A header of the same name has been added already. This header is added anyway.  	[MsgId: MWAR-26592]
Action.c(2096): web_add_header("Sec-Fetch-Mode") highest severity level was "warning"  	[MsgId: MMSG-26391]
Action.c(2099): web_add_header("Sec-Fetch-Dest") started  	[MsgId: MMSG-26355]
Action.c(2099): Warning -26592: A header of the same name has been added already. This header is added anyway.  	[MsgId: MWAR-26592]
Action.c(2099): web_add_header("Sec-Fetch-Dest") highest severity level was "warning"  	[MsgId: MMSG-26391]
Action.c(2105): web_add_header("Sec-Fetch-Site") started  	[MsgId: MMSG-26355]
Action.c(2105): Warning -26592: A header of the same name has been added already. This header is added anyway.  	[MsgId: MWAR-26592]
Action.c(2105): web_add_header("Sec-Fetch-Site") highest severity level was "warning"  	[MsgId: MMSG-26391]
Action.c(2108): web_add_header("Sec-Fetch-Mode") started  	[MsgId: MMSG-26355]
Action.c(2108): Warning -26592: A header of the same name has been added already. This header is added anyway.  	[MsgId: MWAR-26592]
Action.c(2108): web_add_header("Sec-Fetch-Mode") highest severity level was "warning"  	[MsgId: MMSG-26391]
Action.c(2111): web_add_header("Sec-Fetch-Dest") started  	[MsgId: MMSG-26355]
Action.c(2111): Warning -26592: A header of the same name has been added already. This header is added anyway.  	[MsgId: MWAR-26592]
Action.c(2111): web_add_header("Sec-Fetch-Dest") highest severity level was "warning"  	[MsgId: MMSG-26391]
Action.c(2116): web_concurrent_end started  	[MsgId: MMSG-26355]
Action.c(2116): web_concurrent_end was successful  	[MsgId: MMSG-26392]
Action.c(2118): web_add_header("Sec-Fetch-Site") started  	[MsgId: MMSG-26355]
Action.c(2118): web_add_header("Sec-Fetch-Site") was successful  	[MsgId: MMSG-26392]
Action.c(2121): web_add_header("Sec-Fetch-Mode") started  	[MsgId: MMSG-26355]
Action.c(2121): web_add_header("Sec-Fetch-Mode") was successful  	[MsgId: MMSG-26392]
Action.c(2124): web_add_auto_header("Sec-Fetch-Dest") started  	[MsgId: MMSG-26355]
Action.c(2124): web_add_auto_header("Sec-Fetch-Dest") was successful  	[MsgId: MMSG-26392]
Action.c(2127): web_add_header("Accept") started  	[MsgId: MMSG-26355]
Action.c(2127): web_add_header("Accept") was successful  	[MsgId: MMSG-26392]
Action.c(2130): web_add_auto_header("X-Requested-With") started  	[MsgId: MMSG-26355]
Action.c(2130): web_add_auto_header("X-Requested-With") was successful  	[MsgId: MMSG-26392]
Action.c(2133): web_url("sharedWithList_2") started  	[MsgId: MMSG-26355]
Action.c(2133): web_url("sharedWithList_2") was successful, 338 body bytes, 234 header bytes  	[MsgId: MMSG-26386]
Action.c(2143): Notify: Transaction "S11_T11_Click_CreateActionItem_EnterDetails" ended with a "Pass" status (Duration: 0.3737 Wasted Time: 0.0000).
Action.c(2145): lr_think_time: 15.00 seconds (recorded think time was 3.00 seconds).
Action.c(2147): Notify: Transaction "S11_T12_Save" started.
Action.c(2149): web_add_header("Accept") started  	[MsgId: MMSG-26355]
Action.c(2149): web_add_header("Accept") was successful  	[MsgId: MMSG-26392]
Action.c(2152): web_add_auto_header("Sec-Fetch-Mode") started  	[MsgId: MMSG-26355]
Action.c(2152): web_add_auto_header("Sec-Fetch-Mode") was successful  	[MsgId: MMSG-26392]
Action.c(2155): web_add_auto_header("Sec-Fetch-Site") started  	[MsgId: MMSG-26355]
Action.c(2155): web_add_auto_header("Sec-Fetch-Site") was successful  	[MsgId: MMSG-26392]
Action.c(2158): web_add_header("X-CSRF-TOKEN") started  	[MsgId: MMSG-26355]
Action.c(2158): web_add_header("X-CSRF-TOKEN") was successful  	[MsgId: MMSG-26392]
Action.c(2161): web_submit_data("save_2") started  	[MsgId: MMSG-26355]
Action.c(2161): web_submit_data("save_2") was successful, 73 body bytes, 234 header bytes  	[MsgId: MMSG-26386]
Action.c(2189): web_add_header("Accept") started  	[MsgId: MMSG-26355]
Action.c(2189): web_add_header("Accept") was successful  	[MsgId: MMSG-26392]
Action.c(2192): web_url("index_7") started  	[MsgId: MMSG-26355]
Action.c(2192): web_url("index_7") was successful, 68 body bytes, 234 header bytes  	[MsgId: MMSG-26386]
Action.c(2205): Notify: Transaction "S11_T12_Save" ended with a "Pass" status (Duration: 1.2941 Wasted Time: 0.0000).
Action.c(2207): lr_think_time: 15.00 seconds (recorded think time was 3.00 seconds).
Action.c(2209): web_add_header("Accept") started  	[MsgId: MMSG-26355]
Action.c(2209): web_add_header("Accept") was successful  	[MsgId: MMSG-26392]
Action.c(2212): web_url("keep-alive_3") started  	[MsgId: MMSG-26355]
Action.c(2212): web_url("keep-alive_3") was successful, 41 body bytes, 234 header bytes  	[MsgId: MMSG-26386]
Action.c(2221): Notify: Transaction "S11_T13_Logout" started.
Action.c(2223): web_remove_auto_header("X-Requested-With") started  	[MsgId: MMSG-26355]
Action.c(2223): Previous automatically added web header for "X-Requested-With" removed  	[MsgId: MMSG-26587]
Action.c(2223): web_remove/revert_auto_header("X-Requested-With") was successful  	[MsgId: MMSG-26392]
Action.c(2225): web_add_auto_header("Accept") started  	[MsgId: MMSG-26355]
Action.c(2225): web_add_auto_header("Accept") was successful  	[MsgId: MMSG-26392]
Action.c(2228): web_add_auto_header("Sec-Fetch-Dest") started  	[MsgId: MMSG-26355]
Action.c(2228): web_add_auto_header("Sec-Fetch-Dest") was successful  	[MsgId: MMSG-26392]
Action.c(2231): web_add_auto_header("Sec-Fetch-Mode") started  	[MsgId: MMSG-26355]
Action.c(2231): web_add_auto_header("Sec-Fetch-Mode") was successful  	[MsgId: MMSG-26392]
Action.c(2234): web_add_header("Sec-Fetch-User") started  	[MsgId: MMSG-26355]
Action.c(2234): web_add_header("Sec-Fetch-User") was successful  	[MsgId: MMSG-26392]
Action.c(2237): web_add_auto_header("Upgrade-Insecure-Requests") started  	[MsgId: MMSG-26355]
Action.c(2237): web_add_auto_header("Upgrade-Insecure-Requests") was successful  	[MsgId: MMSG-26392]
Action.c(2240): web_reg_find started  	[MsgId: MMSG-26355]
Action.c(2240): Registering web_reg_find was successful  	[MsgId: MMSG-26390]
Action.c(2244): web_url("logout") started  	[MsgId: MMSG-26355]
Action.c(2244): Redirecting "https://pvr-perf.rxlogix.com/reports/logout" (redirection depth is 0)  	[MsgId: MMSG-26694]
Action.c(2244): To location "https://pvr-perf.rxlogix.com/reports/logoff"  	[MsgId: MMSG-26693]
Action.c(2244): Redirecting "https://pvr-perf.rxlogix.com/reports/logoff" (redirection depth is 1)  	[MsgId: MMSG-26694]
Action.c(2244): To location "https://pvr-perf.rxlogix.com/reports/login/auth"  	[MsgId: MMSG-26693]
Action.c(2244): Registered web_reg_find successful for "Text=Login" (count=1)  	[MsgId: MMSG-26364]
Action.c(2244): web_url("logout") was successful, 3630 body bytes, 911 header bytes  	[MsgId: MMSG-26386]
Action.c(2253): web_url("logout_2") started  	[MsgId: MMSG-26355]
Action.c(2253): Redirecting "https://pvr-perf.rxlogix.com/reports/logout" (redirection depth is 0)  	[MsgId: MMSG-26694]
Action.c(2253): To location "https://pvr-perf.rxlogix.com/reports/logoff"  	[MsgId: MMSG-26693]
Action.c(2253): Redirecting "https://pvr-perf.rxlogix.com/reports/logoff" (redirection depth is 1)  	[MsgId: MMSG-26694]
Action.c(2253): To location "https://pvr-perf.rxlogix.com/reports/login/auth"  	[MsgId: MMSG-26693]
Action.c(2253): web_url("logout_2") was successful, 3630 body bytes, 911 header bytes  	[MsgId: MMSG-26386]
Action.c(2262): Notify: Transaction "S11_T13_Logout" ended with a "Pass" status (Duration: 2.4443 Wasted Time: 0.0000).
Action.c(2264): lr_think_time: 15.00 seconds (recorded think time was 3.00 seconds).
Ending action Action.
Ending Vuser...
Starting action vuser_end.
Ending action vuser_end.
Vuser Terminated.
